<?xml version="1.0" encoding="UTF-8"?>
<testsuites name="NewArrivalSuite" time="981" tests="1" failures="0" errors="0">
   <testsuite name="NewArrivalSuite" tests="1" failures="0" errors="0" time="981" timestamp="2019-05-08 17:05:29" hostname="user - 10.0.102.159" id="Test Suites/NewArrivalSuite">
      <properties>
         <property name="deviceName" value=""/>
         <property name="devicePlatform" value=""/>
         <property name="logFolder" value="C:\\Users\\user\\Documents\\testautomation\\NewArrivals\\Reports\\NewArrivalSuite\\20190508_170526"/>
         <property name="logFiles" value="C:\\Users\\user\\Documents\\testautomation\\NewArrivals\\Reports\\NewArrivalSuite\\20190508_170526\\execution0.log"/>
         <property name="attachments" value="C:\\Users\\user\\Documents\\testautomation\\NewArrivals\\productImages\\BOPersonal_5618 image.png, C:\\Users\\user\\Documents\\testautomation\\NewArrivals\\productImages\\BOPersonal_5618 image.png, C:\\Users\\user\\Documents\\testautomation\\NewArrivals\\productImages\\BORetail_5618 image.png, C:\\Users\\user\\Documents\\testautomation\\NewArrivals\\productImages\\BOPersonal_5618 image.png, C:\\Users\\user\\Documents\\testautomation\\NewArrivals\\productImages\\BORetail_5618 image.png, C:\\Users\\user\\Documents\\testautomation\\NewArrivals\\productImages\\BOPersonal_5618 image.png, C:\\Users\\user\\Documents\\testautomation\\NewArrivals\\productImages\\BORetail_5618 image.png"/>
         <property name="hostName" value="user - 10.0.102.159"/>
         <property name="os" value="Windows 8.1 64bit"/>
         <property name="katalonVersion" value="6.1.1.1"/>
         <property name="browser" value="Chrome 74.0.3729.131"/>
         <property name="hostAddress" value="10.0.102.159"/>
         <property name="sessionId" value="bf9824c9beb14a4226012c21c2f86685"/>
         <property name="seleniumVersion" value="3.7.1"/>
         <property name="proxyInformation" value="ProxyInformation{proxyOption=NO_PROXY, proxyServerType=HTTP, password=, proxyServerAddress=, proxyServerPort=0}"/>
         <property name="platform" value="Windows 8.1"/>
      </properties>
      <testcase name="Test Cases/NewArrivals" classname="Test Cases/NewArrivals" status="PASSED">
         <system-out><![CDATA[2019-05-08 17:05:29 - [TEST_CASE][PASSED] - Test Cases/NewArrivals: Test Cases/NewArrivals

2019-05-08 17:05:29 - [TEST_STEP][PASSED] - Start listener action : sampleBeforeTestCase: null

2019-05-08 17:05:29 - [TEST_STEP][PASSED] - println(testCaseContext.getTestCaseId()): null

2019-05-08 17:05:29 - [TEST_STEP][PASSED] - println(testCaseContext.getTestCaseVariables()): null

2019-05-08 17:05:30 - [TEST_STEP][PASSED] - openBrowser(""): Browser is opened with url: ''

2019-05-08 17:05:30 - [MESSAGE][INFO] - Starting 'Chrome' driver

2019-05-08 17:05:30 - [MESSAGE][INFO] - Action delay is set to 0 seconds

2019-05-08 17:05:33 - [MESSAGE][PASSED] - Browser is opened with url: ''

2019-05-08 17:05:33 - [TEST_STEP][PASSED] - for ([timeRow = 1, timeRow <= findTestData("timezoneData").getRowNumbers(), (timeRow++)]): Call Test Case 'Test Cases/productVerifyShort' successfully

2019-05-08 17:05:34 - [TEST_STEP][PASSED] - callTestCase(findTestCase("populateTimeGlobalVars"), ["row":timeRow], STOP_ON_FAILURE): Call Test Case 'Test Cases/populateTimeGlobalVars' successfully

2019-05-08 17:05:35 - [TEST_CASE][PASSED] - Test Cases/populateTimeGlobalVars: Test Cases/populateTimeGlobalVars

2019-05-08 17:05:35 - [TEST_STEP][PASSED] - dataFile = "timezoneData": null

2019-05-08 17:05:35 - [TEST_STEP][PASSED] - serverTarget = UtilityMethods.getTestData(dataFile, "serverTarget", row): null

2019-05-08 17:05:35 - [TEST_STEP][PASSED] - orderType = UtilityMethods.getTestData(dataFile, "orderType", row): null

2019-05-08 17:05:36 - [TEST_STEP][PASSED] - timeZone = UtilityMethods.getTestData(dataFile, "timeZone", row): null

2019-05-08 17:05:36 - [TEST_STEP][PASSED] - BOPersonal = UtilityMethods.getTestData(dataFile, "BOPersonal", row): null

2019-05-08 17:05:36 - [TEST_STEP][PASSED] - BOAddon = UtilityMethods.getTestData(dataFile, "BOAddon", row): null

2019-05-08 17:05:36 - [TEST_STEP][PASSED] - BORetail = UtilityMethods.getTestData(dataFile, "BORetail", row): null

2019-05-08 17:05:36 - [TEST_STEP][PASSED] - BOShow = UtilityMethods.getTestData(dataFile, "BOShow", row): null

2019-05-08 17:05:36 - [TEST_STEP][PASSED] - BOOnlineoutlet = UtilityMethods.getTestData(dataFile, "BOOnlineoutlet", row): null

2019-05-08 17:05:36 - [TEST_STEP][PASSED] - BOEmployee = UtilityMethods.getTestData(dataFile, "BOEmployee", row): null

2019-05-08 17:05:36 - [TEST_STEP][PASSED] - CCPersonal = UtilityMethods.getTestData(dataFile, "CCPersonal", row): null

2019-05-08 17:05:36 - [TEST_STEP][PASSED] - CCRetail = UtilityMethods.getTestData(dataFile, "CCRetail", row): null

2019-05-08 17:05:36 - [TEST_STEP][PASSED] - CCShow = UtilityMethods.getTestData(dataFile, "CCShow", row): null

2019-05-08 17:05:36 - [MESSAGE][PASSED] - Call Test Case 'Test Cases/populateTimeGlobalVars' successfully

2019-05-08 17:05:36 - [TEST_STEP][PASSED] - callTestCase(findTestCase("newArrivalsSetTimezone"), ["ofbizURL":ofbizURL, "ofbizuser":ofbizuser, "ofbizpass":ofbizpass, "orderType":orderType, "timeZone":timeZone, "serverTarget":serverTarget], STOP_ON_FAILURE): Call Test Case 'Test Cases/newArrivalsSetTimezone' successfully

2019-05-08 17:05:36 - [TEST_CASE][PASSED] - Test Cases/newArrivalsSetTimezone: Test Cases/newArrivalsSetTimezone

2019-05-08 17:05:36 - [TEST_STEP][NOT_RUN] - openBrowser(""): NOT_RUN: openBrowser("")

2019-05-08 17:05:36 - [MESSAGE][NOT_RUN] - NOT_RUN: openBrowser("")

2019-05-08 17:05:36 - [TEST_STEP][NOT_RUN] - maximizeWindow(): NOT_RUN: maximizeWindow()

2019-05-08 17:05:36 - [MESSAGE][NOT_RUN] - NOT_RUN: maximizeWindow()

2019-05-08 17:05:36 - [TEST_STEP][PASSED] - navigateToUrl(ofbizURL): Navigate to 'https://pushofbiz.cliotest.com/login.php' successfully

2019-05-08 17:05:38 - [MESSAGE][PASSED] - Navigate to 'https://pushofbiz.cliotest.com/login.php' successfully

2019-05-08 17:05:38 - [TEST_STEP][PASSED] - setText(findTestObject("Page_/input_Username_username"), ofbizuser): Text 'sshinde' is set on object 'Object Repository/Page_/input_Username_username'

2019-05-08 17:05:39 - [MESSAGE][PASSED] - Text 'sshinde' is set on object 'Object Repository/Page_/input_Username_username'

2019-05-08 17:05:39 - [TEST_STEP][PASSED] - setText(findTestObject("Page_/input_Password_password"), ofbizpass): Text 'C@bi$ush5' is set on object 'Object Repository/Page_/input_Password_password'

2019-05-08 17:05:39 - [MESSAGE][PASSED] - Text 'C@bi$ush5' is set on object 'Object Repository/Page_/input_Password_password'

2019-05-08 17:05:39 - [TEST_STEP][PASSED] - click(findTestObject("Page_/input_Password_Submit")): Object: 'Object Repository/Page_/input_Password_Submit' is clicked on

2019-05-08 17:05:42 - [MESSAGE][PASSED] - Object: 'Object Repository/Page_/input_Password_Submit' is clicked on

2019-05-08 17:05:42 - [TEST_STEP][PASSED] - click(findTestObject("Object Repository/Page_/a_Clock set")): Object: 'Object Repository/Page_/a_Clock set' is clicked on

2019-05-08 17:05:42 - [MESSAGE][PASSED] - Object: 'Object Repository/Page_/a_Clock set' is clicked on

2019-05-08 17:05:42 - [TEST_STEP][PASSED] - selectOptionByLabel(findTestObject("Object Repository/Page_/serverTarget"), serverTarget, true): All options with label 'test14' are selected in object 'Object Repository/Page_/serverTarget'  using regular expression

2019-05-08 17:05:44 - [MESSAGE][PASSED] - All options with label 'test14' are selected in object 'Object Repository/Page_/serverTarget'  using regular expression

2019-05-08 17:05:44 - [TEST_STEP][PASSED] - click(findTestObject("Page_/thisDateAndTime")): Object: 'Object Repository/Page_/thisDateAndTime' is clicked on

2019-05-08 17:05:44 - [MESSAGE][PASSED] - Object: 'Object Repository/Page_/thisDateAndTime' is clicked on

2019-05-08 17:05:44 - [TEST_STEP][PASSED] - setText(findTestObject("Object Repository/Page_/setTargetTime"), timeZone): Text ' 04/17/2019 7:00' is set on object 'Object Repository/Page_/setTargetTime'

2019-05-08 17:05:44 - [MESSAGE][PASSED] - Text ' 04/17/2019 7:00' is set on object 'Object Repository/Page_/setTargetTime'

2019-05-08 17:05:44 - [TEST_STEP][PASSED] - click(findTestObject("Object Repository/Page_/input")): Object: 'Object Repository/Page_/input' is clicked on

2019-05-08 17:05:45 - [MESSAGE][PASSED] - Object: 'Object Repository/Page_/input' is clicked on

2019-05-08 17:05:45 - [TEST_STEP][PASSED] - delay(10): Delayed 10 second(s)

2019-05-08 17:05:55 - [MESSAGE][PASSED] - Delayed 10 second(s)

2019-05-08 17:05:55 - [TEST_STEP][PASSED] - closeBrowser(): Browser is closed

2019-05-08 17:05:55 - [MESSAGE][PASSED] - Browser is closed

2019-05-08 17:05:55 - [MESSAGE][PASSED] - Call Test Case 'Test Cases/newArrivalsSetTimezone' successfully

2019-05-08 17:05:55 - [TEST_STEP][PASSED] - openBrowser(""): Browser is opened with url: ''

2019-05-08 17:05:55 - [MESSAGE][INFO] - Starting 'Chrome' driver

2019-05-08 17:05:57 - [MESSAGE][PASSED] - Browser is opened with url: ''

2019-05-08 17:05:57 - [TEST_STEP][PASSED] - callTestCase(findTestCase("backOfficeLogin"), ["BOURL":"", "BOuser":"", "BOpass":""], STOP_ON_FAILURE): Call Test Case 'Test Cases/backOfficeLogin' successfully

2019-05-08 17:05:58 - [TEST_CASE][PASSED] - Test Cases/backOfficeLogin: Test Cases/backOfficeLogin

2019-05-08 17:05:58 - [TEST_STEP][PASSED] - BOURL = findTestData("credData").getValue("BOURL", 1): null

2019-05-08 17:05:58 - [TEST_STEP][PASSED] - BOuser = findTestData("credData").getValue("BOuser", 1): null

2019-05-08 17:05:58 - [TEST_STEP][PASSED] - BOpass = findTestData("credData").getValue("BOpass", 1): null

2019-05-08 17:05:58 - [TEST_STEP][PASSED] - navigateToUrl(BOURL): Navigate to 'https://test14.cliotest.com/backoffice/control/main' successfully

2019-05-08 17:06:08 - [MESSAGE][PASSED] - Navigate to 'https://test14.cliotest.com/backoffice/control/main' successfully

2019-05-08 17:06:08 - [TEST_STEP][PASSED] - maximizeWindow(): Current window maximized

2019-05-08 17:06:09 - [MESSAGE][PASSED] - Current window maximized

2019-05-08 17:06:09 - [TEST_STEP][PASSED] - logOut = findWebElements(findTestObject("Object Repository/Page_cabi Home/log_out"), 5): Unable to find the element located by 'By.xpath: //a[contains(text(),'Log Out')]'. Please recheck the objects properties to make sure the desired element is located. 

2019-05-08 17:06:15 - [MESSAGE][INFO] - Unable to find the element located by 'By.xpath: //a[contains(text(),'Log Out')]'. Please recheck the objects properties to make sure the desired element is located. 

2019-05-08 17:06:15 - [TEST_STEP][PASSED] - if (logOut.size() == 0): Object: 'Object Repository/Page_cabi/input_Welcome to_consultantLogin' is clicked on

2019-05-08 17:06:15 - [TEST_STEP][PASSED] - setText(findTestObject("Page_cabi/input_Welcome to_USERNAME"), BOuser): Text '400000002' is set on object 'Object Repository/Page_cabi/input_Welcome to_USERNAME'

2019-05-08 17:06:15 - [MESSAGE][PASSED] - Text '400000002' is set on object 'Object Repository/Page_cabi/input_Welcome to_USERNAME'

2019-05-08 17:06:15 - [TEST_STEP][PASSED] - setText(findTestObject("Object Repository/Page_cabi/input_Welcome to_PASSWORD"), BOpass): Text 'blackdress19' is set on object 'Object Repository/Page_cabi/input_Welcome to_PASSWORD'

2019-05-08 17:06:15 - [MESSAGE][PASSED] - Text 'blackdress19' is set on object 'Object Repository/Page_cabi/input_Welcome to_PASSWORD'

2019-05-08 17:06:15 - [TEST_STEP][PASSED] - delay(3): Delayed 3 second(s)

2019-05-08 17:06:18 - [MESSAGE][PASSED] - Delayed 3 second(s)

2019-05-08 17:06:18 - [TEST_STEP][PASSED] - click(findTestObject("Object Repository/Page_cabi/input_Welcome to_consultantLogin")): Object: 'Object Repository/Page_cabi/input_Welcome to_consultantLogin' is clicked on

2019-05-08 17:06:32 - [MESSAGE][PASSED] - Object: 'Object Repository/Page_cabi/input_Welcome to_consultantLogin' is clicked on

2019-05-08 17:06:32 - [TEST_STEP][PASSED] - delay(3): Delayed 3 second(s)

2019-05-08 17:06:35 - [MESSAGE][PASSED] - Delayed 3 second(s)

2019-05-08 17:06:35 - [MESSAGE][PASSED] - Call Test Case 'Test Cases/backOfficeLogin' successfully

2019-05-08 17:06:35 - [TEST_STEP][PASSED] - click(findTestObject("Object Repository/Page_cabi Home/a_Shows  Orders")): Object: 'Object Repository/Page_cabi Home/a_Shows  Orders' is clicked on

2019-05-08 17:06:35 - [MESSAGE][PASSED] - Object: 'Object Repository/Page_cabi Home/a_Shows  Orders' is clicked on

2019-05-08 17:06:35 - [TEST_STEP][PASSED] - delay(3): Delayed 3 second(s)

2019-05-08 17:06:38 - [MESSAGE][PASSED] - Delayed 3 second(s)

2019-05-08 17:06:38 - [TEST_STEP][PASSED] - click(findTestObject("Page_cabi Home/a_personal_purchases")): Object: 'Object Repository/Page_cabi Home/a_personal_purchases' is clicked on

2019-05-08 17:06:42 - [MESSAGE][PASSED] - Object: 'Object Repository/Page_cabi Home/a_personal_purchases' is clicked on

2019-05-08 17:06:42 - [TEST_STEP][PASSED] - click(findTestObject("Object Repository/Page_cabi Personal Store/span_Continue to Order")): Object: 'Object Repository/Page_cabi Personal Store/span_Continue to Order' is clicked on

2019-05-08 17:06:42 - [MESSAGE][PASSED] - Object: 'Object Repository/Page_cabi Personal Store/span_Continue to Order' is clicked on

2019-05-08 17:06:42 - [TEST_STEP][PASSED] - callTestCase(findTestCase("productVerify"), ["available":BOPersonal, "storeType":"BOPersonal"], STOP_ON_FAILURE): Call Test Case 'Test Cases/productVerify' successfully

2019-05-08 17:06:42 - [TEST_CASE][PASSED] - Test Cases/productVerify: Test Cases/productVerify

2019-05-08 17:06:43 - [TEST_STEP][PASSED] - for ([row = 1, row <= findTestData("productData").getRowNumbers(), (row++)]): null

2019-05-08 17:06:43 - [TEST_STEP][PASSED] - setText(findTestObject("Object Repository/Page_cabi Order Items/input_New Arrivals - Blooming Blush_style"), findTestData("productData").getValue("Style", row)): Text '5618' is set on object 'Object Repository/Page_cabi Order Items/input_New Arrivals - Blooming Blush_style'

2019-05-08 17:06:43 - [MESSAGE][PASSED] - Text '5618' is set on object 'Object Repository/Page_cabi Order Items/input_New Arrivals - Blooming Blush_style'

2019-05-08 17:06:43 - [TEST_STEP][PASSED] - sendKeys(findTestObject("Object Repository/Page_cabi Order Items/input_New Arrivals - Blooming Blush_style"), Keys.chord(ENTER)): Keys 'ENTER + ' sent to object: 'Object Repository/Page_cabi Order Items/input_New Arrivals - Blooming Blush_style'

2019-05-08 17:06:43 - [MESSAGE][PASSED] - Keys 'ENTER + ' sent to object: 'Object Repository/Page_cabi Order Items/input_New Arrivals - Blooming Blush_style'

2019-05-08 17:06:43 - [TEST_STEP][PASSED] - delay(5): Delayed 5 second(s)

2019-05-08 17:06:48 - [MESSAGE][PASSED] - Delayed 5 second(s)

2019-05-08 17:06:48 - [TEST_STEP][PASSED] - if (toString().equalsIgnoreCase("no")): null

2019-05-08 17:06:48 - [TEST_STEP][PASSED] - else: null

2019-05-08 17:06:48 - [TEST_STEP][PASSED] - click(findTestObject("Page_cabi Order Items/li_order_item")): Object: 'Object Repository/Page_cabi Order Items/li_order_item' is clicked on

2019-05-08 17:06:48 - [MESSAGE][PASSED] - Object: 'Object Repository/Page_cabi Order Items/li_order_item' is clicked on

2019-05-08 17:06:48 - [TEST_STEP][PASSED] - delay(5): Delayed 5 second(s)

2019-05-08 17:06:53 - [MESSAGE][PASSED] - Delayed 5 second(s)

2019-05-08 17:06:53 - [TEST_STEP][PASSED] - imgString1 = getValue("Style", row).toString(): null

2019-05-08 17:06:53 - [TEST_STEP][PASSED] - imagePath = UtilityMethods.createScreenshotImagePath(storeType, imgString1): null

2019-05-08 17:06:53 - [TEST_STEP][PASSED] - println(imagePath): null

2019-05-08 17:06:53 - [TEST_STEP][PASSED] - takeScreenshot(imagePath): Taking screenshot successfully

2019-05-08 17:06:54 - [MESSAGE][PASSED] - Taking screenshot successfully
[[ATTACHMENT|C:\\Users\\user\\Documents\\testautomation\\NewArrivals\\productImages\\BOPersonal_5618 image.png]]

2019-05-08 17:06:54 - [TEST_STEP][PASSED] - verifyElementText(findTestObject("Page_cabi Order Items/GetAttribute_getID"), findTestData("productData").getValue("Style", row)): Actual text and expected text of test object 'Object Repository/Page_cabi Order Items/GetAttribute_getID' are matched.

2019-05-08 17:06:54 - [MESSAGE][PASSED] - Actual text and expected text of test object 'Object Repository/Page_cabi Order Items/GetAttribute_getID' are matched.

2019-05-08 17:06:54 - [TEST_STEP][PASSED] - colorOptions = findWebElements(findTestObject("Page_cabi Order Items/GetAttribute_Color"), 5): null

2019-05-08 17:06:54 - [TEST_STEP][PASSED] - println(colorOptions.size()): null

2019-05-08 17:06:54 - [TEST_STEP][PASSED] - expectedColour = findTestData("productData").getValue("Color", row): null

2019-05-08 17:06:54 - [TEST_STEP][PASSED] - println("expected colour is"): null

2019-05-08 17:06:54 - [TEST_STEP][PASSED] - println(expectedColour): null

2019-05-08 17:06:54 - [TEST_STEP][PASSED] - colourVerified = false: null

2019-05-08 17:06:54 - [TEST_STEP][PASSED] - for (org.openqa.selenium.WebElement op : colorOptions): null

2019-05-08 17:06:54 - [TEST_STEP][PASSED] - println(op.getText()): null

2019-05-08 17:06:54 - [TEST_STEP][PASSED] - if (expectedColour.equalsIgnoreCase(op.getText())): null

2019-05-08 17:06:54 - [TEST_STEP][PASSED] - colourVerified = true: null

2019-05-08 17:06:54 - [TEST_STEP][PASSED] - break: null

2019-05-08 17:06:54 - [TEST_STEP][PASSED] - assert colourVerified == true: null

2019-05-08 17:06:54 - [TEST_STEP][PASSED] - getPrice = getText(findTestObject("Page_cabi Order Items/GetAttribute_Price")): Text of object 'Object Repository/Page_cabi Order Items/GetAttribute_Price' is: 'Price : $119.00'

2019-05-08 17:06:54 - [MESSAGE][PASSED] - Text of object 'Object Repository/Page_cabi Order Items/GetAttribute_Price' is: 'Price : $119.00'

2019-05-08 17:06:54 - [TEST_STEP][PASSED] - Split_Data = UtilityMethods.SplitData(getPrice): null

2019-05-08 17:06:54 - [TEST_STEP][PASSED] - verifyMatch(Split_Data, findTestData("productData").getValue("Retail", row), true): Actual text '119' and expected text '119' are matched  using regular expression

2019-05-08 17:06:54 - [MESSAGE][PASSED] - Actual text '119' and expected text '119' are matched  using regular expression

2019-05-08 17:06:54 - [TEST_STEP][PASSED] - sizeRange1 = ["XXS", "XS", "S", "M", "L", "XL"]: null

2019-05-08 17:06:54 - [TEST_STEP][PASSED] - sizeRange2 = ["00", "0", "2", "4", "6", "8", "10", "12", "14", "16"]: null

2019-05-08 17:06:54 - [TEST_STEP][PASSED] - sizeRange3 = ["Long", "Regular", "Short"]: null

2019-05-08 17:06:54 - [TEST_STEP][PASSED] - sizeRange4 = ["5", "6", "6.5", "7", "7.5", "8", "8.5", "9", "9.5", "10", "11"]: null

2019-05-08 17:06:54 - [TEST_STEP][PASSED] - sizeRangeSplit = UtilityMethods.SplitSizes(findTestData("productData").getValue("SzRange", row)): null

2019-05-08 17:06:54 - [TEST_STEP][PASSED] - sizeType = getText(findTestObject("Object Repository/Page_cabi Order Items/Size")): Text of object 'Object Repository/Page_cabi Order Items/Size' is: 'Select'

2019-05-08 17:06:54 - [MESSAGE][PASSED] - Text of object 'Object Repository/Page_cabi Order Items/Size' is: 'Select'

2019-05-08 17:06:54 - [TEST_STEP][PASSED] - sizeOptions = findWebElements(findTestObject("Object Repository/Page_cabi Order Items/Size"), 5): null

2019-05-08 17:06:54 - [TEST_STEP][PASSED] - actualRange = new java.util.ArrayList(): null

2019-05-08 17:06:54 - [TEST_STEP][PASSED] - expectedRange = <not implemented yet for class: org.codehaus.groovy.ast.expr.EmptyExpression>: null

2019-05-08 17:06:54 - [TEST_STEP][PASSED] - if (sizeType.equalsIgnoreCase("Select")): null

2019-05-08 17:06:54 - [TEST_STEP][PASSED] - for ([i = 1, i < sizeOptions.size(), (i++)]): null

2019-05-08 17:06:54 - [TEST_STEP][PASSED] - actualRange.add(getAttribute("value").toString()): null

2019-05-08 17:06:54 - [TEST_STEP][PASSED] - actualRange.add(getAttribute("value").toString()): null

2019-05-08 17:06:54 - [TEST_STEP][PASSED] - actualRange.add(getAttribute("value").toString()): null

2019-05-08 17:06:54 - [TEST_STEP][PASSED] - actualRange.add(getAttribute("value").toString()): null

2019-05-08 17:06:54 - [TEST_STEP][PASSED] - actualRange.add(getAttribute("value").toString()): null

2019-05-08 17:06:54 - [TEST_STEP][PASSED] - if (toString().equalsIgnoreCase("XS") || toString().equalsIgnoreCase("XXS")): null

2019-05-08 17:06:54 - [TEST_STEP][PASSED] - expectedRange = UtilityMethods.getExpectedRange(sizeRange1, sizeRangeSplit): null

2019-05-08 17:06:54 - [TEST_STEP][PASSED] - println("XS"): null

2019-05-08 17:06:54 - [TEST_STEP][PASSED] - println(expectedRange.toString()): null

2019-05-08 17:06:54 - [TEST_STEP][PASSED] - assert UtilityMethods.listEquals(expectedRange, actualRange) == true: null

2019-05-08 17:06:54 - [TEST_STEP][PASSED] - delay(2): Delayed 2 second(s)

2019-05-08 17:06:56 - [MESSAGE][PASSED] - Delayed 2 second(s)

2019-05-08 17:06:56 - [TEST_STEP][PASSED] - verifyElementText(findTestObject("Page_cabi Order Items/product_title"), findTestData("productData").getValue("Description", row)): Actual text and expected text of test object 'Object Repository/Page_cabi Order Items/product_title' are matched.

2019-05-08 17:06:56 - [MESSAGE][PASSED] - Actual text and expected text of test object 'Object Repository/Page_cabi Order Items/product_title' are matched.

2019-05-08 17:06:56 - [TEST_STEP][PASSED] - verifyElementText(findTestObject("Page_cabi Order Items/product_fabric"), findTestData("productData").getValue("FinalContent", row)): Actual text and expected text of test object 'Object Repository/Page_cabi Order Items/product_fabric' are matched.

2019-05-08 17:06:56 - [MESSAGE][PASSED] - Actual text and expected text of test object 'Object Repository/Page_cabi Order Items/product_fabric' are matched.

2019-05-08 17:06:56 - [TEST_STEP][PASSED] - actualCasreIntrn = "<div>" + getText(findTestObject("Page_cabi Order Items/care_instruction")) + "</div>": Text of object 'Object Repository/Page_cabi Order Items/care_instruction' is: 'Turn garment inside out and place in a mesh bag. Machine wash separately in cold water on the delicate cycle. Only non-chlorine bleach if needed. Do not twist or wring. Lay flat to dry. Warm iron if needed. Can be dry cleaned.'

2019-05-08 17:06:56 - [MESSAGE][PASSED] - Text of object 'Object Repository/Page_cabi Order Items/care_instruction' is: 'Turn garment inside out and place in a mesh bag. Machine wash separately in cold water on the delicate cycle. Only non-chlorine bleach if needed. Do not twist or wring. Lay flat to dry. Warm iron if needed. Can be dry cleaned.'

2019-05-08 17:06:56 - [TEST_STEP][PASSED] - assert actualCasreIntrn.equals(findTestData("productData").getValue("CareInstr", row)): null

2019-05-08 17:06:56 - [MESSAGE][PASSED] - Call Test Case 'Test Cases/productVerify' successfully

2019-05-08 17:06:56 - [TEST_STEP][PASSED] - click(findTestObject("Object Repository/Page_cabi Home/a_Shows  Orders")): Object: 'Object Repository/Page_cabi Home/a_Shows  Orders' is clicked on

2019-05-08 17:06:56 - [MESSAGE][PASSED] - Object: 'Object Repository/Page_cabi Home/a_Shows  Orders' is clicked on

2019-05-08 17:06:56 - [TEST_STEP][PASSED] - delay(3): Delayed 3 second(s)

2019-05-08 17:06:59 - [MESSAGE][PASSED] - Delayed 3 second(s)

2019-05-08 17:06:59 - [TEST_STEP][PASSED] - rightClick(findTestObject("Page_cabi Home/a_Shows  Orders")): Object: 'Object Repository/Page_cabi Home/a_Shows  Orders' is right clicked on

2019-05-08 17:07:00 - [MESSAGE][PASSED] - Object: 'Object Repository/Page_cabi Home/a_Shows  Orders' is right clicked on

2019-05-08 17:07:00 - [TEST_STEP][PASSED] - click(findTestObject("Page_cabi Home/a_retail_purchases")): Object: 'Object Repository/Page_cabi Home/a_retail_purchases' is clicked on

2019-05-08 17:07:05 - [MESSAGE][PASSED] - Object: 'Object Repository/Page_cabi Home/a_retail_purchases' is clicked on

2019-05-08 17:07:05 - [TEST_STEP][PASSED] - click(findTestObject("Object Repository/Page_cabi Retail Store/span_Continue to Order")): Object: 'Object Repository/Page_cabi Retail Store/span_Continue to Order' is clicked on

2019-05-08 17:07:06 - [MESSAGE][PASSED] - Object: 'Object Repository/Page_cabi Retail Store/span_Continue to Order' is clicked on

2019-05-08 17:07:06 - [TEST_STEP][PASSED] - callTestCase(findTestCase("productVerify"), ["available":BORetail, "storeType":"BORetail"], STOP_ON_FAILURE): Call Test Case 'Test Cases/productVerify' successfully

2019-05-08 17:07:06 - [TEST_CASE][PASSED] - Test Cases/productVerify: Test Cases/productVerify

2019-05-08 17:07:06 - [TEST_STEP][PASSED] - for ([row = 1, row <= findTestData("productData").getRowNumbers(), (row++)]): Actual text and expected text of test object 'Object Repository/Page_cabi Order Items/no_result_found' are matched.

2019-05-08 17:07:06 - [TEST_STEP][PASSED] - setText(findTestObject("Object Repository/Page_cabi Order Items/input_New Arrivals - Blooming Blush_style"), findTestData("productData").getValue("Style", row)): Text '5618' is set on object 'Object Repository/Page_cabi Order Items/input_New Arrivals - Blooming Blush_style'

2019-05-08 17:07:07 - [MESSAGE][PASSED] - Text '5618' is set on object 'Object Repository/Page_cabi Order Items/input_New Arrivals - Blooming Blush_style'

2019-05-08 17:07:07 - [TEST_STEP][PASSED] - sendKeys(findTestObject("Object Repository/Page_cabi Order Items/input_New Arrivals - Blooming Blush_style"), Keys.chord(ENTER)): Keys 'ENTER + ' sent to object: 'Object Repository/Page_cabi Order Items/input_New Arrivals - Blooming Blush_style'

2019-05-08 17:07:07 - [MESSAGE][PASSED] - Keys 'ENTER + ' sent to object: 'Object Repository/Page_cabi Order Items/input_New Arrivals - Blooming Blush_style'

2019-05-08 17:07:07 - [TEST_STEP][PASSED] - delay(5): Delayed 5 second(s)

2019-05-08 17:07:12 - [MESSAGE][PASSED] - Delayed 5 second(s)

2019-05-08 17:07:12 - [TEST_STEP][PASSED] - if (toString().equalsIgnoreCase("no")): Actual text and expected text of test object 'Object Repository/Page_cabi Order Items/no_result_found' are matched.

2019-05-08 17:07:12 - [TEST_STEP][PASSED] - noResultMessages = findWebElements(findTestObject("Page_cabi Order Items/no_result_found"), 5): null

2019-05-08 17:07:12 - [TEST_STEP][PASSED] - assert noResultMessages.size() > 0: null

2019-05-08 17:07:12 - [TEST_STEP][PASSED] - verifyElementText(findTestObject("Page_cabi Order Items/no_result_found"), "No Results Found!"): Actual text and expected text of test object 'Object Repository/Page_cabi Order Items/no_result_found' are matched.

2019-05-08 17:07:12 - [MESSAGE][PASSED] - Actual text and expected text of test object 'Object Repository/Page_cabi Order Items/no_result_found' are matched.

2019-05-08 17:07:12 - [MESSAGE][PASSED] - Call Test Case 'Test Cases/productVerify' successfully

2019-05-08 17:07:12 - [TEST_STEP][PASSED] - click(findTestObject("Object Repository/Page_cabi Home/a_Shows  Orders")): Object: 'Object Repository/Page_cabi Home/a_Shows  Orders' is clicked on

2019-05-08 17:07:13 - [MESSAGE][PASSED] - Object: 'Object Repository/Page_cabi Home/a_Shows  Orders' is clicked on

2019-05-08 17:07:13 - [TEST_STEP][PASSED] - delay(3): Delayed 3 second(s)

2019-05-08 17:07:16 - [MESSAGE][PASSED] - Delayed 3 second(s)

2019-05-08 17:07:16 - [TEST_STEP][PASSED] - rightClick(findTestObject("Page_cabi Home/a_online_outline_purchases")): Object: 'Object Repository/Page_cabi Home/a_online_outline_purchases' is right clicked on

2019-05-08 17:07:16 - [MESSAGE][PASSED] - Object: 'Object Repository/Page_cabi Home/a_online_outline_purchases' is right clicked on

2019-05-08 17:07:16 - [TEST_STEP][PASSED] - click(findTestObject("Page_cabi Home/a_online_outline_purchases")): Object: 'Object Repository/Page_cabi Home/a_online_outline_purchases' is clicked on

2019-05-08 17:07:20 - [MESSAGE][PASSED] - Object: 'Object Repository/Page_cabi Home/a_online_outline_purchases' is clicked on

2019-05-08 17:07:20 - [TEST_STEP][PASSED] - click(findTestObject("Object Repository/Page_cabi Online Outlet Store/span_Continue to Order")): Object: 'Object Repository/Page_cabi Online Outlet Store/span_Continue to Order' is clicked on

2019-05-08 17:07:21 - [MESSAGE][PASSED] - Object: 'Object Repository/Page_cabi Online Outlet Store/span_Continue to Order' is clicked on

2019-05-08 17:07:21 - [TEST_STEP][PASSED] - callTestCase(findTestCase("productVerify"), ["available":BOOnlineoutlet, "storeType":"BOOnlineoutlet"], STOP_ON_FAILURE): Call Test Case 'Test Cases/productVerify' successfully

2019-05-08 17:07:21 - [TEST_CASE][PASSED] - Test Cases/productVerify: Test Cases/productVerify

2019-05-08 17:07:21 - [TEST_STEP][PASSED] - for ([row = 1, row <= findTestData("productData").getRowNumbers(), (row++)]): Actual text and expected text of test object 'Object Repository/Page_cabi Order Items/no_result_found' are matched.

2019-05-08 17:07:21 - [TEST_STEP][PASSED] - setText(findTestObject("Object Repository/Page_cabi Order Items/input_New Arrivals - Blooming Blush_style"), findTestData("productData").getValue("Style", row)): Text '5618' is set on object 'Object Repository/Page_cabi Order Items/input_New Arrivals - Blooming Blush_style'

2019-05-08 17:07:22 - [MESSAGE][PASSED] - Text '5618' is set on object 'Object Repository/Page_cabi Order Items/input_New Arrivals - Blooming Blush_style'

2019-05-08 17:07:22 - [TEST_STEP][PASSED] - sendKeys(findTestObject("Object Repository/Page_cabi Order Items/input_New Arrivals - Blooming Blush_style"), Keys.chord(ENTER)): Keys 'ENTER + ' sent to object: 'Object Repository/Page_cabi Order Items/input_New Arrivals - Blooming Blush_style'

2019-05-08 17:07:22 - [MESSAGE][PASSED] - Keys 'ENTER + ' sent to object: 'Object Repository/Page_cabi Order Items/input_New Arrivals - Blooming Blush_style'

2019-05-08 17:07:22 - [TEST_STEP][PASSED] - delay(5): Delayed 5 second(s)

2019-05-08 17:07:27 - [MESSAGE][PASSED] - Delayed 5 second(s)

2019-05-08 17:07:27 - [TEST_STEP][PASSED] - if (toString().equalsIgnoreCase("no")): Actual text and expected text of test object 'Object Repository/Page_cabi Order Items/no_result_found' are matched.

2019-05-08 17:07:27 - [TEST_STEP][PASSED] - noResultMessages = findWebElements(findTestObject("Page_cabi Order Items/no_result_found"), 5): null

2019-05-08 17:07:27 - [TEST_STEP][PASSED] - assert noResultMessages.size() > 0: null

2019-05-08 17:07:27 - [TEST_STEP][PASSED] - verifyElementText(findTestObject("Page_cabi Order Items/no_result_found"), "No Results Found!"): Actual text and expected text of test object 'Object Repository/Page_cabi Order Items/no_result_found' are matched.

2019-05-08 17:07:27 - [MESSAGE][PASSED] - Actual text and expected text of test object 'Object Repository/Page_cabi Order Items/no_result_found' are matched.

2019-05-08 17:07:27 - [MESSAGE][PASSED] - Call Test Case 'Test Cases/productVerify' successfully

2019-05-08 17:07:27 - [TEST_STEP][PASSED] - if (timeRow == 1): Call Test Case 'Test Cases/createAPhysicalShow' successfully

2019-05-08 17:07:27 - [TEST_STEP][PASSED] - callTestCase(findTestCase("createContact"), ["BOURL":"", "BOuser":"", "BOpass":"", "firstName":"", "lastName":"", "email":"", "address1":"", "city":"", "state":"", "zip":""], STOP_ON_FAILURE): Call Test Case 'Test Cases/createContact' successfully

2019-05-08 17:07:28 - [TEST_CASE][PASSED] - Test Cases/createContact: Test Cases/createContact

2019-05-08 17:07:28 - [TEST_STEP][PASSED] - openBrowser(""): Browser is opened with url: ''

2019-05-08 17:07:28 - [MESSAGE][WARNING] - A browser is already opened. Closing browser and opening a new one

2019-05-08 17:07:28 - [MESSAGE][INFO] - Starting 'Chrome' driver

2019-05-08 17:07:31 - [MESSAGE][PASSED] - Browser is opened with url: ''

2019-05-08 17:07:31 - [TEST_STEP][PASSED] - callTestCase(findTestCase("backOfficeLogin"), ["BOURL":"", "BOuser":"", "BOpass":""], STOP_ON_FAILURE): Call Test Case 'Test Cases/backOfficeLogin' successfully

2019-05-08 17:07:31 - [TEST_CASE][PASSED] - Test Cases/backOfficeLogin: Test Cases/backOfficeLogin

2019-05-08 17:07:31 - [TEST_STEP][PASSED] - BOURL = findTestData("credData").getValue("BOURL", 1): null

2019-05-08 17:07:31 - [TEST_STEP][PASSED] - BOuser = findTestData("credData").getValue("BOuser", 1): null

2019-05-08 17:07:31 - [TEST_STEP][PASSED] - BOpass = findTestData("credData").getValue("BOpass", 1): null

2019-05-08 17:07:31 - [TEST_STEP][PASSED] - navigateToUrl(BOURL): Navigate to 'https://test14.cliotest.com/backoffice/control/main' successfully

2019-05-08 17:07:40 - [MESSAGE][PASSED] - Navigate to 'https://test14.cliotest.com/backoffice/control/main' successfully

2019-05-08 17:07:40 - [TEST_STEP][PASSED] - maximizeWindow(): Current window maximized

2019-05-08 17:07:42 - [MESSAGE][PASSED] - Current window maximized

2019-05-08 17:07:42 - [TEST_STEP][PASSED] - logOut = findWebElements(findTestObject("Object Repository/Page_cabi Home/log_out"), 5): Unable to find the element located by 'By.xpath: //a[contains(text(),'Log Out')]'. Please recheck the objects properties to make sure the desired element is located. 

2019-05-08 17:07:47 - [MESSAGE][INFO] - Unable to find the element located by 'By.xpath: //a[contains(text(),'Log Out')]'. Please recheck the objects properties to make sure the desired element is located. 

2019-05-08 17:07:47 - [TEST_STEP][PASSED] - if (logOut.size() == 0): Object: 'Object Repository/Page_cabi/input_Welcome to_consultantLogin' is clicked on

2019-05-08 17:07:47 - [TEST_STEP][PASSED] - setText(findTestObject("Page_cabi/input_Welcome to_USERNAME"), BOuser): Text '400000002' is set on object 'Object Repository/Page_cabi/input_Welcome to_USERNAME'

2019-05-08 17:07:47 - [MESSAGE][PASSED] - Text '400000002' is set on object 'Object Repository/Page_cabi/input_Welcome to_USERNAME'

2019-05-08 17:07:47 - [TEST_STEP][PASSED] - setText(findTestObject("Object Repository/Page_cabi/input_Welcome to_PASSWORD"), BOpass): Text 'blackdress19' is set on object 'Object Repository/Page_cabi/input_Welcome to_PASSWORD'

2019-05-08 17:07:47 - [MESSAGE][PASSED] - Text 'blackdress19' is set on object 'Object Repository/Page_cabi/input_Welcome to_PASSWORD'

2019-05-08 17:07:47 - [TEST_STEP][PASSED] - delay(3): Delayed 3 second(s)

2019-05-08 17:07:50 - [MESSAGE][PASSED] - Delayed 3 second(s)

2019-05-08 17:07:50 - [TEST_STEP][PASSED] - click(findTestObject("Object Repository/Page_cabi/input_Welcome to_consultantLogin")): Object: 'Object Repository/Page_cabi/input_Welcome to_consultantLogin' is clicked on

2019-05-08 17:08:06 - [MESSAGE][PASSED] - Object: 'Object Repository/Page_cabi/input_Welcome to_consultantLogin' is clicked on

2019-05-08 17:08:06 - [TEST_STEP][PASSED] - delay(3): Delayed 3 second(s)

2019-05-08 17:08:09 - [MESSAGE][PASSED] - Delayed 3 second(s)

2019-05-08 17:08:09 - [MESSAGE][PASSED] - Call Test Case 'Test Cases/backOfficeLogin' successfully

2019-05-08 17:08:09 - [TEST_STEP][PASSED] - for ([row = 1, row <= findTestData("contactData").getRowNumbers(), (row++)]): null

2019-05-08 17:08:09 - [TEST_STEP][PASSED] - firstName = findTestData("contactData").getValue("firstName", row): null

2019-05-08 17:08:09 - [TEST_STEP][PASSED] - lastName = findTestData("contactData").getValue("lastName", row): null

2019-05-08 17:08:09 - [TEST_STEP][PASSED] - email = findTestData("contactData").getValue("email", row): null

2019-05-08 17:08:09 - [TEST_STEP][PASSED] - address1 = findTestData("contactData").getValue("address1", row): null

2019-05-08 17:08:09 - [TEST_STEP][PASSED] - city = findTestData("contactData").getValue("city", row): null

2019-05-08 17:08:09 - [TEST_STEP][PASSED] - state = findTestData("contactData").getValue("state", row): null

2019-05-08 17:08:09 - [TEST_STEP][PASSED] - zip = findTestData("contactData").getValue("zip", row): null

2019-05-08 17:08:09 - [TEST_STEP][PASSED] - rightClick(findTestObject("Page_cabi Home/a_Connections")): Object: 'Object Repository/Page_cabi Home/a_Connections' is right clicked on

2019-05-08 17:08:09 - [MESSAGE][PASSED] - Object: 'Object Repository/Page_cabi Home/a_Connections' is right clicked on

2019-05-08 17:08:09 - [TEST_STEP][PASSED] - click(findTestObject("Page_cabi Home/a_Contact Manager")): Object: 'Object Repository/Page_cabi Home/a_Contact Manager' is clicked on

2019-05-08 17:08:14 - [MESSAGE][PASSED] - Object: 'Object Repository/Page_cabi Home/a_Contact Manager' is clicked on

2019-05-08 17:08:14 - [TEST_STEP][PASSED] - space = " ": null

2019-05-08 17:08:14 - [TEST_STEP][PASSED] - fNameLName = $firstName$space$lastName: null

2019-05-08 17:08:14 - [TEST_STEP][PASSED] - setText(findTestObject("Page_cabi Edit Customer Profile/input_check_contact"), fNameLName): Text 'neohost1 abc' is set on object 'Object Repository/Page_cabi Edit Customer Profile/input_check_contact'

2019-05-08 17:08:14 - [MESSAGE][PASSED] - Text 'neohost1 abc' is set on object 'Object Repository/Page_cabi Edit Customer Profile/input_check_contact'

2019-05-08 17:08:14 - [TEST_STEP][PASSED] - contactNotFound = findWebElements(findTestObject("Page_cabi/div_contact_not_found"), 5): Unable to find the element located by 'By.xpath: //div[@id='primary-content']/div[4]/div/div[3]/div[2]/div[2]/div'. Please recheck the objects properties to make sure the desired element is located. 

2019-05-08 17:08:20 - [MESSAGE][INFO] - Unable to find the element located by 'By.xpath: //div[@id='primary-content']/div[4]/div/div[3]/div[2]/div[2]/div'. Please recheck the objects properties to make sure the desired element is located. 

2019-05-08 17:08:20 - [TEST_STEP][PASSED] - if (contactNotFound.size() > 0): null

2019-05-08 17:08:20 - [TEST_STEP][PASSED] - else: null

2019-05-08 17:08:20 - [TEST_STEP][PASSED] - println("Contact already present."): null

2019-05-08 17:08:20 - [TEST_STEP][PASSED] - firstName = findTestData("contactData").getValue("firstName", row): null

2019-05-08 17:08:20 - [TEST_STEP][PASSED] - lastName = findTestData("contactData").getValue("lastName", row): null

2019-05-08 17:08:20 - [TEST_STEP][PASSED] - email = findTestData("contactData").getValue("email", row): null

2019-05-08 17:08:20 - [TEST_STEP][PASSED] - address1 = findTestData("contactData").getValue("address1", row): null

2019-05-08 17:08:20 - [TEST_STEP][PASSED] - city = findTestData("contactData").getValue("city", row): null

2019-05-08 17:08:20 - [TEST_STEP][PASSED] - state = findTestData("contactData").getValue("state", row): null

2019-05-08 17:08:20 - [TEST_STEP][PASSED] - zip = findTestData("contactData").getValue("zip", row): null

2019-05-08 17:08:20 - [TEST_STEP][PASSED] - rightClick(findTestObject("Page_cabi Home/a_Connections")): Object: 'Object Repository/Page_cabi Home/a_Connections' is right clicked on

2019-05-08 17:08:20 - [MESSAGE][PASSED] - Object: 'Object Repository/Page_cabi Home/a_Connections' is right clicked on

2019-05-08 17:08:20 - [TEST_STEP][PASSED] - click(findTestObject("Page_cabi Home/a_Contact Manager")): Object: 'Object Repository/Page_cabi Home/a_Contact Manager' is clicked on

2019-05-08 17:08:22 - [MESSAGE][PASSED] - Object: 'Object Repository/Page_cabi Home/a_Contact Manager' is clicked on

2019-05-08 17:08:22 - [TEST_STEP][PASSED] - space = " ": null

2019-05-08 17:08:22 - [TEST_STEP][PASSED] - fNameLName = $firstName$space$lastName: null

2019-05-08 17:08:22 - [TEST_STEP][PASSED] - setText(findTestObject("Page_cabi Edit Customer Profile/input_check_contact"), fNameLName): Text 'neocohost1 abc' is set on object 'Object Repository/Page_cabi Edit Customer Profile/input_check_contact'

2019-05-08 17:08:23 - [MESSAGE][PASSED] - Text 'neocohost1 abc' is set on object 'Object Repository/Page_cabi Edit Customer Profile/input_check_contact'

2019-05-08 17:08:23 - [TEST_STEP][PASSED] - contactNotFound = findWebElements(findTestObject("Page_cabi/div_contact_not_found"), 5): Unable to find the element located by 'By.xpath: //div[@id='primary-content']/div[4]/div/div[3]/div[2]/div[2]/div'. Please recheck the objects properties to make sure the desired element is located. 

2019-05-08 17:08:28 - [MESSAGE][INFO] - Unable to find the element located by 'By.xpath: //div[@id='primary-content']/div[4]/div/div[3]/div[2]/div[2]/div'. Please recheck the objects properties to make sure the desired element is located. 

2019-05-08 17:08:28 - [TEST_STEP][PASSED] - if (contactNotFound.size() > 0): null

2019-05-08 17:08:28 - [TEST_STEP][PASSED] - else: null

2019-05-08 17:08:28 - [TEST_STEP][PASSED] - println("Contact already present."): null

2019-05-08 17:08:28 - [TEST_STEP][PASSED] - firstName = findTestData("contactData").getValue("firstName", row): null

2019-05-08 17:08:28 - [TEST_STEP][PASSED] - lastName = findTestData("contactData").getValue("lastName", row): null

2019-05-08 17:08:28 - [TEST_STEP][PASSED] - email = findTestData("contactData").getValue("email", row): null

2019-05-08 17:08:28 - [TEST_STEP][PASSED] - address1 = findTestData("contactData").getValue("address1", row): null

2019-05-08 17:08:28 - [TEST_STEP][PASSED] - city = findTestData("contactData").getValue("city", row): null

2019-05-08 17:08:28 - [TEST_STEP][PASSED] - state = findTestData("contactData").getValue("state", row): null

2019-05-08 17:08:28 - [TEST_STEP][PASSED] - zip = findTestData("contactData").getValue("zip", row): null

2019-05-08 17:08:28 - [TEST_STEP][PASSED] - rightClick(findTestObject("Page_cabi Home/a_Connections")): Object: 'Object Repository/Page_cabi Home/a_Connections' is right clicked on

2019-05-08 17:08:28 - [MESSAGE][PASSED] - Object: 'Object Repository/Page_cabi Home/a_Connections' is right clicked on

2019-05-08 17:08:28 - [TEST_STEP][PASSED] - click(findTestObject("Page_cabi Home/a_Contact Manager")): Object: 'Object Repository/Page_cabi Home/a_Contact Manager' is clicked on

2019-05-08 17:08:30 - [MESSAGE][PASSED] - Object: 'Object Repository/Page_cabi Home/a_Contact Manager' is clicked on

2019-05-08 17:08:30 - [TEST_STEP][PASSED] - space = " ": null

2019-05-08 17:08:30 - [TEST_STEP][PASSED] - fNameLName = $firstName$space$lastName: null

2019-05-08 17:08:30 - [TEST_STEP][PASSED] - setText(findTestObject("Page_cabi Edit Customer Profile/input_check_contact"), fNameLName): Text 'neoguest1 abc' is set on object 'Object Repository/Page_cabi Edit Customer Profile/input_check_contact'

2019-05-08 17:08:31 - [MESSAGE][PASSED] - Text 'neoguest1 abc' is set on object 'Object Repository/Page_cabi Edit Customer Profile/input_check_contact'

2019-05-08 17:08:31 - [TEST_STEP][PASSED] - contactNotFound = findWebElements(findTestObject("Page_cabi/div_contact_not_found"), 5): Unable to find the element located by 'By.xpath: //div[@id='primary-content']/div[4]/div/div[3]/div[2]/div[2]/div'. Please recheck the objects properties to make sure the desired element is located. 

2019-05-08 17:08:36 - [MESSAGE][INFO] - Unable to find the element located by 'By.xpath: //div[@id='primary-content']/div[4]/div/div[3]/div[2]/div[2]/div'. Please recheck the objects properties to make sure the desired element is located. 

2019-05-08 17:08:36 - [TEST_STEP][PASSED] - if (contactNotFound.size() > 0): null

2019-05-08 17:08:36 - [TEST_STEP][PASSED] - else: null

2019-05-08 17:08:36 - [TEST_STEP][PASSED] - println("Contact already present."): null

2019-05-08 17:08:36 - [TEST_STEP][PASSED] - closeBrowser(): Browser is closed

2019-05-08 17:08:37 - [MESSAGE][PASSED] - Browser is closed

2019-05-08 17:08:37 - [MESSAGE][PASSED] - Call Test Case 'Test Cases/createContact' successfully

2019-05-08 17:08:37 - [TEST_STEP][PASSED] - callTestCase(findTestCase("createAPhysicalShow"), ["BOURL":"", "BOuser":"", "BOpass":"", "hostess":"", "cohostess":""], STOP_ON_FAILURE): Call Test Case 'Test Cases/createAPhysicalShow' successfully

2019-05-08 17:08:37 - [TEST_CASE][PASSED] - Test Cases/createAPhysicalShow: Test Cases/createAPhysicalShow

2019-05-08 17:08:37 - [TEST_STEP][PASSED] - openBrowser(""): Browser is opened with url: ''

2019-05-08 17:08:37 - [MESSAGE][INFO] - Starting 'Chrome' driver

2019-05-08 17:08:40 - [MESSAGE][PASSED] - Browser is opened with url: ''

2019-05-08 17:08:40 - [TEST_STEP][PASSED] - maximizeWindow(): Current window maximized

2019-05-08 17:08:41 - [MESSAGE][PASSED] - Current window maximized

2019-05-08 17:08:41 - [TEST_STEP][PASSED] - BOURL = findTestData("credData").getValue("BOURL", 1): null

2019-05-08 17:08:41 - [TEST_STEP][PASSED] - BOuser = findTestData("credData").getValue("BOuser", 1): null

2019-05-08 17:08:41 - [TEST_STEP][PASSED] - BOpass = findTestData("credData").getValue("BOpass", 1): null

2019-05-08 17:08:41 - [TEST_STEP][PASSED] - hostessFName = findTestData("contactData").getValue("firstName", 1): null

2019-05-08 17:08:41 - [TEST_STEP][PASSED] - hostessLName = findTestData("contactData").getValue("lastName", 1): null

2019-05-08 17:08:41 - [TEST_STEP][PASSED] - cohostessFName = findTestData("contactData").getValue("firstName", 2): null

2019-05-08 17:08:41 - [TEST_STEP][PASSED] - cohostessLName = findTestData("contactData").getValue("lastName", 2): null

2019-05-08 17:08:41 - [TEST_STEP][PASSED] - space = " ": null

2019-05-08 17:08:41 - [TEST_STEP][PASSED] - hostess = $hostessFName$space$hostessLName: null

2019-05-08 17:08:41 - [TEST_STEP][PASSED] - cohostess = $cohostessFName$space$cohostessLName: null

2019-05-08 17:08:41 - [TEST_STEP][PASSED] - navigateToUrl(BOURL): Navigate to 'https://test14.cliotest.com/backoffice/control/main' successfully

2019-05-08 17:08:49 - [MESSAGE][PASSED] - Navigate to 'https://test14.cliotest.com/backoffice/control/main' successfully

2019-05-08 17:08:49 - [TEST_STEP][PASSED] - setText(findTestObject("Page_cabi/input_Welcome to_USERNAME"), BOuser): Text '400000002' is set on object 'Object Repository/Page_cabi/input_Welcome to_USERNAME'

2019-05-08 17:08:50 - [MESSAGE][PASSED] - Text '400000002' is set on object 'Object Repository/Page_cabi/input_Welcome to_USERNAME'

2019-05-08 17:08:50 - [TEST_STEP][PASSED] - setText(findTestObject("Page_cabi/input_Welcome to_PASSWORD"), BOpass): Text 'blackdress19' is set on object 'Object Repository/Page_cabi/input_Welcome to_PASSWORD'

2019-05-08 17:08:50 - [MESSAGE][PASSED] - Text 'blackdress19' is set on object 'Object Repository/Page_cabi/input_Welcome to_PASSWORD'

2019-05-08 17:08:50 - [TEST_STEP][PASSED] - click(findTestObject("Page_cabi/input_Welcome to_consultantLogin")): Object: 'Object Repository/Page_cabi/input_Welcome to_consultantLogin' is clicked on

2019-05-08 17:08:58 - [MESSAGE][PASSED] - Object: 'Object Repository/Page_cabi/input_Welcome to_consultantLogin' is clicked on

2019-05-08 17:08:58 - [TEST_STEP][PASSED] - delay(10): Delayed 10 second(s)

2019-05-08 17:09:08 - [MESSAGE][PASSED] - Delayed 10 second(s)

2019-05-08 17:09:08 - [TEST_STEP][PASSED] - rightClick(findTestObject("Page_cabi Home/a_Shows  Orders")): Object: 'Object Repository/Page_cabi Home/a_Shows  Orders' is right clicked on

2019-05-08 17:09:08 - [MESSAGE][PASSED] - Object: 'Object Repository/Page_cabi Home/a_Shows  Orders' is right clicked on

2019-05-08 17:09:08 - [TEST_STEP][PASSED] - click(findTestObject("Page_cabi Home/a_Create_A_Show")): Object: 'Object Repository/Page_cabi Home/a_Create_A_Show' is clicked on

2019-05-08 17:09:13 - [MESSAGE][PASSED] - Object: 'Object Repository/Page_cabi Home/a_Create_A_Show' is clicked on

2019-05-08 17:09:13 - [TEST_STEP][PASSED] - setText(findTestObject("Page_cabi Create Show - Set Hostess/input_Hostess"), hostess): Text 'neohost1 abc' is set on object 'Object Repository/Page_cabi Create Show - Set Hostess/input_Hostess'

2019-05-08 17:09:13 - [MESSAGE][PASSED] - Text 'neohost1 abc' is set on object 'Object Repository/Page_cabi Create Show - Set Hostess/input_Hostess'

2019-05-08 17:09:13 - [TEST_STEP][PASSED] - rightClick(findTestObject("Page_cabi Create Show - Set Hostess/input_Hostess")): Object: 'Object Repository/Page_cabi Create Show - Set Hostess/input_Hostess' is right clicked on

2019-05-08 17:09:13 - [MESSAGE][PASSED] - Object: 'Object Repository/Page_cabi Create Show - Set Hostess/input_Hostess' is right clicked on

2019-05-08 17:09:13 - [TEST_STEP][PASSED] - click(findTestObject("Page_cabi Create Show - Set Hostess/a_select_hostess")): Object: 'Object Repository/Page_cabi Create Show - Set Hostess/a_select_hostess' is clicked on

2019-05-08 17:09:14 - [MESSAGE][PASSED] - Object: 'Object Repository/Page_cabi Create Show - Set Hostess/a_select_hostess' is clicked on

2019-05-08 17:09:14 - [TEST_STEP][PASSED] - setText(findTestObject("Page_cabi Create Show - Set Hostess/input_Hostess_Txt"), hostess): Text 'neohost1 abc' is set on object 'Object Repository/Page_cabi Create Show - Set Hostess/input_Hostess_Txt'

2019-05-08 17:09:14 - [MESSAGE][PASSED] - Text 'neohost1 abc' is set on object 'Object Repository/Page_cabi Create Show - Set Hostess/input_Hostess_Txt'

2019-05-08 17:09:14 - [TEST_STEP][PASSED] - delay(3): Delayed 3 second(s)

2019-05-08 17:09:17 - [MESSAGE][PASSED] - Delayed 3 second(s)

2019-05-08 17:09:17 - [TEST_STEP][PASSED] - validateHostessAddressMsg = findWebElements(findTestObject("Page_cabi Create Show - Set Hostess/validate_address_msg"), 5): null

2019-05-08 17:09:17 - [TEST_STEP][PASSED] - println(validateHostessAddressMsg.size()): null

2019-05-08 17:09:17 - [TEST_STEP][PASSED] - if (validateHostessAddressMsg.isEmpty()): null

2019-05-08 17:09:17 - [TEST_STEP][PASSED] - selectOptionByValue(findTestObject("Page_cabi Create Show - Set Hostess/select_Choose_From_Contacts_Co-Hostess"), "3", true): All options with value '3' are selected in object 'Object Repository/Page_cabi Create Show - Set Hostess/select_Choose_From_Contacts_Co-Hostess'  using regular expression

2019-05-08 17:09:18 - [MESSAGE][PASSED] - All options with value '3' are selected in object 'Object Repository/Page_cabi Create Show - Set Hostess/select_Choose_From_Contacts_Co-Hostess'  using regular expression

2019-05-08 17:09:18 - [TEST_STEP][PASSED] - setText(findTestObject("Page_cabi Create Show - Set Hostess/input_Cohostess"), cohostess): Text 'neocohost1 abc' is set on object 'Object Repository/Page_cabi Create Show - Set Hostess/input_Cohostess'

2019-05-08 17:09:18 - [MESSAGE][PASSED] - Text 'neocohost1 abc' is set on object 'Object Repository/Page_cabi Create Show - Set Hostess/input_Cohostess'

2019-05-08 17:09:18 - [TEST_STEP][PASSED] - rightClick(findTestObject("Page_cabi Create Show - Set Hostess/input_Cohostess")): Object: 'Object Repository/Page_cabi Create Show - Set Hostess/input_Cohostess' is right clicked on

2019-05-08 17:09:18 - [MESSAGE][PASSED] - Object: 'Object Repository/Page_cabi Create Show - Set Hostess/input_Cohostess' is right clicked on

2019-05-08 17:09:18 - [TEST_STEP][PASSED] - rightClick(findTestObject("Page_cabi Create Show - Set Hostess/input_Cohostess")): Object: 'Object Repository/Page_cabi Create Show - Set Hostess/input_Cohostess' is right clicked on

2019-05-08 17:09:18 - [MESSAGE][PASSED] - Object: 'Object Repository/Page_cabi Create Show - Set Hostess/input_Cohostess' is right clicked on

2019-05-08 17:09:18 - [TEST_STEP][PASSED] - click(findTestObject("Page_cabi Create Show - Set Hostess/a_select_cohostess")): Object: 'Object Repository/Page_cabi Create Show - Set Hostess/a_select_cohostess' is clicked on

2019-05-08 17:09:19 - [MESSAGE][PASSED] - Object: 'Object Repository/Page_cabi Create Show - Set Hostess/a_select_cohostess' is clicked on

2019-05-08 17:09:19 - [TEST_STEP][PASSED] - setText(findTestObject("Page_cabi Create Show - Set Hostess/input_Cohostess"), cohostess): Text 'neocohost1 abc' is set on object 'Object Repository/Page_cabi Create Show - Set Hostess/input_Cohostess'

2019-05-08 17:09:19 - [MESSAGE][PASSED] - Text 'neocohost1 abc' is set on object 'Object Repository/Page_cabi Create Show - Set Hostess/input_Cohostess'

2019-05-08 17:09:19 - [TEST_STEP][PASSED] - delay(3): Delayed 3 second(s)

2019-05-08 17:09:22 - [MESSAGE][PASSED] - Delayed 3 second(s)

2019-05-08 17:09:22 - [TEST_STEP][PASSED] - validateHostessAddressMsg = findWebElements(findTestObject("Page_cabi Create Show - Set Hostess/validate_address_msg"), 5): null

2019-05-08 17:09:22 - [TEST_STEP][PASSED] - if (validateHostessAddressMsg.size() != 4): null

2019-05-08 17:09:22 - [TEST_STEP][PASSED] - click(findTestObject("Page_cabi Create Show - Set Hostess/input_next")): Object: 'Object Repository/Page_cabi Create Show - Set Hostess/input_next' is clicked on

2019-05-08 17:09:25 - [MESSAGE][PASSED] - Object: 'Object Repository/Page_cabi Create Show - Set Hostess/input_next' is clicked on

2019-05-08 17:09:25 - [TEST_STEP][PASSED] - delay(5): Delayed 5 second(s)

2019-05-08 17:09:30 - [MESSAGE][PASSED] - Delayed 5 second(s)

2019-05-08 17:09:30 - [TEST_STEP][PASSED] - rightClick(findTestObject("Object Repository/Page_cabi Create ShowTime_Place/input_Show_date_time")): Object: 'Object Repository/Page_cabi Create ShowTime_Place/input_Show_date_time' is right clicked on

2019-05-08 17:09:30 - [MESSAGE][PASSED] - Object: 'Object Repository/Page_cabi Create ShowTime_Place/input_Show_date_time' is right clicked on

2019-05-08 17:09:30 - [TEST_STEP][PASSED] - rightClick(findTestObject("Object Repository/Page_cabi Create ShowTime_Place/a_16")): Object: 'Object Repository/Page_cabi Create ShowTime_Place/a_16' is right clicked on

2019-05-08 17:09:30 - [MESSAGE][PASSED] - Object: 'Object Repository/Page_cabi Create ShowTime_Place/a_16' is right clicked on

2019-05-08 17:09:30 - [TEST_STEP][PASSED] - click(findTestObject("Object Repository/Page_cabi Create ShowTime_Place/a_16")): Object: 'Object Repository/Page_cabi Create ShowTime_Place/a_16' is clicked on

2019-05-08 17:09:30 - [MESSAGE][PASSED] - Object: 'Object Repository/Page_cabi Create ShowTime_Place/a_16' is clicked on

2019-05-08 17:09:30 - [TEST_STEP][PASSED] - click(findTestObject("Object Repository/Page_cabi Create ShowTime_Place/b")): Object: 'Object Repository/Page_cabi Create ShowTime_Place/b' is clicked on

2019-05-08 17:09:30 - [MESSAGE][PASSED] - Object: 'Object Repository/Page_cabi Create ShowTime_Place/b' is clicked on

2019-05-08 17:09:30 - [TEST_STEP][PASSED] - click(findTestObject("Object Repository/Page_cabi Create ShowTime_Place/div_Location for ShowSame as Hostess Home Address")): Object: 'Object Repository/Page_cabi Create ShowTime_Place/div_Location for ShowSame as Hostess Home Address' is clicked on

2019-05-08 17:09:30 - [MESSAGE][PASSED] - Object: 'Object Repository/Page_cabi Create ShowTime_Place/div_Location for ShowSame as Hostess Home Address' is clicked on

2019-05-08 17:09:30 - [TEST_STEP][PASSED] - click(findTestObject("Object Repository/Page_cabi Create ShowTime_Place/input__address_Same_as_hostess")): Object: 'Object Repository/Page_cabi Create ShowTime_Place/input__address_Same_as_hostess' is clicked on

2019-05-08 17:09:31 - [MESSAGE][PASSED] - Object: 'Object Repository/Page_cabi Create ShowTime_Place/input__address_Same_as_hostess' is clicked on

2019-05-08 17:09:31 - [TEST_STEP][PASSED] - click(findTestObject("Object Repository/Page_cabi Create ShowTime_Place/input_Same as show location")): Object: 'Object Repository/Page_cabi Create ShowTime_Place/input_Same as show location' is clicked on

2019-05-08 17:09:31 - [MESSAGE][PASSED] - Object: 'Object Repository/Page_cabi Create ShowTime_Place/input_Same as show location' is clicked on

2019-05-08 17:09:31 - [TEST_STEP][PASSED] - delay(5): Delayed 5 second(s)

2019-05-08 17:09:36 - [MESSAGE][PASSED] - Delayed 5 second(s)

2019-05-08 17:09:36 - [TEST_STEP][PASSED] - click(findTestObject("Object Repository/Page_cabi Create ShowTime_Place/label_Tax Rate Calculated")): Object: 'Object Repository/Page_cabi Create ShowTime_Place/label_Tax Rate Calculated' is clicked on

2019-05-08 17:09:36 - [MESSAGE][PASSED] - Object: 'Object Repository/Page_cabi Create ShowTime_Place/label_Tax Rate Calculated' is clicked on

2019-05-08 17:09:36 - [TEST_STEP][PASSED] - click(findTestObject("Object Repository/Page_cabi Create ShowTime_Place/input_Back_section")): Object: 'Object Repository/Page_cabi Create ShowTime_Place/input_Back_section' is clicked on

2019-05-08 17:09:36 - [MESSAGE][PASSED] - Object: 'Object Repository/Page_cabi Create ShowTime_Place/input_Back_section' is clicked on

2019-05-08 17:09:36 - [TEST_STEP][PASSED] - delay(5): Delayed 5 second(s)

2019-05-08 17:09:41 - [MESSAGE][PASSED] - Delayed 5 second(s)

2019-05-08 17:09:41 - [TEST_STEP][PASSED] - click(findTestObject("Page_cabi Create ShowTime_Place/input_ShowSummaryTab")): Object: 'Object Repository/Page_cabi Create ShowTime_Place/input_ShowSummaryTab' is clicked on

2019-05-08 17:09:44 - [MESSAGE][PASSED] - Object: 'Object Repository/Page_cabi Create ShowTime_Place/input_ShowSummaryTab' is clicked on

2019-05-08 17:09:44 - [MESSAGE][PASSED] - Call Test Case 'Test Cases/createAPhysicalShow' successfully

2019-05-08 17:09:44 - [TEST_STEP][PASSED] - callTestCase(findTestCase("cabiCentralLogin"), [:], STOP_ON_FAILURE): Call Test Case 'Test Cases/cabiCentralLogin' successfully

2019-05-08 17:09:44 - [TEST_CASE][PASSED] - Test Cases/cabiCentralLogin: Test Cases/cabiCentralLogin

2019-05-08 17:09:44 - [TEST_STEP][PASSED] - CCURL = findTestData("credData").getValue("CCURL", 1): null

2019-05-08 17:09:44 - [TEST_STEP][PASSED] - CCuser = findTestData("credData").getValue("CCuser", 1): null

2019-05-08 17:09:44 - [TEST_STEP][PASSED] - CCpass = findTestData("credData").getValue("CCpass", 1): null

2019-05-08 17:09:44 - [TEST_STEP][PASSED] - openBrowser(""): Browser is opened with url: ''

2019-05-08 17:09:44 - [MESSAGE][WARNING] - A browser is already opened. Closing browser and opening a new one

2019-05-08 17:09:45 - [MESSAGE][INFO] - Starting 'Chrome' driver

2019-05-08 17:09:47 - [MESSAGE][PASSED] - Browser is opened with url: ''

2019-05-08 17:09:47 - [TEST_STEP][PASSED] - navigateToUrl(CCURL): Navigate to 'https://test14.cliotest.com/cabicentral/control/main' successfully

2019-05-08 17:09:55 - [MESSAGE][PASSED] - Navigate to 'https://test14.cliotest.com/cabicentral/control/main' successfully

2019-05-08 17:09:55 - [TEST_STEP][PASSED] - maximizeWindow(): Current window maximized

2019-05-08 17:09:56 - [MESSAGE][PASSED] - Current window maximized

2019-05-08 17:09:56 - [TEST_STEP][PASSED] - logOut = findWebElements(findTestObject("Object Repository/Page_cabi Home/log_out"), 5): Unable to find the element located by 'By.xpath: //a[contains(text(),'Log Out')]'. Please recheck the objects properties to make sure the desired element is located. 

2019-05-08 17:10:01 - [MESSAGE][INFO] - Unable to find the element located by 'By.xpath: //a[contains(text(),'Log Out')]'. Please recheck the objects properties to make sure the desired element is located. 

2019-05-08 17:10:01 - [TEST_STEP][PASSED] - if (logOut.size() == 0): Object: 'Object Repository/Page_cabi/input_Password_section-btn btn-stl-pk rFloat' is clicked on

2019-05-08 17:10:01 - [TEST_STEP][PASSED] - setText(findTestObject("Object Repository/Page_cabi/input_Username_USERNAME"), CCuser): Text 'ehudson' is set on object 'Object Repository/Page_cabi/input_Username_USERNAME'

2019-05-08 17:10:02 - [MESSAGE][PASSED] - Text 'ehudson' is set on object 'Object Repository/Page_cabi/input_Username_USERNAME'

2019-05-08 17:10:02 - [TEST_STEP][PASSED] - setText(findTestObject("Object Repository/Page_cabi/input_Password_PASSWORD"), CCpass): Text 'blackdress19' is set on object 'Object Repository/Page_cabi/input_Password_PASSWORD'

2019-05-08 17:10:02 - [MESSAGE][PASSED] - Text 'blackdress19' is set on object 'Object Repository/Page_cabi/input_Password_PASSWORD'

2019-05-08 17:10:02 - [TEST_STEP][PASSED] - delay(3): Delayed 3 second(s)

2019-05-08 17:10:05 - [MESSAGE][PASSED] - Delayed 3 second(s)

2019-05-08 17:10:05 - [TEST_STEP][PASSED] - click(findTestObject("Object Repository/Page_cabi/input_Password_section-btn btn-stl-pk rFloat")): Object: 'Object Repository/Page_cabi/input_Password_section-btn btn-stl-pk rFloat' is clicked on

2019-05-08 17:10:09 - [MESSAGE][PASSED] - Object: 'Object Repository/Page_cabi/input_Password_section-btn btn-stl-pk rFloat' is clicked on

2019-05-08 17:10:09 - [TEST_STEP][PASSED] - delay(3): Delayed 3 second(s)

2019-05-08 17:10:12 - [MESSAGE][PASSED] - Delayed 3 second(s)

2019-05-08 17:10:12 - [MESSAGE][PASSED] - Call Test Case 'Test Cases/cabiCentralLogin' successfully

2019-05-08 17:10:12 - [TEST_STEP][PASSED] - delay(3): Delayed 3 second(s)

2019-05-08 17:10:15 - [MESSAGE][PASSED] - Delayed 3 second(s)

2019-05-08 17:10:15 - [TEST_STEP][PASSED] - click(findTestObject("Page_cabi cabiCentral Tasks/a_ORDERS")): Object: 'Object Repository/Page_cabi cabiCentral Tasks/a_ORDERS' is clicked on

2019-05-08 17:10:17 - [MESSAGE][PASSED] - Object: 'Object Repository/Page_cabi cabiCentral Tasks/a_ORDERS' is clicked on

2019-05-08 17:10:17 - [TEST_STEP][PASSED] - delay(3): Delayed 3 second(s)

2019-05-08 17:10:20 - [MESSAGE][PASSED] - Delayed 3 second(s)

2019-05-08 17:10:20 - [TEST_STEP][PASSED] - click(findTestObject("Page_cabi Find Order/a_Create Order")): Object: 'Object Repository/Page_cabi Find Order/a_Create Order' is clicked on

2019-05-08 17:10:20 - [MESSAGE][PASSED] - Object: 'Object Repository/Page_cabi Find Order/a_Create Order' is clicked on

2019-05-08 17:10:20 - [TEST_STEP][PASSED] - selectOptionByValue(findTestObject("Page_cabi Create Order/select_order_type"), "PERSONAL", true): All options with value 'PERSONAL' are selected in object 'Object Repository/Page_cabi Create Order/select_order_type'  using regular expression

2019-05-08 17:10:20 - [MESSAGE][PASSED] - All options with value 'PERSONAL' are selected in object 'Object Repository/Page_cabi Create Order/select_order_type'  using regular expression

2019-05-08 17:10:20 - [TEST_STEP][PASSED] - click(findTestObject("Page_cabi Create Order/input_select_order_type")): Object: 'Object Repository/Page_cabi Create Order/input_select_order_type' is clicked on

2019-05-08 17:10:25 - [MESSAGE][PASSED] - Object: 'Object Repository/Page_cabi Create Order/input_select_order_type' is clicked on

2019-05-08 17:10:25 - [TEST_STEP][PASSED] - callTestCase(findTestCase("productVerifyShort"), ["available":CCPersonal, "storeType":"CCPersonal"], STOP_ON_FAILURE): Call Test Case 'Test Cases/productVerifyShort' successfully

2019-05-08 17:10:25 - [TEST_CASE][PASSED] - Test Cases/productVerifyShort: Test Cases/productVerifyShort

2019-05-08 17:10:25 - [TEST_STEP][PASSED] - for ([row = 1, row <= findTestData("productData").getRowNumbers(), (row++)]): Delayed 3 second(s)

2019-05-08 17:10:25 - [TEST_STEP][PASSED] - setText(findTestObject("Object Repository/Page_cabi Create Order/input_Manual Discount_stylelookup_0"), findTestData("productData").getValue("Style", row)): Text '5618' is set on object 'Object Repository/Page_cabi Create Order/input_Manual Discount_stylelookup_0'

2019-05-08 17:10:25 - [MESSAGE][PASSED] - Text '5618' is set on object 'Object Repository/Page_cabi Create Order/input_Manual Discount_stylelookup_0'

2019-05-08 17:10:25 - [TEST_STEP][PASSED] - delay(2): Delayed 2 second(s)

2019-05-08 17:10:27 - [MESSAGE][PASSED] - Delayed 2 second(s)

2019-05-08 17:10:27 - [TEST_STEP][PASSED] - prod_message = getText(findTestObject("Page_cabi Create Order/first_option")): Text of object 'Object Repository/Page_cabi Create Order/first_option' is: '5618 Breeze Dress'

2019-05-08 17:10:27 - [MESSAGE][PASSED] - Text of object 'Object Repository/Page_cabi Create Order/first_option' is: '5618 Breeze Dress'

2019-05-08 17:10:27 - [TEST_STEP][PASSED] - delay(1): Delayed 1 second(s)

2019-05-08 17:10:28 - [MESSAGE][PASSED] - Delayed 1 second(s)

2019-05-08 17:10:28 - [TEST_STEP][PASSED] - click(findTestObject("Page_cabi Create Order/first_option")): Object: 'Object Repository/Page_cabi Create Order/first_option' is clicked on

2019-05-08 17:10:28 - [MESSAGE][PASSED] - Object: 'Object Repository/Page_cabi Create Order/first_option' is clicked on

2019-05-08 17:10:28 - [TEST_STEP][PASSED] - if (toString().equalsIgnoreCase("no")): null

2019-05-08 17:10:28 - [TEST_STEP][PASSED] - else: Delayed 3 second(s)

2019-05-08 17:10:28 - [TEST_STEP][PASSED] - delay(3): Delayed 3 second(s)

2019-05-08 17:10:31 - [MESSAGE][PASSED] - Delayed 3 second(s)

2019-05-08 17:10:31 - [TEST_STEP][PASSED] - s1 = getValue("Style", row).toString(): null

2019-05-08 17:10:31 - [TEST_STEP][PASSED] - s2 = " ": null

2019-05-08 17:10:31 - [TEST_STEP][PASSED] - s3 = getValue("Description", row).toString(): null

2019-05-08 17:10:31 - [TEST_STEP][PASSED] - expectedStyleDescription = $s1$s2$s3: null

2019-05-08 17:10:31 - [TEST_STEP][PASSED] - assert prod_message.equalsIgnoreCase(expectedStyleDescription): null

2019-05-08 17:10:31 - [TEST_STEP][PASSED] - delay(3): Delayed 3 second(s)

2019-05-08 17:10:34 - [MESSAGE][PASSED] - Delayed 3 second(s)

2019-05-08 17:10:34 - [TEST_STEP][PASSED] - colorOptions = findWebElements(findTestObject("Page_cabi Order Items/GetAttribute_Color"), 5): null

2019-05-08 17:10:34 - [TEST_STEP][PASSED] - println(colorOptions.size()): null

2019-05-08 17:10:34 - [TEST_STEP][PASSED] - expectedColour = findTestData("productData").getValue("Color", row): null

2019-05-08 17:10:34 - [TEST_STEP][PASSED] - println("expected colour is"): null

2019-05-08 17:10:34 - [TEST_STEP][PASSED] - println(expectedColour): null

2019-05-08 17:10:34 - [TEST_STEP][PASSED] - colourVerified = false: null

2019-05-08 17:10:34 - [TEST_STEP][PASSED] - for (org.openqa.selenium.WebElement op : colorOptions): null

2019-05-08 17:10:34 - [TEST_STEP][PASSED] - println(op.getText()): null

2019-05-08 17:10:34 - [TEST_STEP][PASSED] - if (expectedColour.equalsIgnoreCase(op.getText())): null

2019-05-08 17:10:34 - [TEST_STEP][PASSED] - colourVerified = true: null

2019-05-08 17:10:34 - [TEST_STEP][PASSED] - break: null

2019-05-08 17:10:34 - [TEST_STEP][PASSED] - assert colourVerified == true: null

2019-05-08 17:10:34 - [TEST_STEP][PASSED] - getPrice = getText(findTestObject("Page_cabi Create Order/retail_price")): Text of object 'Object Repository/Page_cabi Create Order/retail_price' is: '$119.00'

2019-05-08 17:10:34 - [MESSAGE][PASSED] - Text of object 'Object Repository/Page_cabi Create Order/retail_price' is: '$119.00'

2019-05-08 17:10:34 - [TEST_STEP][PASSED] - Split_Data = UtilityMethods.SplitData(getPrice): null

2019-05-08 17:10:34 - [TEST_STEP][PASSED] - verifyMatch(Split_Data, findTestData("productData").getValue("Retail", row), true): Actual text '119' and expected text '119' are matched  using regular expression

2019-05-08 17:10:34 - [MESSAGE][PASSED] - Actual text '119' and expected text '119' are matched  using regular expression

2019-05-08 17:10:34 - [TEST_STEP][PASSED] - sizeRange1 = ["XXS", "XS", "S", "M", "L", "XL"]: null

2019-05-08 17:10:34 - [TEST_STEP][PASSED] - sizeRange2 = ["00", "0", "2", "4", "6", "8", "10", "12", "14", "16"]: null

2019-05-08 17:10:34 - [TEST_STEP][PASSED] - sizeRange3 = ["Long", "Regular", "Short"]: null

2019-05-08 17:10:34 - [TEST_STEP][PASSED] - sizeRange4 = ["5", "6", "6.5", "7", "7.5", "8", "8.5", "9", "9.5", "10", "11"]: null

2019-05-08 17:10:34 - [TEST_STEP][PASSED] - sizeRangeSplit = UtilityMethods.SplitSizes(findTestData("productData").getValue("SzRange", row)): null

2019-05-08 17:10:35 - [TEST_STEP][PASSED] - sizeType = getText(findTestObject("Object Repository/Page_cabi Order Items/Size")): Text of object 'Object Repository/Page_cabi Order Items/Size' is: 'Select'

2019-05-08 17:10:35 - [MESSAGE][PASSED] - Text of object 'Object Repository/Page_cabi Order Items/Size' is: 'Select'

2019-05-08 17:10:35 - [TEST_STEP][PASSED] - sizeOptions = findWebElements(findTestObject("Object Repository/Page_cabi Order Items/Size"), 5): null

2019-05-08 17:10:35 - [TEST_STEP][PASSED] - actualRange = new java.util.ArrayList(): null

2019-05-08 17:10:35 - [TEST_STEP][PASSED] - expectedRange = <not implemented yet for class: org.codehaus.groovy.ast.expr.EmptyExpression>: null

2019-05-08 17:10:35 - [TEST_STEP][PASSED] - if (sizeType.equalsIgnoreCase("Select")): null

2019-05-08 17:10:35 - [TEST_STEP][PASSED] - for ([i = 1, i < sizeOptions.size(), (i++)]): null

2019-05-08 17:10:35 - [TEST_STEP][PASSED] - actualRange.add(get(i).getText()): null

2019-05-08 17:10:35 - [TEST_STEP][PASSED] - actualRange.add(get(i).getText()): null

2019-05-08 17:10:35 - [TEST_STEP][PASSED] - actualRange.add(get(i).getText()): null

2019-05-08 17:10:35 - [TEST_STEP][PASSED] - actualRange.add(get(i).getText()): null

2019-05-08 17:10:35 - [TEST_STEP][PASSED] - actualRange.add(get(i).getText()): null

2019-05-08 17:10:35 - [TEST_STEP][PASSED] - if (toString().equalsIgnoreCase("XS") || toString().equalsIgnoreCase("XXS")): null

2019-05-08 17:10:35 - [TEST_STEP][PASSED] - expectedRange = UtilityMethods.getExpectedRange(sizeRange1, sizeRangeSplit): null

2019-05-08 17:10:35 - [TEST_STEP][PASSED] - println("XS"): null

2019-05-08 17:10:35 - [TEST_STEP][PASSED] - println(expectedRange.toString()): null

2019-05-08 17:10:35 - [TEST_STEP][PASSED] - assert UtilityMethods.listEquals(expectedRange, actualRange) == true: null

2019-05-08 17:10:35 - [TEST_STEP][PASSED] - delay(3): Delayed 3 second(s)

2019-05-08 17:10:38 - [MESSAGE][PASSED] - Delayed 3 second(s)

2019-05-08 17:10:38 - [MESSAGE][PASSED] - Call Test Case 'Test Cases/productVerifyShort' successfully

2019-05-08 17:10:38 - [TEST_STEP][PASSED] - click(findTestObject("Page_cabi Find Order/a_Create Order")): Object: 'Object Repository/Page_cabi Find Order/a_Create Order' is clicked on

2019-05-08 17:10:40 - [MESSAGE][PASSED] - Object: 'Object Repository/Page_cabi Find Order/a_Create Order' is clicked on

2019-05-08 17:10:40 - [TEST_STEP][PASSED] - selectOptionByValue(findTestObject("Page_cabi Create Order/select_order_type"), "RETAIL", true): All options with value 'RETAIL' are selected in object 'Object Repository/Page_cabi Create Order/select_order_type'  using regular expression

2019-05-08 17:10:40 - [MESSAGE][PASSED] - All options with value 'RETAIL' are selected in object 'Object Repository/Page_cabi Create Order/select_order_type'  using regular expression

2019-05-08 17:10:40 - [TEST_STEP][PASSED] - click(findTestObject("Page_cabi Create Order/input_select_order_type")): Object: 'Object Repository/Page_cabi Create Order/input_select_order_type' is clicked on

2019-05-08 17:10:42 - [MESSAGE][PASSED] - Object: 'Object Repository/Page_cabi Create Order/input_select_order_type' is clicked on

2019-05-08 17:10:42 - [TEST_STEP][PASSED] - callTestCase(findTestCase("productVerifyShort"), ["available":CCRetail], STOP_ON_FAILURE): Call Test Case 'Test Cases/productVerifyShort' successfully

2019-05-08 17:10:42 - [TEST_CASE][PASSED] - Test Cases/productVerifyShort: Test Cases/productVerifyShort

2019-05-08 17:10:42 - [TEST_STEP][PASSED] - for ([row = 1, row <= findTestData("productData").getRowNumbers(), (row++)]): Delayed 3 second(s)

2019-05-08 17:10:43 - [TEST_STEP][PASSED] - setText(findTestObject("Object Repository/Page_cabi Create Order/input_Manual Discount_stylelookup_0"), findTestData("productData").getValue("Style", row)): Text '5618' is set on object 'Object Repository/Page_cabi Create Order/input_Manual Discount_stylelookup_0'

2019-05-08 17:10:43 - [MESSAGE][PASSED] - Text '5618' is set on object 'Object Repository/Page_cabi Create Order/input_Manual Discount_stylelookup_0'

2019-05-08 17:10:43 - [TEST_STEP][PASSED] - delay(2): Delayed 2 second(s)

2019-05-08 17:10:45 - [MESSAGE][PASSED] - Delayed 2 second(s)

2019-05-08 17:10:45 - [TEST_STEP][PASSED] - prod_message = getText(findTestObject("Page_cabi Create Order/first_option")): Text of object 'Object Repository/Page_cabi Create Order/first_option' is: '5618 Breeze Dress'

2019-05-08 17:10:45 - [MESSAGE][PASSED] - Text of object 'Object Repository/Page_cabi Create Order/first_option' is: '5618 Breeze Dress'

2019-05-08 17:10:45 - [TEST_STEP][PASSED] - delay(1): Delayed 1 second(s)

2019-05-08 17:10:46 - [MESSAGE][PASSED] - Delayed 1 second(s)

2019-05-08 17:10:46 - [TEST_STEP][PASSED] - click(findTestObject("Page_cabi Create Order/first_option")): Object: 'Object Repository/Page_cabi Create Order/first_option' is clicked on

2019-05-08 17:10:46 - [MESSAGE][PASSED] - Object: 'Object Repository/Page_cabi Create Order/first_option' is clicked on

2019-05-08 17:10:46 - [TEST_STEP][PASSED] - if (toString().equalsIgnoreCase("no")): null

2019-05-08 17:10:46 - [TEST_STEP][PASSED] - else: Delayed 3 second(s)

2019-05-08 17:10:46 - [TEST_STEP][PASSED] - delay(3): Delayed 3 second(s)

2019-05-08 17:10:49 - [MESSAGE][PASSED] - Delayed 3 second(s)

2019-05-08 17:10:49 - [TEST_STEP][PASSED] - s1 = getValue("Style", row).toString(): null

2019-05-08 17:10:49 - [TEST_STEP][PASSED] - s2 = " ": null

2019-05-08 17:10:49 - [TEST_STEP][PASSED] - s3 = getValue("Description", row).toString(): null

2019-05-08 17:10:49 - [TEST_STEP][PASSED] - expectedStyleDescription = $s1$s2$s3: null

2019-05-08 17:10:49 - [TEST_STEP][PASSED] - assert prod_message.equalsIgnoreCase(expectedStyleDescription): null

2019-05-08 17:10:49 - [TEST_STEP][PASSED] - delay(3): Delayed 3 second(s)

2019-05-08 17:10:52 - [MESSAGE][PASSED] - Delayed 3 second(s)

2019-05-08 17:10:52 - [TEST_STEP][PASSED] - colorOptions = findWebElements(findTestObject("Page_cabi Order Items/GetAttribute_Color"), 5): null

2019-05-08 17:10:52 - [TEST_STEP][PASSED] - println(colorOptions.size()): null

2019-05-08 17:10:52 - [TEST_STEP][PASSED] - expectedColour = findTestData("productData").getValue("Color", row): null

2019-05-08 17:10:52 - [TEST_STEP][PASSED] - println("expected colour is"): null

2019-05-08 17:10:52 - [TEST_STEP][PASSED] - println(expectedColour): null

2019-05-08 17:10:52 - [TEST_STEP][PASSED] - colourVerified = false: null

2019-05-08 17:10:52 - [TEST_STEP][PASSED] - for (org.openqa.selenium.WebElement op : colorOptions): null

2019-05-08 17:10:52 - [TEST_STEP][PASSED] - println(op.getText()): null

2019-05-08 17:10:52 - [TEST_STEP][PASSED] - if (expectedColour.equalsIgnoreCase(op.getText())): null

2019-05-08 17:10:52 - [TEST_STEP][PASSED] - colourVerified = true: null

2019-05-08 17:10:52 - [TEST_STEP][PASSED] - break: null

2019-05-08 17:10:52 - [TEST_STEP][PASSED] - assert colourVerified == true: null

2019-05-08 17:10:52 - [TEST_STEP][PASSED] - getPrice = getText(findTestObject("Page_cabi Create Order/retail_price")): Text of object 'Object Repository/Page_cabi Create Order/retail_price' is: '$119.00'

2019-05-08 17:10:52 - [MESSAGE][PASSED] - Text of object 'Object Repository/Page_cabi Create Order/retail_price' is: '$119.00'

2019-05-08 17:10:52 - [TEST_STEP][PASSED] - Split_Data = UtilityMethods.SplitData(getPrice): null

2019-05-08 17:10:52 - [TEST_STEP][PASSED] - verifyMatch(Split_Data, findTestData("productData").getValue("Retail", row), true): Actual text '119' and expected text '119' are matched  using regular expression

2019-05-08 17:10:52 - [MESSAGE][PASSED] - Actual text '119' and expected text '119' are matched  using regular expression

2019-05-08 17:10:52 - [TEST_STEP][PASSED] - sizeRange1 = ["XXS", "XS", "S", "M", "L", "XL"]: null

2019-05-08 17:10:52 - [TEST_STEP][PASSED] - sizeRange2 = ["00", "0", "2", "4", "6", "8", "10", "12", "14", "16"]: null

2019-05-08 17:10:52 - [TEST_STEP][PASSED] - sizeRange3 = ["Long", "Regular", "Short"]: null

2019-05-08 17:10:52 - [TEST_STEP][PASSED] - sizeRange4 = ["5", "6", "6.5", "7", "7.5", "8", "8.5", "9", "9.5", "10", "11"]: null

2019-05-08 17:10:52 - [TEST_STEP][PASSED] - sizeRangeSplit = UtilityMethods.SplitSizes(findTestData("productData").getValue("SzRange", row)): null

2019-05-08 17:10:52 - [TEST_STEP][PASSED] - sizeType = getText(findTestObject("Object Repository/Page_cabi Order Items/Size")): Text of object 'Object Repository/Page_cabi Order Items/Size' is: 'Select'

2019-05-08 17:10:52 - [MESSAGE][PASSED] - Text of object 'Object Repository/Page_cabi Order Items/Size' is: 'Select'

2019-05-08 17:10:52 - [TEST_STEP][PASSED] - sizeOptions = findWebElements(findTestObject("Object Repository/Page_cabi Order Items/Size"), 5): null

2019-05-08 17:10:52 - [TEST_STEP][PASSED] - actualRange = new java.util.ArrayList(): null

2019-05-08 17:10:52 - [TEST_STEP][PASSED] - expectedRange = <not implemented yet for class: org.codehaus.groovy.ast.expr.EmptyExpression>: null

2019-05-08 17:10:52 - [TEST_STEP][PASSED] - if (sizeType.equalsIgnoreCase("Select")): null

2019-05-08 17:10:52 - [TEST_STEP][PASSED] - for ([i = 1, i < sizeOptions.size(), (i++)]): null

2019-05-08 17:10:52 - [TEST_STEP][PASSED] - actualRange.add(get(i).getText()): null

2019-05-08 17:10:52 - [TEST_STEP][PASSED] - actualRange.add(get(i).getText()): null

2019-05-08 17:10:52 - [TEST_STEP][PASSED] - actualRange.add(get(i).getText()): null

2019-05-08 17:10:52 - [TEST_STEP][PASSED] - actualRange.add(get(i).getText()): null

2019-05-08 17:10:52 - [TEST_STEP][PASSED] - actualRange.add(get(i).getText()): null

2019-05-08 17:10:52 - [TEST_STEP][PASSED] - if (toString().equalsIgnoreCase("XS") || toString().equalsIgnoreCase("XXS")): null

2019-05-08 17:10:52 - [TEST_STEP][PASSED] - expectedRange = UtilityMethods.getExpectedRange(sizeRange1, sizeRangeSplit): null

2019-05-08 17:10:52 - [TEST_STEP][PASSED] - println("XS"): null

2019-05-08 17:10:52 - [TEST_STEP][PASSED] - println(expectedRange.toString()): null

2019-05-08 17:10:52 - [TEST_STEP][PASSED] - assert UtilityMethods.listEquals(expectedRange, actualRange) == true: null

2019-05-08 17:10:52 - [TEST_STEP][PASSED] - delay(3): Delayed 3 second(s)

2019-05-08 17:10:55 - [MESSAGE][PASSED] - Delayed 3 second(s)

2019-05-08 17:10:55 - [MESSAGE][PASSED] - Call Test Case 'Test Cases/productVerifyShort' successfully

2019-05-08 17:10:55 - [TEST_STEP][PASSED] - click(findTestObject("Page_cabi Find Order/a_Create Order")): Object: 'Object Repository/Page_cabi Find Order/a_Create Order' is clicked on

2019-05-08 17:10:57 - [MESSAGE][PASSED] - Object: 'Object Repository/Page_cabi Find Order/a_Create Order' is clicked on

2019-05-08 17:10:57 - [TEST_STEP][PASSED] - selectOptionByValue(findTestObject("Page_cabi Create Order/select_order_type"), "SHOW", true): All options with value 'SHOW' are selected in object 'Object Repository/Page_cabi Create Order/select_order_type'  using regular expression

2019-05-08 17:10:57 - [MESSAGE][PASSED] - All options with value 'SHOW' are selected in object 'Object Repository/Page_cabi Create Order/select_order_type'  using regular expression

2019-05-08 17:10:57 - [TEST_STEP][PASSED] - click(findTestObject("Page_cabi Create Order/input_select_order_type")): Object: 'Object Repository/Page_cabi Create Order/input_select_order_type' is clicked on

2019-05-08 17:11:01 - [MESSAGE][PASSED] - Object: 'Object Repository/Page_cabi Create Order/input_select_order_type' is clicked on

2019-05-08 17:11:01 - [TEST_STEP][PASSED] - callTestCase(findTestCase("productVerifyShort"), ["available":CCShow], STOP_ON_FAILURE): Call Test Case 'Test Cases/productVerifyShort' successfully

2019-05-08 17:11:01 - [TEST_CASE][PASSED] - Test Cases/productVerifyShort: Test Cases/productVerifyShort

2019-05-08 17:11:01 - [TEST_STEP][PASSED] - for ([row = 1, row <= findTestData("productData").getRowNumbers(), (row++)]): Delayed 3 second(s)

2019-05-08 17:11:01 - [TEST_STEP][PASSED] - setText(findTestObject("Object Repository/Page_cabi Create Order/input_Manual Discount_stylelookup_0"), findTestData("productData").getValue("Style", row)): Text '5618' is set on object 'Object Repository/Page_cabi Create Order/input_Manual Discount_stylelookup_0'

2019-05-08 17:11:01 - [MESSAGE][PASSED] - Text '5618' is set on object 'Object Repository/Page_cabi Create Order/input_Manual Discount_stylelookup_0'

2019-05-08 17:11:01 - [TEST_STEP][PASSED] - delay(2): Delayed 2 second(s)

2019-05-08 17:11:03 - [MESSAGE][PASSED] - Delayed 2 second(s)

2019-05-08 17:11:03 - [TEST_STEP][PASSED] - prod_message = getText(findTestObject("Page_cabi Create Order/first_option")): Text of object 'Object Repository/Page_cabi Create Order/first_option' is: '5618 Breeze Dress'

2019-05-08 17:11:03 - [MESSAGE][PASSED] - Text of object 'Object Repository/Page_cabi Create Order/first_option' is: '5618 Breeze Dress'

2019-05-08 17:11:03 - [TEST_STEP][PASSED] - delay(1): Delayed 1 second(s)

2019-05-08 17:11:04 - [MESSAGE][PASSED] - Delayed 1 second(s)

2019-05-08 17:11:04 - [TEST_STEP][PASSED] - click(findTestObject("Page_cabi Create Order/first_option")): Object: 'Object Repository/Page_cabi Create Order/first_option' is clicked on

2019-05-08 17:11:04 - [MESSAGE][PASSED] - Object: 'Object Repository/Page_cabi Create Order/first_option' is clicked on

2019-05-08 17:11:04 - [TEST_STEP][PASSED] - if (toString().equalsIgnoreCase("no")): null

2019-05-08 17:11:04 - [TEST_STEP][PASSED] - else: Delayed 3 second(s)

2019-05-08 17:11:04 - [TEST_STEP][PASSED] - delay(3): Delayed 3 second(s)

2019-05-08 17:11:07 - [MESSAGE][PASSED] - Delayed 3 second(s)

2019-05-08 17:11:07 - [TEST_STEP][PASSED] - s1 = getValue("Style", row).toString(): null

2019-05-08 17:11:07 - [TEST_STEP][PASSED] - s2 = " ": null

2019-05-08 17:11:07 - [TEST_STEP][PASSED] - s3 = getValue("Description", row).toString(): null

2019-05-08 17:11:07 - [TEST_STEP][PASSED] - expectedStyleDescription = $s1$s2$s3: null

2019-05-08 17:11:07 - [TEST_STEP][PASSED] - assert prod_message.equalsIgnoreCase(expectedStyleDescription): null

2019-05-08 17:11:07 - [TEST_STEP][PASSED] - delay(3): Delayed 3 second(s)

2019-05-08 17:11:10 - [MESSAGE][PASSED] - Delayed 3 second(s)

2019-05-08 17:11:10 - [TEST_STEP][PASSED] - colorOptions = findWebElements(findTestObject("Page_cabi Order Items/GetAttribute_Color"), 5): null

2019-05-08 17:11:10 - [TEST_STEP][PASSED] - println(colorOptions.size()): null

2019-05-08 17:11:10 - [TEST_STEP][PASSED] - expectedColour = findTestData("productData").getValue("Color", row): null

2019-05-08 17:11:10 - [TEST_STEP][PASSED] - println("expected colour is"): null

2019-05-08 17:11:10 - [TEST_STEP][PASSED] - println(expectedColour): null

2019-05-08 17:11:10 - [TEST_STEP][PASSED] - colourVerified = false: null

2019-05-08 17:11:10 - [TEST_STEP][PASSED] - for (org.openqa.selenium.WebElement op : colorOptions): null

2019-05-08 17:11:10 - [TEST_STEP][PASSED] - println(op.getText()): null

2019-05-08 17:11:10 - [TEST_STEP][PASSED] - if (expectedColour.equalsIgnoreCase(op.getText())): null

2019-05-08 17:11:10 - [TEST_STEP][PASSED] - colourVerified = true: null

2019-05-08 17:11:10 - [TEST_STEP][PASSED] - break: null

2019-05-08 17:11:10 - [TEST_STEP][PASSED] - assert colourVerified == true: null

2019-05-08 17:11:10 - [TEST_STEP][PASSED] - getPrice = getText(findTestObject("Page_cabi Create Order/retail_price")): Text of object 'Object Repository/Page_cabi Create Order/retail_price' is: '$119.00'

2019-05-08 17:11:10 - [MESSAGE][PASSED] - Text of object 'Object Repository/Page_cabi Create Order/retail_price' is: '$119.00'

2019-05-08 17:11:10 - [TEST_STEP][PASSED] - Split_Data = UtilityMethods.SplitData(getPrice): null

2019-05-08 17:11:10 - [TEST_STEP][PASSED] - verifyMatch(Split_Data, findTestData("productData").getValue("Retail", row), true): Actual text '119' and expected text '119' are matched  using regular expression

2019-05-08 17:11:10 - [MESSAGE][PASSED] - Actual text '119' and expected text '119' are matched  using regular expression

2019-05-08 17:11:10 - [TEST_STEP][PASSED] - sizeRange1 = ["XXS", "XS", "S", "M", "L", "XL"]: null

2019-05-08 17:11:10 - [TEST_STEP][PASSED] - sizeRange2 = ["00", "0", "2", "4", "6", "8", "10", "12", "14", "16"]: null

2019-05-08 17:11:10 - [TEST_STEP][PASSED] - sizeRange3 = ["Long", "Regular", "Short"]: null

2019-05-08 17:11:10 - [TEST_STEP][PASSED] - sizeRange4 = ["5", "6", "6.5", "7", "7.5", "8", "8.5", "9", "9.5", "10", "11"]: null

2019-05-08 17:11:10 - [TEST_STEP][PASSED] - sizeRangeSplit = UtilityMethods.SplitSizes(findTestData("productData").getValue("SzRange", row)): null

2019-05-08 17:11:10 - [TEST_STEP][PASSED] - sizeType = getText(findTestObject("Object Repository/Page_cabi Order Items/Size")): Text of object 'Object Repository/Page_cabi Order Items/Size' is: 'Select'

2019-05-08 17:11:11 - [MESSAGE][PASSED] - Text of object 'Object Repository/Page_cabi Order Items/Size' is: 'Select'

2019-05-08 17:11:11 - [TEST_STEP][PASSED] - sizeOptions = findWebElements(findTestObject("Object Repository/Page_cabi Order Items/Size"), 5): null

2019-05-08 17:11:11 - [TEST_STEP][PASSED] - actualRange = new java.util.ArrayList(): null

2019-05-08 17:11:11 - [TEST_STEP][PASSED] - expectedRange = <not implemented yet for class: org.codehaus.groovy.ast.expr.EmptyExpression>: null

2019-05-08 17:11:11 - [TEST_STEP][PASSED] - if (sizeType.equalsIgnoreCase("Select")): null

2019-05-08 17:11:11 - [TEST_STEP][PASSED] - for ([i = 1, i < sizeOptions.size(), (i++)]): null

2019-05-08 17:11:11 - [TEST_STEP][PASSED] - actualRange.add(get(i).getText()): null

2019-05-08 17:11:11 - [TEST_STEP][PASSED] - actualRange.add(get(i).getText()): null

2019-05-08 17:11:11 - [TEST_STEP][PASSED] - actualRange.add(get(i).getText()): null

2019-05-08 17:11:11 - [TEST_STEP][PASSED] - actualRange.add(get(i).getText()): null

2019-05-08 17:11:11 - [TEST_STEP][PASSED] - actualRange.add(get(i).getText()): null

2019-05-08 17:11:11 - [TEST_STEP][PASSED] - if (toString().equalsIgnoreCase("XS") || toString().equalsIgnoreCase("XXS")): null

2019-05-08 17:11:11 - [TEST_STEP][PASSED] - expectedRange = UtilityMethods.getExpectedRange(sizeRange1, sizeRangeSplit): null

2019-05-08 17:11:11 - [TEST_STEP][PASSED] - println("XS"): null

2019-05-08 17:11:11 - [TEST_STEP][PASSED] - println(expectedRange.toString()): null

2019-05-08 17:11:11 - [TEST_STEP][PASSED] - assert UtilityMethods.listEquals(expectedRange, actualRange) == true: null

2019-05-08 17:11:11 - [TEST_STEP][PASSED] - delay(3): Delayed 3 second(s)

2019-05-08 17:11:14 - [MESSAGE][PASSED] - Delayed 3 second(s)

2019-05-08 17:11:14 - [MESSAGE][PASSED] - Call Test Case 'Test Cases/productVerifyShort' successfully

2019-05-08 17:11:14 - [TEST_STEP][PASSED] - callTestCase(findTestCase("populateTimeGlobalVars"), ["row":timeRow], STOP_ON_FAILURE): Call Test Case 'Test Cases/populateTimeGlobalVars' successfully

2019-05-08 17:11:14 - [TEST_CASE][PASSED] - Test Cases/populateTimeGlobalVars: Test Cases/populateTimeGlobalVars

2019-05-08 17:11:14 - [TEST_STEP][PASSED] - dataFile = "timezoneData": null

2019-05-08 17:11:14 - [TEST_STEP][PASSED] - serverTarget = UtilityMethods.getTestData(dataFile, "serverTarget", row): null

2019-05-08 17:11:14 - [TEST_STEP][PASSED] - orderType = UtilityMethods.getTestData(dataFile, "orderType", row): null

2019-05-08 17:11:14 - [TEST_STEP][PASSED] - timeZone = UtilityMethods.getTestData(dataFile, "timeZone", row): null

2019-05-08 17:11:14 - [TEST_STEP][PASSED] - BOPersonal = UtilityMethods.getTestData(dataFile, "BOPersonal", row): null

2019-05-08 17:11:14 - [TEST_STEP][PASSED] - BOAddon = UtilityMethods.getTestData(dataFile, "BOAddon", row): null

2019-05-08 17:11:14 - [TEST_STEP][PASSED] - BORetail = UtilityMethods.getTestData(dataFile, "BORetail", row): null

2019-05-08 17:11:14 - [TEST_STEP][PASSED] - BOShow = UtilityMethods.getTestData(dataFile, "BOShow", row): null

2019-05-08 17:11:14 - [TEST_STEP][PASSED] - BOOnlineoutlet = UtilityMethods.getTestData(dataFile, "BOOnlineoutlet", row): null

2019-05-08 17:11:14 - [TEST_STEP][PASSED] - BOEmployee = UtilityMethods.getTestData(dataFile, "BOEmployee", row): null

2019-05-08 17:11:14 - [TEST_STEP][PASSED] - CCPersonal = UtilityMethods.getTestData(dataFile, "CCPersonal", row): null

2019-05-08 17:11:14 - [TEST_STEP][PASSED] - CCRetail = UtilityMethods.getTestData(dataFile, "CCRetail", row): null

2019-05-08 17:11:14 - [TEST_STEP][PASSED] - CCShow = UtilityMethods.getTestData(dataFile, "CCShow", row): null

2019-05-08 17:11:14 - [MESSAGE][PASSED] - Call Test Case 'Test Cases/populateTimeGlobalVars' successfully

2019-05-08 17:11:14 - [TEST_STEP][PASSED] - callTestCase(findTestCase("newArrivalsSetTimezone"), ["ofbizURL":ofbizURL, "ofbizuser":ofbizuser, "ofbizpass":ofbizpass, "orderType":orderType, "timeZone":timeZone, "serverTarget":serverTarget], STOP_ON_FAILURE): Call Test Case 'Test Cases/newArrivalsSetTimezone' successfully

2019-05-08 17:11:14 - [TEST_CASE][PASSED] - Test Cases/newArrivalsSetTimezone: Test Cases/newArrivalsSetTimezone

2019-05-08 17:11:14 - [TEST_STEP][NOT_RUN] - openBrowser(""): NOT_RUN: openBrowser("")

2019-05-08 17:11:14 - [MESSAGE][NOT_RUN] - NOT_RUN: openBrowser("")

2019-05-08 17:11:14 - [TEST_STEP][NOT_RUN] - maximizeWindow(): NOT_RUN: maximizeWindow()

2019-05-08 17:11:14 - [MESSAGE][NOT_RUN] - NOT_RUN: maximizeWindow()

2019-05-08 17:11:14 - [TEST_STEP][PASSED] - navigateToUrl(ofbizURL): Navigate to 'https://pushofbiz.cliotest.com/login.php' successfully

2019-05-08 17:11:16 - [MESSAGE][PASSED] - Navigate to 'https://pushofbiz.cliotest.com/login.php' successfully

2019-05-08 17:11:16 - [TEST_STEP][PASSED] - setText(findTestObject("Page_/input_Username_username"), ofbizuser): Text 'sshinde' is set on object 'Object Repository/Page_/input_Username_username'

2019-05-08 17:11:16 - [MESSAGE][PASSED] - Text 'sshinde' is set on object 'Object Repository/Page_/input_Username_username'

2019-05-08 17:11:16 - [TEST_STEP][PASSED] - setText(findTestObject("Page_/input_Password_password"), ofbizpass): Text 'C@bi$ush5' is set on object 'Object Repository/Page_/input_Password_password'

2019-05-08 17:11:16 - [MESSAGE][PASSED] - Text 'C@bi$ush5' is set on object 'Object Repository/Page_/input_Password_password'

2019-05-08 17:11:16 - [TEST_STEP][PASSED] - click(findTestObject("Page_/input_Password_Submit")): Object: 'Object Repository/Page_/input_Password_Submit' is clicked on

2019-05-08 17:11:19 - [MESSAGE][PASSED] - Object: 'Object Repository/Page_/input_Password_Submit' is clicked on

2019-05-08 17:11:19 - [TEST_STEP][PASSED] - click(findTestObject("Object Repository/Page_/a_Clock set")): Object: 'Object Repository/Page_/a_Clock set' is clicked on

2019-05-08 17:11:19 - [MESSAGE][PASSED] - Object: 'Object Repository/Page_/a_Clock set' is clicked on

2019-05-08 17:11:19 - [TEST_STEP][PASSED] - selectOptionByLabel(findTestObject("Object Repository/Page_/serverTarget"), serverTarget, true): All options with label 'test14' are selected in object 'Object Repository/Page_/serverTarget'  using regular expression

2019-05-08 17:11:21 - [MESSAGE][PASSED] - All options with label 'test14' are selected in object 'Object Repository/Page_/serverTarget'  using regular expression

2019-05-08 17:11:21 - [TEST_STEP][PASSED] - click(findTestObject("Page_/thisDateAndTime")): Object: 'Object Repository/Page_/thisDateAndTime' is clicked on

2019-05-08 17:11:21 - [MESSAGE][PASSED] - Object: 'Object Repository/Page_/thisDateAndTime' is clicked on

2019-05-08 17:11:21 - [TEST_STEP][PASSED] - setText(findTestObject("Object Repository/Page_/setTargetTime"), timeZone): Text ' 05/03/2019 12:00' is set on object 'Object Repository/Page_/setTargetTime'

2019-05-08 17:11:21 - [MESSAGE][PASSED] - Text ' 05/03/2019 12:00' is set on object 'Object Repository/Page_/setTargetTime'

2019-05-08 17:11:21 - [TEST_STEP][PASSED] - click(findTestObject("Object Repository/Page_/input")): Object: 'Object Repository/Page_/input' is clicked on

2019-05-08 17:11:21 - [MESSAGE][PASSED] - Object: 'Object Repository/Page_/input' is clicked on

2019-05-08 17:11:21 - [TEST_STEP][PASSED] - delay(10): Delayed 10 second(s)

2019-05-08 17:11:31 - [MESSAGE][PASSED] - Delayed 10 second(s)

2019-05-08 17:11:31 - [TEST_STEP][PASSED] - closeBrowser(): Browser is closed

2019-05-08 17:11:32 - [MESSAGE][PASSED] - Browser is closed

2019-05-08 17:11:32 - [MESSAGE][PASSED] - Call Test Case 'Test Cases/newArrivalsSetTimezone' successfully

2019-05-08 17:11:32 - [TEST_STEP][PASSED] - openBrowser(""): Browser is opened with url: ''

2019-05-08 17:11:32 - [MESSAGE][INFO] - Starting 'Chrome' driver

2019-05-08 17:11:34 - [MESSAGE][PASSED] - Browser is opened with url: ''

2019-05-08 17:11:34 - [TEST_STEP][PASSED] - callTestCase(findTestCase("backOfficeLogin"), ["BOURL":"", "BOuser":"", "BOpass":""], STOP_ON_FAILURE): Call Test Case 'Test Cases/backOfficeLogin' successfully

2019-05-08 17:11:34 - [TEST_CASE][PASSED] - Test Cases/backOfficeLogin: Test Cases/backOfficeLogin

2019-05-08 17:11:34 - [TEST_STEP][PASSED] - BOURL = findTestData("credData").getValue("BOURL", 1): null

2019-05-08 17:11:34 - [TEST_STEP][PASSED] - BOuser = findTestData("credData").getValue("BOuser", 1): null

2019-05-08 17:11:35 - [TEST_STEP][PASSED] - BOpass = findTestData("credData").getValue("BOpass", 1): null

2019-05-08 17:11:35 - [TEST_STEP][PASSED] - navigateToUrl(BOURL): Navigate to 'https://test14.cliotest.com/backoffice/control/main' successfully

2019-05-08 17:11:44 - [MESSAGE][PASSED] - Navigate to 'https://test14.cliotest.com/backoffice/control/main' successfully

2019-05-08 17:11:44 - [TEST_STEP][PASSED] - maximizeWindow(): Current window maximized

2019-05-08 17:11:46 - [MESSAGE][PASSED] - Current window maximized

2019-05-08 17:11:46 - [TEST_STEP][PASSED] - logOut = findWebElements(findTestObject("Object Repository/Page_cabi Home/log_out"), 5): Unable to find the element located by 'By.xpath: //a[contains(text(),'Log Out')]'. Please recheck the objects properties to make sure the desired element is located. 

2019-05-08 17:11:51 - [MESSAGE][INFO] - Unable to find the element located by 'By.xpath: //a[contains(text(),'Log Out')]'. Please recheck the objects properties to make sure the desired element is located. 

2019-05-08 17:11:51 - [TEST_STEP][PASSED] - if (logOut.size() == 0): Object: 'Object Repository/Page_cabi/input_Welcome to_consultantLogin' is clicked on

2019-05-08 17:11:51 - [TEST_STEP][PASSED] - setText(findTestObject("Page_cabi/input_Welcome to_USERNAME"), BOuser): Text '400000002' is set on object 'Object Repository/Page_cabi/input_Welcome to_USERNAME'

2019-05-08 17:11:51 - [MESSAGE][PASSED] - Text '400000002' is set on object 'Object Repository/Page_cabi/input_Welcome to_USERNAME'

2019-05-08 17:11:51 - [TEST_STEP][PASSED] - setText(findTestObject("Object Repository/Page_cabi/input_Welcome to_PASSWORD"), BOpass): Text 'blackdress19' is set on object 'Object Repository/Page_cabi/input_Welcome to_PASSWORD'

2019-05-08 17:11:51 - [MESSAGE][PASSED] - Text 'blackdress19' is set on object 'Object Repository/Page_cabi/input_Welcome to_PASSWORD'

2019-05-08 17:11:51 - [TEST_STEP][PASSED] - delay(3): Delayed 3 second(s)

2019-05-08 17:11:54 - [MESSAGE][PASSED] - Delayed 3 second(s)

2019-05-08 17:11:54 - [TEST_STEP][PASSED] - click(findTestObject("Object Repository/Page_cabi/input_Welcome to_consultantLogin")): Object: 'Object Repository/Page_cabi/input_Welcome to_consultantLogin' is clicked on

2019-05-08 17:12:07 - [MESSAGE][PASSED] - Object: 'Object Repository/Page_cabi/input_Welcome to_consultantLogin' is clicked on

2019-05-08 17:12:07 - [TEST_STEP][PASSED] - delay(3): Delayed 3 second(s)

2019-05-08 17:12:10 - [MESSAGE][PASSED] - Delayed 3 second(s)

2019-05-08 17:12:10 - [MESSAGE][PASSED] - Call Test Case 'Test Cases/backOfficeLogin' successfully

2019-05-08 17:12:10 - [TEST_STEP][PASSED] - click(findTestObject("Object Repository/Page_cabi Home/a_Shows  Orders")): Object: 'Object Repository/Page_cabi Home/a_Shows  Orders' is clicked on

2019-05-08 17:12:10 - [MESSAGE][PASSED] - Object: 'Object Repository/Page_cabi Home/a_Shows  Orders' is clicked on

2019-05-08 17:12:10 - [TEST_STEP][PASSED] - delay(3): Delayed 3 second(s)

2019-05-08 17:12:13 - [MESSAGE][PASSED] - Delayed 3 second(s)

2019-05-08 17:12:13 - [TEST_STEP][PASSED] - click(findTestObject("Page_cabi Home/a_personal_purchases")): Object: 'Object Repository/Page_cabi Home/a_personal_purchases' is clicked on

2019-05-08 17:12:16 - [MESSAGE][PASSED] - Object: 'Object Repository/Page_cabi Home/a_personal_purchases' is clicked on

2019-05-08 17:12:16 - [TEST_STEP][PASSED] - click(findTestObject("Object Repository/Page_cabi Personal Store/span_Continue to Order")): Object: 'Object Repository/Page_cabi Personal Store/span_Continue to Order' is clicked on

2019-05-08 17:12:16 - [MESSAGE][PASSED] - Object: 'Object Repository/Page_cabi Personal Store/span_Continue to Order' is clicked on

2019-05-08 17:12:16 - [TEST_STEP][PASSED] - callTestCase(findTestCase("productVerify"), ["available":BOPersonal, "storeType":"BOPersonal"], STOP_ON_FAILURE): Call Test Case 'Test Cases/productVerify' successfully

2019-05-08 17:12:16 - [TEST_CASE][PASSED] - Test Cases/productVerify: Test Cases/productVerify

2019-05-08 17:12:16 - [TEST_STEP][PASSED] - for ([row = 1, row <= findTestData("productData").getRowNumbers(), (row++)]): null

2019-05-08 17:12:16 - [TEST_STEP][PASSED] - setText(findTestObject("Object Repository/Page_cabi Order Items/input_New Arrivals - Blooming Blush_style"), findTestData("productData").getValue("Style", row)): Text '5618' is set on object 'Object Repository/Page_cabi Order Items/input_New Arrivals - Blooming Blush_style'

2019-05-08 17:12:17 - [MESSAGE][PASSED] - Text '5618' is set on object 'Object Repository/Page_cabi Order Items/input_New Arrivals - Blooming Blush_style'

2019-05-08 17:12:17 - [TEST_STEP][PASSED] - sendKeys(findTestObject("Object Repository/Page_cabi Order Items/input_New Arrivals - Blooming Blush_style"), Keys.chord(ENTER)): Keys 'ENTER + ' sent to object: 'Object Repository/Page_cabi Order Items/input_New Arrivals - Blooming Blush_style'

2019-05-08 17:12:17 - [MESSAGE][PASSED] - Keys 'ENTER + ' sent to object: 'Object Repository/Page_cabi Order Items/input_New Arrivals - Blooming Blush_style'

2019-05-08 17:12:17 - [TEST_STEP][PASSED] - delay(5): Delayed 5 second(s)

2019-05-08 17:12:22 - [MESSAGE][PASSED] - Delayed 5 second(s)

2019-05-08 17:12:22 - [TEST_STEP][PASSED] - if (toString().equalsIgnoreCase("no")): null

2019-05-08 17:12:22 - [TEST_STEP][PASSED] - else: null

2019-05-08 17:12:22 - [TEST_STEP][PASSED] - click(findTestObject("Page_cabi Order Items/li_order_item")): Object: 'Object Repository/Page_cabi Order Items/li_order_item' is clicked on

2019-05-08 17:12:22 - [MESSAGE][PASSED] - Object: 'Object Repository/Page_cabi Order Items/li_order_item' is clicked on

2019-05-08 17:12:22 - [TEST_STEP][PASSED] - delay(5): Delayed 5 second(s)

2019-05-08 17:12:27 - [MESSAGE][PASSED] - Delayed 5 second(s)

2019-05-08 17:12:27 - [TEST_STEP][PASSED] - imgString1 = getValue("Style", row).toString(): null

2019-05-08 17:12:27 - [TEST_STEP][PASSED] - imagePath = UtilityMethods.createScreenshotImagePath(storeType, imgString1): null

2019-05-08 17:12:27 - [TEST_STEP][PASSED] - println(imagePath): null

2019-05-08 17:12:27 - [TEST_STEP][PASSED] - takeScreenshot(imagePath): Taking screenshot successfully

2019-05-08 17:12:27 - [MESSAGE][PASSED] - Taking screenshot successfully
[[ATTACHMENT|C:\\Users\\user\\Documents\\testautomation\\NewArrivals\\productImages\\BOPersonal_5618 image.png]]

2019-05-08 17:12:27 - [TEST_STEP][PASSED] - verifyElementText(findTestObject("Page_cabi Order Items/GetAttribute_getID"), findTestData("productData").getValue("Style", row)): Actual text and expected text of test object 'Object Repository/Page_cabi Order Items/GetAttribute_getID' are matched.

2019-05-08 17:12:27 - [MESSAGE][PASSED] - Actual text and expected text of test object 'Object Repository/Page_cabi Order Items/GetAttribute_getID' are matched.

2019-05-08 17:12:27 - [TEST_STEP][PASSED] - colorOptions = findWebElements(findTestObject("Page_cabi Order Items/GetAttribute_Color"), 5): null

2019-05-08 17:12:27 - [TEST_STEP][PASSED] - println(colorOptions.size()): null

2019-05-08 17:12:27 - [TEST_STEP][PASSED] - expectedColour = findTestData("productData").getValue("Color", row): null

2019-05-08 17:12:27 - [TEST_STEP][PASSED] - println("expected colour is"): null

2019-05-08 17:12:27 - [TEST_STEP][PASSED] - println(expectedColour): null

2019-05-08 17:12:27 - [TEST_STEP][PASSED] - colourVerified = false: null

2019-05-08 17:12:27 - [TEST_STEP][PASSED] - for (org.openqa.selenium.WebElement op : colorOptions): null

2019-05-08 17:12:27 - [TEST_STEP][PASSED] - println(op.getText()): null

2019-05-08 17:12:27 - [TEST_STEP][PASSED] - if (expectedColour.equalsIgnoreCase(op.getText())): null

2019-05-08 17:12:27 - [TEST_STEP][PASSED] - colourVerified = true: null

2019-05-08 17:12:27 - [TEST_STEP][PASSED] - break: null

2019-05-08 17:12:27 - [TEST_STEP][PASSED] - assert colourVerified == true: null

2019-05-08 17:12:27 - [TEST_STEP][PASSED] - getPrice = getText(findTestObject("Page_cabi Order Items/GetAttribute_Price")): Text of object 'Object Repository/Page_cabi Order Items/GetAttribute_Price' is: 'Price : $119.00'

2019-05-08 17:12:27 - [MESSAGE][PASSED] - Text of object 'Object Repository/Page_cabi Order Items/GetAttribute_Price' is: 'Price : $119.00'

2019-05-08 17:12:27 - [TEST_STEP][PASSED] - Split_Data = UtilityMethods.SplitData(getPrice): null

2019-05-08 17:12:27 - [TEST_STEP][PASSED] - verifyMatch(Split_Data, findTestData("productData").getValue("Retail", row), true): Actual text '119' and expected text '119' are matched  using regular expression

2019-05-08 17:12:27 - [MESSAGE][PASSED] - Actual text '119' and expected text '119' are matched  using regular expression

2019-05-08 17:12:27 - [TEST_STEP][PASSED] - sizeRange1 = ["XXS", "XS", "S", "M", "L", "XL"]: null

2019-05-08 17:12:27 - [TEST_STEP][PASSED] - sizeRange2 = ["00", "0", "2", "4", "6", "8", "10", "12", "14", "16"]: null

2019-05-08 17:12:27 - [TEST_STEP][PASSED] - sizeRange3 = ["Long", "Regular", "Short"]: null

2019-05-08 17:12:27 - [TEST_STEP][PASSED] - sizeRange4 = ["5", "6", "6.5", "7", "7.5", "8", "8.5", "9", "9.5", "10", "11"]: null

2019-05-08 17:12:27 - [TEST_STEP][PASSED] - sizeRangeSplit = UtilityMethods.SplitSizes(findTestData("productData").getValue("SzRange", row)): null

2019-05-08 17:12:27 - [TEST_STEP][PASSED] - sizeType = getText(findTestObject("Object Repository/Page_cabi Order Items/Size")): Text of object 'Object Repository/Page_cabi Order Items/Size' is: 'Select'

2019-05-08 17:12:27 - [MESSAGE][PASSED] - Text of object 'Object Repository/Page_cabi Order Items/Size' is: 'Select'

2019-05-08 17:12:28 - [TEST_STEP][PASSED] - sizeOptions = findWebElements(findTestObject("Object Repository/Page_cabi Order Items/Size"), 5): null

2019-05-08 17:12:28 - [TEST_STEP][PASSED] - actualRange = new java.util.ArrayList(): null

2019-05-08 17:12:28 - [TEST_STEP][PASSED] - expectedRange = <not implemented yet for class: org.codehaus.groovy.ast.expr.EmptyExpression>: null

2019-05-08 17:12:28 - [TEST_STEP][PASSED] - if (sizeType.equalsIgnoreCase("Select")): null

2019-05-08 17:12:28 - [TEST_STEP][PASSED] - for ([i = 1, i < sizeOptions.size(), (i++)]): null

2019-05-08 17:12:28 - [TEST_STEP][PASSED] - actualRange.add(getAttribute("value").toString()): null

2019-05-08 17:12:28 - [TEST_STEP][PASSED] - actualRange.add(getAttribute("value").toString()): null

2019-05-08 17:12:28 - [TEST_STEP][PASSED] - actualRange.add(getAttribute("value").toString()): null

2019-05-08 17:12:28 - [TEST_STEP][PASSED] - actualRange.add(getAttribute("value").toString()): null

2019-05-08 17:12:28 - [TEST_STEP][PASSED] - actualRange.add(getAttribute("value").toString()): null

2019-05-08 17:12:28 - [TEST_STEP][PASSED] - if (toString().equalsIgnoreCase("XS") || toString().equalsIgnoreCase("XXS")): null

2019-05-08 17:12:28 - [TEST_STEP][PASSED] - expectedRange = UtilityMethods.getExpectedRange(sizeRange1, sizeRangeSplit): null

2019-05-08 17:12:28 - [TEST_STEP][PASSED] - println("XS"): null

2019-05-08 17:12:28 - [TEST_STEP][PASSED] - println(expectedRange.toString()): null

2019-05-08 17:12:28 - [TEST_STEP][PASSED] - assert UtilityMethods.listEquals(expectedRange, actualRange) == true: null

2019-05-08 17:12:28 - [TEST_STEP][PASSED] - delay(2): Delayed 2 second(s)

2019-05-08 17:12:30 - [MESSAGE][PASSED] - Delayed 2 second(s)

2019-05-08 17:12:30 - [TEST_STEP][PASSED] - verifyElementText(findTestObject("Page_cabi Order Items/product_title"), findTestData("productData").getValue("Description", row)): Actual text and expected text of test object 'Object Repository/Page_cabi Order Items/product_title' are matched.

2019-05-08 17:12:30 - [MESSAGE][PASSED] - Actual text and expected text of test object 'Object Repository/Page_cabi Order Items/product_title' are matched.

2019-05-08 17:12:30 - [TEST_STEP][PASSED] - verifyElementText(findTestObject("Page_cabi Order Items/product_fabric"), findTestData("productData").getValue("FinalContent", row)): Actual text and expected text of test object 'Object Repository/Page_cabi Order Items/product_fabric' are matched.

2019-05-08 17:12:30 - [MESSAGE][PASSED] - Actual text and expected text of test object 'Object Repository/Page_cabi Order Items/product_fabric' are matched.

2019-05-08 17:12:30 - [TEST_STEP][PASSED] - actualCasreIntrn = "<div>" + getText(findTestObject("Page_cabi Order Items/care_instruction")) + "</div>": Text of object 'Object Repository/Page_cabi Order Items/care_instruction' is: 'Turn garment inside out and place in a mesh bag. Machine wash separately in cold water on the delicate cycle. Only non-chlorine bleach if needed. Do not twist or wring. Lay flat to dry. Warm iron if needed. Can be dry cleaned.'

2019-05-08 17:12:30 - [MESSAGE][PASSED] - Text of object 'Object Repository/Page_cabi Order Items/care_instruction' is: 'Turn garment inside out and place in a mesh bag. Machine wash separately in cold water on the delicate cycle. Only non-chlorine bleach if needed. Do not twist or wring. Lay flat to dry. Warm iron if needed. Can be dry cleaned.'

2019-05-08 17:12:30 - [TEST_STEP][PASSED] - assert actualCasreIntrn.equals(findTestData("productData").getValue("CareInstr", row)): null

2019-05-08 17:12:30 - [MESSAGE][PASSED] - Call Test Case 'Test Cases/productVerify' successfully

2019-05-08 17:12:30 - [TEST_STEP][PASSED] - click(findTestObject("Object Repository/Page_cabi Home/a_Shows  Orders")): Object: 'Object Repository/Page_cabi Home/a_Shows  Orders' is clicked on

2019-05-08 17:12:30 - [MESSAGE][PASSED] - Object: 'Object Repository/Page_cabi Home/a_Shows  Orders' is clicked on

2019-05-08 17:12:30 - [TEST_STEP][PASSED] - delay(3): Delayed 3 second(s)

2019-05-08 17:12:33 - [MESSAGE][PASSED] - Delayed 3 second(s)

2019-05-08 17:12:33 - [TEST_STEP][PASSED] - rightClick(findTestObject("Page_cabi Home/a_Shows  Orders")): Object: 'Object Repository/Page_cabi Home/a_Shows  Orders' is right clicked on

2019-05-08 17:12:33 - [MESSAGE][PASSED] - Object: 'Object Repository/Page_cabi Home/a_Shows  Orders' is right clicked on

2019-05-08 17:12:33 - [TEST_STEP][PASSED] - click(findTestObject("Page_cabi Home/a_retail_purchases")): Object: 'Object Repository/Page_cabi Home/a_retail_purchases' is clicked on

2019-05-08 17:12:39 - [MESSAGE][PASSED] - Object: 'Object Repository/Page_cabi Home/a_retail_purchases' is clicked on

2019-05-08 17:12:39 - [TEST_STEP][PASSED] - click(findTestObject("Object Repository/Page_cabi Retail Store/span_Continue to Order")): Object: 'Object Repository/Page_cabi Retail Store/span_Continue to Order' is clicked on

2019-05-08 17:12:40 - [MESSAGE][PASSED] - Object: 'Object Repository/Page_cabi Retail Store/span_Continue to Order' is clicked on

2019-05-08 17:12:40 - [TEST_STEP][PASSED] - callTestCase(findTestCase("productVerify"), ["available":BORetail, "storeType":"BORetail"], STOP_ON_FAILURE): Call Test Case 'Test Cases/productVerify' successfully

2019-05-08 17:12:40 - [TEST_CASE][PASSED] - Test Cases/productVerify: Test Cases/productVerify

2019-05-08 17:12:40 - [TEST_STEP][PASSED] - for ([row = 1, row <= findTestData("productData").getRowNumbers(), (row++)]): null

2019-05-08 17:12:40 - [TEST_STEP][PASSED] - setText(findTestObject("Object Repository/Page_cabi Order Items/input_New Arrivals - Blooming Blush_style"), findTestData("productData").getValue("Style", row)): Text '5618' is set on object 'Object Repository/Page_cabi Order Items/input_New Arrivals - Blooming Blush_style'

2019-05-08 17:12:42 - [MESSAGE][PASSED] - Text '5618' is set on object 'Object Repository/Page_cabi Order Items/input_New Arrivals - Blooming Blush_style'

2019-05-08 17:12:42 - [TEST_STEP][PASSED] - sendKeys(findTestObject("Object Repository/Page_cabi Order Items/input_New Arrivals - Blooming Blush_style"), Keys.chord(ENTER)): Keys 'ENTER + ' sent to object: 'Object Repository/Page_cabi Order Items/input_New Arrivals - Blooming Blush_style'

2019-05-08 17:12:42 - [MESSAGE][PASSED] - Keys 'ENTER + ' sent to object: 'Object Repository/Page_cabi Order Items/input_New Arrivals - Blooming Blush_style'

2019-05-08 17:12:42 - [TEST_STEP][PASSED] - delay(5): Delayed 5 second(s)

2019-05-08 17:12:47 - [MESSAGE][PASSED] - Delayed 5 second(s)

2019-05-08 17:12:47 - [TEST_STEP][PASSED] - if (toString().equalsIgnoreCase("no")): null

2019-05-08 17:12:47 - [TEST_STEP][PASSED] - else: null

2019-05-08 17:12:47 - [TEST_STEP][PASSED] - click(findTestObject("Page_cabi Order Items/li_order_item")): Object: 'Object Repository/Page_cabi Order Items/li_order_item' is clicked on

2019-05-08 17:12:47 - [MESSAGE][PASSED] - Object: 'Object Repository/Page_cabi Order Items/li_order_item' is clicked on

2019-05-08 17:12:47 - [TEST_STEP][PASSED] - delay(5): Delayed 5 second(s)

2019-05-08 17:12:52 - [MESSAGE][PASSED] - Delayed 5 second(s)

2019-05-08 17:12:52 - [TEST_STEP][PASSED] - imgString1 = getValue("Style", row).toString(): null

2019-05-08 17:12:52 - [TEST_STEP][PASSED] - imagePath = UtilityMethods.createScreenshotImagePath(storeType, imgString1): null

2019-05-08 17:12:52 - [TEST_STEP][PASSED] - println(imagePath): null

2019-05-08 17:12:52 - [TEST_STEP][PASSED] - takeScreenshot(imagePath): Taking screenshot successfully

2019-05-08 17:12:52 - [MESSAGE][PASSED] - Taking screenshot successfully
[[ATTACHMENT|C:\\Users\\user\\Documents\\testautomation\\NewArrivals\\productImages\\BORetail_5618 image.png]]

2019-05-08 17:12:52 - [TEST_STEP][PASSED] - verifyElementText(findTestObject("Page_cabi Order Items/GetAttribute_getID"), findTestData("productData").getValue("Style", row)): Actual text and expected text of test object 'Object Repository/Page_cabi Order Items/GetAttribute_getID' are matched.

2019-05-08 17:12:52 - [MESSAGE][PASSED] - Actual text and expected text of test object 'Object Repository/Page_cabi Order Items/GetAttribute_getID' are matched.

2019-05-08 17:12:52 - [TEST_STEP][PASSED] - colorOptions = findWebElements(findTestObject("Page_cabi Order Items/GetAttribute_Color"), 5): null

2019-05-08 17:12:52 - [TEST_STEP][PASSED] - println(colorOptions.size()): null

2019-05-08 17:12:52 - [TEST_STEP][PASSED] - expectedColour = findTestData("productData").getValue("Color", row): null

2019-05-08 17:12:52 - [TEST_STEP][PASSED] - println("expected colour is"): null

2019-05-08 17:12:52 - [TEST_STEP][PASSED] - println(expectedColour): null

2019-05-08 17:12:52 - [TEST_STEP][PASSED] - colourVerified = false: null

2019-05-08 17:12:52 - [TEST_STEP][PASSED] - for (org.openqa.selenium.WebElement op : colorOptions): null

2019-05-08 17:12:52 - [TEST_STEP][PASSED] - println(op.getText()): null

2019-05-08 17:12:52 - [TEST_STEP][PASSED] - if (expectedColour.equalsIgnoreCase(op.getText())): null

2019-05-08 17:12:52 - [TEST_STEP][PASSED] - colourVerified = true: null

2019-05-08 17:12:52 - [TEST_STEP][PASSED] - break: null

2019-05-08 17:12:52 - [TEST_STEP][PASSED] - assert colourVerified == true: null

2019-05-08 17:12:52 - [TEST_STEP][PASSED] - getPrice = getText(findTestObject("Page_cabi Order Items/GetAttribute_Price")): Text of object 'Object Repository/Page_cabi Order Items/GetAttribute_Price' is: 'Price : $119.00'

2019-05-08 17:12:52 - [MESSAGE][PASSED] - Text of object 'Object Repository/Page_cabi Order Items/GetAttribute_Price' is: 'Price : $119.00'

2019-05-08 17:12:52 - [TEST_STEP][PASSED] - Split_Data = UtilityMethods.SplitData(getPrice): null

2019-05-08 17:12:52 - [TEST_STEP][PASSED] - verifyMatch(Split_Data, findTestData("productData").getValue("Retail", row), true): Actual text '119' and expected text '119' are matched  using regular expression

2019-05-08 17:12:52 - [MESSAGE][PASSED] - Actual text '119' and expected text '119' are matched  using regular expression

2019-05-08 17:12:52 - [TEST_STEP][PASSED] - sizeRange1 = ["XXS", "XS", "S", "M", "L", "XL"]: null

2019-05-08 17:12:52 - [TEST_STEP][PASSED] - sizeRange2 = ["00", "0", "2", "4", "6", "8", "10", "12", "14", "16"]: null

2019-05-08 17:12:52 - [TEST_STEP][PASSED] - sizeRange3 = ["Long", "Regular", "Short"]: null

2019-05-08 17:12:52 - [TEST_STEP][PASSED] - sizeRange4 = ["5", "6", "6.5", "7", "7.5", "8", "8.5", "9", "9.5", "10", "11"]: null

2019-05-08 17:12:52 - [TEST_STEP][PASSED] - sizeRangeSplit = UtilityMethods.SplitSizes(findTestData("productData").getValue("SzRange", row)): null

2019-05-08 17:12:52 - [TEST_STEP][PASSED] - sizeType = getText(findTestObject("Object Repository/Page_cabi Order Items/Size")): Text of object 'Object Repository/Page_cabi Order Items/Size' is: 'Select'

2019-05-08 17:12:52 - [MESSAGE][PASSED] - Text of object 'Object Repository/Page_cabi Order Items/Size' is: 'Select'

2019-05-08 17:12:52 - [TEST_STEP][PASSED] - sizeOptions = findWebElements(findTestObject("Object Repository/Page_cabi Order Items/Size"), 5): null

2019-05-08 17:12:53 - [TEST_STEP][PASSED] - actualRange = new java.util.ArrayList(): null

2019-05-08 17:12:53 - [TEST_STEP][PASSED] - expectedRange = <not implemented yet for class: org.codehaus.groovy.ast.expr.EmptyExpression>: null

2019-05-08 17:12:53 - [TEST_STEP][PASSED] - if (sizeType.equalsIgnoreCase("Select")): null

2019-05-08 17:12:53 - [TEST_STEP][PASSED] - for ([i = 1, i < sizeOptions.size(), (i++)]): null

2019-05-08 17:12:53 - [TEST_STEP][PASSED] - actualRange.add(getAttribute("value").toString()): null

2019-05-08 17:12:53 - [TEST_STEP][PASSED] - actualRange.add(getAttribute("value").toString()): null

2019-05-08 17:12:53 - [TEST_STEP][PASSED] - actualRange.add(getAttribute("value").toString()): null

2019-05-08 17:12:53 - [TEST_STEP][PASSED] - actualRange.add(getAttribute("value").toString()): null

2019-05-08 17:12:53 - [TEST_STEP][PASSED] - actualRange.add(getAttribute("value").toString()): null

2019-05-08 17:12:53 - [TEST_STEP][PASSED] - if (toString().equalsIgnoreCase("XS") || toString().equalsIgnoreCase("XXS")): null

2019-05-08 17:12:53 - [TEST_STEP][PASSED] - expectedRange = UtilityMethods.getExpectedRange(sizeRange1, sizeRangeSplit): null

2019-05-08 17:12:53 - [TEST_STEP][PASSED] - println("XS"): null

2019-05-08 17:12:53 - [TEST_STEP][PASSED] - println(expectedRange.toString()): null

2019-05-08 17:12:53 - [TEST_STEP][PASSED] - assert UtilityMethods.listEquals(expectedRange, actualRange) == true: null

2019-05-08 17:12:53 - [TEST_STEP][PASSED] - delay(2): Delayed 2 second(s)

2019-05-08 17:12:55 - [MESSAGE][PASSED] - Delayed 2 second(s)

2019-05-08 17:12:55 - [TEST_STEP][PASSED] - verifyElementText(findTestObject("Page_cabi Order Items/product_title"), findTestData("productData").getValue("Description", row)): Actual text and expected text of test object 'Object Repository/Page_cabi Order Items/product_title' are matched.

2019-05-08 17:12:55 - [MESSAGE][PASSED] - Actual text and expected text of test object 'Object Repository/Page_cabi Order Items/product_title' are matched.

2019-05-08 17:12:55 - [TEST_STEP][PASSED] - verifyElementText(findTestObject("Page_cabi Order Items/product_fabric"), findTestData("productData").getValue("FinalContent", row)): Actual text and expected text of test object 'Object Repository/Page_cabi Order Items/product_fabric' are matched.

2019-05-08 17:12:55 - [MESSAGE][PASSED] - Actual text and expected text of test object 'Object Repository/Page_cabi Order Items/product_fabric' are matched.

2019-05-08 17:12:55 - [TEST_STEP][PASSED] - actualCasreIntrn = "<div>" + getText(findTestObject("Page_cabi Order Items/care_instruction")) + "</div>": Text of object 'Object Repository/Page_cabi Order Items/care_instruction' is: 'Turn garment inside out and place in a mesh bag. Machine wash separately in cold water on the delicate cycle. Only non-chlorine bleach if needed. Do not twist or wring. Lay flat to dry. Warm iron if needed. Can be dry cleaned.'

2019-05-08 17:12:55 - [MESSAGE][PASSED] - Text of object 'Object Repository/Page_cabi Order Items/care_instruction' is: 'Turn garment inside out and place in a mesh bag. Machine wash separately in cold water on the delicate cycle. Only non-chlorine bleach if needed. Do not twist or wring. Lay flat to dry. Warm iron if needed. Can be dry cleaned.'

2019-05-08 17:12:55 - [TEST_STEP][PASSED] - assert actualCasreIntrn.equals(findTestData("productData").getValue("CareInstr", row)): null

2019-05-08 17:12:55 - [MESSAGE][PASSED] - Call Test Case 'Test Cases/productVerify' successfully

2019-05-08 17:12:55 - [TEST_STEP][PASSED] - click(findTestObject("Object Repository/Page_cabi Home/a_Shows  Orders")): Object: 'Object Repository/Page_cabi Home/a_Shows  Orders' is clicked on

2019-05-08 17:12:55 - [MESSAGE][PASSED] - Object: 'Object Repository/Page_cabi Home/a_Shows  Orders' is clicked on

2019-05-08 17:12:55 - [TEST_STEP][PASSED] - delay(3): Delayed 3 second(s)

2019-05-08 17:12:58 - [MESSAGE][PASSED] - Delayed 3 second(s)

2019-05-08 17:12:58 - [TEST_STEP][PASSED] - rightClick(findTestObject("Page_cabi Home/a_online_outline_purchases")): Object: 'Object Repository/Page_cabi Home/a_online_outline_purchases' is right clicked on

2019-05-08 17:12:58 - [MESSAGE][PASSED] - Object: 'Object Repository/Page_cabi Home/a_online_outline_purchases' is right clicked on

2019-05-08 17:12:58 - [TEST_STEP][PASSED] - click(findTestObject("Page_cabi Home/a_online_outline_purchases")): Object: 'Object Repository/Page_cabi Home/a_online_outline_purchases' is clicked on

2019-05-08 17:13:03 - [MESSAGE][PASSED] - Object: 'Object Repository/Page_cabi Home/a_online_outline_purchases' is clicked on

2019-05-08 17:13:03 - [TEST_STEP][PASSED] - click(findTestObject("Object Repository/Page_cabi Online Outlet Store/span_Continue to Order")): Object: 'Object Repository/Page_cabi Online Outlet Store/span_Continue to Order' is clicked on

2019-05-08 17:13:03 - [MESSAGE][PASSED] - Object: 'Object Repository/Page_cabi Online Outlet Store/span_Continue to Order' is clicked on

2019-05-08 17:13:03 - [TEST_STEP][PASSED] - callTestCase(findTestCase("productVerify"), ["available":BOOnlineoutlet, "storeType":"BOOnlineoutlet"], STOP_ON_FAILURE): Call Test Case 'Test Cases/productVerify' successfully

2019-05-08 17:13:03 - [TEST_CASE][PASSED] - Test Cases/productVerify: Test Cases/productVerify

2019-05-08 17:13:03 - [TEST_STEP][PASSED] - for ([row = 1, row <= findTestData("productData").getRowNumbers(), (row++)]): Actual text and expected text of test object 'Object Repository/Page_cabi Order Items/no_result_found' are matched.

2019-05-08 17:13:03 - [TEST_STEP][PASSED] - setText(findTestObject("Object Repository/Page_cabi Order Items/input_New Arrivals - Blooming Blush_style"), findTestData("productData").getValue("Style", row)): Text '5618' is set on object 'Object Repository/Page_cabi Order Items/input_New Arrivals - Blooming Blush_style'

2019-05-08 17:13:05 - [MESSAGE][PASSED] - Text '5618' is set on object 'Object Repository/Page_cabi Order Items/input_New Arrivals - Blooming Blush_style'

2019-05-08 17:13:05 - [TEST_STEP][PASSED] - sendKeys(findTestObject("Object Repository/Page_cabi Order Items/input_New Arrivals - Blooming Blush_style"), Keys.chord(ENTER)): Keys 'ENTER + ' sent to object: 'Object Repository/Page_cabi Order Items/input_New Arrivals - Blooming Blush_style'

2019-05-08 17:13:05 - [MESSAGE][PASSED] - Keys 'ENTER + ' sent to object: 'Object Repository/Page_cabi Order Items/input_New Arrivals - Blooming Blush_style'

2019-05-08 17:13:05 - [TEST_STEP][PASSED] - delay(5): Delayed 5 second(s)

2019-05-08 17:13:10 - [MESSAGE][PASSED] - Delayed 5 second(s)

2019-05-08 17:13:10 - [TEST_STEP][PASSED] - if (toString().equalsIgnoreCase("no")): Actual text and expected text of test object 'Object Repository/Page_cabi Order Items/no_result_found' are matched.

2019-05-08 17:13:10 - [TEST_STEP][PASSED] - noResultMessages = findWebElements(findTestObject("Page_cabi Order Items/no_result_found"), 5): null

2019-05-08 17:13:10 - [TEST_STEP][PASSED] - assert noResultMessages.size() > 0: null

2019-05-08 17:13:10 - [TEST_STEP][PASSED] - verifyElementText(findTestObject("Page_cabi Order Items/no_result_found"), "No Results Found!"): Actual text and expected text of test object 'Object Repository/Page_cabi Order Items/no_result_found' are matched.

2019-05-08 17:13:10 - [MESSAGE][PASSED] - Actual text and expected text of test object 'Object Repository/Page_cabi Order Items/no_result_found' are matched.

2019-05-08 17:13:10 - [MESSAGE][PASSED] - Call Test Case 'Test Cases/productVerify' successfully

2019-05-08 17:13:10 - [TEST_STEP][PASSED] - if (timeRow == 1): null

2019-05-08 17:13:10 - [TEST_STEP][PASSED] - callTestCase(findTestCase("cabiCentralLogin"), [:], STOP_ON_FAILURE): Call Test Case 'Test Cases/cabiCentralLogin' successfully

2019-05-08 17:13:10 - [TEST_CASE][PASSED] - Test Cases/cabiCentralLogin: Test Cases/cabiCentralLogin

2019-05-08 17:13:10 - [TEST_STEP][PASSED] - CCURL = findTestData("credData").getValue("CCURL", 1): null

2019-05-08 17:13:10 - [TEST_STEP][PASSED] - CCuser = findTestData("credData").getValue("CCuser", 1): null

2019-05-08 17:13:10 - [TEST_STEP][PASSED] - CCpass = findTestData("credData").getValue("CCpass", 1): null

2019-05-08 17:13:10 - [TEST_STEP][PASSED] - openBrowser(""): Browser is opened with url: ''

2019-05-08 17:13:10 - [MESSAGE][WARNING] - A browser is already opened. Closing browser and opening a new one

2019-05-08 17:13:11 - [MESSAGE][INFO] - Starting 'Chrome' driver

2019-05-08 17:13:13 - [MESSAGE][PASSED] - Browser is opened with url: ''

2019-05-08 17:13:13 - [TEST_STEP][PASSED] - navigateToUrl(CCURL): Navigate to 'https://test14.cliotest.com/cabicentral/control/main' successfully

2019-05-08 17:13:21 - [MESSAGE][PASSED] - Navigate to 'https://test14.cliotest.com/cabicentral/control/main' successfully

2019-05-08 17:13:21 - [TEST_STEP][PASSED] - maximizeWindow(): Current window maximized

2019-05-08 17:13:22 - [MESSAGE][PASSED] - Current window maximized

2019-05-08 17:13:22 - [TEST_STEP][PASSED] - logOut = findWebElements(findTestObject("Object Repository/Page_cabi Home/log_out"), 5): Unable to find the element located by 'By.xpath: //a[contains(text(),'Log Out')]'. Please recheck the objects properties to make sure the desired element is located. 

2019-05-08 17:13:28 - [MESSAGE][INFO] - Unable to find the element located by 'By.xpath: //a[contains(text(),'Log Out')]'. Please recheck the objects properties to make sure the desired element is located. 

2019-05-08 17:13:28 - [TEST_STEP][PASSED] - if (logOut.size() == 0): Object: 'Object Repository/Page_cabi/input_Password_section-btn btn-stl-pk rFloat' is clicked on

2019-05-08 17:13:28 - [TEST_STEP][PASSED] - setText(findTestObject("Object Repository/Page_cabi/input_Username_USERNAME"), CCuser): Text 'ehudson' is set on object 'Object Repository/Page_cabi/input_Username_USERNAME'

2019-05-08 17:13:28 - [MESSAGE][PASSED] - Text 'ehudson' is set on object 'Object Repository/Page_cabi/input_Username_USERNAME'

2019-05-08 17:13:28 - [TEST_STEP][PASSED] - setText(findTestObject("Object Repository/Page_cabi/input_Password_PASSWORD"), CCpass): Text 'blackdress19' is set on object 'Object Repository/Page_cabi/input_Password_PASSWORD'

2019-05-08 17:13:28 - [MESSAGE][PASSED] - Text 'blackdress19' is set on object 'Object Repository/Page_cabi/input_Password_PASSWORD'

2019-05-08 17:13:28 - [TEST_STEP][PASSED] - delay(3): Delayed 3 second(s)

2019-05-08 17:13:31 - [MESSAGE][PASSED] - Delayed 3 second(s)

2019-05-08 17:13:31 - [TEST_STEP][PASSED] - click(findTestObject("Object Repository/Page_cabi/input_Password_section-btn btn-stl-pk rFloat")): Object: 'Object Repository/Page_cabi/input_Password_section-btn btn-stl-pk rFloat' is clicked on

2019-05-08 17:13:35 - [MESSAGE][PASSED] - Object: 'Object Repository/Page_cabi/input_Password_section-btn btn-stl-pk rFloat' is clicked on

2019-05-08 17:13:35 - [TEST_STEP][PASSED] - delay(3): Delayed 3 second(s)

2019-05-08 17:13:38 - [MESSAGE][PASSED] - Delayed 3 second(s)

2019-05-08 17:13:39 - [MESSAGE][PASSED] - Call Test Case 'Test Cases/cabiCentralLogin' successfully

2019-05-08 17:13:39 - [TEST_STEP][PASSED] - delay(3): Delayed 3 second(s)

2019-05-08 17:13:42 - [MESSAGE][PASSED] - Delayed 3 second(s)

2019-05-08 17:13:42 - [TEST_STEP][PASSED] - click(findTestObject("Page_cabi cabiCentral Tasks/a_ORDERS")): Object: 'Object Repository/Page_cabi cabiCentral Tasks/a_ORDERS' is clicked on

2019-05-08 17:13:43 - [MESSAGE][PASSED] - Object: 'Object Repository/Page_cabi cabiCentral Tasks/a_ORDERS' is clicked on

2019-05-08 17:13:43 - [TEST_STEP][PASSED] - delay(3): Delayed 3 second(s)

2019-05-08 17:13:46 - [MESSAGE][PASSED] - Delayed 3 second(s)

2019-05-08 17:13:46 - [TEST_STEP][PASSED] - click(findTestObject("Page_cabi Find Order/a_Create Order")): Object: 'Object Repository/Page_cabi Find Order/a_Create Order' is clicked on

2019-05-08 17:13:47 - [MESSAGE][PASSED] - Object: 'Object Repository/Page_cabi Find Order/a_Create Order' is clicked on

2019-05-08 17:13:47 - [TEST_STEP][PASSED] - selectOptionByValue(findTestObject("Page_cabi Create Order/select_order_type"), "PERSONAL", true): All options with value 'PERSONAL' are selected in object 'Object Repository/Page_cabi Create Order/select_order_type'  using regular expression

2019-05-08 17:13:47 - [MESSAGE][PASSED] - All options with value 'PERSONAL' are selected in object 'Object Repository/Page_cabi Create Order/select_order_type'  using regular expression

2019-05-08 17:13:47 - [TEST_STEP][PASSED] - click(findTestObject("Page_cabi Create Order/input_select_order_type")): Object: 'Object Repository/Page_cabi Create Order/input_select_order_type' is clicked on

2019-05-08 17:13:51 - [MESSAGE][PASSED] - Object: 'Object Repository/Page_cabi Create Order/input_select_order_type' is clicked on

2019-05-08 17:13:51 - [TEST_STEP][PASSED] - callTestCase(findTestCase("productVerifyShort"), ["available":CCPersonal, "storeType":"CCPersonal"], STOP_ON_FAILURE): Call Test Case 'Test Cases/productVerifyShort' successfully

2019-05-08 17:13:51 - [TEST_CASE][PASSED] - Test Cases/productVerifyShort: Test Cases/productVerifyShort

2019-05-08 17:13:51 - [TEST_STEP][PASSED] - for ([row = 1, row <= findTestData("productData").getRowNumbers(), (row++)]): Delayed 3 second(s)

2019-05-08 17:13:51 - [TEST_STEP][PASSED] - setText(findTestObject("Object Repository/Page_cabi Create Order/input_Manual Discount_stylelookup_0"), findTestData("productData").getValue("Style", row)): Text '5618' is set on object 'Object Repository/Page_cabi Create Order/input_Manual Discount_stylelookup_0'

2019-05-08 17:13:51 - [MESSAGE][PASSED] - Text '5618' is set on object 'Object Repository/Page_cabi Create Order/input_Manual Discount_stylelookup_0'

2019-05-08 17:13:51 - [TEST_STEP][PASSED] - delay(2): Delayed 2 second(s)

2019-05-08 17:13:53 - [MESSAGE][PASSED] - Delayed 2 second(s)

2019-05-08 17:13:53 - [TEST_STEP][PASSED] - prod_message = getText(findTestObject("Page_cabi Create Order/first_option")): Text of object 'Object Repository/Page_cabi Create Order/first_option' is: '5618 Breeze Dress'

2019-05-08 17:13:53 - [MESSAGE][PASSED] - Text of object 'Object Repository/Page_cabi Create Order/first_option' is: '5618 Breeze Dress'

2019-05-08 17:13:53 - [TEST_STEP][PASSED] - delay(1): Delayed 1 second(s)

2019-05-08 17:13:54 - [MESSAGE][PASSED] - Delayed 1 second(s)

2019-05-08 17:13:54 - [TEST_STEP][PASSED] - click(findTestObject("Page_cabi Create Order/first_option")): Object: 'Object Repository/Page_cabi Create Order/first_option' is clicked on

2019-05-08 17:13:54 - [MESSAGE][PASSED] - Object: 'Object Repository/Page_cabi Create Order/first_option' is clicked on

2019-05-08 17:13:54 - [TEST_STEP][PASSED] - if (toString().equalsIgnoreCase("no")): null

2019-05-08 17:13:54 - [TEST_STEP][PASSED] - else: Delayed 3 second(s)

2019-05-08 17:13:54 - [TEST_STEP][PASSED] - delay(3): Delayed 3 second(s)

2019-05-08 17:13:57 - [MESSAGE][PASSED] - Delayed 3 second(s)

2019-05-08 17:13:57 - [TEST_STEP][PASSED] - s1 = getValue("Style", row).toString(): null

2019-05-08 17:13:57 - [TEST_STEP][PASSED] - s2 = " ": null

2019-05-08 17:13:57 - [TEST_STEP][PASSED] - s3 = getValue("Description", row).toString(): null

2019-05-08 17:13:57 - [TEST_STEP][PASSED] - expectedStyleDescription = $s1$s2$s3: null

2019-05-08 17:13:57 - [TEST_STEP][PASSED] - assert prod_message.equalsIgnoreCase(expectedStyleDescription): null

2019-05-08 17:13:57 - [TEST_STEP][PASSED] - delay(3): Delayed 3 second(s)

2019-05-08 17:14:00 - [MESSAGE][PASSED] - Delayed 3 second(s)

2019-05-08 17:14:00 - [TEST_STEP][PASSED] - colorOptions = findWebElements(findTestObject("Page_cabi Order Items/GetAttribute_Color"), 5): null

2019-05-08 17:14:00 - [TEST_STEP][PASSED] - println(colorOptions.size()): null

2019-05-08 17:14:00 - [TEST_STEP][PASSED] - expectedColour = findTestData("productData").getValue("Color", row): null

2019-05-08 17:14:00 - [TEST_STEP][PASSED] - println("expected colour is"): null

2019-05-08 17:14:00 - [TEST_STEP][PASSED] - println(expectedColour): null

2019-05-08 17:14:00 - [TEST_STEP][PASSED] - colourVerified = false: null

2019-05-08 17:14:00 - [TEST_STEP][PASSED] - for (org.openqa.selenium.WebElement op : colorOptions): null

2019-05-08 17:14:00 - [TEST_STEP][PASSED] - println(op.getText()): null

2019-05-08 17:14:00 - [TEST_STEP][PASSED] - if (expectedColour.equalsIgnoreCase(op.getText())): null

2019-05-08 17:14:01 - [TEST_STEP][PASSED] - colourVerified = true: null

2019-05-08 17:14:01 - [TEST_STEP][PASSED] - break: null

2019-05-08 17:14:01 - [TEST_STEP][PASSED] - assert colourVerified == true: null

2019-05-08 17:14:01 - [TEST_STEP][PASSED] - getPrice = getText(findTestObject("Page_cabi Create Order/retail_price")): Text of object 'Object Repository/Page_cabi Create Order/retail_price' is: '$119.00'

2019-05-08 17:14:01 - [MESSAGE][PASSED] - Text of object 'Object Repository/Page_cabi Create Order/retail_price' is: '$119.00'

2019-05-08 17:14:01 - [TEST_STEP][PASSED] - Split_Data = UtilityMethods.SplitData(getPrice): null

2019-05-08 17:14:01 - [TEST_STEP][PASSED] - verifyMatch(Split_Data, findTestData("productData").getValue("Retail", row), true): Actual text '119' and expected text '119' are matched  using regular expression

2019-05-08 17:14:01 - [MESSAGE][PASSED] - Actual text '119' and expected text '119' are matched  using regular expression

2019-05-08 17:14:01 - [TEST_STEP][PASSED] - sizeRange1 = ["XXS", "XS", "S", "M", "L", "XL"]: null

2019-05-08 17:14:01 - [TEST_STEP][PASSED] - sizeRange2 = ["00", "0", "2", "4", "6", "8", "10", "12", "14", "16"]: null

2019-05-08 17:14:01 - [TEST_STEP][PASSED] - sizeRange3 = ["Long", "Regular", "Short"]: null

2019-05-08 17:14:01 - [TEST_STEP][PASSED] - sizeRange4 = ["5", "6", "6.5", "7", "7.5", "8", "8.5", "9", "9.5", "10", "11"]: null

2019-05-08 17:14:01 - [TEST_STEP][PASSED] - sizeRangeSplit = UtilityMethods.SplitSizes(findTestData("productData").getValue("SzRange", row)): null

2019-05-08 17:14:01 - [TEST_STEP][PASSED] - sizeType = getText(findTestObject("Object Repository/Page_cabi Order Items/Size")): Text of object 'Object Repository/Page_cabi Order Items/Size' is: 'Select'

2019-05-08 17:14:01 - [MESSAGE][PASSED] - Text of object 'Object Repository/Page_cabi Order Items/Size' is: 'Select'

2019-05-08 17:14:01 - [TEST_STEP][PASSED] - sizeOptions = findWebElements(findTestObject("Object Repository/Page_cabi Order Items/Size"), 5): null

2019-05-08 17:14:01 - [TEST_STEP][PASSED] - actualRange = new java.util.ArrayList(): null

2019-05-08 17:14:01 - [TEST_STEP][PASSED] - expectedRange = <not implemented yet for class: org.codehaus.groovy.ast.expr.EmptyExpression>: null

2019-05-08 17:14:01 - [TEST_STEP][PASSED] - if (sizeType.equalsIgnoreCase("Select")): null

2019-05-08 17:14:01 - [TEST_STEP][PASSED] - for ([i = 1, i < sizeOptions.size(), (i++)]): null

2019-05-08 17:14:01 - [TEST_STEP][PASSED] - actualRange.add(get(i).getText()): null

2019-05-08 17:14:01 - [TEST_STEP][PASSED] - actualRange.add(get(i).getText()): null

2019-05-08 17:14:01 - [TEST_STEP][PASSED] - actualRange.add(get(i).getText()): null

2019-05-08 17:14:01 - [TEST_STEP][PASSED] - actualRange.add(get(i).getText()): null

2019-05-08 17:14:01 - [TEST_STEP][PASSED] - actualRange.add(get(i).getText()): null

2019-05-08 17:14:01 - [TEST_STEP][PASSED] - if (toString().equalsIgnoreCase("XS") || toString().equalsIgnoreCase("XXS")): null

2019-05-08 17:14:01 - [TEST_STEP][PASSED] - expectedRange = UtilityMethods.getExpectedRange(sizeRange1, sizeRangeSplit): null

2019-05-08 17:14:01 - [TEST_STEP][PASSED] - println("XS"): null

2019-05-08 17:14:01 - [TEST_STEP][PASSED] - println(expectedRange.toString()): null

2019-05-08 17:14:01 - [TEST_STEP][PASSED] - assert UtilityMethods.listEquals(expectedRange, actualRange) == true: null

2019-05-08 17:14:01 - [TEST_STEP][PASSED] - delay(3): Delayed 3 second(s)

2019-05-08 17:14:04 - [MESSAGE][PASSED] - Delayed 3 second(s)

2019-05-08 17:14:04 - [MESSAGE][PASSED] - Call Test Case 'Test Cases/productVerifyShort' successfully

2019-05-08 17:14:04 - [TEST_STEP][PASSED] - click(findTestObject("Page_cabi Find Order/a_Create Order")): Object: 'Object Repository/Page_cabi Find Order/a_Create Order' is clicked on

2019-05-08 17:14:06 - [MESSAGE][PASSED] - Object: 'Object Repository/Page_cabi Find Order/a_Create Order' is clicked on

2019-05-08 17:14:06 - [TEST_STEP][PASSED] - selectOptionByValue(findTestObject("Page_cabi Create Order/select_order_type"), "RETAIL", true): All options with value 'RETAIL' are selected in object 'Object Repository/Page_cabi Create Order/select_order_type'  using regular expression

2019-05-08 17:14:06 - [MESSAGE][PASSED] - All options with value 'RETAIL' are selected in object 'Object Repository/Page_cabi Create Order/select_order_type'  using regular expression

2019-05-08 17:14:06 - [TEST_STEP][PASSED] - click(findTestObject("Page_cabi Create Order/input_select_order_type")): Object: 'Object Repository/Page_cabi Create Order/input_select_order_type' is clicked on

2019-05-08 17:14:08 - [MESSAGE][PASSED] - Object: 'Object Repository/Page_cabi Create Order/input_select_order_type' is clicked on

2019-05-08 17:14:08 - [TEST_STEP][PASSED] - callTestCase(findTestCase("productVerifyShort"), ["available":CCRetail], STOP_ON_FAILURE): Call Test Case 'Test Cases/productVerifyShort' successfully

2019-05-08 17:14:09 - [TEST_CASE][PASSED] - Test Cases/productVerifyShort: Test Cases/productVerifyShort

2019-05-08 17:14:09 - [TEST_STEP][PASSED] - for ([row = 1, row <= findTestData("productData").getRowNumbers(), (row++)]): Delayed 3 second(s)

2019-05-08 17:14:09 - [TEST_STEP][PASSED] - setText(findTestObject("Object Repository/Page_cabi Create Order/input_Manual Discount_stylelookup_0"), findTestData("productData").getValue("Style", row)): Text '5618' is set on object 'Object Repository/Page_cabi Create Order/input_Manual Discount_stylelookup_0'

2019-05-08 17:14:09 - [MESSAGE][PASSED] - Text '5618' is set on object 'Object Repository/Page_cabi Create Order/input_Manual Discount_stylelookup_0'

2019-05-08 17:14:09 - [TEST_STEP][PASSED] - delay(2): Delayed 2 second(s)

2019-05-08 17:14:11 - [MESSAGE][PASSED] - Delayed 2 second(s)

2019-05-08 17:14:11 - [TEST_STEP][PASSED] - prod_message = getText(findTestObject("Page_cabi Create Order/first_option")): Text of object 'Object Repository/Page_cabi Create Order/first_option' is: '5618 Breeze Dress'

2019-05-08 17:14:11 - [MESSAGE][PASSED] - Text of object 'Object Repository/Page_cabi Create Order/first_option' is: '5618 Breeze Dress'

2019-05-08 17:14:11 - [TEST_STEP][PASSED] - delay(1): Delayed 1 second(s)

2019-05-08 17:14:12 - [MESSAGE][PASSED] - Delayed 1 second(s)

2019-05-08 17:14:12 - [TEST_STEP][PASSED] - click(findTestObject("Page_cabi Create Order/first_option")): Object: 'Object Repository/Page_cabi Create Order/first_option' is clicked on

2019-05-08 17:14:12 - [MESSAGE][PASSED] - Object: 'Object Repository/Page_cabi Create Order/first_option' is clicked on

2019-05-08 17:14:12 - [TEST_STEP][PASSED] - if (toString().equalsIgnoreCase("no")): null

2019-05-08 17:14:12 - [TEST_STEP][PASSED] - else: Delayed 3 second(s)

2019-05-08 17:14:12 - [TEST_STEP][PASSED] - delay(3): Delayed 3 second(s)

2019-05-08 17:14:15 - [MESSAGE][PASSED] - Delayed 3 second(s)

2019-05-08 17:14:15 - [TEST_STEP][PASSED] - s1 = getValue("Style", row).toString(): null

2019-05-08 17:14:15 - [TEST_STEP][PASSED] - s2 = " ": null

2019-05-08 17:14:15 - [TEST_STEP][PASSED] - s3 = getValue("Description", row).toString(): null

2019-05-08 17:14:15 - [TEST_STEP][PASSED] - expectedStyleDescription = $s1$s2$s3: null

2019-05-08 17:14:15 - [TEST_STEP][PASSED] - assert prod_message.equalsIgnoreCase(expectedStyleDescription): null

2019-05-08 17:14:15 - [TEST_STEP][PASSED] - delay(3): Delayed 3 second(s)

2019-05-08 17:14:18 - [MESSAGE][PASSED] - Delayed 3 second(s)

2019-05-08 17:14:18 - [TEST_STEP][PASSED] - colorOptions = findWebElements(findTestObject("Page_cabi Order Items/GetAttribute_Color"), 5): null

2019-05-08 17:14:18 - [TEST_STEP][PASSED] - println(colorOptions.size()): null

2019-05-08 17:14:18 - [TEST_STEP][PASSED] - expectedColour = findTestData("productData").getValue("Color", row): null

2019-05-08 17:14:18 - [TEST_STEP][PASSED] - println("expected colour is"): null

2019-05-08 17:14:18 - [TEST_STEP][PASSED] - println(expectedColour): null

2019-05-08 17:14:18 - [TEST_STEP][PASSED] - colourVerified = false: null

2019-05-08 17:14:18 - [TEST_STEP][PASSED] - for (org.openqa.selenium.WebElement op : colorOptions): null

2019-05-08 17:14:18 - [TEST_STEP][PASSED] - println(op.getText()): null

2019-05-08 17:14:18 - [TEST_STEP][PASSED] - if (expectedColour.equalsIgnoreCase(op.getText())): null

2019-05-08 17:14:18 - [TEST_STEP][PASSED] - colourVerified = true: null

2019-05-08 17:14:18 - [TEST_STEP][PASSED] - break: null

2019-05-08 17:14:18 - [TEST_STEP][PASSED] - assert colourVerified == true: null

2019-05-08 17:14:18 - [TEST_STEP][PASSED] - getPrice = getText(findTestObject("Page_cabi Create Order/retail_price")): Text of object 'Object Repository/Page_cabi Create Order/retail_price' is: '$119.00'

2019-05-08 17:14:18 - [MESSAGE][PASSED] - Text of object 'Object Repository/Page_cabi Create Order/retail_price' is: '$119.00'

2019-05-08 17:14:18 - [TEST_STEP][PASSED] - Split_Data = UtilityMethods.SplitData(getPrice): null

2019-05-08 17:14:18 - [TEST_STEP][PASSED] - verifyMatch(Split_Data, findTestData("productData").getValue("Retail", row), true): Actual text '119' and expected text '119' are matched  using regular expression

2019-05-08 17:14:18 - [MESSAGE][PASSED] - Actual text '119' and expected text '119' are matched  using regular expression

2019-05-08 17:14:18 - [TEST_STEP][PASSED] - sizeRange1 = ["XXS", "XS", "S", "M", "L", "XL"]: null

2019-05-08 17:14:18 - [TEST_STEP][PASSED] - sizeRange2 = ["00", "0", "2", "4", "6", "8", "10", "12", "14", "16"]: null

2019-05-08 17:14:18 - [TEST_STEP][PASSED] - sizeRange3 = ["Long", "Regular", "Short"]: null

2019-05-08 17:14:18 - [TEST_STEP][PASSED] - sizeRange4 = ["5", "6", "6.5", "7", "7.5", "8", "8.5", "9", "9.5", "10", "11"]: null

2019-05-08 17:14:18 - [TEST_STEP][PASSED] - sizeRangeSplit = UtilityMethods.SplitSizes(findTestData("productData").getValue("SzRange", row)): null

2019-05-08 17:14:18 - [TEST_STEP][PASSED] - sizeType = getText(findTestObject("Object Repository/Page_cabi Order Items/Size")): Text of object 'Object Repository/Page_cabi Order Items/Size' is: 'Select'

2019-05-08 17:14:18 - [MESSAGE][PASSED] - Text of object 'Object Repository/Page_cabi Order Items/Size' is: 'Select'

2019-05-08 17:14:18 - [TEST_STEP][PASSED] - sizeOptions = findWebElements(findTestObject("Object Repository/Page_cabi Order Items/Size"), 5): null

2019-05-08 17:14:18 - [TEST_STEP][PASSED] - actualRange = new java.util.ArrayList(): null

2019-05-08 17:14:18 - [TEST_STEP][PASSED] - expectedRange = <not implemented yet for class: org.codehaus.groovy.ast.expr.EmptyExpression>: null

2019-05-08 17:14:18 - [TEST_STEP][PASSED] - if (sizeType.equalsIgnoreCase("Select")): null

2019-05-08 17:14:18 - [TEST_STEP][PASSED] - for ([i = 1, i < sizeOptions.size(), (i++)]): null

2019-05-08 17:14:18 - [TEST_STEP][PASSED] - actualRange.add(get(i).getText()): null

2019-05-08 17:14:18 - [TEST_STEP][PASSED] - actualRange.add(get(i).getText()): null

2019-05-08 17:14:18 - [TEST_STEP][PASSED] - actualRange.add(get(i).getText()): null

2019-05-08 17:14:18 - [TEST_STEP][PASSED] - actualRange.add(get(i).getText()): null

2019-05-08 17:14:18 - [TEST_STEP][PASSED] - actualRange.add(get(i).getText()): null

2019-05-08 17:14:18 - [TEST_STEP][PASSED] - if (toString().equalsIgnoreCase("XS") || toString().equalsIgnoreCase("XXS")): null

2019-05-08 17:14:18 - [TEST_STEP][PASSED] - expectedRange = UtilityMethods.getExpectedRange(sizeRange1, sizeRangeSplit): null

2019-05-08 17:14:18 - [TEST_STEP][PASSED] - println("XS"): null

2019-05-08 17:14:18 - [TEST_STEP][PASSED] - println(expectedRange.toString()): null

2019-05-08 17:14:18 - [TEST_STEP][PASSED] - assert UtilityMethods.listEquals(expectedRange, actualRange) == true: null

2019-05-08 17:14:18 - [TEST_STEP][PASSED] - delay(3): Delayed 3 second(s)

2019-05-08 17:14:21 - [MESSAGE][PASSED] - Delayed 3 second(s)

2019-05-08 17:14:21 - [MESSAGE][PASSED] - Call Test Case 'Test Cases/productVerifyShort' successfully

2019-05-08 17:14:21 - [TEST_STEP][PASSED] - click(findTestObject("Page_cabi Find Order/a_Create Order")): Object: 'Object Repository/Page_cabi Find Order/a_Create Order' is clicked on

2019-05-08 17:14:24 - [MESSAGE][PASSED] - Object: 'Object Repository/Page_cabi Find Order/a_Create Order' is clicked on

2019-05-08 17:14:24 - [TEST_STEP][PASSED] - selectOptionByValue(findTestObject("Page_cabi Create Order/select_order_type"), "SHOW", true): All options with value 'SHOW' are selected in object 'Object Repository/Page_cabi Create Order/select_order_type'  using regular expression

2019-05-08 17:14:24 - [MESSAGE][PASSED] - All options with value 'SHOW' are selected in object 'Object Repository/Page_cabi Create Order/select_order_type'  using regular expression

2019-05-08 17:14:24 - [TEST_STEP][PASSED] - click(findTestObject("Page_cabi Create Order/input_select_order_type")): Object: 'Object Repository/Page_cabi Create Order/input_select_order_type' is clicked on

2019-05-08 17:14:34 - [MESSAGE][PASSED] - Object: 'Object Repository/Page_cabi Create Order/input_select_order_type' is clicked on

2019-05-08 17:14:34 - [TEST_STEP][PASSED] - callTestCase(findTestCase("productVerifyShort"), ["available":CCShow], STOP_ON_FAILURE): Call Test Case 'Test Cases/productVerifyShort' successfully

2019-05-08 17:14:34 - [TEST_CASE][PASSED] - Test Cases/productVerifyShort: Test Cases/productVerifyShort

2019-05-08 17:14:34 - [TEST_STEP][PASSED] - for ([row = 1, row <= findTestData("productData").getRowNumbers(), (row++)]): Delayed 3 second(s)

2019-05-08 17:14:34 - [TEST_STEP][PASSED] - setText(findTestObject("Object Repository/Page_cabi Create Order/input_Manual Discount_stylelookup_0"), findTestData("productData").getValue("Style", row)): Text '5618' is set on object 'Object Repository/Page_cabi Create Order/input_Manual Discount_stylelookup_0'

2019-05-08 17:14:34 - [MESSAGE][PASSED] - Text '5618' is set on object 'Object Repository/Page_cabi Create Order/input_Manual Discount_stylelookup_0'

2019-05-08 17:14:34 - [TEST_STEP][PASSED] - delay(2): Delayed 2 second(s)

2019-05-08 17:14:36 - [MESSAGE][PASSED] - Delayed 2 second(s)

2019-05-08 17:14:36 - [TEST_STEP][PASSED] - prod_message = getText(findTestObject("Page_cabi Create Order/first_option")): Text of object 'Object Repository/Page_cabi Create Order/first_option' is: '5618 Breeze Dress'

2019-05-08 17:14:36 - [MESSAGE][PASSED] - Text of object 'Object Repository/Page_cabi Create Order/first_option' is: '5618 Breeze Dress'

2019-05-08 17:14:36 - [TEST_STEP][PASSED] - delay(1): Delayed 1 second(s)

2019-05-08 17:14:37 - [MESSAGE][PASSED] - Delayed 1 second(s)

2019-05-08 17:14:37 - [TEST_STEP][PASSED] - click(findTestObject("Page_cabi Create Order/first_option")): Object: 'Object Repository/Page_cabi Create Order/first_option' is clicked on

2019-05-08 17:14:37 - [MESSAGE][PASSED] - Object: 'Object Repository/Page_cabi Create Order/first_option' is clicked on

2019-05-08 17:14:37 - [TEST_STEP][PASSED] - if (toString().equalsIgnoreCase("no")): null

2019-05-08 17:14:37 - [TEST_STEP][PASSED] - else: Delayed 3 second(s)

2019-05-08 17:14:37 - [TEST_STEP][PASSED] - delay(3): Delayed 3 second(s)

2019-05-08 17:14:40 - [MESSAGE][PASSED] - Delayed 3 second(s)

2019-05-08 17:14:40 - [TEST_STEP][PASSED] - s1 = getValue("Style", row).toString(): null

2019-05-08 17:14:40 - [TEST_STEP][PASSED] - s2 = " ": null

2019-05-08 17:14:40 - [TEST_STEP][PASSED] - s3 = getValue("Description", row).toString(): null

2019-05-08 17:14:40 - [TEST_STEP][PASSED] - expectedStyleDescription = $s1$s2$s3: null

2019-05-08 17:14:40 - [TEST_STEP][PASSED] - assert prod_message.equalsIgnoreCase(expectedStyleDescription): null

2019-05-08 17:14:40 - [TEST_STEP][PASSED] - delay(3): Delayed 3 second(s)

2019-05-08 17:14:43 - [MESSAGE][PASSED] - Delayed 3 second(s)

2019-05-08 17:14:43 - [TEST_STEP][PASSED] - colorOptions = findWebElements(findTestObject("Page_cabi Order Items/GetAttribute_Color"), 5): null

2019-05-08 17:14:43 - [TEST_STEP][PASSED] - println(colorOptions.size()): null

2019-05-08 17:14:43 - [TEST_STEP][PASSED] - expectedColour = findTestData("productData").getValue("Color", row): null

2019-05-08 17:14:43 - [TEST_STEP][PASSED] - println("expected colour is"): null

2019-05-08 17:14:43 - [TEST_STEP][PASSED] - println(expectedColour): null

2019-05-08 17:14:43 - [TEST_STEP][PASSED] - colourVerified = false: null

2019-05-08 17:14:43 - [TEST_STEP][PASSED] - for (org.openqa.selenium.WebElement op : colorOptions): null

2019-05-08 17:14:43 - [TEST_STEP][PASSED] - println(op.getText()): null

2019-05-08 17:14:43 - [TEST_STEP][PASSED] - if (expectedColour.equalsIgnoreCase(op.getText())): null

2019-05-08 17:14:43 - [TEST_STEP][PASSED] - colourVerified = true: null

2019-05-08 17:14:43 - [TEST_STEP][PASSED] - break: null

2019-05-08 17:14:43 - [TEST_STEP][PASSED] - assert colourVerified == true: null

2019-05-08 17:14:43 - [TEST_STEP][PASSED] - getPrice = getText(findTestObject("Page_cabi Create Order/retail_price")): Text of object 'Object Repository/Page_cabi Create Order/retail_price' is: '$119.00'

2019-05-08 17:14:43 - [MESSAGE][PASSED] - Text of object 'Object Repository/Page_cabi Create Order/retail_price' is: '$119.00'

2019-05-08 17:14:43 - [TEST_STEP][PASSED] - Split_Data = UtilityMethods.SplitData(getPrice): null

2019-05-08 17:14:43 - [TEST_STEP][PASSED] - verifyMatch(Split_Data, findTestData("productData").getValue("Retail", row), true): Actual text '119' and expected text '119' are matched  using regular expression

2019-05-08 17:14:43 - [MESSAGE][PASSED] - Actual text '119' and expected text '119' are matched  using regular expression

2019-05-08 17:14:43 - [TEST_STEP][PASSED] - sizeRange1 = ["XXS", "XS", "S", "M", "L", "XL"]: null

2019-05-08 17:14:43 - [TEST_STEP][PASSED] - sizeRange2 = ["00", "0", "2", "4", "6", "8", "10", "12", "14", "16"]: null

2019-05-08 17:14:43 - [TEST_STEP][PASSED] - sizeRange3 = ["Long", "Regular", "Short"]: null

2019-05-08 17:14:43 - [TEST_STEP][PASSED] - sizeRange4 = ["5", "6", "6.5", "7", "7.5", "8", "8.5", "9", "9.5", "10", "11"]: null

2019-05-08 17:14:43 - [TEST_STEP][PASSED] - sizeRangeSplit = UtilityMethods.SplitSizes(findTestData("productData").getValue("SzRange", row)): null

2019-05-08 17:14:43 - [TEST_STEP][PASSED] - sizeType = getText(findTestObject("Object Repository/Page_cabi Order Items/Size")): Text of object 'Object Repository/Page_cabi Order Items/Size' is: 'Select'

2019-05-08 17:14:43 - [MESSAGE][PASSED] - Text of object 'Object Repository/Page_cabi Order Items/Size' is: 'Select'

2019-05-08 17:14:43 - [TEST_STEP][PASSED] - sizeOptions = findWebElements(findTestObject("Object Repository/Page_cabi Order Items/Size"), 5): null

2019-05-08 17:14:43 - [TEST_STEP][PASSED] - actualRange = new java.util.ArrayList(): null

2019-05-08 17:14:43 - [TEST_STEP][PASSED] - expectedRange = <not implemented yet for class: org.codehaus.groovy.ast.expr.EmptyExpression>: null

2019-05-08 17:14:43 - [TEST_STEP][PASSED] - if (sizeType.equalsIgnoreCase("Select")): null

2019-05-08 17:14:43 - [TEST_STEP][PASSED] - for ([i = 1, i < sizeOptions.size(), (i++)]): null

2019-05-08 17:14:43 - [TEST_STEP][PASSED] - actualRange.add(get(i).getText()): null

2019-05-08 17:14:43 - [TEST_STEP][PASSED] - actualRange.add(get(i).getText()): null

2019-05-08 17:14:43 - [TEST_STEP][PASSED] - actualRange.add(get(i).getText()): null

2019-05-08 17:14:43 - [TEST_STEP][PASSED] - actualRange.add(get(i).getText()): null

2019-05-08 17:14:43 - [TEST_STEP][PASSED] - actualRange.add(get(i).getText()): null

2019-05-08 17:14:43 - [TEST_STEP][PASSED] - if (toString().equalsIgnoreCase("XS") || toString().equalsIgnoreCase("XXS")): null

2019-05-08 17:14:43 - [TEST_STEP][PASSED] - expectedRange = UtilityMethods.getExpectedRange(sizeRange1, sizeRangeSplit): null

2019-05-08 17:14:43 - [TEST_STEP][PASSED] - println("XS"): null

2019-05-08 17:14:43 - [TEST_STEP][PASSED] - println(expectedRange.toString()): null

2019-05-08 17:14:43 - [TEST_STEP][PASSED] - assert UtilityMethods.listEquals(expectedRange, actualRange) == true: null

2019-05-08 17:14:43 - [TEST_STEP][PASSED] - delay(3): Delayed 3 second(s)

2019-05-08 17:14:46 - [MESSAGE][PASSED] - Delayed 3 second(s)

2019-05-08 17:14:46 - [MESSAGE][PASSED] - Call Test Case 'Test Cases/productVerifyShort' successfully

2019-05-08 17:14:46 - [TEST_STEP][PASSED] - callTestCase(findTestCase("populateTimeGlobalVars"), ["row":timeRow], STOP_ON_FAILURE): Call Test Case 'Test Cases/populateTimeGlobalVars' successfully

2019-05-08 17:14:47 - [TEST_CASE][PASSED] - Test Cases/populateTimeGlobalVars: Test Cases/populateTimeGlobalVars

2019-05-08 17:14:47 - [TEST_STEP][PASSED] - dataFile = "timezoneData": null

2019-05-08 17:14:47 - [TEST_STEP][PASSED] - serverTarget = UtilityMethods.getTestData(dataFile, "serverTarget", row): null

2019-05-08 17:14:47 - [TEST_STEP][PASSED] - orderType = UtilityMethods.getTestData(dataFile, "orderType", row): null

2019-05-08 17:14:47 - [TEST_STEP][PASSED] - timeZone = UtilityMethods.getTestData(dataFile, "timeZone", row): null

2019-05-08 17:14:47 - [TEST_STEP][PASSED] - BOPersonal = UtilityMethods.getTestData(dataFile, "BOPersonal", row): null

2019-05-08 17:14:47 - [TEST_STEP][PASSED] - BOAddon = UtilityMethods.getTestData(dataFile, "BOAddon", row): null

2019-05-08 17:14:47 - [TEST_STEP][PASSED] - BORetail = UtilityMethods.getTestData(dataFile, "BORetail", row): null

2019-05-08 17:14:47 - [TEST_STEP][PASSED] - BOShow = UtilityMethods.getTestData(dataFile, "BOShow", row): null

2019-05-08 17:14:47 - [TEST_STEP][PASSED] - BOOnlineoutlet = UtilityMethods.getTestData(dataFile, "BOOnlineoutlet", row): null

2019-05-08 17:14:47 - [TEST_STEP][PASSED] - BOEmployee = UtilityMethods.getTestData(dataFile, "BOEmployee", row): null

2019-05-08 17:14:47 - [TEST_STEP][PASSED] - CCPersonal = UtilityMethods.getTestData(dataFile, "CCPersonal", row): null

2019-05-08 17:14:47 - [TEST_STEP][PASSED] - CCRetail = UtilityMethods.getTestData(dataFile, "CCRetail", row): null

2019-05-08 17:14:47 - [TEST_STEP][PASSED] - CCShow = UtilityMethods.getTestData(dataFile, "CCShow", row): null

2019-05-08 17:14:47 - [MESSAGE][PASSED] - Call Test Case 'Test Cases/populateTimeGlobalVars' successfully

2019-05-08 17:14:47 - [TEST_STEP][PASSED] - callTestCase(findTestCase("newArrivalsSetTimezone"), ["ofbizURL":ofbizURL, "ofbizuser":ofbizuser, "ofbizpass":ofbizpass, "orderType":orderType, "timeZone":timeZone, "serverTarget":serverTarget], STOP_ON_FAILURE): Call Test Case 'Test Cases/newArrivalsSetTimezone' successfully

2019-05-08 17:14:47 - [TEST_CASE][PASSED] - Test Cases/newArrivalsSetTimezone: Test Cases/newArrivalsSetTimezone

2019-05-08 17:14:47 - [TEST_STEP][NOT_RUN] - openBrowser(""): NOT_RUN: openBrowser("")

2019-05-08 17:14:47 - [MESSAGE][NOT_RUN] - NOT_RUN: openBrowser("")

2019-05-08 17:14:47 - [TEST_STEP][NOT_RUN] - maximizeWindow(): NOT_RUN: maximizeWindow()

2019-05-08 17:14:47 - [MESSAGE][NOT_RUN] - NOT_RUN: maximizeWindow()

2019-05-08 17:14:47 - [TEST_STEP][PASSED] - navigateToUrl(ofbizURL): Navigate to 'https://pushofbiz.cliotest.com/login.php' successfully

2019-05-08 17:14:49 - [MESSAGE][PASSED] - Navigate to 'https://pushofbiz.cliotest.com/login.php' successfully

2019-05-08 17:14:49 - [TEST_STEP][PASSED] - setText(findTestObject("Page_/input_Username_username"), ofbizuser): Text 'sshinde' is set on object 'Object Repository/Page_/input_Username_username'

2019-05-08 17:14:49 - [MESSAGE][PASSED] - Text 'sshinde' is set on object 'Object Repository/Page_/input_Username_username'

2019-05-08 17:14:49 - [TEST_STEP][PASSED] - setText(findTestObject("Page_/input_Password_password"), ofbizpass): Text 'C@bi$ush5' is set on object 'Object Repository/Page_/input_Password_password'

2019-05-08 17:14:49 - [MESSAGE][PASSED] - Text 'C@bi$ush5' is set on object 'Object Repository/Page_/input_Password_password'

2019-05-08 17:14:49 - [TEST_STEP][PASSED] - click(findTestObject("Page_/input_Password_Submit")): Object: 'Object Repository/Page_/input_Password_Submit' is clicked on

2019-05-08 17:14:52 - [MESSAGE][PASSED] - Object: 'Object Repository/Page_/input_Password_Submit' is clicked on

2019-05-08 17:14:52 - [TEST_STEP][PASSED] - click(findTestObject("Object Repository/Page_/a_Clock set")): Object: 'Object Repository/Page_/a_Clock set' is clicked on

2019-05-08 17:14:53 - [MESSAGE][PASSED] - Object: 'Object Repository/Page_/a_Clock set' is clicked on

2019-05-08 17:14:53 - [TEST_STEP][PASSED] - selectOptionByLabel(findTestObject("Object Repository/Page_/serverTarget"), serverTarget, true): All options with label 'test14' are selected in object 'Object Repository/Page_/serverTarget'  using regular expression

2019-05-08 17:14:54 - [MESSAGE][PASSED] - All options with label 'test14' are selected in object 'Object Repository/Page_/serverTarget'  using regular expression

2019-05-08 17:14:54 - [TEST_STEP][PASSED] - click(findTestObject("Page_/thisDateAndTime")): Object: 'Object Repository/Page_/thisDateAndTime' is clicked on

2019-05-08 17:14:54 - [MESSAGE][PASSED] - Object: 'Object Repository/Page_/thisDateAndTime' is clicked on

2019-05-08 17:14:54 - [TEST_STEP][PASSED] - setText(findTestObject("Object Repository/Page_/setTargetTime"), timeZone): Text ' 05/08/2019 7:00' is set on object 'Object Repository/Page_/setTargetTime'

2019-05-08 17:14:54 - [MESSAGE][PASSED] - Text ' 05/08/2019 7:00' is set on object 'Object Repository/Page_/setTargetTime'

2019-05-08 17:14:54 - [TEST_STEP][PASSED] - click(findTestObject("Object Repository/Page_/input")): Object: 'Object Repository/Page_/input' is clicked on

2019-05-08 17:14:55 - [MESSAGE][PASSED] - Object: 'Object Repository/Page_/input' is clicked on

2019-05-08 17:14:55 - [TEST_STEP][PASSED] - delay(10): Delayed 10 second(s)

2019-05-08 17:15:05 - [MESSAGE][PASSED] - Delayed 10 second(s)

2019-05-08 17:15:05 - [TEST_STEP][PASSED] - closeBrowser(): Browser is closed

2019-05-08 17:15:06 - [MESSAGE][PASSED] - Browser is closed

2019-05-08 17:15:06 - [MESSAGE][PASSED] - Call Test Case 'Test Cases/newArrivalsSetTimezone' successfully

2019-05-08 17:15:06 - [TEST_STEP][PASSED] - openBrowser(""): Browser is opened with url: ''

2019-05-08 17:15:06 - [MESSAGE][INFO] - Starting 'Chrome' driver

2019-05-08 17:15:08 - [MESSAGE][PASSED] - Browser is opened with url: ''

2019-05-08 17:15:08 - [TEST_STEP][PASSED] - callTestCase(findTestCase("backOfficeLogin"), ["BOURL":"", "BOuser":"", "BOpass":""], STOP_ON_FAILURE): Call Test Case 'Test Cases/backOfficeLogin' successfully

2019-05-08 17:15:08 - [TEST_CASE][PASSED] - Test Cases/backOfficeLogin: Test Cases/backOfficeLogin

2019-05-08 17:15:08 - [TEST_STEP][PASSED] - BOURL = findTestData("credData").getValue("BOURL", 1): null

2019-05-08 17:15:08 - [TEST_STEP][PASSED] - BOuser = findTestData("credData").getValue("BOuser", 1): null

2019-05-08 17:15:08 - [TEST_STEP][PASSED] - BOpass = findTestData("credData").getValue("BOpass", 1): null

2019-05-08 17:15:08 - [TEST_STEP][PASSED] - navigateToUrl(BOURL): Navigate to 'https://test14.cliotest.com/backoffice/control/main' successfully

2019-05-08 17:15:18 - [MESSAGE][PASSED] - Navigate to 'https://test14.cliotest.com/backoffice/control/main' successfully

2019-05-08 17:15:18 - [TEST_STEP][PASSED] - maximizeWindow(): Current window maximized

2019-05-08 17:15:20 - [MESSAGE][PASSED] - Current window maximized

2019-05-08 17:15:20 - [TEST_STEP][PASSED] - logOut = findWebElements(findTestObject("Object Repository/Page_cabi Home/log_out"), 5): Unable to find the element located by 'By.xpath: //a[contains(text(),'Log Out')]'. Please recheck the objects properties to make sure the desired element is located. 

2019-05-08 17:15:25 - [MESSAGE][INFO] - Unable to find the element located by 'By.xpath: //a[contains(text(),'Log Out')]'. Please recheck the objects properties to make sure the desired element is located. 

2019-05-08 17:15:25 - [TEST_STEP][PASSED] - if (logOut.size() == 0): Object: 'Object Repository/Page_cabi/input_Welcome to_consultantLogin' is clicked on

2019-05-08 17:15:25 - [TEST_STEP][PASSED] - setText(findTestObject("Page_cabi/input_Welcome to_USERNAME"), BOuser): Text '400000002' is set on object 'Object Repository/Page_cabi/input_Welcome to_USERNAME'

2019-05-08 17:15:25 - [MESSAGE][PASSED] - Text '400000002' is set on object 'Object Repository/Page_cabi/input_Welcome to_USERNAME'

2019-05-08 17:15:25 - [TEST_STEP][PASSED] - setText(findTestObject("Object Repository/Page_cabi/input_Welcome to_PASSWORD"), BOpass): Text 'blackdress19' is set on object 'Object Repository/Page_cabi/input_Welcome to_PASSWORD'

2019-05-08 17:15:25 - [MESSAGE][PASSED] - Text 'blackdress19' is set on object 'Object Repository/Page_cabi/input_Welcome to_PASSWORD'

2019-05-08 17:15:25 - [TEST_STEP][PASSED] - delay(3): Delayed 3 second(s)

2019-05-08 17:15:28 - [MESSAGE][PASSED] - Delayed 3 second(s)

2019-05-08 17:15:28 - [TEST_STEP][PASSED] - click(findTestObject("Object Repository/Page_cabi/input_Welcome to_consultantLogin")): Object: 'Object Repository/Page_cabi/input_Welcome to_consultantLogin' is clicked on

2019-05-08 17:15:42 - [MESSAGE][PASSED] - Object: 'Object Repository/Page_cabi/input_Welcome to_consultantLogin' is clicked on

2019-05-08 17:15:42 - [TEST_STEP][PASSED] - delay(3): Delayed 3 second(s)

2019-05-08 17:15:45 - [MESSAGE][PASSED] - Delayed 3 second(s)

2019-05-08 17:15:45 - [MESSAGE][PASSED] - Call Test Case 'Test Cases/backOfficeLogin' successfully

2019-05-08 17:15:45 - [TEST_STEP][PASSED] - click(findTestObject("Object Repository/Page_cabi Home/a_Shows  Orders")): Object: 'Object Repository/Page_cabi Home/a_Shows  Orders' is clicked on

2019-05-08 17:15:45 - [MESSAGE][PASSED] - Object: 'Object Repository/Page_cabi Home/a_Shows  Orders' is clicked on

2019-05-08 17:15:45 - [TEST_STEP][PASSED] - delay(3): Delayed 3 second(s)

2019-05-08 17:15:48 - [MESSAGE][PASSED] - Delayed 3 second(s)

2019-05-08 17:15:48 - [TEST_STEP][PASSED] - click(findTestObject("Page_cabi Home/a_personal_purchases")): Object: 'Object Repository/Page_cabi Home/a_personal_purchases' is clicked on

2019-05-08 17:15:51 - [MESSAGE][PASSED] - Object: 'Object Repository/Page_cabi Home/a_personal_purchases' is clicked on

2019-05-08 17:15:51 - [TEST_STEP][PASSED] - click(findTestObject("Object Repository/Page_cabi Personal Store/span_Continue to Order")): Object: 'Object Repository/Page_cabi Personal Store/span_Continue to Order' is clicked on

2019-05-08 17:15:51 - [MESSAGE][PASSED] - Object: 'Object Repository/Page_cabi Personal Store/span_Continue to Order' is clicked on

2019-05-08 17:15:51 - [TEST_STEP][PASSED] - callTestCase(findTestCase("productVerify"), ["available":BOPersonal, "storeType":"BOPersonal"], STOP_ON_FAILURE): Call Test Case 'Test Cases/productVerify' successfully

2019-05-08 17:15:51 - [TEST_CASE][PASSED] - Test Cases/productVerify: Test Cases/productVerify

2019-05-08 17:15:51 - [TEST_STEP][PASSED] - for ([row = 1, row <= findTestData("productData").getRowNumbers(), (row++)]): null

2019-05-08 17:15:51 - [TEST_STEP][PASSED] - setText(findTestObject("Object Repository/Page_cabi Order Items/input_New Arrivals - Blooming Blush_style"), findTestData("productData").getValue("Style", row)): Text '5618' is set on object 'Object Repository/Page_cabi Order Items/input_New Arrivals - Blooming Blush_style'

2019-05-08 17:15:52 - [MESSAGE][PASSED] - Text '5618' is set on object 'Object Repository/Page_cabi Order Items/input_New Arrivals - Blooming Blush_style'

2019-05-08 17:15:52 - [TEST_STEP][PASSED] - sendKeys(findTestObject("Object Repository/Page_cabi Order Items/input_New Arrivals - Blooming Blush_style"), Keys.chord(ENTER)): Keys 'ENTER + ' sent to object: 'Object Repository/Page_cabi Order Items/input_New Arrivals - Blooming Blush_style'

2019-05-08 17:15:52 - [MESSAGE][PASSED] - Keys 'ENTER + ' sent to object: 'Object Repository/Page_cabi Order Items/input_New Arrivals - Blooming Blush_style'

2019-05-08 17:15:52 - [TEST_STEP][PASSED] - delay(5): Delayed 5 second(s)

2019-05-08 17:15:57 - [MESSAGE][PASSED] - Delayed 5 second(s)

2019-05-08 17:15:57 - [TEST_STEP][PASSED] - if (toString().equalsIgnoreCase("no")): null

2019-05-08 17:15:57 - [TEST_STEP][PASSED] - else: null

2019-05-08 17:15:57 - [TEST_STEP][PASSED] - click(findTestObject("Page_cabi Order Items/li_order_item")): Object: 'Object Repository/Page_cabi Order Items/li_order_item' is clicked on

2019-05-08 17:15:57 - [MESSAGE][PASSED] - Object: 'Object Repository/Page_cabi Order Items/li_order_item' is clicked on

2019-05-08 17:15:57 - [TEST_STEP][PASSED] - delay(5): Delayed 5 second(s)

2019-05-08 17:16:02 - [MESSAGE][PASSED] - Delayed 5 second(s)

2019-05-08 17:16:02 - [TEST_STEP][PASSED] - imgString1 = getValue("Style", row).toString(): null

2019-05-08 17:16:02 - [TEST_STEP][PASSED] - imagePath = UtilityMethods.createScreenshotImagePath(storeType, imgString1): null

2019-05-08 17:16:02 - [TEST_STEP][PASSED] - println(imagePath): null

2019-05-08 17:16:02 - [TEST_STEP][PASSED] - takeScreenshot(imagePath): Taking screenshot successfully

2019-05-08 17:16:02 - [MESSAGE][PASSED] - Taking screenshot successfully
[[ATTACHMENT|C:\\Users\\user\\Documents\\testautomation\\NewArrivals\\productImages\\BOPersonal_5618 image.png]]

2019-05-08 17:16:02 - [TEST_STEP][PASSED] - verifyElementText(findTestObject("Page_cabi Order Items/GetAttribute_getID"), findTestData("productData").getValue("Style", row)): Actual text and expected text of test object 'Object Repository/Page_cabi Order Items/GetAttribute_getID' are matched.

2019-05-08 17:16:02 - [MESSAGE][PASSED] - Actual text and expected text of test object 'Object Repository/Page_cabi Order Items/GetAttribute_getID' are matched.

2019-05-08 17:16:02 - [TEST_STEP][PASSED] - colorOptions = findWebElements(findTestObject("Page_cabi Order Items/GetAttribute_Color"), 5): null

2019-05-08 17:16:02 - [TEST_STEP][PASSED] - println(colorOptions.size()): null

2019-05-08 17:16:02 - [TEST_STEP][PASSED] - expectedColour = findTestData("productData").getValue("Color", row): null

2019-05-08 17:16:02 - [TEST_STEP][PASSED] - println("expected colour is"): null

2019-05-08 17:16:02 - [TEST_STEP][PASSED] - println(expectedColour): null

2019-05-08 17:16:02 - [TEST_STEP][PASSED] - colourVerified = false: null

2019-05-08 17:16:02 - [TEST_STEP][PASSED] - for (org.openqa.selenium.WebElement op : colorOptions): null

2019-05-08 17:16:02 - [TEST_STEP][PASSED] - println(op.getText()): null

2019-05-08 17:16:02 - [TEST_STEP][PASSED] - if (expectedColour.equalsIgnoreCase(op.getText())): null

2019-05-08 17:16:02 - [TEST_STEP][PASSED] - colourVerified = true: null

2019-05-08 17:16:02 - [TEST_STEP][PASSED] - break: null

2019-05-08 17:16:02 - [TEST_STEP][PASSED] - assert colourVerified == true: null

2019-05-08 17:16:02 - [TEST_STEP][PASSED] - getPrice = getText(findTestObject("Page_cabi Order Items/GetAttribute_Price")): Text of object 'Object Repository/Page_cabi Order Items/GetAttribute_Price' is: 'Price : $119.00'

2019-05-08 17:16:02 - [MESSAGE][PASSED] - Text of object 'Object Repository/Page_cabi Order Items/GetAttribute_Price' is: 'Price : $119.00'

2019-05-08 17:16:02 - [TEST_STEP][PASSED] - Split_Data = UtilityMethods.SplitData(getPrice): null

2019-05-08 17:16:02 - [TEST_STEP][PASSED] - verifyMatch(Split_Data, findTestData("productData").getValue("Retail", row), true): Actual text '119' and expected text '119' are matched  using regular expression

2019-05-08 17:16:02 - [MESSAGE][PASSED] - Actual text '119' and expected text '119' are matched  using regular expression

2019-05-08 17:16:02 - [TEST_STEP][PASSED] - sizeRange1 = ["XXS", "XS", "S", "M", "L", "XL"]: null

2019-05-08 17:16:02 - [TEST_STEP][PASSED] - sizeRange2 = ["00", "0", "2", "4", "6", "8", "10", "12", "14", "16"]: null

2019-05-08 17:16:02 - [TEST_STEP][PASSED] - sizeRange3 = ["Long", "Regular", "Short"]: null

2019-05-08 17:16:02 - [TEST_STEP][PASSED] - sizeRange4 = ["5", "6", "6.5", "7", "7.5", "8", "8.5", "9", "9.5", "10", "11"]: null

2019-05-08 17:16:02 - [TEST_STEP][PASSED] - sizeRangeSplit = UtilityMethods.SplitSizes(findTestData("productData").getValue("SzRange", row)): null

2019-05-08 17:16:02 - [TEST_STEP][PASSED] - sizeType = getText(findTestObject("Object Repository/Page_cabi Order Items/Size")): Text of object 'Object Repository/Page_cabi Order Items/Size' is: 'Select'

2019-05-08 17:16:02 - [MESSAGE][PASSED] - Text of object 'Object Repository/Page_cabi Order Items/Size' is: 'Select'

2019-05-08 17:16:02 - [TEST_STEP][PASSED] - sizeOptions = findWebElements(findTestObject("Object Repository/Page_cabi Order Items/Size"), 5): null

2019-05-08 17:16:02 - [TEST_STEP][PASSED] - actualRange = new java.util.ArrayList(): null

2019-05-08 17:16:02 - [TEST_STEP][PASSED] - expectedRange = <not implemented yet for class: org.codehaus.groovy.ast.expr.EmptyExpression>: null

2019-05-08 17:16:02 - [TEST_STEP][PASSED] - if (sizeType.equalsIgnoreCase("Select")): null

2019-05-08 17:16:02 - [TEST_STEP][PASSED] - for ([i = 1, i < sizeOptions.size(), (i++)]): null

2019-05-08 17:16:02 - [TEST_STEP][PASSED] - actualRange.add(getAttribute("value").toString()): null

2019-05-08 17:16:02 - [TEST_STEP][PASSED] - actualRange.add(getAttribute("value").toString()): null

2019-05-08 17:16:02 - [TEST_STEP][PASSED] - actualRange.add(getAttribute("value").toString()): null

2019-05-08 17:16:02 - [TEST_STEP][PASSED] - actualRange.add(getAttribute("value").toString()): null

2019-05-08 17:16:02 - [TEST_STEP][PASSED] - actualRange.add(getAttribute("value").toString()): null

2019-05-08 17:16:02 - [TEST_STEP][PASSED] - if (toString().equalsIgnoreCase("XS") || toString().equalsIgnoreCase("XXS")): null

2019-05-08 17:16:02 - [TEST_STEP][PASSED] - expectedRange = UtilityMethods.getExpectedRange(sizeRange1, sizeRangeSplit): null

2019-05-08 17:16:02 - [TEST_STEP][PASSED] - println("XS"): null

2019-05-08 17:16:02 - [TEST_STEP][PASSED] - println(expectedRange.toString()): null

2019-05-08 17:16:02 - [TEST_STEP][PASSED] - assert UtilityMethods.listEquals(expectedRange, actualRange) == true: null

2019-05-08 17:16:02 - [TEST_STEP][PASSED] - delay(2): Delayed 2 second(s)

2019-05-08 17:16:04 - [MESSAGE][PASSED] - Delayed 2 second(s)

2019-05-08 17:16:04 - [TEST_STEP][PASSED] - verifyElementText(findTestObject("Page_cabi Order Items/product_title"), findTestData("productData").getValue("Description", row)): Actual text and expected text of test object 'Object Repository/Page_cabi Order Items/product_title' are matched.

2019-05-08 17:16:05 - [MESSAGE][PASSED] - Actual text and expected text of test object 'Object Repository/Page_cabi Order Items/product_title' are matched.

2019-05-08 17:16:05 - [TEST_STEP][PASSED] - verifyElementText(findTestObject("Page_cabi Order Items/product_fabric"), findTestData("productData").getValue("FinalContent", row)): Actual text and expected text of test object 'Object Repository/Page_cabi Order Items/product_fabric' are matched.

2019-05-08 17:16:05 - [MESSAGE][PASSED] - Actual text and expected text of test object 'Object Repository/Page_cabi Order Items/product_fabric' are matched.

2019-05-08 17:16:05 - [TEST_STEP][PASSED] - actualCasreIntrn = "<div>" + getText(findTestObject("Page_cabi Order Items/care_instruction")) + "</div>": Text of object 'Object Repository/Page_cabi Order Items/care_instruction' is: 'Turn garment inside out and place in a mesh bag. Machine wash separately in cold water on the delicate cycle. Only non-chlorine bleach if needed. Do not twist or wring. Lay flat to dry. Warm iron if needed. Can be dry cleaned.'

2019-05-08 17:16:05 - [MESSAGE][PASSED] - Text of object 'Object Repository/Page_cabi Order Items/care_instruction' is: 'Turn garment inside out and place in a mesh bag. Machine wash separately in cold water on the delicate cycle. Only non-chlorine bleach if needed. Do not twist or wring. Lay flat to dry. Warm iron if needed. Can be dry cleaned.'

2019-05-08 17:16:05 - [TEST_STEP][PASSED] - assert actualCasreIntrn.equals(findTestData("productData").getValue("CareInstr", row)): null

2019-05-08 17:16:05 - [MESSAGE][PASSED] - Call Test Case 'Test Cases/productVerify' successfully

2019-05-08 17:16:05 - [TEST_STEP][PASSED] - click(findTestObject("Object Repository/Page_cabi Home/a_Shows  Orders")): Object: 'Object Repository/Page_cabi Home/a_Shows  Orders' is clicked on

2019-05-08 17:16:05 - [MESSAGE][PASSED] - Object: 'Object Repository/Page_cabi Home/a_Shows  Orders' is clicked on

2019-05-08 17:16:05 - [TEST_STEP][PASSED] - delay(3): Delayed 3 second(s)

2019-05-08 17:16:08 - [MESSAGE][PASSED] - Delayed 3 second(s)

2019-05-08 17:16:08 - [TEST_STEP][PASSED] - rightClick(findTestObject("Page_cabi Home/a_Shows  Orders")): Object: 'Object Repository/Page_cabi Home/a_Shows  Orders' is right clicked on

2019-05-08 17:16:08 - [MESSAGE][PASSED] - Object: 'Object Repository/Page_cabi Home/a_Shows  Orders' is right clicked on

2019-05-08 17:16:08 - [TEST_STEP][PASSED] - click(findTestObject("Page_cabi Home/a_retail_purchases")): Object: 'Object Repository/Page_cabi Home/a_retail_purchases' is clicked on

2019-05-08 17:16:14 - [MESSAGE][PASSED] - Object: 'Object Repository/Page_cabi Home/a_retail_purchases' is clicked on

2019-05-08 17:16:14 - [TEST_STEP][PASSED] - click(findTestObject("Object Repository/Page_cabi Retail Store/span_Continue to Order")): Object: 'Object Repository/Page_cabi Retail Store/span_Continue to Order' is clicked on

2019-05-08 17:16:14 - [MESSAGE][PASSED] - Object: 'Object Repository/Page_cabi Retail Store/span_Continue to Order' is clicked on

2019-05-08 17:16:14 - [TEST_STEP][PASSED] - callTestCase(findTestCase("productVerify"), ["available":BORetail, "storeType":"BORetail"], STOP_ON_FAILURE): Call Test Case 'Test Cases/productVerify' successfully

2019-05-08 17:16:14 - [TEST_CASE][PASSED] - Test Cases/productVerify: Test Cases/productVerify

2019-05-08 17:16:14 - [TEST_STEP][PASSED] - for ([row = 1, row <= findTestData("productData").getRowNumbers(), (row++)]): null

2019-05-08 17:16:14 - [TEST_STEP][PASSED] - setText(findTestObject("Object Repository/Page_cabi Order Items/input_New Arrivals - Blooming Blush_style"), findTestData("productData").getValue("Style", row)): Text '5618' is set on object 'Object Repository/Page_cabi Order Items/input_New Arrivals - Blooming Blush_style'

2019-05-08 17:16:16 - [MESSAGE][PASSED] - Text '5618' is set on object 'Object Repository/Page_cabi Order Items/input_New Arrivals - Blooming Blush_style'

2019-05-08 17:16:16 - [TEST_STEP][PASSED] - sendKeys(findTestObject("Object Repository/Page_cabi Order Items/input_New Arrivals - Blooming Blush_style"), Keys.chord(ENTER)): Keys 'ENTER + ' sent to object: 'Object Repository/Page_cabi Order Items/input_New Arrivals - Blooming Blush_style'

2019-05-08 17:16:16 - [MESSAGE][PASSED] - Keys 'ENTER + ' sent to object: 'Object Repository/Page_cabi Order Items/input_New Arrivals - Blooming Blush_style'

2019-05-08 17:16:16 - [TEST_STEP][PASSED] - delay(5): Delayed 5 second(s)

2019-05-08 17:16:21 - [MESSAGE][PASSED] - Delayed 5 second(s)

2019-05-08 17:16:21 - [TEST_STEP][PASSED] - if (toString().equalsIgnoreCase("no")): null

2019-05-08 17:16:21 - [TEST_STEP][PASSED] - else: null

2019-05-08 17:16:21 - [TEST_STEP][PASSED] - click(findTestObject("Page_cabi Order Items/li_order_item")): Object: 'Object Repository/Page_cabi Order Items/li_order_item' is clicked on

2019-05-08 17:16:21 - [MESSAGE][PASSED] - Object: 'Object Repository/Page_cabi Order Items/li_order_item' is clicked on

2019-05-08 17:16:21 - [TEST_STEP][PASSED] - delay(5): Delayed 5 second(s)

2019-05-08 17:16:26 - [MESSAGE][PASSED] - Delayed 5 second(s)

2019-05-08 17:16:26 - [TEST_STEP][PASSED] - imgString1 = getValue("Style", row).toString(): null

2019-05-08 17:16:26 - [TEST_STEP][PASSED] - imagePath = UtilityMethods.createScreenshotImagePath(storeType, imgString1): null

2019-05-08 17:16:26 - [TEST_STEP][PASSED] - println(imagePath): null

2019-05-08 17:16:26 - [TEST_STEP][PASSED] - takeScreenshot(imagePath): Taking screenshot successfully

2019-05-08 17:16:27 - [MESSAGE][PASSED] - Taking screenshot successfully
[[ATTACHMENT|C:\\Users\\user\\Documents\\testautomation\\NewArrivals\\productImages\\BORetail_5618 image.png]]

2019-05-08 17:16:27 - [TEST_STEP][PASSED] - verifyElementText(findTestObject("Page_cabi Order Items/GetAttribute_getID"), findTestData("productData").getValue("Style", row)): Actual text and expected text of test object 'Object Repository/Page_cabi Order Items/GetAttribute_getID' are matched.

2019-05-08 17:16:27 - [MESSAGE][PASSED] - Actual text and expected text of test object 'Object Repository/Page_cabi Order Items/GetAttribute_getID' are matched.

2019-05-08 17:16:27 - [TEST_STEP][PASSED] - colorOptions = findWebElements(findTestObject("Page_cabi Order Items/GetAttribute_Color"), 5): null

2019-05-08 17:16:27 - [TEST_STEP][PASSED] - println(colorOptions.size()): null

2019-05-08 17:16:27 - [TEST_STEP][PASSED] - expectedColour = findTestData("productData").getValue("Color", row): null

2019-05-08 17:16:27 - [TEST_STEP][PASSED] - println("expected colour is"): null

2019-05-08 17:16:27 - [TEST_STEP][PASSED] - println(expectedColour): null

2019-05-08 17:16:27 - [TEST_STEP][PASSED] - colourVerified = false: null

2019-05-08 17:16:27 - [TEST_STEP][PASSED] - for (org.openqa.selenium.WebElement op : colorOptions): null

2019-05-08 17:16:27 - [TEST_STEP][PASSED] - println(op.getText()): null

2019-05-08 17:16:27 - [TEST_STEP][PASSED] - if (expectedColour.equalsIgnoreCase(op.getText())): null

2019-05-08 17:16:27 - [TEST_STEP][PASSED] - colourVerified = true: null

2019-05-08 17:16:27 - [TEST_STEP][PASSED] - break: null

2019-05-08 17:16:27 - [TEST_STEP][PASSED] - assert colourVerified == true: null

2019-05-08 17:16:27 - [TEST_STEP][PASSED] - getPrice = getText(findTestObject("Page_cabi Order Items/GetAttribute_Price")): Text of object 'Object Repository/Page_cabi Order Items/GetAttribute_Price' is: 'Price : $119.00'

2019-05-08 17:16:27 - [MESSAGE][PASSED] - Text of object 'Object Repository/Page_cabi Order Items/GetAttribute_Price' is: 'Price : $119.00'

2019-05-08 17:16:27 - [TEST_STEP][PASSED] - Split_Data = UtilityMethods.SplitData(getPrice): null

2019-05-08 17:16:27 - [TEST_STEP][PASSED] - verifyMatch(Split_Data, findTestData("productData").getValue("Retail", row), true): Actual text '119' and expected text '119' are matched  using regular expression

2019-05-08 17:16:27 - [MESSAGE][PASSED] - Actual text '119' and expected text '119' are matched  using regular expression

2019-05-08 17:16:27 - [TEST_STEP][PASSED] - sizeRange1 = ["XXS", "XS", "S", "M", "L", "XL"]: null

2019-05-08 17:16:27 - [TEST_STEP][PASSED] - sizeRange2 = ["00", "0", "2", "4", "6", "8", "10", "12", "14", "16"]: null

2019-05-08 17:16:27 - [TEST_STEP][PASSED] - sizeRange3 = ["Long", "Regular", "Short"]: null

2019-05-08 17:16:27 - [TEST_STEP][PASSED] - sizeRange4 = ["5", "6", "6.5", "7", "7.5", "8", "8.5", "9", "9.5", "10", "11"]: null

2019-05-08 17:16:27 - [TEST_STEP][PASSED] - sizeRangeSplit = UtilityMethods.SplitSizes(findTestData("productData").getValue("SzRange", row)): null

2019-05-08 17:16:27 - [TEST_STEP][PASSED] - sizeType = getText(findTestObject("Object Repository/Page_cabi Order Items/Size")): Text of object 'Object Repository/Page_cabi Order Items/Size' is: 'Select'

2019-05-08 17:16:27 - [MESSAGE][PASSED] - Text of object 'Object Repository/Page_cabi Order Items/Size' is: 'Select'

2019-05-08 17:16:27 - [TEST_STEP][PASSED] - sizeOptions = findWebElements(findTestObject("Object Repository/Page_cabi Order Items/Size"), 5): null

2019-05-08 17:16:27 - [TEST_STEP][PASSED] - actualRange = new java.util.ArrayList(): null

2019-05-08 17:16:27 - [TEST_STEP][PASSED] - expectedRange = <not implemented yet for class: org.codehaus.groovy.ast.expr.EmptyExpression>: null

2019-05-08 17:16:27 - [TEST_STEP][PASSED] - if (sizeType.equalsIgnoreCase("Select")): null

2019-05-08 17:16:27 - [TEST_STEP][PASSED] - for ([i = 1, i < sizeOptions.size(), (i++)]): null

2019-05-08 17:16:27 - [TEST_STEP][PASSED] - actualRange.add(getAttribute("value").toString()): null

2019-05-08 17:16:27 - [TEST_STEP][PASSED] - actualRange.add(getAttribute("value").toString()): null

2019-05-08 17:16:27 - [TEST_STEP][PASSED] - actualRange.add(getAttribute("value").toString()): null

2019-05-08 17:16:27 - [TEST_STEP][PASSED] - actualRange.add(getAttribute("value").toString()): null

2019-05-08 17:16:27 - [TEST_STEP][PASSED] - actualRange.add(getAttribute("value").toString()): null

2019-05-08 17:16:27 - [TEST_STEP][PASSED] - if (toString().equalsIgnoreCase("XS") || toString().equalsIgnoreCase("XXS")): null

2019-05-08 17:16:27 - [TEST_STEP][PASSED] - expectedRange = UtilityMethods.getExpectedRange(sizeRange1, sizeRangeSplit): null

2019-05-08 17:16:27 - [TEST_STEP][PASSED] - println("XS"): null

2019-05-08 17:16:27 - [TEST_STEP][PASSED] - println(expectedRange.toString()): null

2019-05-08 17:16:27 - [TEST_STEP][PASSED] - assert UtilityMethods.listEquals(expectedRange, actualRange) == true: null

2019-05-08 17:16:27 - [TEST_STEP][PASSED] - delay(2): Delayed 2 second(s)

2019-05-08 17:16:29 - [MESSAGE][PASSED] - Delayed 2 second(s)

2019-05-08 17:16:29 - [TEST_STEP][PASSED] - verifyElementText(findTestObject("Page_cabi Order Items/product_title"), findTestData("productData").getValue("Description", row)): Actual text and expected text of test object 'Object Repository/Page_cabi Order Items/product_title' are matched.

2019-05-08 17:16:29 - [MESSAGE][PASSED] - Actual text and expected text of test object 'Object Repository/Page_cabi Order Items/product_title' are matched.

2019-05-08 17:16:29 - [TEST_STEP][PASSED] - verifyElementText(findTestObject("Page_cabi Order Items/product_fabric"), findTestData("productData").getValue("FinalContent", row)): Actual text and expected text of test object 'Object Repository/Page_cabi Order Items/product_fabric' are matched.

2019-05-08 17:16:29 - [MESSAGE][PASSED] - Actual text and expected text of test object 'Object Repository/Page_cabi Order Items/product_fabric' are matched.

2019-05-08 17:16:29 - [TEST_STEP][PASSED] - actualCasreIntrn = "<div>" + getText(findTestObject("Page_cabi Order Items/care_instruction")) + "</div>": Text of object 'Object Repository/Page_cabi Order Items/care_instruction' is: 'Turn garment inside out and place in a mesh bag. Machine wash separately in cold water on the delicate cycle. Only non-chlorine bleach if needed. Do not twist or wring. Lay flat to dry. Warm iron if needed. Can be dry cleaned.'

2019-05-08 17:16:29 - [MESSAGE][PASSED] - Text of object 'Object Repository/Page_cabi Order Items/care_instruction' is: 'Turn garment inside out and place in a mesh bag. Machine wash separately in cold water on the delicate cycle. Only non-chlorine bleach if needed. Do not twist or wring. Lay flat to dry. Warm iron if needed. Can be dry cleaned.'

2019-05-08 17:16:29 - [TEST_STEP][PASSED] - assert actualCasreIntrn.equals(findTestData("productData").getValue("CareInstr", row)): null

2019-05-08 17:16:29 - [MESSAGE][PASSED] - Call Test Case 'Test Cases/productVerify' successfully

2019-05-08 17:16:29 - [TEST_STEP][PASSED] - click(findTestObject("Object Repository/Page_cabi Home/a_Shows  Orders")): Object: 'Object Repository/Page_cabi Home/a_Shows  Orders' is clicked on

2019-05-08 17:16:29 - [MESSAGE][PASSED] - Object: 'Object Repository/Page_cabi Home/a_Shows  Orders' is clicked on

2019-05-08 17:16:29 - [TEST_STEP][PASSED] - delay(3): Delayed 3 second(s)

2019-05-08 17:16:32 - [MESSAGE][PASSED] - Delayed 3 second(s)

2019-05-08 17:16:32 - [TEST_STEP][PASSED] - rightClick(findTestObject("Page_cabi Home/a_online_outline_purchases")): Object: 'Object Repository/Page_cabi Home/a_online_outline_purchases' is right clicked on

2019-05-08 17:16:32 - [MESSAGE][PASSED] - Object: 'Object Repository/Page_cabi Home/a_online_outline_purchases' is right clicked on

2019-05-08 17:16:32 - [TEST_STEP][PASSED] - click(findTestObject("Page_cabi Home/a_online_outline_purchases")): Object: 'Object Repository/Page_cabi Home/a_online_outline_purchases' is clicked on

2019-05-08 17:16:38 - [MESSAGE][PASSED] - Object: 'Object Repository/Page_cabi Home/a_online_outline_purchases' is clicked on

2019-05-08 17:16:38 - [TEST_STEP][PASSED] - click(findTestObject("Object Repository/Page_cabi Online Outlet Store/span_Continue to Order")): Object: 'Object Repository/Page_cabi Online Outlet Store/span_Continue to Order' is clicked on

2019-05-08 17:16:39 - [MESSAGE][PASSED] - Object: 'Object Repository/Page_cabi Online Outlet Store/span_Continue to Order' is clicked on

2019-05-08 17:16:39 - [TEST_STEP][PASSED] - callTestCase(findTestCase("productVerify"), ["available":BOOnlineoutlet, "storeType":"BOOnlineoutlet"], STOP_ON_FAILURE): Call Test Case 'Test Cases/productVerify' successfully

2019-05-08 17:16:39 - [TEST_CASE][PASSED] - Test Cases/productVerify: Test Cases/productVerify

2019-05-08 17:16:39 - [TEST_STEP][PASSED] - for ([row = 1, row <= findTestData("productData").getRowNumbers(), (row++)]): Actual text and expected text of test object 'Object Repository/Page_cabi Order Items/no_result_found' are matched.

2019-05-08 17:16:39 - [TEST_STEP][PASSED] - setText(findTestObject("Object Repository/Page_cabi Order Items/input_New Arrivals - Blooming Blush_style"), findTestData("productData").getValue("Style", row)): Text '5618' is set on object 'Object Repository/Page_cabi Order Items/input_New Arrivals - Blooming Blush_style'

2019-05-08 17:16:40 - [MESSAGE][PASSED] - Text '5618' is set on object 'Object Repository/Page_cabi Order Items/input_New Arrivals - Blooming Blush_style'

2019-05-08 17:16:40 - [TEST_STEP][PASSED] - sendKeys(findTestObject("Object Repository/Page_cabi Order Items/input_New Arrivals - Blooming Blush_style"), Keys.chord(ENTER)): Keys 'ENTER + ' sent to object: 'Object Repository/Page_cabi Order Items/input_New Arrivals - Blooming Blush_style'

2019-05-08 17:16:41 - [MESSAGE][PASSED] - Keys 'ENTER + ' sent to object: 'Object Repository/Page_cabi Order Items/input_New Arrivals - Blooming Blush_style'

2019-05-08 17:16:41 - [TEST_STEP][PASSED] - delay(5): Delayed 5 second(s)

2019-05-08 17:16:46 - [MESSAGE][PASSED] - Delayed 5 second(s)

2019-05-08 17:16:46 - [TEST_STEP][PASSED] - if (toString().equalsIgnoreCase("no")): Actual text and expected text of test object 'Object Repository/Page_cabi Order Items/no_result_found' are matched.

2019-05-08 17:16:46 - [TEST_STEP][PASSED] - noResultMessages = findWebElements(findTestObject("Page_cabi Order Items/no_result_found"), 5): null

2019-05-08 17:16:46 - [TEST_STEP][PASSED] - assert noResultMessages.size() > 0: null

2019-05-08 17:16:46 - [TEST_STEP][PASSED] - verifyElementText(findTestObject("Page_cabi Order Items/no_result_found"), "No Results Found!"): Actual text and expected text of test object 'Object Repository/Page_cabi Order Items/no_result_found' are matched.

2019-05-08 17:16:46 - [MESSAGE][PASSED] - Actual text and expected text of test object 'Object Repository/Page_cabi Order Items/no_result_found' are matched.

2019-05-08 17:16:46 - [MESSAGE][PASSED] - Call Test Case 'Test Cases/productVerify' successfully

2019-05-08 17:16:46 - [TEST_STEP][PASSED] - if (timeRow == 1): null

2019-05-08 17:16:46 - [TEST_STEP][PASSED] - callTestCase(findTestCase("cabiCentralLogin"), [:], STOP_ON_FAILURE): Call Test Case 'Test Cases/cabiCentralLogin' successfully

2019-05-08 17:16:46 - [TEST_CASE][PASSED] - Test Cases/cabiCentralLogin: Test Cases/cabiCentralLogin

2019-05-08 17:16:46 - [TEST_STEP][PASSED] - CCURL = findTestData("credData").getValue("CCURL", 1): null

2019-05-08 17:16:46 - [TEST_STEP][PASSED] - CCuser = findTestData("credData").getValue("CCuser", 1): null

2019-05-08 17:16:46 - [TEST_STEP][PASSED] - CCpass = findTestData("credData").getValue("CCpass", 1): null

2019-05-08 17:16:46 - [TEST_STEP][PASSED] - openBrowser(""): Browser is opened with url: ''

2019-05-08 17:16:46 - [MESSAGE][WARNING] - A browser is already opened. Closing browser and opening a new one

2019-05-08 17:16:46 - [MESSAGE][INFO] - Starting 'Chrome' driver

2019-05-08 17:16:48 - [MESSAGE][PASSED] - Browser is opened with url: ''

2019-05-08 17:16:48 - [TEST_STEP][PASSED] - navigateToUrl(CCURL): Navigate to 'https://test14.cliotest.com/cabicentral/control/main' successfully

2019-05-08 17:16:56 - [MESSAGE][PASSED] - Navigate to 'https://test14.cliotest.com/cabicentral/control/main' successfully

2019-05-08 17:16:56 - [TEST_STEP][PASSED] - maximizeWindow(): Current window maximized

2019-05-08 17:16:57 - [MESSAGE][PASSED] - Current window maximized

2019-05-08 17:16:57 - [TEST_STEP][PASSED] - logOut = findWebElements(findTestObject("Object Repository/Page_cabi Home/log_out"), 5): Unable to find the element located by 'By.xpath: //a[contains(text(),'Log Out')]'. Please recheck the objects properties to make sure the desired element is located. 

2019-05-08 17:17:02 - [MESSAGE][INFO] - Unable to find the element located by 'By.xpath: //a[contains(text(),'Log Out')]'. Please recheck the objects properties to make sure the desired element is located. 

2019-05-08 17:17:02 - [TEST_STEP][PASSED] - if (logOut.size() == 0): Object: 'Object Repository/Page_cabi/input_Password_section-btn btn-stl-pk rFloat' is clicked on

2019-05-08 17:17:02 - [TEST_STEP][PASSED] - setText(findTestObject("Object Repository/Page_cabi/input_Username_USERNAME"), CCuser): Text 'ehudson' is set on object 'Object Repository/Page_cabi/input_Username_USERNAME'

2019-05-08 17:17:02 - [MESSAGE][PASSED] - Text 'ehudson' is set on object 'Object Repository/Page_cabi/input_Username_USERNAME'

2019-05-08 17:17:02 - [TEST_STEP][PASSED] - setText(findTestObject("Object Repository/Page_cabi/input_Password_PASSWORD"), CCpass): Text 'blackdress19' is set on object 'Object Repository/Page_cabi/input_Password_PASSWORD'

2019-05-08 17:17:03 - [MESSAGE][PASSED] - Text 'blackdress19' is set on object 'Object Repository/Page_cabi/input_Password_PASSWORD'

2019-05-08 17:17:03 - [TEST_STEP][PASSED] - delay(3): Delayed 3 second(s)

2019-05-08 17:17:06 - [MESSAGE][PASSED] - Delayed 3 second(s)

2019-05-08 17:17:06 - [TEST_STEP][PASSED] - click(findTestObject("Object Repository/Page_cabi/input_Password_section-btn btn-stl-pk rFloat")): Object: 'Object Repository/Page_cabi/input_Password_section-btn btn-stl-pk rFloat' is clicked on

2019-05-08 17:17:10 - [MESSAGE][PASSED] - Object: 'Object Repository/Page_cabi/input_Password_section-btn btn-stl-pk rFloat' is clicked on

2019-05-08 17:17:10 - [TEST_STEP][PASSED] - delay(3): Delayed 3 second(s)

2019-05-08 17:17:13 - [MESSAGE][PASSED] - Delayed 3 second(s)

2019-05-08 17:17:13 - [MESSAGE][PASSED] - Call Test Case 'Test Cases/cabiCentralLogin' successfully

2019-05-08 17:17:13 - [TEST_STEP][PASSED] - delay(3): Delayed 3 second(s)

2019-05-08 17:17:16 - [MESSAGE][PASSED] - Delayed 3 second(s)

2019-05-08 17:17:16 - [TEST_STEP][PASSED] - click(findTestObject("Page_cabi cabiCentral Tasks/a_ORDERS")): Object: 'Object Repository/Page_cabi cabiCentral Tasks/a_ORDERS' is clicked on

2019-05-08 17:17:17 - [MESSAGE][PASSED] - Object: 'Object Repository/Page_cabi cabiCentral Tasks/a_ORDERS' is clicked on

2019-05-08 17:17:17 - [TEST_STEP][PASSED] - delay(3): Delayed 3 second(s)

2019-05-08 17:17:20 - [MESSAGE][PASSED] - Delayed 3 second(s)

2019-05-08 17:17:20 - [TEST_STEP][PASSED] - click(findTestObject("Page_cabi Find Order/a_Create Order")): Object: 'Object Repository/Page_cabi Find Order/a_Create Order' is clicked on

2019-05-08 17:17:21 - [MESSAGE][PASSED] - Object: 'Object Repository/Page_cabi Find Order/a_Create Order' is clicked on

2019-05-08 17:17:21 - [TEST_STEP][PASSED] - selectOptionByValue(findTestObject("Page_cabi Create Order/select_order_type"), "PERSONAL", true): All options with value 'PERSONAL' are selected in object 'Object Repository/Page_cabi Create Order/select_order_type'  using regular expression

2019-05-08 17:17:21 - [MESSAGE][PASSED] - All options with value 'PERSONAL' are selected in object 'Object Repository/Page_cabi Create Order/select_order_type'  using regular expression

2019-05-08 17:17:21 - [TEST_STEP][PASSED] - click(findTestObject("Page_cabi Create Order/input_select_order_type")): Object: 'Object Repository/Page_cabi Create Order/input_select_order_type' is clicked on

2019-05-08 17:17:25 - [MESSAGE][PASSED] - Object: 'Object Repository/Page_cabi Create Order/input_select_order_type' is clicked on

2019-05-08 17:17:25 - [TEST_STEP][PASSED] - callTestCase(findTestCase("productVerifyShort"), ["available":CCPersonal, "storeType":"CCPersonal"], STOP_ON_FAILURE): Call Test Case 'Test Cases/productVerifyShort' successfully

2019-05-08 17:17:26 - [TEST_CASE][PASSED] - Test Cases/productVerifyShort: Test Cases/productVerifyShort

2019-05-08 17:17:26 - [TEST_STEP][PASSED] - for ([row = 1, row <= findTestData("productData").getRowNumbers(), (row++)]): Delayed 3 second(s)

2019-05-08 17:17:26 - [TEST_STEP][PASSED] - setText(findTestObject("Object Repository/Page_cabi Create Order/input_Manual Discount_stylelookup_0"), findTestData("productData").getValue("Style", row)): Text '5618' is set on object 'Object Repository/Page_cabi Create Order/input_Manual Discount_stylelookup_0'

2019-05-08 17:17:26 - [MESSAGE][PASSED] - Text '5618' is set on object 'Object Repository/Page_cabi Create Order/input_Manual Discount_stylelookup_0'

2019-05-08 17:17:26 - [TEST_STEP][PASSED] - delay(2): Delayed 2 second(s)

2019-05-08 17:17:28 - [MESSAGE][PASSED] - Delayed 2 second(s)

2019-05-08 17:17:28 - [TEST_STEP][PASSED] - prod_message = getText(findTestObject("Page_cabi Create Order/first_option")): Text of object 'Object Repository/Page_cabi Create Order/first_option' is: '5618 Breeze Dress'

2019-05-08 17:17:28 - [MESSAGE][PASSED] - Text of object 'Object Repository/Page_cabi Create Order/first_option' is: '5618 Breeze Dress'

2019-05-08 17:17:28 - [TEST_STEP][PASSED] - delay(1): Delayed 1 second(s)

2019-05-08 17:17:29 - [MESSAGE][PASSED] - Delayed 1 second(s)

2019-05-08 17:17:29 - [TEST_STEP][PASSED] - click(findTestObject("Page_cabi Create Order/first_option")): Object: 'Object Repository/Page_cabi Create Order/first_option' is clicked on

2019-05-08 17:17:29 - [MESSAGE][PASSED] - Object: 'Object Repository/Page_cabi Create Order/first_option' is clicked on

2019-05-08 17:17:29 - [TEST_STEP][PASSED] - if (toString().equalsIgnoreCase("no")): null

2019-05-08 17:17:29 - [TEST_STEP][PASSED] - else: Delayed 3 second(s)

2019-05-08 17:17:29 - [TEST_STEP][PASSED] - delay(3): Delayed 3 second(s)

2019-05-08 17:17:32 - [MESSAGE][PASSED] - Delayed 3 second(s)

2019-05-08 17:17:32 - [TEST_STEP][PASSED] - s1 = getValue("Style", row).toString(): null

2019-05-08 17:17:32 - [TEST_STEP][PASSED] - s2 = " ": null

2019-05-08 17:17:32 - [TEST_STEP][PASSED] - s3 = getValue("Description", row).toString(): null

2019-05-08 17:17:32 - [TEST_STEP][PASSED] - expectedStyleDescription = $s1$s2$s3: null

2019-05-08 17:17:32 - [TEST_STEP][PASSED] - assert prod_message.equalsIgnoreCase(expectedStyleDescription): null

2019-05-08 17:17:32 - [TEST_STEP][PASSED] - delay(3): Delayed 3 second(s)

2019-05-08 17:17:35 - [MESSAGE][PASSED] - Delayed 3 second(s)

2019-05-08 17:17:35 - [TEST_STEP][PASSED] - colorOptions = findWebElements(findTestObject("Page_cabi Order Items/GetAttribute_Color"), 5): null

2019-05-08 17:17:35 - [TEST_STEP][PASSED] - println(colorOptions.size()): null

2019-05-08 17:17:35 - [TEST_STEP][PASSED] - expectedColour = findTestData("productData").getValue("Color", row): null

2019-05-08 17:17:35 - [TEST_STEP][PASSED] - println("expected colour is"): null

2019-05-08 17:17:35 - [TEST_STEP][PASSED] - println(expectedColour): null

2019-05-08 17:17:35 - [TEST_STEP][PASSED] - colourVerified = false: null

2019-05-08 17:17:35 - [TEST_STEP][PASSED] - for (org.openqa.selenium.WebElement op : colorOptions): null

2019-05-08 17:17:35 - [TEST_STEP][PASSED] - println(op.getText()): null

2019-05-08 17:17:35 - [TEST_STEP][PASSED] - if (expectedColour.equalsIgnoreCase(op.getText())): null

2019-05-08 17:17:35 - [TEST_STEP][PASSED] - colourVerified = true: null

2019-05-08 17:17:35 - [TEST_STEP][PASSED] - break: null

2019-05-08 17:17:35 - [TEST_STEP][PASSED] - assert colourVerified == true: null

2019-05-08 17:17:35 - [TEST_STEP][PASSED] - getPrice = getText(findTestObject("Page_cabi Create Order/retail_price")): Text of object 'Object Repository/Page_cabi Create Order/retail_price' is: '$119.00'

2019-05-08 17:17:35 - [MESSAGE][PASSED] - Text of object 'Object Repository/Page_cabi Create Order/retail_price' is: '$119.00'

2019-05-08 17:17:35 - [TEST_STEP][PASSED] - Split_Data = UtilityMethods.SplitData(getPrice): null

2019-05-08 17:17:35 - [TEST_STEP][PASSED] - verifyMatch(Split_Data, findTestData("productData").getValue("Retail", row), true): Actual text '119' and expected text '119' are matched  using regular expression

2019-05-08 17:17:35 - [MESSAGE][PASSED] - Actual text '119' and expected text '119' are matched  using regular expression

2019-05-08 17:17:35 - [TEST_STEP][PASSED] - sizeRange1 = ["XXS", "XS", "S", "M", "L", "XL"]: null

2019-05-08 17:17:35 - [TEST_STEP][PASSED] - sizeRange2 = ["00", "0", "2", "4", "6", "8", "10", "12", "14", "16"]: null

2019-05-08 17:17:35 - [TEST_STEP][PASSED] - sizeRange3 = ["Long", "Regular", "Short"]: null

2019-05-08 17:17:35 - [TEST_STEP][PASSED] - sizeRange4 = ["5", "6", "6.5", "7", "7.5", "8", "8.5", "9", "9.5", "10", "11"]: null

2019-05-08 17:17:35 - [TEST_STEP][PASSED] - sizeRangeSplit = UtilityMethods.SplitSizes(findTestData("productData").getValue("SzRange", row)): null

2019-05-08 17:17:35 - [TEST_STEP][PASSED] - sizeType = getText(findTestObject("Object Repository/Page_cabi Order Items/Size")): Text of object 'Object Repository/Page_cabi Order Items/Size' is: 'Select'

2019-05-08 17:17:35 - [MESSAGE][PASSED] - Text of object 'Object Repository/Page_cabi Order Items/Size' is: 'Select'

2019-05-08 17:17:35 - [TEST_STEP][PASSED] - sizeOptions = findWebElements(findTestObject("Object Repository/Page_cabi Order Items/Size"), 5): null

2019-05-08 17:17:35 - [TEST_STEP][PASSED] - actualRange = new java.util.ArrayList(): null

2019-05-08 17:17:35 - [TEST_STEP][PASSED] - expectedRange = <not implemented yet for class: org.codehaus.groovy.ast.expr.EmptyExpression>: null

2019-05-08 17:17:35 - [TEST_STEP][PASSED] - if (sizeType.equalsIgnoreCase("Select")): null

2019-05-08 17:17:35 - [TEST_STEP][PASSED] - for ([i = 1, i < sizeOptions.size(), (i++)]): null

2019-05-08 17:17:35 - [TEST_STEP][PASSED] - actualRange.add(get(i).getText()): null

2019-05-08 17:17:35 - [TEST_STEP][PASSED] - actualRange.add(get(i).getText()): null

2019-05-08 17:17:35 - [TEST_STEP][PASSED] - actualRange.add(get(i).getText()): null

2019-05-08 17:17:35 - [TEST_STEP][PASSED] - actualRange.add(get(i).getText()): null

2019-05-08 17:17:35 - [TEST_STEP][PASSED] - actualRange.add(get(i).getText()): null

2019-05-08 17:17:35 - [TEST_STEP][PASSED] - if (toString().equalsIgnoreCase("XS") || toString().equalsIgnoreCase("XXS")): null

2019-05-08 17:17:35 - [TEST_STEP][PASSED] - expectedRange = UtilityMethods.getExpectedRange(sizeRange1, sizeRangeSplit): null

2019-05-08 17:17:35 - [TEST_STEP][PASSED] - println("XS"): null

2019-05-08 17:17:35 - [TEST_STEP][PASSED] - println(expectedRange.toString()): null

2019-05-08 17:17:35 - [TEST_STEP][PASSED] - assert UtilityMethods.listEquals(expectedRange, actualRange) == true: null

2019-05-08 17:17:35 - [TEST_STEP][PASSED] - delay(3): Delayed 3 second(s)

2019-05-08 17:17:38 - [MESSAGE][PASSED] - Delayed 3 second(s)

2019-05-08 17:17:38 - [MESSAGE][PASSED] - Call Test Case 'Test Cases/productVerifyShort' successfully

2019-05-08 17:17:38 - [TEST_STEP][PASSED] - click(findTestObject("Page_cabi Find Order/a_Create Order")): Object: 'Object Repository/Page_cabi Find Order/a_Create Order' is clicked on

2019-05-08 17:17:41 - [MESSAGE][PASSED] - Object: 'Object Repository/Page_cabi Find Order/a_Create Order' is clicked on

2019-05-08 17:17:41 - [TEST_STEP][PASSED] - selectOptionByValue(findTestObject("Page_cabi Create Order/select_order_type"), "RETAIL", true): All options with value 'RETAIL' are selected in object 'Object Repository/Page_cabi Create Order/select_order_type'  using regular expression

2019-05-08 17:17:41 - [MESSAGE][PASSED] - All options with value 'RETAIL' are selected in object 'Object Repository/Page_cabi Create Order/select_order_type'  using regular expression

2019-05-08 17:17:41 - [TEST_STEP][PASSED] - click(findTestObject("Page_cabi Create Order/input_select_order_type")): Object: 'Object Repository/Page_cabi Create Order/input_select_order_type' is clicked on

2019-05-08 17:17:43 - [MESSAGE][PASSED] - Object: 'Object Repository/Page_cabi Create Order/input_select_order_type' is clicked on

2019-05-08 17:17:43 - [TEST_STEP][PASSED] - callTestCase(findTestCase("productVerifyShort"), ["available":CCRetail], STOP_ON_FAILURE): Call Test Case 'Test Cases/productVerifyShort' successfully

2019-05-08 17:17:43 - [TEST_CASE][PASSED] - Test Cases/productVerifyShort: Test Cases/productVerifyShort

2019-05-08 17:17:43 - [TEST_STEP][PASSED] - for ([row = 1, row <= findTestData("productData").getRowNumbers(), (row++)]): Delayed 3 second(s)

2019-05-08 17:17:43 - [TEST_STEP][PASSED] - setText(findTestObject("Object Repository/Page_cabi Create Order/input_Manual Discount_stylelookup_0"), findTestData("productData").getValue("Style", row)): Text '5618' is set on object 'Object Repository/Page_cabi Create Order/input_Manual Discount_stylelookup_0'

2019-05-08 17:17:43 - [MESSAGE][PASSED] - Text '5618' is set on object 'Object Repository/Page_cabi Create Order/input_Manual Discount_stylelookup_0'

2019-05-08 17:17:43 - [TEST_STEP][PASSED] - delay(2): Delayed 2 second(s)

2019-05-08 17:17:45 - [MESSAGE][PASSED] - Delayed 2 second(s)

2019-05-08 17:17:45 - [TEST_STEP][PASSED] - prod_message = getText(findTestObject("Page_cabi Create Order/first_option")): Text of object 'Object Repository/Page_cabi Create Order/first_option' is: '5618 Breeze Dress'

2019-05-08 17:17:45 - [MESSAGE][PASSED] - Text of object 'Object Repository/Page_cabi Create Order/first_option' is: '5618 Breeze Dress'

2019-05-08 17:17:45 - [TEST_STEP][PASSED] - delay(1): Delayed 1 second(s)

2019-05-08 17:17:46 - [MESSAGE][PASSED] - Delayed 1 second(s)

2019-05-08 17:17:46 - [TEST_STEP][PASSED] - click(findTestObject("Page_cabi Create Order/first_option")): Object: 'Object Repository/Page_cabi Create Order/first_option' is clicked on

2019-05-08 17:17:46 - [MESSAGE][PASSED] - Object: 'Object Repository/Page_cabi Create Order/first_option' is clicked on

2019-05-08 17:17:46 - [TEST_STEP][PASSED] - if (toString().equalsIgnoreCase("no")): null

2019-05-08 17:17:46 - [TEST_STEP][PASSED] - else: Delayed 3 second(s)

2019-05-08 17:17:46 - [TEST_STEP][PASSED] - delay(3): Delayed 3 second(s)

2019-05-08 17:17:49 - [MESSAGE][PASSED] - Delayed 3 second(s)

2019-05-08 17:17:49 - [TEST_STEP][PASSED] - s1 = getValue("Style", row).toString(): null

2019-05-08 17:17:49 - [TEST_STEP][PASSED] - s2 = " ": null

2019-05-08 17:17:49 - [TEST_STEP][PASSED] - s3 = getValue("Description", row).toString(): null

2019-05-08 17:17:49 - [TEST_STEP][PASSED] - expectedStyleDescription = $s1$s2$s3: null

2019-05-08 17:17:49 - [TEST_STEP][PASSED] - assert prod_message.equalsIgnoreCase(expectedStyleDescription): null

2019-05-08 17:17:49 - [TEST_STEP][PASSED] - delay(3): Delayed 3 second(s)

2019-05-08 17:17:52 - [MESSAGE][PASSED] - Delayed 3 second(s)

2019-05-08 17:17:52 - [TEST_STEP][PASSED] - colorOptions = findWebElements(findTestObject("Page_cabi Order Items/GetAttribute_Color"), 5): null

2019-05-08 17:17:52 - [TEST_STEP][PASSED] - println(colorOptions.size()): null

2019-05-08 17:17:52 - [TEST_STEP][PASSED] - expectedColour = findTestData("productData").getValue("Color", row): null

2019-05-08 17:17:52 - [TEST_STEP][PASSED] - println("expected colour is"): null

2019-05-08 17:17:52 - [TEST_STEP][PASSED] - println(expectedColour): null

2019-05-08 17:17:52 - [TEST_STEP][PASSED] - colourVerified = false: null

2019-05-08 17:17:52 - [TEST_STEP][PASSED] - for (org.openqa.selenium.WebElement op : colorOptions): null

2019-05-08 17:17:52 - [TEST_STEP][PASSED] - println(op.getText()): null

2019-05-08 17:17:52 - [TEST_STEP][PASSED] - if (expectedColour.equalsIgnoreCase(op.getText())): null

2019-05-08 17:17:52 - [TEST_STEP][PASSED] - colourVerified = true: null

2019-05-08 17:17:52 - [TEST_STEP][PASSED] - break: null

2019-05-08 17:17:52 - [TEST_STEP][PASSED] - assert colourVerified == true: null

2019-05-08 17:17:52 - [TEST_STEP][PASSED] - getPrice = getText(findTestObject("Page_cabi Create Order/retail_price")): Text of object 'Object Repository/Page_cabi Create Order/retail_price' is: '$119.00'

2019-05-08 17:17:52 - [MESSAGE][PASSED] - Text of object 'Object Repository/Page_cabi Create Order/retail_price' is: '$119.00'

2019-05-08 17:17:52 - [TEST_STEP][PASSED] - Split_Data = UtilityMethods.SplitData(getPrice): null

2019-05-08 17:17:52 - [TEST_STEP][PASSED] - verifyMatch(Split_Data, findTestData("productData").getValue("Retail", row), true): Actual text '119' and expected text '119' are matched  using regular expression

2019-05-08 17:17:52 - [MESSAGE][PASSED] - Actual text '119' and expected text '119' are matched  using regular expression

2019-05-08 17:17:52 - [TEST_STEP][PASSED] - sizeRange1 = ["XXS", "XS", "S", "M", "L", "XL"]: null

2019-05-08 17:17:52 - [TEST_STEP][PASSED] - sizeRange2 = ["00", "0", "2", "4", "6", "8", "10", "12", "14", "16"]: null

2019-05-08 17:17:52 - [TEST_STEP][PASSED] - sizeRange3 = ["Long", "Regular", "Short"]: null

2019-05-08 17:17:52 - [TEST_STEP][PASSED] - sizeRange4 = ["5", "6", "6.5", "7", "7.5", "8", "8.5", "9", "9.5", "10", "11"]: null

2019-05-08 17:17:52 - [TEST_STEP][PASSED] - sizeRangeSplit = UtilityMethods.SplitSizes(findTestData("productData").getValue("SzRange", row)): null

2019-05-08 17:17:52 - [TEST_STEP][PASSED] - sizeType = getText(findTestObject("Object Repository/Page_cabi Order Items/Size")): Text of object 'Object Repository/Page_cabi Order Items/Size' is: 'Select'

2019-05-08 17:17:52 - [MESSAGE][PASSED] - Text of object 'Object Repository/Page_cabi Order Items/Size' is: 'Select'

2019-05-08 17:17:52 - [TEST_STEP][PASSED] - sizeOptions = findWebElements(findTestObject("Object Repository/Page_cabi Order Items/Size"), 5): null

2019-05-08 17:17:52 - [TEST_STEP][PASSED] - actualRange = new java.util.ArrayList(): null

2019-05-08 17:17:52 - [TEST_STEP][PASSED] - expectedRange = <not implemented yet for class: org.codehaus.groovy.ast.expr.EmptyExpression>: null

2019-05-08 17:17:52 - [TEST_STEP][PASSED] - if (sizeType.equalsIgnoreCase("Select")): null

2019-05-08 17:17:52 - [TEST_STEP][PASSED] - for ([i = 1, i < sizeOptions.size(), (i++)]): null

2019-05-08 17:17:52 - [TEST_STEP][PASSED] - actualRange.add(get(i).getText()): null

2019-05-08 17:17:52 - [TEST_STEP][PASSED] - actualRange.add(get(i).getText()): null

2019-05-08 17:17:52 - [TEST_STEP][PASSED] - actualRange.add(get(i).getText()): null

2019-05-08 17:17:52 - [TEST_STEP][PASSED] - actualRange.add(get(i).getText()): null

2019-05-08 17:17:52 - [TEST_STEP][PASSED] - actualRange.add(get(i).getText()): null

2019-05-08 17:17:53 - [TEST_STEP][PASSED] - if (toString().equalsIgnoreCase("XS") || toString().equalsIgnoreCase("XXS")): null

2019-05-08 17:17:53 - [TEST_STEP][PASSED] - expectedRange = UtilityMethods.getExpectedRange(sizeRange1, sizeRangeSplit): null

2019-05-08 17:17:53 - [TEST_STEP][PASSED] - println("XS"): null

2019-05-08 17:17:53 - [TEST_STEP][PASSED] - println(expectedRange.toString()): null

2019-05-08 17:17:53 - [TEST_STEP][PASSED] - assert UtilityMethods.listEquals(expectedRange, actualRange) == true: null

2019-05-08 17:17:53 - [TEST_STEP][PASSED] - delay(3): Delayed 3 second(s)

2019-05-08 17:17:56 - [MESSAGE][PASSED] - Delayed 3 second(s)

2019-05-08 17:17:56 - [MESSAGE][PASSED] - Call Test Case 'Test Cases/productVerifyShort' successfully

2019-05-08 17:17:56 - [TEST_STEP][PASSED] - click(findTestObject("Page_cabi Find Order/a_Create Order")): Object: 'Object Repository/Page_cabi Find Order/a_Create Order' is clicked on

2019-05-08 17:17:58 - [MESSAGE][PASSED] - Object: 'Object Repository/Page_cabi Find Order/a_Create Order' is clicked on

2019-05-08 17:17:58 - [TEST_STEP][PASSED] - selectOptionByValue(findTestObject("Page_cabi Create Order/select_order_type"), "SHOW", true): All options with value 'SHOW' are selected in object 'Object Repository/Page_cabi Create Order/select_order_type'  using regular expression

2019-05-08 17:17:58 - [MESSAGE][PASSED] - All options with value 'SHOW' are selected in object 'Object Repository/Page_cabi Create Order/select_order_type'  using regular expression

2019-05-08 17:17:58 - [TEST_STEP][PASSED] - click(findTestObject("Page_cabi Create Order/input_select_order_type")): Object: 'Object Repository/Page_cabi Create Order/input_select_order_type' is clicked on

2019-05-08 17:18:01 - [MESSAGE][PASSED] - Object: 'Object Repository/Page_cabi Create Order/input_select_order_type' is clicked on

2019-05-08 17:18:01 - [TEST_STEP][PASSED] - callTestCase(findTestCase("productVerifyShort"), ["available":CCShow], STOP_ON_FAILURE): Call Test Case 'Test Cases/productVerifyShort' successfully

2019-05-08 17:18:02 - [TEST_CASE][PASSED] - Test Cases/productVerifyShort: Test Cases/productVerifyShort

2019-05-08 17:18:02 - [TEST_STEP][PASSED] - for ([row = 1, row <= findTestData("productData").getRowNumbers(), (row++)]): Delayed 3 second(s)

2019-05-08 17:18:02 - [TEST_STEP][PASSED] - setText(findTestObject("Object Repository/Page_cabi Create Order/input_Manual Discount_stylelookup_0"), findTestData("productData").getValue("Style", row)): Text '5618' is set on object 'Object Repository/Page_cabi Create Order/input_Manual Discount_stylelookup_0'

2019-05-08 17:18:02 - [MESSAGE][PASSED] - Text '5618' is set on object 'Object Repository/Page_cabi Create Order/input_Manual Discount_stylelookup_0'

2019-05-08 17:18:02 - [TEST_STEP][PASSED] - delay(2): Delayed 2 second(s)

2019-05-08 17:18:04 - [MESSAGE][PASSED] - Delayed 2 second(s)

2019-05-08 17:18:04 - [TEST_STEP][PASSED] - prod_message = getText(findTestObject("Page_cabi Create Order/first_option")): Text of object 'Object Repository/Page_cabi Create Order/first_option' is: '5618 Breeze Dress'

2019-05-08 17:18:04 - [MESSAGE][PASSED] - Text of object 'Object Repository/Page_cabi Create Order/first_option' is: '5618 Breeze Dress'

2019-05-08 17:18:04 - [TEST_STEP][PASSED] - delay(1): Delayed 1 second(s)

2019-05-08 17:18:05 - [MESSAGE][PASSED] - Delayed 1 second(s)

2019-05-08 17:18:05 - [TEST_STEP][PASSED] - click(findTestObject("Page_cabi Create Order/first_option")): Object: 'Object Repository/Page_cabi Create Order/first_option' is clicked on

2019-05-08 17:18:05 - [MESSAGE][PASSED] - Object: 'Object Repository/Page_cabi Create Order/first_option' is clicked on

2019-05-08 17:18:05 - [TEST_STEP][PASSED] - if (toString().equalsIgnoreCase("no")): null

2019-05-08 17:18:05 - [TEST_STEP][PASSED] - else: Delayed 3 second(s)

2019-05-08 17:18:05 - [TEST_STEP][PASSED] - delay(3): Delayed 3 second(s)

2019-05-08 17:18:08 - [MESSAGE][PASSED] - Delayed 3 second(s)

2019-05-08 17:18:08 - [TEST_STEP][PASSED] - s1 = getValue("Style", row).toString(): null

2019-05-08 17:18:08 - [TEST_STEP][PASSED] - s2 = " ": null

2019-05-08 17:18:08 - [TEST_STEP][PASSED] - s3 = getValue("Description", row).toString(): null

2019-05-08 17:18:08 - [TEST_STEP][PASSED] - expectedStyleDescription = $s1$s2$s3: null

2019-05-08 17:18:08 - [TEST_STEP][PASSED] - assert prod_message.equalsIgnoreCase(expectedStyleDescription): null

2019-05-08 17:18:08 - [TEST_STEP][PASSED] - delay(3): Delayed 3 second(s)

2019-05-08 17:18:11 - [MESSAGE][PASSED] - Delayed 3 second(s)

2019-05-08 17:18:11 - [TEST_STEP][PASSED] - colorOptions = findWebElements(findTestObject("Page_cabi Order Items/GetAttribute_Color"), 5): null

2019-05-08 17:18:11 - [TEST_STEP][PASSED] - println(colorOptions.size()): null

2019-05-08 17:18:11 - [TEST_STEP][PASSED] - expectedColour = findTestData("productData").getValue("Color", row): null

2019-05-08 17:18:11 - [TEST_STEP][PASSED] - println("expected colour is"): null

2019-05-08 17:18:11 - [TEST_STEP][PASSED] - println(expectedColour): null

2019-05-08 17:18:11 - [TEST_STEP][PASSED] - colourVerified = false: null

2019-05-08 17:18:11 - [TEST_STEP][PASSED] - for (org.openqa.selenium.WebElement op : colorOptions): null

2019-05-08 17:18:11 - [TEST_STEP][PASSED] - println(op.getText()): null

2019-05-08 17:18:11 - [TEST_STEP][PASSED] - if (expectedColour.equalsIgnoreCase(op.getText())): null

2019-05-08 17:18:11 - [TEST_STEP][PASSED] - colourVerified = true: null

2019-05-08 17:18:11 - [TEST_STEP][PASSED] - break: null

2019-05-08 17:18:11 - [TEST_STEP][PASSED] - assert colourVerified == true: null

2019-05-08 17:18:11 - [TEST_STEP][PASSED] - getPrice = getText(findTestObject("Page_cabi Create Order/retail_price")): Text of object 'Object Repository/Page_cabi Create Order/retail_price' is: '$119.00'

2019-05-08 17:18:11 - [MESSAGE][PASSED] - Text of object 'Object Repository/Page_cabi Create Order/retail_price' is: '$119.00'

2019-05-08 17:18:11 - [TEST_STEP][PASSED] - Split_Data = UtilityMethods.SplitData(getPrice): null

2019-05-08 17:18:11 - [TEST_STEP][PASSED] - verifyMatch(Split_Data, findTestData("productData").getValue("Retail", row), true): Actual text '119' and expected text '119' are matched  using regular expression

2019-05-08 17:18:11 - [MESSAGE][PASSED] - Actual text '119' and expected text '119' are matched  using regular expression

2019-05-08 17:18:11 - [TEST_STEP][PASSED] - sizeRange1 = ["XXS", "XS", "S", "M", "L", "XL"]: null

2019-05-08 17:18:11 - [TEST_STEP][PASSED] - sizeRange2 = ["00", "0", "2", "4", "6", "8", "10", "12", "14", "16"]: null

2019-05-08 17:18:11 - [TEST_STEP][PASSED] - sizeRange3 = ["Long", "Regular", "Short"]: null

2019-05-08 17:18:11 - [TEST_STEP][PASSED] - sizeRange4 = ["5", "6", "6.5", "7", "7.5", "8", "8.5", "9", "9.5", "10", "11"]: null

2019-05-08 17:18:11 - [TEST_STEP][PASSED] - sizeRangeSplit = UtilityMethods.SplitSizes(findTestData("productData").getValue("SzRange", row)): null

2019-05-08 17:18:11 - [TEST_STEP][PASSED] - sizeType = getText(findTestObject("Object Repository/Page_cabi Order Items/Size")): Text of object 'Object Repository/Page_cabi Order Items/Size' is: 'Select'

2019-05-08 17:18:11 - [MESSAGE][PASSED] - Text of object 'Object Repository/Page_cabi Order Items/Size' is: 'Select'

2019-05-08 17:18:11 - [TEST_STEP][PASSED] - sizeOptions = findWebElements(findTestObject("Object Repository/Page_cabi Order Items/Size"), 5): null

2019-05-08 17:18:11 - [TEST_STEP][PASSED] - actualRange = new java.util.ArrayList(): null

2019-05-08 17:18:11 - [TEST_STEP][PASSED] - expectedRange = <not implemented yet for class: org.codehaus.groovy.ast.expr.EmptyExpression>: null

2019-05-08 17:18:11 - [TEST_STEP][PASSED] - if (sizeType.equalsIgnoreCase("Select")): null

2019-05-08 17:18:11 - [TEST_STEP][PASSED] - for ([i = 1, i < sizeOptions.size(), (i++)]): null

2019-05-08 17:18:11 - [TEST_STEP][PASSED] - actualRange.add(get(i).getText()): null

2019-05-08 17:18:11 - [TEST_STEP][PASSED] - actualRange.add(get(i).getText()): null

2019-05-08 17:18:11 - [TEST_STEP][PASSED] - actualRange.add(get(i).getText()): null

2019-05-08 17:18:11 - [TEST_STEP][PASSED] - actualRange.add(get(i).getText()): null

2019-05-08 17:18:11 - [TEST_STEP][PASSED] - actualRange.add(get(i).getText()): null

2019-05-08 17:18:11 - [TEST_STEP][PASSED] - if (toString().equalsIgnoreCase("XS") || toString().equalsIgnoreCase("XXS")): null

2019-05-08 17:18:11 - [TEST_STEP][PASSED] - expectedRange = UtilityMethods.getExpectedRange(sizeRange1, sizeRangeSplit): null

2019-05-08 17:18:11 - [TEST_STEP][PASSED] - println("XS"): null

2019-05-08 17:18:11 - [TEST_STEP][PASSED] - println(expectedRange.toString()): null

2019-05-08 17:18:11 - [TEST_STEP][PASSED] - assert UtilityMethods.listEquals(expectedRange, actualRange) == true: null

2019-05-08 17:18:11 - [TEST_STEP][PASSED] - delay(3): Delayed 3 second(s)

2019-05-08 17:18:14 - [MESSAGE][PASSED] - Delayed 3 second(s)

2019-05-08 17:18:14 - [MESSAGE][PASSED] - Call Test Case 'Test Cases/productVerifyShort' successfully

2019-05-08 17:18:14 - [TEST_STEP][PASSED] - callTestCase(findTestCase("populateTimeGlobalVars"), ["row":timeRow], STOP_ON_FAILURE): Call Test Case 'Test Cases/populateTimeGlobalVars' successfully

2019-05-08 17:18:15 - [TEST_CASE][PASSED] - Test Cases/populateTimeGlobalVars: Test Cases/populateTimeGlobalVars

2019-05-08 17:18:15 - [TEST_STEP][PASSED] - dataFile = "timezoneData": null

2019-05-08 17:18:15 - [TEST_STEP][PASSED] - serverTarget = UtilityMethods.getTestData(dataFile, "serverTarget", row): null

2019-05-08 17:18:15 - [TEST_STEP][PASSED] - orderType = UtilityMethods.getTestData(dataFile, "orderType", row): null

2019-05-08 17:18:15 - [TEST_STEP][PASSED] - timeZone = UtilityMethods.getTestData(dataFile, "timeZone", row): null

2019-05-08 17:18:15 - [TEST_STEP][PASSED] - BOPersonal = UtilityMethods.getTestData(dataFile, "BOPersonal", row): null

2019-05-08 17:18:15 - [TEST_STEP][PASSED] - BOAddon = UtilityMethods.getTestData(dataFile, "BOAddon", row): null

2019-05-08 17:18:15 - [TEST_STEP][PASSED] - BORetail = UtilityMethods.getTestData(dataFile, "BORetail", row): null

2019-05-08 17:18:15 - [TEST_STEP][PASSED] - BOShow = UtilityMethods.getTestData(dataFile, "BOShow", row): null

2019-05-08 17:18:15 - [TEST_STEP][PASSED] - BOOnlineoutlet = UtilityMethods.getTestData(dataFile, "BOOnlineoutlet", row): null

2019-05-08 17:18:15 - [TEST_STEP][PASSED] - BOEmployee = UtilityMethods.getTestData(dataFile, "BOEmployee", row): null

2019-05-08 17:18:15 - [TEST_STEP][PASSED] - CCPersonal = UtilityMethods.getTestData(dataFile, "CCPersonal", row): null

2019-05-08 17:18:15 - [TEST_STEP][PASSED] - CCRetail = UtilityMethods.getTestData(dataFile, "CCRetail", row): null

2019-05-08 17:18:15 - [TEST_STEP][PASSED] - CCShow = UtilityMethods.getTestData(dataFile, "CCShow", row): null

2019-05-08 17:18:15 - [MESSAGE][PASSED] - Call Test Case 'Test Cases/populateTimeGlobalVars' successfully

2019-05-08 17:18:15 - [TEST_STEP][PASSED] - callTestCase(findTestCase("newArrivalsSetTimezone"), ["ofbizURL":ofbizURL, "ofbizuser":ofbizuser, "ofbizpass":ofbizpass, "orderType":orderType, "timeZone":timeZone, "serverTarget":serverTarget], STOP_ON_FAILURE): Call Test Case 'Test Cases/newArrivalsSetTimezone' successfully

2019-05-08 17:18:15 - [TEST_CASE][PASSED] - Test Cases/newArrivalsSetTimezone: Test Cases/newArrivalsSetTimezone

2019-05-08 17:18:15 - [TEST_STEP][NOT_RUN] - openBrowser(""): NOT_RUN: openBrowser("")

2019-05-08 17:18:15 - [MESSAGE][NOT_RUN] - NOT_RUN: openBrowser("")

2019-05-08 17:18:15 - [TEST_STEP][NOT_RUN] - maximizeWindow(): NOT_RUN: maximizeWindow()

2019-05-08 17:18:15 - [MESSAGE][NOT_RUN] - NOT_RUN: maximizeWindow()

2019-05-08 17:18:15 - [TEST_STEP][PASSED] - navigateToUrl(ofbizURL): Navigate to 'https://pushofbiz.cliotest.com/login.php' successfully

2019-05-08 17:18:17 - [MESSAGE][PASSED] - Navigate to 'https://pushofbiz.cliotest.com/login.php' successfully

2019-05-08 17:18:17 - [TEST_STEP][PASSED] - setText(findTestObject("Page_/input_Username_username"), ofbizuser): Text 'sshinde' is set on object 'Object Repository/Page_/input_Username_username'

2019-05-08 17:18:17 - [MESSAGE][PASSED] - Text 'sshinde' is set on object 'Object Repository/Page_/input_Username_username'

2019-05-08 17:18:17 - [TEST_STEP][PASSED] - setText(findTestObject("Page_/input_Password_password"), ofbizpass): Text 'C@bi$ush5' is set on object 'Object Repository/Page_/input_Password_password'

2019-05-08 17:18:17 - [MESSAGE][PASSED] - Text 'C@bi$ush5' is set on object 'Object Repository/Page_/input_Password_password'

2019-05-08 17:18:17 - [TEST_STEP][PASSED] - click(findTestObject("Page_/input_Password_Submit")): Object: 'Object Repository/Page_/input_Password_Submit' is clicked on

2019-05-08 17:18:21 - [MESSAGE][PASSED] - Object: 'Object Repository/Page_/input_Password_Submit' is clicked on

2019-05-08 17:18:21 - [TEST_STEP][PASSED] - click(findTestObject("Object Repository/Page_/a_Clock set")): Object: 'Object Repository/Page_/a_Clock set' is clicked on

2019-05-08 17:18:21 - [MESSAGE][PASSED] - Object: 'Object Repository/Page_/a_Clock set' is clicked on

2019-05-08 17:18:21 - [TEST_STEP][PASSED] - selectOptionByLabel(findTestObject("Object Repository/Page_/serverTarget"), serverTarget, true): All options with label 'test14' are selected in object 'Object Repository/Page_/serverTarget'  using regular expression

2019-05-08 17:18:23 - [MESSAGE][PASSED] - All options with label 'test14' are selected in object 'Object Repository/Page_/serverTarget'  using regular expression

2019-05-08 17:18:23 - [TEST_STEP][PASSED] - click(findTestObject("Page_/thisDateAndTime")): Object: 'Object Repository/Page_/thisDateAndTime' is clicked on

2019-05-08 17:18:23 - [MESSAGE][PASSED] - Object: 'Object Repository/Page_/thisDateAndTime' is clicked on

2019-05-08 17:18:23 - [TEST_STEP][PASSED] - setText(findTestObject("Object Repository/Page_/setTargetTime"), timeZone): Text ' 05/22/2019 00:00' is set on object 'Object Repository/Page_/setTargetTime'

2019-05-08 17:18:23 - [MESSAGE][PASSED] - Text ' 05/22/2019 00:00' is set on object 'Object Repository/Page_/setTargetTime'

2019-05-08 17:18:23 - [TEST_STEP][PASSED] - click(findTestObject("Object Repository/Page_/input")): Object: 'Object Repository/Page_/input' is clicked on

2019-05-08 17:18:24 - [MESSAGE][PASSED] - Object: 'Object Repository/Page_/input' is clicked on

2019-05-08 17:18:24 - [TEST_STEP][PASSED] - delay(10): Delayed 10 second(s)

2019-05-08 17:18:34 - [MESSAGE][PASSED] - Delayed 10 second(s)

2019-05-08 17:18:34 - [TEST_STEP][PASSED] - closeBrowser(): Browser is closed

2019-05-08 17:18:35 - [MESSAGE][PASSED] - Browser is closed

2019-05-08 17:18:35 - [MESSAGE][PASSED] - Call Test Case 'Test Cases/newArrivalsSetTimezone' successfully

2019-05-08 17:18:35 - [TEST_STEP][PASSED] - openBrowser(""): Browser is opened with url: ''

2019-05-08 17:18:35 - [MESSAGE][INFO] - Starting 'Chrome' driver

2019-05-08 17:18:37 - [MESSAGE][PASSED] - Browser is opened with url: ''

2019-05-08 17:18:37 - [TEST_STEP][PASSED] - callTestCase(findTestCase("backOfficeLogin"), ["BOURL":"", "BOuser":"", "BOpass":""], STOP_ON_FAILURE): Call Test Case 'Test Cases/backOfficeLogin' successfully

2019-05-08 17:18:37 - [TEST_CASE][PASSED] - Test Cases/backOfficeLogin: Test Cases/backOfficeLogin

2019-05-08 17:18:37 - [TEST_STEP][PASSED] - BOURL = findTestData("credData").getValue("BOURL", 1): null

2019-05-08 17:18:37 - [TEST_STEP][PASSED] - BOuser = findTestData("credData").getValue("BOuser", 1): null

2019-05-08 17:18:37 - [TEST_STEP][PASSED] - BOpass = findTestData("credData").getValue("BOpass", 1): null

2019-05-08 17:18:37 - [TEST_STEP][PASSED] - navigateToUrl(BOURL): Navigate to 'https://test14.cliotest.com/backoffice/control/main' successfully

2019-05-08 17:18:50 - [MESSAGE][PASSED] - Navigate to 'https://test14.cliotest.com/backoffice/control/main' successfully

2019-05-08 17:18:50 - [TEST_STEP][PASSED] - maximizeWindow(): Current window maximized

2019-05-08 17:18:51 - [MESSAGE][PASSED] - Current window maximized

2019-05-08 17:18:51 - [TEST_STEP][PASSED] - logOut = findWebElements(findTestObject("Object Repository/Page_cabi Home/log_out"), 5): Unable to find the element located by 'By.xpath: //a[contains(text(),'Log Out')]'. Please recheck the objects properties to make sure the desired element is located. 

2019-05-08 17:18:56 - [MESSAGE][INFO] - Unable to find the element located by 'By.xpath: //a[contains(text(),'Log Out')]'. Please recheck the objects properties to make sure the desired element is located. 

2019-05-08 17:18:56 - [TEST_STEP][PASSED] - if (logOut.size() == 0): Object: 'Object Repository/Page_cabi/input_Welcome to_consultantLogin' is clicked on

2019-05-08 17:18:56 - [TEST_STEP][PASSED] - setText(findTestObject("Page_cabi/input_Welcome to_USERNAME"), BOuser): Text '400000002' is set on object 'Object Repository/Page_cabi/input_Welcome to_USERNAME'

2019-05-08 17:18:56 - [MESSAGE][PASSED] - Text '400000002' is set on object 'Object Repository/Page_cabi/input_Welcome to_USERNAME'

2019-05-08 17:18:56 - [TEST_STEP][PASSED] - setText(findTestObject("Object Repository/Page_cabi/input_Welcome to_PASSWORD"), BOpass): Text 'blackdress19' is set on object 'Object Repository/Page_cabi/input_Welcome to_PASSWORD'

2019-05-08 17:18:56 - [MESSAGE][PASSED] - Text 'blackdress19' is set on object 'Object Repository/Page_cabi/input_Welcome to_PASSWORD'

2019-05-08 17:18:56 - [TEST_STEP][PASSED] - delay(3): Delayed 3 second(s)

2019-05-08 17:18:59 - [MESSAGE][PASSED] - Delayed 3 second(s)

2019-05-08 17:18:59 - [TEST_STEP][PASSED] - click(findTestObject("Object Repository/Page_cabi/input_Welcome to_consultantLogin")): Object: 'Object Repository/Page_cabi/input_Welcome to_consultantLogin' is clicked on

2019-05-08 17:19:13 - [MESSAGE][PASSED] - Object: 'Object Repository/Page_cabi/input_Welcome to_consultantLogin' is clicked on

2019-05-08 17:19:13 - [TEST_STEP][PASSED] - delay(3): Delayed 3 second(s)

2019-05-08 17:19:16 - [MESSAGE][PASSED] - Delayed 3 second(s)

2019-05-08 17:19:16 - [MESSAGE][PASSED] - Call Test Case 'Test Cases/backOfficeLogin' successfully

2019-05-08 17:19:16 - [TEST_STEP][PASSED] - click(findTestObject("Object Repository/Page_cabi Home/a_Shows  Orders")): Object: 'Object Repository/Page_cabi Home/a_Shows  Orders' is clicked on

2019-05-08 17:19:16 - [MESSAGE][PASSED] - Object: 'Object Repository/Page_cabi Home/a_Shows  Orders' is clicked on

2019-05-08 17:19:16 - [TEST_STEP][PASSED] - delay(3): Delayed 3 second(s)

2019-05-08 17:19:19 - [MESSAGE][PASSED] - Delayed 3 second(s)

2019-05-08 17:19:19 - [TEST_STEP][PASSED] - click(findTestObject("Page_cabi Home/a_personal_purchases")): Object: 'Object Repository/Page_cabi Home/a_personal_purchases' is clicked on

2019-05-08 17:19:21 - [MESSAGE][PASSED] - Object: 'Object Repository/Page_cabi Home/a_personal_purchases' is clicked on

2019-05-08 17:19:21 - [TEST_STEP][PASSED] - click(findTestObject("Object Repository/Page_cabi Personal Store/span_Continue to Order")): Object: 'Object Repository/Page_cabi Personal Store/span_Continue to Order' is clicked on

2019-05-08 17:19:22 - [MESSAGE][PASSED] - Object: 'Object Repository/Page_cabi Personal Store/span_Continue to Order' is clicked on

2019-05-08 17:19:22 - [TEST_STEP][PASSED] - callTestCase(findTestCase("productVerify"), ["available":BOPersonal, "storeType":"BOPersonal"], STOP_ON_FAILURE): Call Test Case 'Test Cases/productVerify' successfully

2019-05-08 17:19:22 - [TEST_CASE][PASSED] - Test Cases/productVerify: Test Cases/productVerify

2019-05-08 17:19:22 - [TEST_STEP][PASSED] - for ([row = 1, row <= findTestData("productData").getRowNumbers(), (row++)]): null

2019-05-08 17:19:22 - [TEST_STEP][PASSED] - setText(findTestObject("Object Repository/Page_cabi Order Items/input_New Arrivals - Blooming Blush_style"), findTestData("productData").getValue("Style", row)): Text '5618' is set on object 'Object Repository/Page_cabi Order Items/input_New Arrivals - Blooming Blush_style'

2019-05-08 17:19:23 - [MESSAGE][PASSED] - Text '5618' is set on object 'Object Repository/Page_cabi Order Items/input_New Arrivals - Blooming Blush_style'

2019-05-08 17:19:23 - [TEST_STEP][PASSED] - sendKeys(findTestObject("Object Repository/Page_cabi Order Items/input_New Arrivals - Blooming Blush_style"), Keys.chord(ENTER)): Keys 'ENTER + ' sent to object: 'Object Repository/Page_cabi Order Items/input_New Arrivals - Blooming Blush_style'

2019-05-08 17:19:23 - [MESSAGE][PASSED] - Keys 'ENTER + ' sent to object: 'Object Repository/Page_cabi Order Items/input_New Arrivals - Blooming Blush_style'

2019-05-08 17:19:23 - [TEST_STEP][PASSED] - delay(5): Delayed 5 second(s)

2019-05-08 17:19:28 - [MESSAGE][PASSED] - Delayed 5 second(s)

2019-05-08 17:19:28 - [TEST_STEP][PASSED] - if (toString().equalsIgnoreCase("no")): null

2019-05-08 17:19:28 - [TEST_STEP][PASSED] - else: null

2019-05-08 17:19:28 - [TEST_STEP][PASSED] - click(findTestObject("Page_cabi Order Items/li_order_item")): Object: 'Object Repository/Page_cabi Order Items/li_order_item' is clicked on

2019-05-08 17:19:28 - [MESSAGE][PASSED] - Object: 'Object Repository/Page_cabi Order Items/li_order_item' is clicked on

2019-05-08 17:19:28 - [TEST_STEP][PASSED] - delay(5): Delayed 5 second(s)

2019-05-08 17:19:33 - [MESSAGE][PASSED] - Delayed 5 second(s)

2019-05-08 17:19:33 - [TEST_STEP][PASSED] - imgString1 = getValue("Style", row).toString(): null

2019-05-08 17:19:33 - [TEST_STEP][PASSED] - imagePath = UtilityMethods.createScreenshotImagePath(storeType, imgString1): null

2019-05-08 17:19:33 - [TEST_STEP][PASSED] - println(imagePath): null

2019-05-08 17:19:33 - [TEST_STEP][PASSED] - takeScreenshot(imagePath): Taking screenshot successfully

2019-05-08 17:19:33 - [MESSAGE][PASSED] - Taking screenshot successfully
[[ATTACHMENT|C:\\Users\\user\\Documents\\testautomation\\NewArrivals\\productImages\\BOPersonal_5618 image.png]]

2019-05-08 17:19:33 - [TEST_STEP][PASSED] - verifyElementText(findTestObject("Page_cabi Order Items/GetAttribute_getID"), findTestData("productData").getValue("Style", row)): Actual text and expected text of test object 'Object Repository/Page_cabi Order Items/GetAttribute_getID' are matched.

2019-05-08 17:19:33 - [MESSAGE][PASSED] - Actual text and expected text of test object 'Object Repository/Page_cabi Order Items/GetAttribute_getID' are matched.

2019-05-08 17:19:33 - [TEST_STEP][PASSED] - colorOptions = findWebElements(findTestObject("Page_cabi Order Items/GetAttribute_Color"), 5): null

2019-05-08 17:19:33 - [TEST_STEP][PASSED] - println(colorOptions.size()): null

2019-05-08 17:19:33 - [TEST_STEP][PASSED] - expectedColour = findTestData("productData").getValue("Color", row): null

2019-05-08 17:19:33 - [TEST_STEP][PASSED] - println("expected colour is"): null

2019-05-08 17:19:33 - [TEST_STEP][PASSED] - println(expectedColour): null

2019-05-08 17:19:33 - [TEST_STEP][PASSED] - colourVerified = false: null

2019-05-08 17:19:33 - [TEST_STEP][PASSED] - for (org.openqa.selenium.WebElement op : colorOptions): null

2019-05-08 17:19:33 - [TEST_STEP][PASSED] - println(op.getText()): null

2019-05-08 17:19:34 - [TEST_STEP][PASSED] - if (expectedColour.equalsIgnoreCase(op.getText())): null

2019-05-08 17:19:34 - [TEST_STEP][PASSED] - colourVerified = true: null

2019-05-08 17:19:34 - [TEST_STEP][PASSED] - break: null

2019-05-08 17:19:34 - [TEST_STEP][PASSED] - assert colourVerified == true: null

2019-05-08 17:19:34 - [TEST_STEP][PASSED] - getPrice = getText(findTestObject("Page_cabi Order Items/GetAttribute_Price")): Text of object 'Object Repository/Page_cabi Order Items/GetAttribute_Price' is: 'Price : $119.00'

2019-05-08 17:19:34 - [MESSAGE][PASSED] - Text of object 'Object Repository/Page_cabi Order Items/GetAttribute_Price' is: 'Price : $119.00'

2019-05-08 17:19:34 - [TEST_STEP][PASSED] - Split_Data = UtilityMethods.SplitData(getPrice): null

2019-05-08 17:19:34 - [TEST_STEP][PASSED] - verifyMatch(Split_Data, findTestData("productData").getValue("Retail", row), true): Actual text '119' and expected text '119' are matched  using regular expression

2019-05-08 17:19:34 - [MESSAGE][PASSED] - Actual text '119' and expected text '119' are matched  using regular expression

2019-05-08 17:19:34 - [TEST_STEP][PASSED] - sizeRange1 = ["XXS", "XS", "S", "M", "L", "XL"]: null

2019-05-08 17:19:34 - [TEST_STEP][PASSED] - sizeRange2 = ["00", "0", "2", "4", "6", "8", "10", "12", "14", "16"]: null

2019-05-08 17:19:34 - [TEST_STEP][PASSED] - sizeRange3 = ["Long", "Regular", "Short"]: null

2019-05-08 17:19:34 - [TEST_STEP][PASSED] - sizeRange4 = ["5", "6", "6.5", "7", "7.5", "8", "8.5", "9", "9.5", "10", "11"]: null

2019-05-08 17:19:34 - [TEST_STEP][PASSED] - sizeRangeSplit = UtilityMethods.SplitSizes(findTestData("productData").getValue("SzRange", row)): null

2019-05-08 17:19:34 - [TEST_STEP][PASSED] - sizeType = getText(findTestObject("Object Repository/Page_cabi Order Items/Size")): Text of object 'Object Repository/Page_cabi Order Items/Size' is: 'Select'

2019-05-08 17:19:34 - [MESSAGE][PASSED] - Text of object 'Object Repository/Page_cabi Order Items/Size' is: 'Select'

2019-05-08 17:19:34 - [TEST_STEP][PASSED] - sizeOptions = findWebElements(findTestObject("Object Repository/Page_cabi Order Items/Size"), 5): null

2019-05-08 17:19:34 - [TEST_STEP][PASSED] - actualRange = new java.util.ArrayList(): null

2019-05-08 17:19:34 - [TEST_STEP][PASSED] - expectedRange = <not implemented yet for class: org.codehaus.groovy.ast.expr.EmptyExpression>: null

2019-05-08 17:19:34 - [TEST_STEP][PASSED] - if (sizeType.equalsIgnoreCase("Select")): null

2019-05-08 17:19:34 - [TEST_STEP][PASSED] - for ([i = 1, i < sizeOptions.size(), (i++)]): null

2019-05-08 17:19:34 - [TEST_STEP][PASSED] - actualRange.add(getAttribute("value").toString()): null

2019-05-08 17:19:34 - [TEST_STEP][PASSED] - actualRange.add(getAttribute("value").toString()): null

2019-05-08 17:19:34 - [TEST_STEP][PASSED] - actualRange.add(getAttribute("value").toString()): null

2019-05-08 17:19:34 - [TEST_STEP][PASSED] - actualRange.add(getAttribute("value").toString()): null

2019-05-08 17:19:34 - [TEST_STEP][PASSED] - actualRange.add(getAttribute("value").toString()): null

2019-05-08 17:19:34 - [TEST_STEP][PASSED] - if (toString().equalsIgnoreCase("XS") || toString().equalsIgnoreCase("XXS")): null

2019-05-08 17:19:34 - [TEST_STEP][PASSED] - expectedRange = UtilityMethods.getExpectedRange(sizeRange1, sizeRangeSplit): null

2019-05-08 17:19:34 - [TEST_STEP][PASSED] - println("XS"): null

2019-05-08 17:19:34 - [TEST_STEP][PASSED] - println(expectedRange.toString()): null

2019-05-08 17:19:34 - [TEST_STEP][PASSED] - assert UtilityMethods.listEquals(expectedRange, actualRange) == true: null

2019-05-08 17:19:34 - [TEST_STEP][PASSED] - delay(2): Delayed 2 second(s)

2019-05-08 17:19:36 - [MESSAGE][PASSED] - Delayed 2 second(s)

2019-05-08 17:19:36 - [TEST_STEP][PASSED] - verifyElementText(findTestObject("Page_cabi Order Items/product_title"), findTestData("productData").getValue("Description", row)): Actual text and expected text of test object 'Object Repository/Page_cabi Order Items/product_title' are matched.

2019-05-08 17:19:36 - [MESSAGE][PASSED] - Actual text and expected text of test object 'Object Repository/Page_cabi Order Items/product_title' are matched.

2019-05-08 17:19:36 - [TEST_STEP][PASSED] - verifyElementText(findTestObject("Page_cabi Order Items/product_fabric"), findTestData("productData").getValue("FinalContent", row)): Actual text and expected text of test object 'Object Repository/Page_cabi Order Items/product_fabric' are matched.

2019-05-08 17:19:36 - [MESSAGE][PASSED] - Actual text and expected text of test object 'Object Repository/Page_cabi Order Items/product_fabric' are matched.

2019-05-08 17:19:36 - [TEST_STEP][PASSED] - actualCasreIntrn = "<div>" + getText(findTestObject("Page_cabi Order Items/care_instruction")) + "</div>": Text of object 'Object Repository/Page_cabi Order Items/care_instruction' is: 'Turn garment inside out and place in a mesh bag. Machine wash separately in cold water on the delicate cycle. Only non-chlorine bleach if needed. Do not twist or wring. Lay flat to dry. Warm iron if needed. Can be dry cleaned.'

2019-05-08 17:19:36 - [MESSAGE][PASSED] - Text of object 'Object Repository/Page_cabi Order Items/care_instruction' is: 'Turn garment inside out and place in a mesh bag. Machine wash separately in cold water on the delicate cycle. Only non-chlorine bleach if needed. Do not twist or wring. Lay flat to dry. Warm iron if needed. Can be dry cleaned.'

2019-05-08 17:19:36 - [TEST_STEP][PASSED] - assert actualCasreIntrn.equals(findTestData("productData").getValue("CareInstr", row)): null

2019-05-08 17:19:36 - [MESSAGE][PASSED] - Call Test Case 'Test Cases/productVerify' successfully

2019-05-08 17:19:36 - [TEST_STEP][PASSED] - click(findTestObject("Object Repository/Page_cabi Home/a_Shows  Orders")): Object: 'Object Repository/Page_cabi Home/a_Shows  Orders' is clicked on

2019-05-08 17:19:36 - [MESSAGE][PASSED] - Object: 'Object Repository/Page_cabi Home/a_Shows  Orders' is clicked on

2019-05-08 17:19:36 - [TEST_STEP][PASSED] - delay(3): Delayed 3 second(s)

2019-05-08 17:19:39 - [MESSAGE][PASSED] - Delayed 3 second(s)

2019-05-08 17:19:39 - [TEST_STEP][PASSED] - rightClick(findTestObject("Page_cabi Home/a_Shows  Orders")): Object: 'Object Repository/Page_cabi Home/a_Shows  Orders' is right clicked on

2019-05-08 17:19:39 - [MESSAGE][PASSED] - Object: 'Object Repository/Page_cabi Home/a_Shows  Orders' is right clicked on

2019-05-08 17:19:39 - [TEST_STEP][PASSED] - click(findTestObject("Page_cabi Home/a_retail_purchases")): Object: 'Object Repository/Page_cabi Home/a_retail_purchases' is clicked on

2019-05-08 17:19:46 - [MESSAGE][PASSED] - Object: 'Object Repository/Page_cabi Home/a_retail_purchases' is clicked on

2019-05-08 17:19:46 - [TEST_STEP][PASSED] - click(findTestObject("Object Repository/Page_cabi Retail Store/span_Continue to Order")): Object: 'Object Repository/Page_cabi Retail Store/span_Continue to Order' is clicked on

2019-05-08 17:19:46 - [MESSAGE][PASSED] - Object: 'Object Repository/Page_cabi Retail Store/span_Continue to Order' is clicked on

2019-05-08 17:19:46 - [TEST_STEP][PASSED] - callTestCase(findTestCase("productVerify"), ["available":BORetail, "storeType":"BORetail"], STOP_ON_FAILURE): Call Test Case 'Test Cases/productVerify' successfully

2019-05-08 17:19:46 - [TEST_CASE][PASSED] - Test Cases/productVerify: Test Cases/productVerify

2019-05-08 17:19:46 - [TEST_STEP][PASSED] - for ([row = 1, row <= findTestData("productData").getRowNumbers(), (row++)]): null

2019-05-08 17:19:46 - [TEST_STEP][PASSED] - setText(findTestObject("Object Repository/Page_cabi Order Items/input_New Arrivals - Blooming Blush_style"), findTestData("productData").getValue("Style", row)): Text '5618' is set on object 'Object Repository/Page_cabi Order Items/input_New Arrivals - Blooming Blush_style'

2019-05-08 17:19:49 - [MESSAGE][PASSED] - Text '5618' is set on object 'Object Repository/Page_cabi Order Items/input_New Arrivals - Blooming Blush_style'

2019-05-08 17:19:49 - [TEST_STEP][PASSED] - sendKeys(findTestObject("Object Repository/Page_cabi Order Items/input_New Arrivals - Blooming Blush_style"), Keys.chord(ENTER)): Keys 'ENTER + ' sent to object: 'Object Repository/Page_cabi Order Items/input_New Arrivals - Blooming Blush_style'

2019-05-08 17:19:49 - [MESSAGE][PASSED] - Keys 'ENTER + ' sent to object: 'Object Repository/Page_cabi Order Items/input_New Arrivals - Blooming Blush_style'

2019-05-08 17:19:49 - [TEST_STEP][PASSED] - delay(5): Delayed 5 second(s)

2019-05-08 17:19:54 - [MESSAGE][PASSED] - Delayed 5 second(s)

2019-05-08 17:19:54 - [TEST_STEP][PASSED] - if (toString().equalsIgnoreCase("no")): null

2019-05-08 17:19:54 - [TEST_STEP][PASSED] - else: null

2019-05-08 17:19:54 - [TEST_STEP][PASSED] - click(findTestObject("Page_cabi Order Items/li_order_item")): Object: 'Object Repository/Page_cabi Order Items/li_order_item' is clicked on

2019-05-08 17:19:55 - [MESSAGE][PASSED] - Object: 'Object Repository/Page_cabi Order Items/li_order_item' is clicked on

2019-05-08 17:19:55 - [TEST_STEP][PASSED] - delay(5): Delayed 5 second(s)

2019-05-08 17:20:00 - [MESSAGE][PASSED] - Delayed 5 second(s)

2019-05-08 17:20:00 - [TEST_STEP][PASSED] - imgString1 = getValue("Style", row).toString(): null

2019-05-08 17:20:00 - [TEST_STEP][PASSED] - imagePath = UtilityMethods.createScreenshotImagePath(storeType, imgString1): null

2019-05-08 17:20:00 - [TEST_STEP][PASSED] - println(imagePath): null

2019-05-08 17:20:00 - [TEST_STEP][PASSED] - takeScreenshot(imagePath): Taking screenshot successfully

2019-05-08 17:20:00 - [MESSAGE][PASSED] - Taking screenshot successfully
[[ATTACHMENT|C:\\Users\\user\\Documents\\testautomation\\NewArrivals\\productImages\\BORetail_5618 image.png]]

2019-05-08 17:20:00 - [TEST_STEP][PASSED] - verifyElementText(findTestObject("Page_cabi Order Items/GetAttribute_getID"), findTestData("productData").getValue("Style", row)): Actual text and expected text of test object 'Object Repository/Page_cabi Order Items/GetAttribute_getID' are matched.

2019-05-08 17:20:00 - [MESSAGE][PASSED] - Actual text and expected text of test object 'Object Repository/Page_cabi Order Items/GetAttribute_getID' are matched.

2019-05-08 17:20:00 - [TEST_STEP][PASSED] - colorOptions = findWebElements(findTestObject("Page_cabi Order Items/GetAttribute_Color"), 5): null

2019-05-08 17:20:00 - [TEST_STEP][PASSED] - println(colorOptions.size()): null

2019-05-08 17:20:00 - [TEST_STEP][PASSED] - expectedColour = findTestData("productData").getValue("Color", row): null

2019-05-08 17:20:00 - [TEST_STEP][PASSED] - println("expected colour is"): null

2019-05-08 17:20:00 - [TEST_STEP][PASSED] - println(expectedColour): null

2019-05-08 17:20:00 - [TEST_STEP][PASSED] - colourVerified = false: null

2019-05-08 17:20:00 - [TEST_STEP][PASSED] - for (org.openqa.selenium.WebElement op : colorOptions): null

2019-05-08 17:20:00 - [TEST_STEP][PASSED] - println(op.getText()): null

2019-05-08 17:20:00 - [TEST_STEP][PASSED] - if (expectedColour.equalsIgnoreCase(op.getText())): null

2019-05-08 17:20:00 - [TEST_STEP][PASSED] - colourVerified = true: null

2019-05-08 17:20:00 - [TEST_STEP][PASSED] - break: null

2019-05-08 17:20:00 - [TEST_STEP][PASSED] - assert colourVerified == true: null

2019-05-08 17:20:00 - [TEST_STEP][PASSED] - getPrice = getText(findTestObject("Page_cabi Order Items/GetAttribute_Price")): Text of object 'Object Repository/Page_cabi Order Items/GetAttribute_Price' is: 'Price : $119.00'

2019-05-08 17:20:00 - [MESSAGE][PASSED] - Text of object 'Object Repository/Page_cabi Order Items/GetAttribute_Price' is: 'Price : $119.00'

2019-05-08 17:20:00 - [TEST_STEP][PASSED] - Split_Data = UtilityMethods.SplitData(getPrice): null

2019-05-08 17:20:00 - [TEST_STEP][PASSED] - verifyMatch(Split_Data, findTestData("productData").getValue("Retail", row), true): Actual text '119' and expected text '119' are matched  using regular expression

2019-05-08 17:20:00 - [MESSAGE][PASSED] - Actual text '119' and expected text '119' are matched  using regular expression

2019-05-08 17:20:00 - [TEST_STEP][PASSED] - sizeRange1 = ["XXS", "XS", "S", "M", "L", "XL"]: null

2019-05-08 17:20:00 - [TEST_STEP][PASSED] - sizeRange2 = ["00", "0", "2", "4", "6", "8", "10", "12", "14", "16"]: null

2019-05-08 17:20:00 - [TEST_STEP][PASSED] - sizeRange3 = ["Long", "Regular", "Short"]: null

2019-05-08 17:20:00 - [TEST_STEP][PASSED] - sizeRange4 = ["5", "6", "6.5", "7", "7.5", "8", "8.5", "9", "9.5", "10", "11"]: null

2019-05-08 17:20:00 - [TEST_STEP][PASSED] - sizeRangeSplit = UtilityMethods.SplitSizes(findTestData("productData").getValue("SzRange", row)): null

2019-05-08 17:20:00 - [TEST_STEP][PASSED] - sizeType = getText(findTestObject("Object Repository/Page_cabi Order Items/Size")): Text of object 'Object Repository/Page_cabi Order Items/Size' is: 'Select'

2019-05-08 17:20:00 - [MESSAGE][PASSED] - Text of object 'Object Repository/Page_cabi Order Items/Size' is: 'Select'

2019-05-08 17:20:00 - [TEST_STEP][PASSED] - sizeOptions = findWebElements(findTestObject("Object Repository/Page_cabi Order Items/Size"), 5): null

2019-05-08 17:20:00 - [TEST_STEP][PASSED] - actualRange = new java.util.ArrayList(): null

2019-05-08 17:20:00 - [TEST_STEP][PASSED] - expectedRange = <not implemented yet for class: org.codehaus.groovy.ast.expr.EmptyExpression>: null

2019-05-08 17:20:00 - [TEST_STEP][PASSED] - if (sizeType.equalsIgnoreCase("Select")): null

2019-05-08 17:20:00 - [TEST_STEP][PASSED] - for ([i = 1, i < sizeOptions.size(), (i++)]): null

2019-05-08 17:20:00 - [TEST_STEP][PASSED] - actualRange.add(getAttribute("value").toString()): null

2019-05-08 17:20:00 - [TEST_STEP][PASSED] - actualRange.add(getAttribute("value").toString()): null

2019-05-08 17:20:00 - [TEST_STEP][PASSED] - actualRange.add(getAttribute("value").toString()): null

2019-05-08 17:20:00 - [TEST_STEP][PASSED] - actualRange.add(getAttribute("value").toString()): null

2019-05-08 17:20:00 - [TEST_STEP][PASSED] - actualRange.add(getAttribute("value").toString()): null

2019-05-08 17:20:00 - [TEST_STEP][PASSED] - if (toString().equalsIgnoreCase("XS") || toString().equalsIgnoreCase("XXS")): null

2019-05-08 17:20:00 - [TEST_STEP][PASSED] - expectedRange = UtilityMethods.getExpectedRange(sizeRange1, sizeRangeSplit): null

2019-05-08 17:20:00 - [TEST_STEP][PASSED] - println("XS"): null

2019-05-08 17:20:00 - [TEST_STEP][PASSED] - println(expectedRange.toString()): null

2019-05-08 17:20:00 - [TEST_STEP][PASSED] - assert UtilityMethods.listEquals(expectedRange, actualRange) == true: null

2019-05-08 17:20:00 - [TEST_STEP][PASSED] - delay(2): Delayed 2 second(s)

2019-05-08 17:20:02 - [MESSAGE][PASSED] - Delayed 2 second(s)

2019-05-08 17:20:02 - [TEST_STEP][PASSED] - verifyElementText(findTestObject("Page_cabi Order Items/product_title"), findTestData("productData").getValue("Description", row)): Actual text and expected text of test object 'Object Repository/Page_cabi Order Items/product_title' are matched.

2019-05-08 17:20:03 - [MESSAGE][PASSED] - Actual text and expected text of test object 'Object Repository/Page_cabi Order Items/product_title' are matched.

2019-05-08 17:20:03 - [TEST_STEP][PASSED] - verifyElementText(findTestObject("Page_cabi Order Items/product_fabric"), findTestData("productData").getValue("FinalContent", row)): Actual text and expected text of test object 'Object Repository/Page_cabi Order Items/product_fabric' are matched.

2019-05-08 17:20:03 - [MESSAGE][PASSED] - Actual text and expected text of test object 'Object Repository/Page_cabi Order Items/product_fabric' are matched.

2019-05-08 17:20:03 - [TEST_STEP][PASSED] - actualCasreIntrn = "<div>" + getText(findTestObject("Page_cabi Order Items/care_instruction")) + "</div>": Text of object 'Object Repository/Page_cabi Order Items/care_instruction' is: 'Turn garment inside out and place in a mesh bag. Machine wash separately in cold water on the delicate cycle. Only non-chlorine bleach if needed. Do not twist or wring. Lay flat to dry. Warm iron if needed. Can be dry cleaned.'

2019-05-08 17:20:03 - [MESSAGE][PASSED] - Text of object 'Object Repository/Page_cabi Order Items/care_instruction' is: 'Turn garment inside out and place in a mesh bag. Machine wash separately in cold water on the delicate cycle. Only non-chlorine bleach if needed. Do not twist or wring. Lay flat to dry. Warm iron if needed. Can be dry cleaned.'

2019-05-08 17:20:03 - [TEST_STEP][PASSED] - assert actualCasreIntrn.equals(findTestData("productData").getValue("CareInstr", row)): null

2019-05-08 17:20:03 - [MESSAGE][PASSED] - Call Test Case 'Test Cases/productVerify' successfully

2019-05-08 17:20:03 - [TEST_STEP][PASSED] - click(findTestObject("Object Repository/Page_cabi Home/a_Shows  Orders")): Object: 'Object Repository/Page_cabi Home/a_Shows  Orders' is clicked on

2019-05-08 17:20:03 - [MESSAGE][PASSED] - Object: 'Object Repository/Page_cabi Home/a_Shows  Orders' is clicked on

2019-05-08 17:20:03 - [TEST_STEP][PASSED] - delay(3): Delayed 3 second(s)

2019-05-08 17:20:06 - [MESSAGE][PASSED] - Delayed 3 second(s)

2019-05-08 17:20:06 - [TEST_STEP][PASSED] - rightClick(findTestObject("Page_cabi Home/a_online_outline_purchases")): Object: 'Object Repository/Page_cabi Home/a_online_outline_purchases' is right clicked on

2019-05-08 17:20:06 - [MESSAGE][PASSED] - Object: 'Object Repository/Page_cabi Home/a_online_outline_purchases' is right clicked on

2019-05-08 17:20:06 - [TEST_STEP][PASSED] - click(findTestObject("Page_cabi Home/a_online_outline_purchases")): Object: 'Object Repository/Page_cabi Home/a_online_outline_purchases' is clicked on

2019-05-08 17:20:11 - [MESSAGE][PASSED] - Object: 'Object Repository/Page_cabi Home/a_online_outline_purchases' is clicked on

2019-05-08 17:20:11 - [TEST_STEP][PASSED] - click(findTestObject("Object Repository/Page_cabi Online Outlet Store/span_Continue to Order")): Object: 'Object Repository/Page_cabi Online Outlet Store/span_Continue to Order' is clicked on

2019-05-08 17:20:11 - [MESSAGE][PASSED] - Object: 'Object Repository/Page_cabi Online Outlet Store/span_Continue to Order' is clicked on

2019-05-08 17:20:11 - [TEST_STEP][PASSED] - callTestCase(findTestCase("productVerify"), ["available":BOOnlineoutlet, "storeType":"BOOnlineoutlet"], STOP_ON_FAILURE): Call Test Case 'Test Cases/productVerify' successfully

2019-05-08 17:20:11 - [TEST_CASE][PASSED] - Test Cases/productVerify: Test Cases/productVerify

2019-05-08 17:20:11 - [TEST_STEP][PASSED] - for ([row = 1, row <= findTestData("productData").getRowNumbers(), (row++)]): Actual text and expected text of test object 'Object Repository/Page_cabi Order Items/no_result_found' are matched.

2019-05-08 17:20:11 - [TEST_STEP][PASSED] - setText(findTestObject("Object Repository/Page_cabi Order Items/input_New Arrivals - Blooming Blush_style"), findTestData("productData").getValue("Style", row)): Text '5618' is set on object 'Object Repository/Page_cabi Order Items/input_New Arrivals - Blooming Blush_style'

2019-05-08 17:20:13 - [MESSAGE][PASSED] - Text '5618' is set on object 'Object Repository/Page_cabi Order Items/input_New Arrivals - Blooming Blush_style'

2019-05-08 17:20:13 - [TEST_STEP][PASSED] - sendKeys(findTestObject("Object Repository/Page_cabi Order Items/input_New Arrivals - Blooming Blush_style"), Keys.chord(ENTER)): Keys 'ENTER + ' sent to object: 'Object Repository/Page_cabi Order Items/input_New Arrivals - Blooming Blush_style'

2019-05-08 17:20:13 - [MESSAGE][PASSED] - Keys 'ENTER + ' sent to object: 'Object Repository/Page_cabi Order Items/input_New Arrivals - Blooming Blush_style'

2019-05-08 17:20:13 - [TEST_STEP][PASSED] - delay(5): Delayed 5 second(s)

2019-05-08 17:20:18 - [MESSAGE][PASSED] - Delayed 5 second(s)

2019-05-08 17:20:18 - [TEST_STEP][PASSED] - if (toString().equalsIgnoreCase("no")): Actual text and expected text of test object 'Object Repository/Page_cabi Order Items/no_result_found' are matched.

2019-05-08 17:20:18 - [TEST_STEP][PASSED] - noResultMessages = findWebElements(findTestObject("Page_cabi Order Items/no_result_found"), 5): null

2019-05-08 17:20:18 - [TEST_STEP][PASSED] - assert noResultMessages.size() > 0: null

2019-05-08 17:20:18 - [TEST_STEP][PASSED] - verifyElementText(findTestObject("Page_cabi Order Items/no_result_found"), "No Results Found!"): Actual text and expected text of test object 'Object Repository/Page_cabi Order Items/no_result_found' are matched.

2019-05-08 17:20:18 - [MESSAGE][PASSED] - Actual text and expected text of test object 'Object Repository/Page_cabi Order Items/no_result_found' are matched.

2019-05-08 17:20:18 - [MESSAGE][PASSED] - Call Test Case 'Test Cases/productVerify' successfully

2019-05-08 17:20:18 - [TEST_STEP][PASSED] - if (timeRow == 1): null

2019-05-08 17:20:18 - [TEST_STEP][PASSED] - callTestCase(findTestCase("cabiCentralLogin"), [:], STOP_ON_FAILURE): Call Test Case 'Test Cases/cabiCentralLogin' successfully

2019-05-08 17:20:18 - [TEST_CASE][PASSED] - Test Cases/cabiCentralLogin: Test Cases/cabiCentralLogin

2019-05-08 17:20:18 - [TEST_STEP][PASSED] - CCURL = findTestData("credData").getValue("CCURL", 1): null

2019-05-08 17:20:18 - [TEST_STEP][PASSED] - CCuser = findTestData("credData").getValue("CCuser", 1): null

2019-05-08 17:20:18 - [TEST_STEP][PASSED] - CCpass = findTestData("credData").getValue("CCpass", 1): null

2019-05-08 17:20:18 - [TEST_STEP][PASSED] - openBrowser(""): Browser is opened with url: ''

2019-05-08 17:20:18 - [MESSAGE][WARNING] - A browser is already opened. Closing browser and opening a new one

2019-05-08 17:20:19 - [MESSAGE][INFO] - Starting 'Chrome' driver

2019-05-08 17:20:21 - [MESSAGE][PASSED] - Browser is opened with url: ''

2019-05-08 17:20:21 - [TEST_STEP][PASSED] - navigateToUrl(CCURL): Navigate to 'https://test14.cliotest.com/cabicentral/control/main' successfully

2019-05-08 17:20:29 - [MESSAGE][PASSED] - Navigate to 'https://test14.cliotest.com/cabicentral/control/main' successfully

2019-05-08 17:20:29 - [TEST_STEP][PASSED] - maximizeWindow(): Current window maximized

2019-05-08 17:20:30 - [MESSAGE][PASSED] - Current window maximized

2019-05-08 17:20:30 - [TEST_STEP][PASSED] - logOut = findWebElements(findTestObject("Object Repository/Page_cabi Home/log_out"), 5): Unable to find the element located by 'By.xpath: //a[contains(text(),'Log Out')]'. Please recheck the objects properties to make sure the desired element is located. 

2019-05-08 17:20:35 - [MESSAGE][INFO] - Unable to find the element located by 'By.xpath: //a[contains(text(),'Log Out')]'. Please recheck the objects properties to make sure the desired element is located. 

2019-05-08 17:20:35 - [TEST_STEP][PASSED] - if (logOut.size() == 0): Object: 'Object Repository/Page_cabi/input_Password_section-btn btn-stl-pk rFloat' is clicked on

2019-05-08 17:20:35 - [TEST_STEP][PASSED] - setText(findTestObject("Object Repository/Page_cabi/input_Username_USERNAME"), CCuser): Text 'ehudson' is set on object 'Object Repository/Page_cabi/input_Username_USERNAME'

2019-05-08 17:20:36 - [MESSAGE][PASSED] - Text 'ehudson' is set on object 'Object Repository/Page_cabi/input_Username_USERNAME'

2019-05-08 17:20:36 - [TEST_STEP][PASSED] - setText(findTestObject("Object Repository/Page_cabi/input_Password_PASSWORD"), CCpass): Text 'blackdress19' is set on object 'Object Repository/Page_cabi/input_Password_PASSWORD'

2019-05-08 17:20:36 - [MESSAGE][PASSED] - Text 'blackdress19' is set on object 'Object Repository/Page_cabi/input_Password_PASSWORD'

2019-05-08 17:20:36 - [TEST_STEP][PASSED] - delay(3): Delayed 3 second(s)

2019-05-08 17:20:39 - [MESSAGE][PASSED] - Delayed 3 second(s)

2019-05-08 17:20:39 - [TEST_STEP][PASSED] - click(findTestObject("Object Repository/Page_cabi/input_Password_section-btn btn-stl-pk rFloat")): Object: 'Object Repository/Page_cabi/input_Password_section-btn btn-stl-pk rFloat' is clicked on

2019-05-08 17:20:43 - [MESSAGE][PASSED] - Object: 'Object Repository/Page_cabi/input_Password_section-btn btn-stl-pk rFloat' is clicked on

2019-05-08 17:20:43 - [TEST_STEP][PASSED] - delay(3): Delayed 3 second(s)

2019-05-08 17:20:46 - [MESSAGE][PASSED] - Delayed 3 second(s)

2019-05-08 17:20:46 - [MESSAGE][PASSED] - Call Test Case 'Test Cases/cabiCentralLogin' successfully

2019-05-08 17:20:46 - [TEST_STEP][PASSED] - delay(3): Delayed 3 second(s)

2019-05-08 17:20:49 - [MESSAGE][PASSED] - Delayed 3 second(s)

2019-05-08 17:20:49 - [TEST_STEP][PASSED] - click(findTestObject("Page_cabi cabiCentral Tasks/a_ORDERS")): Object: 'Object Repository/Page_cabi cabiCentral Tasks/a_ORDERS' is clicked on

2019-05-08 17:20:51 - [MESSAGE][PASSED] - Object: 'Object Repository/Page_cabi cabiCentral Tasks/a_ORDERS' is clicked on

2019-05-08 17:20:51 - [TEST_STEP][PASSED] - delay(3): Delayed 3 second(s)

2019-05-08 17:20:54 - [MESSAGE][PASSED] - Delayed 3 second(s)

2019-05-08 17:20:54 - [TEST_STEP][PASSED] - click(findTestObject("Page_cabi Find Order/a_Create Order")): Object: 'Object Repository/Page_cabi Find Order/a_Create Order' is clicked on

2019-05-08 17:20:55 - [MESSAGE][PASSED] - Object: 'Object Repository/Page_cabi Find Order/a_Create Order' is clicked on

2019-05-08 17:20:55 - [TEST_STEP][PASSED] - selectOptionByValue(findTestObject("Page_cabi Create Order/select_order_type"), "PERSONAL", true): All options with value 'PERSONAL' are selected in object 'Object Repository/Page_cabi Create Order/select_order_type'  using regular expression

2019-05-08 17:20:55 - [MESSAGE][PASSED] - All options with value 'PERSONAL' are selected in object 'Object Repository/Page_cabi Create Order/select_order_type'  using regular expression

2019-05-08 17:20:55 - [TEST_STEP][PASSED] - click(findTestObject("Page_cabi Create Order/input_select_order_type")): Object: 'Object Repository/Page_cabi Create Order/input_select_order_type' is clicked on

2019-05-08 17:20:59 - [MESSAGE][PASSED] - Object: 'Object Repository/Page_cabi Create Order/input_select_order_type' is clicked on

2019-05-08 17:20:59 - [TEST_STEP][PASSED] - callTestCase(findTestCase("productVerifyShort"), ["available":CCPersonal, "storeType":"CCPersonal"], STOP_ON_FAILURE): Call Test Case 'Test Cases/productVerifyShort' successfully

2019-05-08 17:21:00 - [TEST_CASE][PASSED] - Test Cases/productVerifyShort: Test Cases/productVerifyShort

2019-05-08 17:21:00 - [TEST_STEP][PASSED] - for ([row = 1, row <= findTestData("productData").getRowNumbers(), (row++)]): Delayed 3 second(s)

2019-05-08 17:21:00 - [TEST_STEP][PASSED] - setText(findTestObject("Object Repository/Page_cabi Create Order/input_Manual Discount_stylelookup_0"), findTestData("productData").getValue("Style", row)): Text '5618' is set on object 'Object Repository/Page_cabi Create Order/input_Manual Discount_stylelookup_0'

2019-05-08 17:21:00 - [MESSAGE][PASSED] - Text '5618' is set on object 'Object Repository/Page_cabi Create Order/input_Manual Discount_stylelookup_0'

2019-05-08 17:21:00 - [TEST_STEP][PASSED] - delay(2): Delayed 2 second(s)

2019-05-08 17:21:02 - [MESSAGE][PASSED] - Delayed 2 second(s)

2019-05-08 17:21:02 - [TEST_STEP][PASSED] - prod_message = getText(findTestObject("Page_cabi Create Order/first_option")): Text of object 'Object Repository/Page_cabi Create Order/first_option' is: '5618 Breeze Dress'

2019-05-08 17:21:02 - [MESSAGE][PASSED] - Text of object 'Object Repository/Page_cabi Create Order/first_option' is: '5618 Breeze Dress'

2019-05-08 17:21:02 - [TEST_STEP][PASSED] - delay(1): Delayed 1 second(s)

2019-05-08 17:21:03 - [MESSAGE][PASSED] - Delayed 1 second(s)

2019-05-08 17:21:03 - [TEST_STEP][PASSED] - click(findTestObject("Page_cabi Create Order/first_option")): Object: 'Object Repository/Page_cabi Create Order/first_option' is clicked on

2019-05-08 17:21:03 - [MESSAGE][PASSED] - Object: 'Object Repository/Page_cabi Create Order/first_option' is clicked on

2019-05-08 17:21:03 - [TEST_STEP][PASSED] - if (toString().equalsIgnoreCase("no")): null

2019-05-08 17:21:03 - [TEST_STEP][PASSED] - else: Delayed 3 second(s)

2019-05-08 17:21:03 - [TEST_STEP][PASSED] - delay(3): Delayed 3 second(s)

2019-05-08 17:21:06 - [MESSAGE][PASSED] - Delayed 3 second(s)

2019-05-08 17:21:06 - [TEST_STEP][PASSED] - s1 = getValue("Style", row).toString(): null

2019-05-08 17:21:06 - [TEST_STEP][PASSED] - s2 = " ": null

2019-05-08 17:21:06 - [TEST_STEP][PASSED] - s3 = getValue("Description", row).toString(): null

2019-05-08 17:21:06 - [TEST_STEP][PASSED] - expectedStyleDescription = $s1$s2$s3: null

2019-05-08 17:21:06 - [TEST_STEP][PASSED] - assert prod_message.equalsIgnoreCase(expectedStyleDescription): null

2019-05-08 17:21:06 - [TEST_STEP][PASSED] - delay(3): Delayed 3 second(s)

2019-05-08 17:21:09 - [MESSAGE][PASSED] - Delayed 3 second(s)

2019-05-08 17:21:09 - [TEST_STEP][PASSED] - colorOptions = findWebElements(findTestObject("Page_cabi Order Items/GetAttribute_Color"), 5): null

2019-05-08 17:21:09 - [TEST_STEP][PASSED] - println(colorOptions.size()): null

2019-05-08 17:21:09 - [TEST_STEP][PASSED] - expectedColour = findTestData("productData").getValue("Color", row): null

2019-05-08 17:21:09 - [TEST_STEP][PASSED] - println("expected colour is"): null

2019-05-08 17:21:09 - [TEST_STEP][PASSED] - println(expectedColour): null

2019-05-08 17:21:09 - [TEST_STEP][PASSED] - colourVerified = false: null

2019-05-08 17:21:09 - [TEST_STEP][PASSED] - for (org.openqa.selenium.WebElement op : colorOptions): null

2019-05-08 17:21:09 - [TEST_STEP][PASSED] - println(op.getText()): null

2019-05-08 17:21:09 - [TEST_STEP][PASSED] - if (expectedColour.equalsIgnoreCase(op.getText())): null

2019-05-08 17:21:09 - [TEST_STEP][PASSED] - colourVerified = true: null

2019-05-08 17:21:09 - [TEST_STEP][PASSED] - break: null

2019-05-08 17:21:09 - [TEST_STEP][PASSED] - assert colourVerified == true: null

2019-05-08 17:21:09 - [TEST_STEP][PASSED] - getPrice = getText(findTestObject("Page_cabi Create Order/retail_price")): Text of object 'Object Repository/Page_cabi Create Order/retail_price' is: '$119.00'

2019-05-08 17:21:09 - [MESSAGE][PASSED] - Text of object 'Object Repository/Page_cabi Create Order/retail_price' is: '$119.00'

2019-05-08 17:21:09 - [TEST_STEP][PASSED] - Split_Data = UtilityMethods.SplitData(getPrice): null

2019-05-08 17:21:09 - [TEST_STEP][PASSED] - verifyMatch(Split_Data, findTestData("productData").getValue("Retail", row), true): Actual text '119' and expected text '119' are matched  using regular expression

2019-05-08 17:21:09 - [MESSAGE][PASSED] - Actual text '119' and expected text '119' are matched  using regular expression

2019-05-08 17:21:09 - [TEST_STEP][PASSED] - sizeRange1 = ["XXS", "XS", "S", "M", "L", "XL"]: null

2019-05-08 17:21:09 - [TEST_STEP][PASSED] - sizeRange2 = ["00", "0", "2", "4", "6", "8", "10", "12", "14", "16"]: null

2019-05-08 17:21:09 - [TEST_STEP][PASSED] - sizeRange3 = ["Long", "Regular", "Short"]: null

2019-05-08 17:21:09 - [TEST_STEP][PASSED] - sizeRange4 = ["5", "6", "6.5", "7", "7.5", "8", "8.5", "9", "9.5", "10", "11"]: null

2019-05-08 17:21:09 - [TEST_STEP][PASSED] - sizeRangeSplit = UtilityMethods.SplitSizes(findTestData("productData").getValue("SzRange", row)): null

2019-05-08 17:21:09 - [TEST_STEP][PASSED] - sizeType = getText(findTestObject("Object Repository/Page_cabi Order Items/Size")): Text of object 'Object Repository/Page_cabi Order Items/Size' is: 'Select'

2019-05-08 17:21:09 - [MESSAGE][PASSED] - Text of object 'Object Repository/Page_cabi Order Items/Size' is: 'Select'

2019-05-08 17:21:09 - [TEST_STEP][PASSED] - sizeOptions = findWebElements(findTestObject("Object Repository/Page_cabi Order Items/Size"), 5): null

2019-05-08 17:21:09 - [TEST_STEP][PASSED] - actualRange = new java.util.ArrayList(): null

2019-05-08 17:21:09 - [TEST_STEP][PASSED] - expectedRange = <not implemented yet for class: org.codehaus.groovy.ast.expr.EmptyExpression>: null

2019-05-08 17:21:09 - [TEST_STEP][PASSED] - if (sizeType.equalsIgnoreCase("Select")): null

2019-05-08 17:21:09 - [TEST_STEP][PASSED] - for ([i = 1, i < sizeOptions.size(), (i++)]): null

2019-05-08 17:21:09 - [TEST_STEP][PASSED] - actualRange.add(get(i).getText()): null

2019-05-08 17:21:09 - [TEST_STEP][PASSED] - actualRange.add(get(i).getText()): null

2019-05-08 17:21:09 - [TEST_STEP][PASSED] - actualRange.add(get(i).getText()): null

2019-05-08 17:21:09 - [TEST_STEP][PASSED] - actualRange.add(get(i).getText()): null

2019-05-08 17:21:09 - [TEST_STEP][PASSED] - actualRange.add(get(i).getText()): null

2019-05-08 17:21:10 - [TEST_STEP][PASSED] - if (toString().equalsIgnoreCase("XS") || toString().equalsIgnoreCase("XXS")): null

2019-05-08 17:21:10 - [TEST_STEP][PASSED] - expectedRange = UtilityMethods.getExpectedRange(sizeRange1, sizeRangeSplit): null

2019-05-08 17:21:10 - [TEST_STEP][PASSED] - println("XS"): null

2019-05-08 17:21:10 - [TEST_STEP][PASSED] - println(expectedRange.toString()): null

2019-05-08 17:21:10 - [TEST_STEP][PASSED] - assert UtilityMethods.listEquals(expectedRange, actualRange) == true: null

2019-05-08 17:21:10 - [TEST_STEP][PASSED] - delay(3): Delayed 3 second(s)

2019-05-08 17:21:13 - [MESSAGE][PASSED] - Delayed 3 second(s)

2019-05-08 17:21:13 - [MESSAGE][PASSED] - Call Test Case 'Test Cases/productVerifyShort' successfully

2019-05-08 17:21:13 - [TEST_STEP][PASSED] - click(findTestObject("Page_cabi Find Order/a_Create Order")): Object: 'Object Repository/Page_cabi Find Order/a_Create Order' is clicked on

2019-05-08 17:21:15 - [MESSAGE][PASSED] - Object: 'Object Repository/Page_cabi Find Order/a_Create Order' is clicked on

2019-05-08 17:21:15 - [TEST_STEP][PASSED] - selectOptionByValue(findTestObject("Page_cabi Create Order/select_order_type"), "RETAIL", true): All options with value 'RETAIL' are selected in object 'Object Repository/Page_cabi Create Order/select_order_type'  using regular expression

2019-05-08 17:21:15 - [MESSAGE][PASSED] - All options with value 'RETAIL' are selected in object 'Object Repository/Page_cabi Create Order/select_order_type'  using regular expression

2019-05-08 17:21:15 - [TEST_STEP][PASSED] - click(findTestObject("Page_cabi Create Order/input_select_order_type")): Object: 'Object Repository/Page_cabi Create Order/input_select_order_type' is clicked on

2019-05-08 17:21:17 - [MESSAGE][PASSED] - Object: 'Object Repository/Page_cabi Create Order/input_select_order_type' is clicked on

2019-05-08 17:21:17 - [TEST_STEP][PASSED] - callTestCase(findTestCase("productVerifyShort"), ["available":CCRetail], STOP_ON_FAILURE): Call Test Case 'Test Cases/productVerifyShort' successfully

2019-05-08 17:21:17 - [TEST_CASE][PASSED] - Test Cases/productVerifyShort: Test Cases/productVerifyShort

2019-05-08 17:21:17 - [TEST_STEP][PASSED] - for ([row = 1, row <= findTestData("productData").getRowNumbers(), (row++)]): Delayed 3 second(s)

2019-05-08 17:21:17 - [TEST_STEP][PASSED] - setText(findTestObject("Object Repository/Page_cabi Create Order/input_Manual Discount_stylelookup_0"), findTestData("productData").getValue("Style", row)): Text '5618' is set on object 'Object Repository/Page_cabi Create Order/input_Manual Discount_stylelookup_0'

2019-05-08 17:21:17 - [MESSAGE][PASSED] - Text '5618' is set on object 'Object Repository/Page_cabi Create Order/input_Manual Discount_stylelookup_0'

2019-05-08 17:21:17 - [TEST_STEP][PASSED] - delay(2): Delayed 2 second(s)

2019-05-08 17:21:19 - [MESSAGE][PASSED] - Delayed 2 second(s)

2019-05-08 17:21:19 - [TEST_STEP][PASSED] - prod_message = getText(findTestObject("Page_cabi Create Order/first_option")): Text of object 'Object Repository/Page_cabi Create Order/first_option' is: '5618 Breeze Dress'

2019-05-08 17:21:19 - [MESSAGE][PASSED] - Text of object 'Object Repository/Page_cabi Create Order/first_option' is: '5618 Breeze Dress'

2019-05-08 17:21:19 - [TEST_STEP][PASSED] - delay(1): Delayed 1 second(s)

2019-05-08 17:21:20 - [MESSAGE][PASSED] - Delayed 1 second(s)

2019-05-08 17:21:20 - [TEST_STEP][PASSED] - click(findTestObject("Page_cabi Create Order/first_option")): Object: 'Object Repository/Page_cabi Create Order/first_option' is clicked on

2019-05-08 17:21:20 - [MESSAGE][PASSED] - Object: 'Object Repository/Page_cabi Create Order/first_option' is clicked on

2019-05-08 17:21:20 - [TEST_STEP][PASSED] - if (toString().equalsIgnoreCase("no")): null

2019-05-08 17:21:20 - [TEST_STEP][PASSED] - else: Delayed 3 second(s)

2019-05-08 17:21:20 - [TEST_STEP][PASSED] - delay(3): Delayed 3 second(s)

2019-05-08 17:21:23 - [MESSAGE][PASSED] - Delayed 3 second(s)

2019-05-08 17:21:23 - [TEST_STEP][PASSED] - s1 = getValue("Style", row).toString(): null

2019-05-08 17:21:24 - [TEST_STEP][PASSED] - s2 = " ": null

2019-05-08 17:21:24 - [TEST_STEP][PASSED] - s3 = getValue("Description", row).toString(): null

2019-05-08 17:21:24 - [TEST_STEP][PASSED] - expectedStyleDescription = $s1$s2$s3: null

2019-05-08 17:21:24 - [TEST_STEP][PASSED] - assert prod_message.equalsIgnoreCase(expectedStyleDescription): null

2019-05-08 17:21:24 - [TEST_STEP][PASSED] - delay(3): Delayed 3 second(s)

2019-05-08 17:21:27 - [MESSAGE][PASSED] - Delayed 3 second(s)

2019-05-08 17:21:27 - [TEST_STEP][PASSED] - colorOptions = findWebElements(findTestObject("Page_cabi Order Items/GetAttribute_Color"), 5): null

2019-05-08 17:21:27 - [TEST_STEP][PASSED] - println(colorOptions.size()): null

2019-05-08 17:21:27 - [TEST_STEP][PASSED] - expectedColour = findTestData("productData").getValue("Color", row): null

2019-05-08 17:21:27 - [TEST_STEP][PASSED] - println("expected colour is"): null

2019-05-08 17:21:27 - [TEST_STEP][PASSED] - println(expectedColour): null

2019-05-08 17:21:27 - [TEST_STEP][PASSED] - colourVerified = false: null

2019-05-08 17:21:27 - [TEST_STEP][PASSED] - for (org.openqa.selenium.WebElement op : colorOptions): null

2019-05-08 17:21:27 - [TEST_STEP][PASSED] - println(op.getText()): null

2019-05-08 17:21:27 - [TEST_STEP][PASSED] - if (expectedColour.equalsIgnoreCase(op.getText())): null

2019-05-08 17:21:27 - [TEST_STEP][PASSED] - colourVerified = true: null

2019-05-08 17:21:27 - [TEST_STEP][PASSED] - break: null

2019-05-08 17:21:27 - [TEST_STEP][PASSED] - assert colourVerified == true: null

2019-05-08 17:21:27 - [TEST_STEP][PASSED] - getPrice = getText(findTestObject("Page_cabi Create Order/retail_price")): Text of object 'Object Repository/Page_cabi Create Order/retail_price' is: '$119.00'

2019-05-08 17:21:27 - [MESSAGE][PASSED] - Text of object 'Object Repository/Page_cabi Create Order/retail_price' is: '$119.00'

2019-05-08 17:21:27 - [TEST_STEP][PASSED] - Split_Data = UtilityMethods.SplitData(getPrice): null

2019-05-08 17:21:27 - [TEST_STEP][PASSED] - verifyMatch(Split_Data, findTestData("productData").getValue("Retail", row), true): Actual text '119' and expected text '119' are matched  using regular expression

2019-05-08 17:21:27 - [MESSAGE][PASSED] - Actual text '119' and expected text '119' are matched  using regular expression

2019-05-08 17:21:27 - [TEST_STEP][PASSED] - sizeRange1 = ["XXS", "XS", "S", "M", "L", "XL"]: null

2019-05-08 17:21:27 - [TEST_STEP][PASSED] - sizeRange2 = ["00", "0", "2", "4", "6", "8", "10", "12", "14", "16"]: null

2019-05-08 17:21:27 - [TEST_STEP][PASSED] - sizeRange3 = ["Long", "Regular", "Short"]: null

2019-05-08 17:21:27 - [TEST_STEP][PASSED] - sizeRange4 = ["5", "6", "6.5", "7", "7.5", "8", "8.5", "9", "9.5", "10", "11"]: null

2019-05-08 17:21:27 - [TEST_STEP][PASSED] - sizeRangeSplit = UtilityMethods.SplitSizes(findTestData("productData").getValue("SzRange", row)): null

2019-05-08 17:21:27 - [TEST_STEP][PASSED] - sizeType = getText(findTestObject("Object Repository/Page_cabi Order Items/Size")): Text of object 'Object Repository/Page_cabi Order Items/Size' is: 'Select'

2019-05-08 17:21:27 - [MESSAGE][PASSED] - Text of object 'Object Repository/Page_cabi Order Items/Size' is: 'Select'

2019-05-08 17:21:27 - [TEST_STEP][PASSED] - sizeOptions = findWebElements(findTestObject("Object Repository/Page_cabi Order Items/Size"), 5): null

2019-05-08 17:21:27 - [TEST_STEP][PASSED] - actualRange = new java.util.ArrayList(): null

2019-05-08 17:21:27 - [TEST_STEP][PASSED] - expectedRange = <not implemented yet for class: org.codehaus.groovy.ast.expr.EmptyExpression>: null

2019-05-08 17:21:27 - [TEST_STEP][PASSED] - if (sizeType.equalsIgnoreCase("Select")): null

2019-05-08 17:21:27 - [TEST_STEP][PASSED] - for ([i = 1, i < sizeOptions.size(), (i++)]): null

2019-05-08 17:21:27 - [TEST_STEP][PASSED] - actualRange.add(get(i).getText()): null

2019-05-08 17:21:27 - [TEST_STEP][PASSED] - actualRange.add(get(i).getText()): null

2019-05-08 17:21:27 - [TEST_STEP][PASSED] - actualRange.add(get(i).getText()): null

2019-05-08 17:21:27 - [TEST_STEP][PASSED] - actualRange.add(get(i).getText()): null

2019-05-08 17:21:27 - [TEST_STEP][PASSED] - actualRange.add(get(i).getText()): null

2019-05-08 17:21:27 - [TEST_STEP][PASSED] - if (toString().equalsIgnoreCase("XS") || toString().equalsIgnoreCase("XXS")): null

2019-05-08 17:21:27 - [TEST_STEP][PASSED] - expectedRange = UtilityMethods.getExpectedRange(sizeRange1, sizeRangeSplit): null

2019-05-08 17:21:27 - [TEST_STEP][PASSED] - println("XS"): null

2019-05-08 17:21:27 - [TEST_STEP][PASSED] - println(expectedRange.toString()): null

2019-05-08 17:21:27 - [TEST_STEP][PASSED] - assert UtilityMethods.listEquals(expectedRange, actualRange) == true: null

2019-05-08 17:21:27 - [TEST_STEP][PASSED] - delay(3): Delayed 3 second(s)

2019-05-08 17:21:30 - [MESSAGE][PASSED] - Delayed 3 second(s)

2019-05-08 17:21:30 - [MESSAGE][PASSED] - Call Test Case 'Test Cases/productVerifyShort' successfully

2019-05-08 17:21:30 - [TEST_STEP][PASSED] - click(findTestObject("Page_cabi Find Order/a_Create Order")): Object: 'Object Repository/Page_cabi Find Order/a_Create Order' is clicked on

2019-05-08 17:21:32 - [MESSAGE][PASSED] - Object: 'Object Repository/Page_cabi Find Order/a_Create Order' is clicked on

2019-05-08 17:21:32 - [TEST_STEP][PASSED] - selectOptionByValue(findTestObject("Page_cabi Create Order/select_order_type"), "SHOW", true): All options with value 'SHOW' are selected in object 'Object Repository/Page_cabi Create Order/select_order_type'  using regular expression

2019-05-08 17:21:33 - [MESSAGE][PASSED] - All options with value 'SHOW' are selected in object 'Object Repository/Page_cabi Create Order/select_order_type'  using regular expression

2019-05-08 17:21:33 - [TEST_STEP][PASSED] - click(findTestObject("Page_cabi Create Order/input_select_order_type")): Object: 'Object Repository/Page_cabi Create Order/input_select_order_type' is clicked on

2019-05-08 17:21:36 - [MESSAGE][PASSED] - Object: 'Object Repository/Page_cabi Create Order/input_select_order_type' is clicked on

2019-05-08 17:21:36 - [TEST_STEP][PASSED] - callTestCase(findTestCase("productVerifyShort"), ["available":CCShow], STOP_ON_FAILURE): Call Test Case 'Test Cases/productVerifyShort' successfully

2019-05-08 17:21:36 - [TEST_CASE][PASSED] - Test Cases/productVerifyShort: Test Cases/productVerifyShort

2019-05-08 17:21:36 - [TEST_STEP][PASSED] - for ([row = 1, row <= findTestData("productData").getRowNumbers(), (row++)]): Delayed 3 second(s)

2019-05-08 17:21:36 - [TEST_STEP][PASSED] - setText(findTestObject("Object Repository/Page_cabi Create Order/input_Manual Discount_stylelookup_0"), findTestData("productData").getValue("Style", row)): Text '5618' is set on object 'Object Repository/Page_cabi Create Order/input_Manual Discount_stylelookup_0'

2019-05-08 17:21:37 - [MESSAGE][PASSED] - Text '5618' is set on object 'Object Repository/Page_cabi Create Order/input_Manual Discount_stylelookup_0'

2019-05-08 17:21:37 - [TEST_STEP][PASSED] - delay(2): Delayed 2 second(s)

2019-05-08 17:21:39 - [MESSAGE][PASSED] - Delayed 2 second(s)

2019-05-08 17:21:39 - [TEST_STEP][PASSED] - prod_message = getText(findTestObject("Page_cabi Create Order/first_option")): Text of object 'Object Repository/Page_cabi Create Order/first_option' is: '5618 Breeze Dress'

2019-05-08 17:21:39 - [MESSAGE][PASSED] - Text of object 'Object Repository/Page_cabi Create Order/first_option' is: '5618 Breeze Dress'

2019-05-08 17:21:39 - [TEST_STEP][PASSED] - delay(1): Delayed 1 second(s)

2019-05-08 17:21:40 - [MESSAGE][PASSED] - Delayed 1 second(s)

2019-05-08 17:21:40 - [TEST_STEP][PASSED] - click(findTestObject("Page_cabi Create Order/first_option")): Object: 'Object Repository/Page_cabi Create Order/first_option' is clicked on

2019-05-08 17:21:40 - [MESSAGE][PASSED] - Object: 'Object Repository/Page_cabi Create Order/first_option' is clicked on

2019-05-08 17:21:40 - [TEST_STEP][PASSED] - if (toString().equalsIgnoreCase("no")): null

2019-05-08 17:21:40 - [TEST_STEP][PASSED] - else: Delayed 3 second(s)

2019-05-08 17:21:40 - [TEST_STEP][PASSED] - delay(3): Delayed 3 second(s)

2019-05-08 17:21:43 - [MESSAGE][PASSED] - Delayed 3 second(s)

2019-05-08 17:21:43 - [TEST_STEP][PASSED] - s1 = getValue("Style", row).toString(): null

2019-05-08 17:21:43 - [TEST_STEP][PASSED] - s2 = " ": null

2019-05-08 17:21:43 - [TEST_STEP][PASSED] - s3 = getValue("Description", row).toString(): null

2019-05-08 17:21:43 - [TEST_STEP][PASSED] - expectedStyleDescription = $s1$s2$s3: null

2019-05-08 17:21:43 - [TEST_STEP][PASSED] - assert prod_message.equalsIgnoreCase(expectedStyleDescription): null

2019-05-08 17:21:43 - [TEST_STEP][PASSED] - delay(3): Delayed 3 second(s)

2019-05-08 17:21:46 - [MESSAGE][PASSED] - Delayed 3 second(s)

2019-05-08 17:21:46 - [TEST_STEP][PASSED] - colorOptions = findWebElements(findTestObject("Page_cabi Order Items/GetAttribute_Color"), 5): null

2019-05-08 17:21:46 - [TEST_STEP][PASSED] - println(colorOptions.size()): null

2019-05-08 17:21:46 - [TEST_STEP][PASSED] - expectedColour = findTestData("productData").getValue("Color", row): null

2019-05-08 17:21:46 - [TEST_STEP][PASSED] - println("expected colour is"): null

2019-05-08 17:21:46 - [TEST_STEP][PASSED] - println(expectedColour): null

2019-05-08 17:21:46 - [TEST_STEP][PASSED] - colourVerified = false: null

2019-05-08 17:21:46 - [TEST_STEP][PASSED] - for (org.openqa.selenium.WebElement op : colorOptions): null

2019-05-08 17:21:46 - [TEST_STEP][PASSED] - println(op.getText()): null

2019-05-08 17:21:46 - [TEST_STEP][PASSED] - if (expectedColour.equalsIgnoreCase(op.getText())): null

2019-05-08 17:21:46 - [TEST_STEP][PASSED] - colourVerified = true: null

2019-05-08 17:21:46 - [TEST_STEP][PASSED] - break: null

2019-05-08 17:21:46 - [TEST_STEP][PASSED] - assert colourVerified == true: null

2019-05-08 17:21:46 - [TEST_STEP][PASSED] - getPrice = getText(findTestObject("Page_cabi Create Order/retail_price")): Text of object 'Object Repository/Page_cabi Create Order/retail_price' is: '$119.00'

2019-05-08 17:21:46 - [MESSAGE][PASSED] - Text of object 'Object Repository/Page_cabi Create Order/retail_price' is: '$119.00'

2019-05-08 17:21:46 - [TEST_STEP][PASSED] - Split_Data = UtilityMethods.SplitData(getPrice): null

2019-05-08 17:21:46 - [TEST_STEP][PASSED] - verifyMatch(Split_Data, findTestData("productData").getValue("Retail", row), true): Actual text '119' and expected text '119' are matched  using regular expression

2019-05-08 17:21:46 - [MESSAGE][PASSED] - Actual text '119' and expected text '119' are matched  using regular expression

2019-05-08 17:21:46 - [TEST_STEP][PASSED] - sizeRange1 = ["XXS", "XS", "S", "M", "L", "XL"]: null

2019-05-08 17:21:46 - [TEST_STEP][PASSED] - sizeRange2 = ["00", "0", "2", "4", "6", "8", "10", "12", "14", "16"]: null

2019-05-08 17:21:46 - [TEST_STEP][PASSED] - sizeRange3 = ["Long", "Regular", "Short"]: null

2019-05-08 17:21:46 - [TEST_STEP][PASSED] - sizeRange4 = ["5", "6", "6.5", "7", "7.5", "8", "8.5", "9", "9.5", "10", "11"]: null

2019-05-08 17:21:46 - [TEST_STEP][PASSED] - sizeRangeSplit = UtilityMethods.SplitSizes(findTestData("productData").getValue("SzRange", row)): null

2019-05-08 17:21:46 - [TEST_STEP][PASSED] - sizeType = getText(findTestObject("Object Repository/Page_cabi Order Items/Size")): Text of object 'Object Repository/Page_cabi Order Items/Size' is: 'Select'

2019-05-08 17:21:46 - [MESSAGE][PASSED] - Text of object 'Object Repository/Page_cabi Order Items/Size' is: 'Select'

2019-05-08 17:21:46 - [TEST_STEP][PASSED] - sizeOptions = findWebElements(findTestObject("Object Repository/Page_cabi Order Items/Size"), 5): null

2019-05-08 17:21:46 - [TEST_STEP][PASSED] - actualRange = new java.util.ArrayList(): null

2019-05-08 17:21:46 - [TEST_STEP][PASSED] - expectedRange = <not implemented yet for class: org.codehaus.groovy.ast.expr.EmptyExpression>: null

2019-05-08 17:21:46 - [TEST_STEP][PASSED] - if (sizeType.equalsIgnoreCase("Select")): null

2019-05-08 17:21:46 - [TEST_STEP][PASSED] - for ([i = 1, i < sizeOptions.size(), (i++)]): null

2019-05-08 17:21:46 - [TEST_STEP][PASSED] - actualRange.add(get(i).getText()): null

2019-05-08 17:21:46 - [TEST_STEP][PASSED] - actualRange.add(get(i).getText()): null

2019-05-08 17:21:46 - [TEST_STEP][PASSED] - actualRange.add(get(i).getText()): null

2019-05-08 17:21:46 - [TEST_STEP][PASSED] - actualRange.add(get(i).getText()): null

2019-05-08 17:21:46 - [TEST_STEP][PASSED] - actualRange.add(get(i).getText()): null

2019-05-08 17:21:46 - [TEST_STEP][PASSED] - if (toString().equalsIgnoreCase("XS") || toString().equalsIgnoreCase("XXS")): null

2019-05-08 17:21:46 - [TEST_STEP][PASSED] - expectedRange = UtilityMethods.getExpectedRange(sizeRange1, sizeRangeSplit): null

2019-05-08 17:21:46 - [TEST_STEP][PASSED] - println("XS"): null

2019-05-08 17:21:46 - [TEST_STEP][PASSED] - println(expectedRange.toString()): null

2019-05-08 17:21:46 - [TEST_STEP][PASSED] - assert UtilityMethods.listEquals(expectedRange, actualRange) == true: null

2019-05-08 17:21:46 - [TEST_STEP][PASSED] - delay(3): Delayed 3 second(s)

2019-05-08 17:21:49 - [MESSAGE][PASSED] - Delayed 3 second(s)

2019-05-08 17:21:49 - [MESSAGE][PASSED] - Call Test Case 'Test Cases/productVerifyShort' successfully]]></system-out>
         <system-err><![CDATA[]]></system-err>
      </testcase>
      <system-out><![CDATA[2019-05-08 17:05:29 - [TEST_SUITE][PASSED] - NewArrivalSuite: Test Cases/NewArrivals]]></system-out>
      <system-err><![CDATA[]]></system-err>
   </testsuite>
</testsuites>
