<?xml version="1.0" encoding="UTF-8"?>
<testsuites name="MicrositeTestSuite" time="207" tests="1" failures="1" errors="0">
   <testsuite name="MicrositeTestSuite" tests="1" failures="1" errors="0" time="207" timestamp="2019-04-17 16:47:47" hostname="user - 172.16.231.74" id="Test Suites/MicrositeTestSuite">
      <properties>
         <property name="deviceName" value=""/>
         <property name="devicePlatform" value=""/>
         <property name="logFolder" value="C:\\Users\\user\\Documents\\microsite_VS\\Reports\\MicrositeTestSuite\\20190417_164740"/>
         <property name="logFiles" value="C:\\Users\\user\\Documents\\microsite_VS\\Reports\\MicrositeTestSuite\\20190417_164740\\execution0.log"/>
         <property name="attachments" value="C:\\Users\\user\\Documents\\microsite_VS\\Reports\\MicrositeTestSuite\\20190417_164740\\1555500069600.png, C:\\Users\\user\\Documents\\microsite_VS\\Reports\\MicrositeTestSuite\\20190417_164740\\1555500071825.png"/>
         <property name="hostName" value="user - 172.16.231.74"/>
         <property name="os" value="Windows 8.1 64bit"/>
         <property name="katalonVersion" value="6.1.1.1"/>
         <property name="browser" value="Chrome 73.0.3683.103"/>
         <property name="hostAddress" value="172.16.231.74"/>
         <property name="sessionId" value="22eab7960b2598798d0ff7dbb401b9a1"/>
         <property name="seleniumVersion" value="3.7.1"/>
         <property name="proxyInformation" value="ProxyInformation{proxyOption=NO_PROXY, proxyServerType=HTTP, password=, proxyServerAddress=, proxyServerPort=0}"/>
         <property name="platform" value="Windows 8.1"/>
      </properties>
      <testcase name="Test Cases/createShow" classname="Test Cases/createShow" status="PASSED">
         <system-out><![CDATA[2019-04-17 16:47:48 - [TEST_CASE][PASSED] - Test Cases/createShow: Test Cases/createShow

2019-04-17 16:47:49 - [TEST_STEP][PASSED] - openBrowser(""): Browser is opened with url: ''

2019-04-17 16:47:50 - [MESSAGE][INFO] - Starting 'Chrome' driver

2019-04-17 16:47:50 - [MESSAGE][INFO] - Action delay is set to 0 seconds

2019-04-17 16:47:55 - [MESSAGE][PASSED] - Browser is opened with url: ''

2019-04-17 16:47:55 - [TEST_STEP][PASSED] - maximizeWindow(): Current window maximized

2019-04-17 16:47:56 - [MESSAGE][PASSED] - Current window maximized

2019-04-17 16:47:56 - [TEST_STEP][PASSED] - navigateToUrl(testEnvt): Navigate to 'https://test19.cliotest.com/backoffice/control/main' successfully

2019-04-17 16:48:09 - [MESSAGE][PASSED] - Navigate to 'https://test19.cliotest.com/backoffice/control/main' successfully

2019-04-17 16:48:09 - [TEST_STEP][PASSED] - setText(findTestObject("Page_cabi/input_username"), username): Text '400000002' is set on object 'Object Repository/Page_cabi/input_username'

2019-04-17 16:48:10 - [MESSAGE][PASSED] - Text '400000002' is set on object 'Object Repository/Page_cabi/input_username'

2019-04-17 16:48:10 - [TEST_STEP][PASSED] - setText(findTestObject("Page_cabi/input_password"), password): Text 'blackdress19' is set on object 'Object Repository/Page_cabi/input_password'

2019-04-17 16:48:10 - [MESSAGE][PASSED] - Text 'blackdress19' is set on object 'Object Repository/Page_cabi/input_password'

2019-04-17 16:48:10 - [TEST_STEP][PASSED] - click(findTestObject("Page_cabi/input_consultantLogin")): Object: 'Object Repository/Page_cabi/input_consultantLogin' is clicked on

2019-04-17 16:48:23 - [MESSAGE][PASSED] - Object: 'Object Repository/Page_cabi/input_consultantLogin' is clicked on

2019-04-17 16:48:23 - [TEST_STEP][PASSED] - delay(10): Delayed 10 second(s)

2019-04-17 16:48:33 - [MESSAGE][PASSED] - Delayed 10 second(s)

2019-04-17 16:48:33 - [TEST_STEP][PASSED] - verifyElementText(findTestObject("Page_cabi/span_username"), stylist): Actual text and expected text of test object 'Object Repository/Page_cabi/span_username' are matched.

2019-04-17 16:48:33 - [MESSAGE][PASSED] - Actual text and expected text of test object 'Object Repository/Page_cabi/span_username' are matched.

2019-04-17 16:48:33 - [TEST_STEP][PASSED] - rightClick(findTestObject("Page_cabi Home/a_shows _orders")): Object: 'Object Repository/Page_cabi Home/a_shows _orders' is right clicked on

2019-04-17 16:48:34 - [MESSAGE][PASSED] - Object: 'Object Repository/Page_cabi Home/a_shows _orders' is right clicked on

2019-04-17 16:48:34 - [TEST_STEP][PASSED] - click(findTestObject("Page_cabi Home/a_Create_A_Show")): Object: 'Object Repository/Page_cabi Home/a_Create_A_Show' is clicked on

2019-04-17 16:48:39 - [MESSAGE][PASSED] - Object: 'Object Repository/Page_cabi Home/a_Create_A_Show' is clicked on

2019-04-17 16:48:39 - [TEST_STEP][PASSED] - setText(findTestObject("Page_cabi Create Show - Set Hostess/input_Hostess"), hostess): Text 'neohost1 abc' is set on object 'Object Repository/Page_cabi Create Show - Set Hostess/input_Hostess'

2019-04-17 16:48:40 - [MESSAGE][PASSED] - Text 'neohost1 abc' is set on object 'Object Repository/Page_cabi Create Show - Set Hostess/input_Hostess'

2019-04-17 16:48:40 - [TEST_STEP][PASSED] - rightClick(findTestObject("Page_cabi Create Show - Set Hostess/input_Hostess")): Object: 'Object Repository/Page_cabi Create Show - Set Hostess/input_Hostess' is right clicked on

2019-04-17 16:48:40 - [MESSAGE][PASSED] - Object: 'Object Repository/Page_cabi Create Show - Set Hostess/input_Hostess' is right clicked on

2019-04-17 16:48:40 - [TEST_STEP][PASSED] - click(findTestObject("Page_cabi Create Show - Set Hostess/a_select_hostess")): Object: 'Object Repository/Page_cabi Create Show - Set Hostess/a_select_hostess' is clicked on

2019-04-17 16:48:41 - [MESSAGE][PASSED] - Object: 'Object Repository/Page_cabi Create Show - Set Hostess/a_select_hostess' is clicked on

2019-04-17 16:48:41 - [TEST_STEP][PASSED] - setText(findTestObject("Page_cabi Create Show - Set Hostess/input_Hostess_Txt"), hostess): Text 'neohost1 abc' is set on object 'Object Repository/Page_cabi Create Show - Set Hostess/input_Hostess_Txt'

2019-04-17 16:48:41 - [MESSAGE][PASSED] - Text 'neohost1 abc' is set on object 'Object Repository/Page_cabi Create Show - Set Hostess/input_Hostess_Txt'

2019-04-17 16:48:41 - [TEST_STEP][PASSED] - delay(3): Delayed 3 second(s)

2019-04-17 16:48:44 - [MESSAGE][PASSED] - Delayed 3 second(s)

2019-04-17 16:48:44 - [TEST_STEP][PASSED] - validateHostessAddressMsg = findWebElements(findTestObject("Page_cabi Create Show - Set Hostess/validate_address_msg"), 5): null

2019-04-17 16:48:44 - [TEST_STEP][PASSED] - println(validateHostessAddressMsg.size()): null

2019-04-17 16:48:44 - [TEST_STEP][PASSED] - if (validateHostessAddressMsg.isEmpty()): null

2019-04-17 16:48:44 - [TEST_STEP][PASSED] - selectOptionByValue(findTestObject("Page_cabi Create Show - Set Hostess/select_Choose_From_Contacts_Co-Hostess"), "3", true): All options with value '3' are selected in object 'Object Repository/Page_cabi Create Show - Set Hostess/select_Choose_From_Contacts_Co-Hostess'  using regular expression

2019-04-17 16:48:45 - [MESSAGE][PASSED] - All options with value '3' are selected in object 'Object Repository/Page_cabi Create Show - Set Hostess/select_Choose_From_Contacts_Co-Hostess'  using regular expression

2019-04-17 16:48:45 - [TEST_STEP][PASSED] - setText(findTestObject("Page_cabi Create Show - Set Hostess/input_Cohostess"), cohostess): Text 'neocohost1 abc' is set on object 'Object Repository/Page_cabi Create Show - Set Hostess/input_Cohostess'

2019-04-17 16:48:45 - [MESSAGE][PASSED] - Text 'neocohost1 abc' is set on object 'Object Repository/Page_cabi Create Show - Set Hostess/input_Cohostess'

2019-04-17 16:48:45 - [TEST_STEP][PASSED] - rightClick(findTestObject("Page_cabi Create Show - Set Hostess/input_Cohostess")): Object: 'Object Repository/Page_cabi Create Show - Set Hostess/input_Cohostess' is right clicked on

2019-04-17 16:48:46 - [MESSAGE][PASSED] - Object: 'Object Repository/Page_cabi Create Show - Set Hostess/input_Cohostess' is right clicked on

2019-04-17 16:48:46 - [TEST_STEP][PASSED] - rightClick(findTestObject("Page_cabi Create Show - Set Hostess/input_Cohostess")): Object: 'Object Repository/Page_cabi Create Show - Set Hostess/input_Cohostess' is right clicked on

2019-04-17 16:48:46 - [MESSAGE][PASSED] - Object: 'Object Repository/Page_cabi Create Show - Set Hostess/input_Cohostess' is right clicked on

2019-04-17 16:48:46 - [TEST_STEP][PASSED] - click(findTestObject("Page_cabi Create Show - Set Hostess/a_select_cohostess")): Object: 'Object Repository/Page_cabi Create Show - Set Hostess/a_select_cohostess' is clicked on

2019-04-17 16:48:47 - [MESSAGE][PASSED] - Object: 'Object Repository/Page_cabi Create Show - Set Hostess/a_select_cohostess' is clicked on

2019-04-17 16:48:47 - [TEST_STEP][PASSED] - setText(findTestObject("Page_cabi Create Show - Set Hostess/input_Cohostess"), cohostess): Text 'neocohost1 abc' is set on object 'Object Repository/Page_cabi Create Show - Set Hostess/input_Cohostess'

2019-04-17 16:48:47 - [MESSAGE][PASSED] - Text 'neocohost1 abc' is set on object 'Object Repository/Page_cabi Create Show - Set Hostess/input_Cohostess'

2019-04-17 16:48:47 - [TEST_STEP][PASSED] - delay(3): Delayed 3 second(s)

2019-04-17 16:48:50 - [MESSAGE][PASSED] - Delayed 3 second(s)

2019-04-17 16:48:50 - [TEST_STEP][PASSED] - validateHostessAddressMsg = findWebElements(findTestObject("Page_cabi Create Show - Set Hostess/validate_address_msg"), 5): null

2019-04-17 16:48:50 - [TEST_STEP][PASSED] - if (validateHostessAddressMsg.size() != 4): null

2019-04-17 16:48:50 - [TEST_STEP][PASSED] - click(findTestObject("Page_cabi Create Show - Set Hostess/input_next")): Object: 'Object Repository/Page_cabi Create Show - Set Hostess/input_next' is clicked on

2019-04-17 16:48:53 - [MESSAGE][PASSED] - Object: 'Object Repository/Page_cabi Create Show - Set Hostess/input_next' is clicked on

2019-04-17 16:48:53 - [TEST_STEP][PASSED] - delay(5): Delayed 5 second(s)

2019-04-17 16:48:58 - [MESSAGE][PASSED] - Delayed 5 second(s)

2019-04-17 16:48:58 - [TEST_STEP][PASSED] - click(findTestObject("Page_cabi Create Show - Time and Place/check_Virtual_Show")): Object: 'Object Repository/Page_cabi Create Show - Time and Place/check_Virtual_Show' is clicked on

2019-04-17 16:48:59 - [MESSAGE][PASSED] - Object: 'Object Repository/Page_cabi Create Show - Time and Place/check_Virtual_Show' is clicked on

2019-04-17 16:48:59 - [TEST_STEP][PASSED] - rightClick(findTestObject("Page_cabi Create Show - Time and Place/input_Show_Date_Time")): Object: 'Object Repository/Page_cabi Create Show - Time and Place/input_Show_Date_Time' is right clicked on

2019-04-17 16:48:59 - [MESSAGE][PASSED] - Object: 'Object Repository/Page_cabi Create Show - Time and Place/input_Show_Date_Time' is right clicked on

2019-04-17 16:48:59 - [TEST_STEP][PASSED] - rightClick(findTestObject("Object Repository/Page_cabi Create Show - Time and Place/a_18")): Object: 'Object Repository/Page_cabi Create Show - Time and Place/a_18' is right clicked on

2019-04-17 16:48:59 - [MESSAGE][PASSED] - Object: 'Object Repository/Page_cabi Create Show - Time and Place/a_18' is right clicked on

2019-04-17 16:48:59 - [TEST_STEP][PASSED] - click(findTestObject("Object Repository/Page_cabi Create Show - Time and Place/a_18")): Object: 'Object Repository/Page_cabi Create Show - Time and Place/a_18' is clicked on

2019-04-17 16:48:59 - [MESSAGE][PASSED] - Object: 'Object Repository/Page_cabi Create Show - Time and Place/a_18' is clicked on

2019-04-17 16:48:59 - [TEST_STEP][PASSED] - click(findTestObject("Page_cabi Create Show - Time and Place/a_select_End_Time")): Object: 'Object Repository/Page_cabi Create Show - Time and Place/a_select_End_Time' is clicked on

2019-04-17 16:49:00 - [MESSAGE][PASSED] - Object: 'Object Repository/Page_cabi Create Show - Time and Place/a_select_End_Time' is clicked on

2019-04-17 16:49:00 - [TEST_STEP][PASSED] - click(findTestObject("Page_cabi Create Show - Time and Place/input_next")): Object: 'Object Repository/Page_cabi Create Show - Time and Place/input_next' is clicked on

2019-04-17 16:49:00 - [MESSAGE][PASSED] - Object: 'Object Repository/Page_cabi Create Show - Time and Place/input_next' is clicked on

2019-04-17 16:49:00 - [TEST_STEP][PASSED] - delay(5): Delayed 5 second(s)

2019-04-17 16:49:05 - [MESSAGE][PASSED] - Delayed 5 second(s)

2019-04-17 16:49:05 - [TEST_STEP][PASSED] - click(findTestObject("Page_cabi Create Show - Invite Hostess/input_Skip_Invite")): Object: 'Object Repository/Page_cabi Create Show - Invite Hostess/input_Skip_Invite' is clicked on

2019-04-17 16:49:10 - [MESSAGE][PASSED] - Object: 'Object Repository/Page_cabi Create Show - Invite Hostess/input_Skip_Invite' is clicked on

2019-04-17 16:49:10 - [TEST_STEP][PASSED] - rightClick(findTestObject("Page_cabi Edit Show - Add Guests/contact_search_box")): Object: 'Object Repository/Page_cabi Edit Show - Add Guests/contact_search_box' is right clicked on

2019-04-17 16:49:11 - [MESSAGE][PASSED] - Object: 'Object Repository/Page_cabi Edit Show - Add Guests/contact_search_box' is right clicked on

2019-04-17 16:49:11 - [TEST_STEP][PASSED] - setText(findTestObject("Page_cabi Edit Show - Add Guests/contact_search_box"), guest1): Text 'neoguest1 abc' is set on object 'Object Repository/Page_cabi Edit Show - Add Guests/contact_search_box'

2019-04-17 16:49:11 - [MESSAGE][PASSED] - Text 'neoguest1 abc' is set on object 'Object Repository/Page_cabi Edit Show - Add Guests/contact_search_box'

2019-04-17 16:49:11 - [TEST_STEP][PASSED] - click(findTestObject("Page_cabi Edit Show - Add Guests/plus_add_guest")): Object: 'Object Repository/Page_cabi Edit Show - Add Guests/plus_add_guest' is clicked on

2019-04-17 16:49:11 - [MESSAGE][PASSED] - Object: 'Object Repository/Page_cabi Edit Show - Add Guests/plus_add_guest' is clicked on

2019-04-17 16:49:11 - [TEST_STEP][PASSED] - rightClick(findTestObject("Page_cabi Edit Show - Add Guests/plus_add_guest")): Object: 'Object Repository/Page_cabi Edit Show - Add Guests/plus_add_guest' is right clicked on

2019-04-17 16:49:11 - [MESSAGE][PASSED] - Object: 'Object Repository/Page_cabi Edit Show - Add Guests/plus_add_guest' is right clicked on

2019-04-17 16:49:11 - [TEST_STEP][PASSED] - rightClick(findTestObject("Page_cabi Edit Show - Add Guests/plus_add_guest")): Object: 'Object Repository/Page_cabi Edit Show - Add Guests/plus_add_guest' is right clicked on

2019-04-17 16:49:12 - [MESSAGE][PASSED] - Object: 'Object Repository/Page_cabi Edit Show - Add Guests/plus_add_guest' is right clicked on

2019-04-17 16:49:12 - [TEST_STEP][PASSED] - click(findTestObject("Page_cabi Edit Show - Add Guests/plus_add_guest")): Object: 'Object Repository/Page_cabi Edit Show - Add Guests/plus_add_guest' is clicked on

2019-04-17 16:49:12 - [MESSAGE][PASSED] - Object: 'Object Repository/Page_cabi Edit Show - Add Guests/plus_add_guest' is clicked on

2019-04-17 16:49:12 - [TEST_STEP][PASSED] - delay(5): Delayed 5 second(s)

2019-04-17 16:49:17 - [MESSAGE][PASSED] - Delayed 5 second(s)

2019-04-17 16:49:17 - [TEST_STEP][PASSED] - click(findTestObject("Page_cabi Edit Show - Add Guests/i_span_add_guest")): Object: 'Object Repository/Page_cabi Edit Show - Add Guests/i_span_add_guest' is clicked on

2019-04-17 16:49:17 - [MESSAGE][PASSED] - Object: 'Object Repository/Page_cabi Edit Show - Add Guests/i_span_add_guest' is clicked on

2019-04-17 16:49:17 - [TEST_STEP][PASSED] - rightClick(findTestObject("Page_cabi Edit Show - Add Guests/contact_search_box")): Object: 'Object Repository/Page_cabi Edit Show - Add Guests/contact_search_box' is right clicked on

2019-04-17 16:49:17 - [MESSAGE][PASSED] - Object: 'Object Repository/Page_cabi Edit Show - Add Guests/contact_search_box' is right clicked on

2019-04-17 16:49:17 - [TEST_STEP][PASSED] - setText(findTestObject("Page_cabi Edit Show - Add Guests/contact_search_box"), guest2): Text 'michigan contact' is set on object 'Object Repository/Page_cabi Edit Show - Add Guests/contact_search_box'

2019-04-17 16:49:18 - [MESSAGE][PASSED] - Text 'michigan contact' is set on object 'Object Repository/Page_cabi Edit Show - Add Guests/contact_search_box'

2019-04-17 16:49:18 - [TEST_STEP][PASSED] - rightClick(findTestObject("Page_cabi Edit Show - Add Guests/contact_search_box")): Object: 'Object Repository/Page_cabi Edit Show - Add Guests/contact_search_box' is right clicked on

2019-04-17 16:49:18 - [MESSAGE][PASSED] - Object: 'Object Repository/Page_cabi Edit Show - Add Guests/contact_search_box' is right clicked on

2019-04-17 16:49:18 - [TEST_STEP][PASSED] - click(findTestObject("Page_cabi Edit Show - Add Guests/plus_add_guest")): Object: 'Object Repository/Page_cabi Edit Show - Add Guests/plus_add_guest' is clicked on

2019-04-17 16:49:18 - [MESSAGE][PASSED] - Object: 'Object Repository/Page_cabi Edit Show - Add Guests/plus_add_guest' is clicked on

2019-04-17 16:49:18 - [TEST_STEP][PASSED] - rightClick(findTestObject("Page_cabi Edit Show - Add Guests/plus_add_guest")): Object: 'Object Repository/Page_cabi Edit Show - Add Guests/plus_add_guest' is right clicked on

2019-04-17 16:49:18 - [MESSAGE][PASSED] - Object: 'Object Repository/Page_cabi Edit Show - Add Guests/plus_add_guest' is right clicked on

2019-04-17 16:49:18 - [TEST_STEP][PASSED] - rightClick(findTestObject("Page_cabi Edit Show - Add Guests/plus_add_guest")): Object: 'Object Repository/Page_cabi Edit Show - Add Guests/plus_add_guest' is right clicked on

2019-04-17 16:49:18 - [MESSAGE][PASSED] - Object: 'Object Repository/Page_cabi Edit Show - Add Guests/plus_add_guest' is right clicked on

2019-04-17 16:49:18 - [TEST_STEP][PASSED] - click(findTestObject("Page_cabi Edit Show - Add Guests/plus_add_guest")): Object: 'Object Repository/Page_cabi Edit Show - Add Guests/plus_add_guest' is clicked on

2019-04-17 16:49:18 - [MESSAGE][PASSED] - Object: 'Object Repository/Page_cabi Edit Show - Add Guests/plus_add_guest' is clicked on

2019-04-17 16:49:18 - [TEST_STEP][PASSED] - delay(5): Delayed 5 second(s)

2019-04-17 16:49:23 - [MESSAGE][PASSED] - Delayed 5 second(s)

2019-04-17 16:49:23 - [TEST_STEP][PASSED] - click(findTestObject("Page_cabi Edit Show - Add Guests/i_span_add_guest")): Object: 'Object Repository/Page_cabi Edit Show - Add Guests/i_span_add_guest' is clicked on

2019-04-17 16:49:24 - [MESSAGE][PASSED] - Object: 'Object Repository/Page_cabi Edit Show - Add Guests/i_span_add_guest' is clicked on

2019-04-17 16:49:24 - [TEST_STEP][PASSED] - delay(5): Delayed 5 second(s)

2019-04-17 16:49:29 - [MESSAGE][PASSED] - Delayed 5 second(s)

2019-04-17 16:49:29 - [TEST_STEP][PASSED] - verifyElementText(findTestObject("Page_cabi Edit Show - Add Guests/span_hostess_name"), verifyHostess): Actual text and expected text of test object 'Object Repository/Page_cabi Edit Show - Add Guests/span_hostess_name' are matched.

2019-04-17 16:49:29 - [MESSAGE][PASSED] - Actual text and expected text of test object 'Object Repository/Page_cabi Edit Show - Add Guests/span_hostess_name' are matched.

2019-04-17 16:49:29 - [TEST_STEP][PASSED] - verifyElementText(findTestObject("Page_cabi Edit Show - Add Guests/span_cohostess_name"), verifyCoHostess): Actual text and expected text of test object 'Object Repository/Page_cabi Edit Show - Add Guests/span_cohostess_name' are matched.

2019-04-17 16:49:29 - [MESSAGE][PASSED] - Actual text and expected text of test object 'Object Repository/Page_cabi Edit Show - Add Guests/span_cohostess_name' are matched.

2019-04-17 16:49:29 - [TEST_STEP][PASSED] - listElement = findWebElements(findTestObject("Page_cabi Edit Show - Add Guests/span_guest_name_list"), 5): null

2019-04-17 16:49:29 - [TEST_STEP][PASSED] - guestCount = Integer.parseInt(verifyGuestCount): null

2019-04-17 16:49:29 - [TEST_STEP][PASSED] - assert listElement.size() == guestCount: null

2019-04-17 16:49:29 - [TEST_STEP][PASSED] - flag = false: null

2019-04-17 16:49:29 - [TEST_STEP][PASSED] - for ([i = 0, i < guestCount, (i++)]): null

2019-04-17 16:49:29 - [TEST_STEP][PASSED] - flag = false: null

2019-04-17 16:49:29 - [TEST_STEP][PASSED] - if (getText().equals(verifyGuest1)): null

2019-04-17 16:49:29 - [TEST_STEP][PASSED] - if (getText().equals(verifyGuest2)): null

2019-04-17 16:49:29 - [TEST_STEP][PASSED] - flag = true: null

2019-04-17 16:49:29 - [TEST_STEP][PASSED] - flag = false: null

2019-04-17 16:49:29 - [TEST_STEP][PASSED] - if (getText().equals(verifyGuest1)): null

2019-04-17 16:49:30 - [TEST_STEP][PASSED] - flag = true: null

2019-04-17 16:49:30 - [TEST_STEP][PASSED] - if (getText().equals(verifyGuest2)): null

2019-04-17 16:49:30 - [TEST_STEP][PASSED] - assert flag == true: null

2019-04-17 16:49:30 - [TEST_STEP][PASSED] - click(findTestObject("Page_cabi Edit Show - Add Guests/input_Next")): Object: 'Object Repository/Page_cabi Edit Show - Add Guests/input_Next' is clicked on

2019-04-17 16:49:34 - [MESSAGE][PASSED] - Object: 'Object Repository/Page_cabi Edit Show - Add Guests/input_Next' is clicked on

2019-04-17 16:49:34 - [TEST_STEP][PASSED] - delay(5): Delayed 5 second(s)

2019-04-17 16:49:39 - [MESSAGE][PASSED] - Delayed 5 second(s)

2019-04-17 16:49:39 - [TEST_STEP][PASSED] - click(findTestObject("Page_cabi Edit Show - Send Invitations/input_Overview")): Object: 'Object Repository/Page_cabi Edit Show - Send Invitations/input_Overview' is clicked on

2019-04-17 16:49:42 - [MESSAGE][PASSED] - Object: 'Object Repository/Page_cabi Edit Show - Send Invitations/input_Overview' is clicked on

2019-04-17 16:49:42 - [TEST_STEP][PASSED] - showID = getText(findTestObject("Page_cabi Orders/li_Show_ID_Text")): Text of object 'Object Repository/Page_cabi Orders/li_Show_ID_Text' is: 'Show #: 104521836'

2019-04-17 16:49:42 - [MESSAGE][PASSED] - Text of object 'Object Repository/Page_cabi Orders/li_Show_ID_Text' is: 'Show #: 104521836'

2019-04-17 16:49:42 - [TEST_STEP][PASSED] - rightClick(findTestObject("Object Repository/Page_cabi Orders/a_Account")): Object: 'Object Repository/Page_cabi Orders/a_Account' is right clicked on

2019-04-17 16:49:42 - [MESSAGE][PASSED] - Object: 'Object Repository/Page_cabi Orders/a_Account' is right clicked on

2019-04-17 16:49:42 - [TEST_STEP][PASSED] - click(findTestObject("Object Repository/Page_cabi Orders/a_My Profile")): Object: 'Object Repository/Page_cabi Orders/a_My Profile' is clicked on

2019-04-17 16:49:45 - [MESSAGE][PASSED] - Object: 'Object Repository/Page_cabi Orders/a_My Profile' is clicked on

2019-04-17 16:49:45 - [TEST_STEP][PASSED] - rsName = getText(findTestObject("Page_cabi My Profile/span_rsName")): Text of object 'Object Repository/Page_cabi My Profile/span_rsName' is: 'MirandaKate'

2019-04-17 16:49:45 - [MESSAGE][PASSED] - Text of object 'Object Repository/Page_cabi My Profile/span_rsName' is: 'MirandaKate'

2019-04-17 16:49:45 - [TEST_STEP][PASSED] - cabitTestEnvt = cabiTestEnvt: null

2019-04-17 16:49:45 - [TEST_STEP][PASSED] - micrositeURL = WriteExcel.createURL(rsName, cabitTestEnvt, showID): null

2019-04-17 16:49:45 - [TEST_STEP][PASSED] - closeBrowser(): Browser is closed

2019-04-17 16:49:46 - [MESSAGE][PASSED] - Browser is closed]]></system-out>
         <system-err><![CDATA[]]></system-err>
      </testcase>
      <testcase name="Test Cases/micrositeRSVPValidUser" classname="Test Cases/micrositeRSVPValidUser" status="FAILED">
         <failure type="FAILED" message="Test Cases/micrositeRSVPValidUser FAILED.
Reason:
com.kms.katalon.core.exception.StepFailedException: Verify element text of test object 'Object Repository/Page_Show microsite - Cabi Fall 2018 Collection/h1_Youre invited' FAILED.
	at com.kms.katalon.core.webui.keyword.internal.WebUIKeywordMain.stepFailed(WebUIKeywordMain.groovy:64)
	at com.kms.katalon.core.webui.keyword.internal.WebUIKeywordMain.runKeyword(WebUIKeywordMain.groovy:26)
	at com.kms.katalon.core.webui.keyword.builtin.VerifyElementTextKeyword.verifyElementText(VerifyElementTextKeyword.groovy:72)
	at com.kms.katalon.core.webui.keyword.builtin.VerifyElementTextKeyword.execute(VerifyElementTextKeyword.groovy:40)
	at com.kms.katalon.core.keyword.internal.KeywordExecutor.executeKeywordForPlatform(KeywordExecutor.groovy:56)
	at com.kms.katalon.core.webui.keyword.WebUiBuiltInKeywords.verifyElementText(WebUiBuiltInKeywords.groovy:3663)
	at com.kms.katalon.core.webui.keyword.WebUiBuiltInKeywords$verifyElementText$4.call(Unknown Source)
	at micrositeRSVPValidUser.run(micrositeRSVPValidUser:43)
	at com.kms.katalon.core.main.ScriptEngine.run(ScriptEngine.java:194)
	at com.kms.katalon.core.main.ScriptEngine.runScriptAsRawText(ScriptEngine.java:119)
	at com.kms.katalon.core.main.TestCaseExecutor.runScript(TestCaseExecutor.java:342)
	at com.kms.katalon.core.main.TestCaseExecutor.doExecute(TestCaseExecutor.java:333)
	at com.kms.katalon.core.main.TestCaseExecutor.processExecutionPhase(TestCaseExecutor.java:312)
	at com.kms.katalon.core.main.TestCaseExecutor.accessMainPhase(TestCaseExecutor.java:304)
	at com.kms.katalon.core.main.TestCaseExecutor.execute(TestCaseExecutor.java:238)
	at com.kms.katalon.core.main.TestSuiteExecutor.accessTestCaseMainPhase(TestSuiteExecutor.java:129)
	at com.kms.katalon.core.main.TestSuiteExecutor.accessTestSuiteMainPhase(TestSuiteExecutor.java:112)
	at com.kms.katalon.core.main.TestSuiteExecutor.execute(TestSuiteExecutor.java:81)
	at com.kms.katalon.core.main.TestCaseMain.startTestSuite(TestCaseMain.java:157)
	at com.kms.katalon.core.main.TestCaseMain$startTestSuite$0.call(Unknown Source)
	at TempTestSuite1555499860615.run(TempTestSuite1555499860615.groovy:35)
Caused by: com.kms.katalon.core.exception.StepFailedException: com.kms.katalon.core.webui.exception.WebElementNotFoundException: Web element with id: 'Object Repository/Page_Show microsite - Cabi Fall 2018 Collection/h1_Youre invited' located by 'By.xpath: //h1[contains(text(),'invited')]' not found
	at com.kms.katalon.core.webui.keyword.internal.WebUIKeywordMain.stepFailed(WebUIKeywordMain.groovy:64)
	at com.kms.katalon.core.webui.keyword.builtin.VerifyElementTextKeyword$_verifyElementText_closure1.doCall(VerifyElementTextKeyword.groovy:64)
	at com.kms.katalon.core.webui.keyword.builtin.VerifyElementTextKeyword$_verifyElementText_closure1.call(VerifyElementTextKeyword.groovy)
	at com.kms.katalon.core.webui.keyword.internal.WebUIKeywordMain.runKeyword(WebUIKeywordMain.groovy:20)
	... 19 more
"/>
         <system-out><![CDATA[2019-04-17 16:49:46 - [TEST_CASE][FAILED] - Test Cases/micrositeRSVPValidUser: Test Cases/micrositeRSVPValidUser FAILED.
Reason:
com.kms.katalon.core.exception.StepFailedException: Verify element text of test object 'Object Repository/Page_Show microsite - Cabi Fall 2018 Collection/h1_Youre invited' FAILED.
	at com.kms.katalon.core.webui.keyword.internal.WebUIKeywordMain.stepFailed(WebUIKeywordMain.groovy:64)
	at com.kms.katalon.core.webui.keyword.internal.WebUIKeywordMain.runKeyword(WebUIKeywordMain.groovy:26)
	at com.kms.katalon.core.webui.keyword.builtin.VerifyElementTextKeyword.verifyElementText(VerifyElementTextKeyword.groovy:72)
	at com.kms.katalon.core.webui.keyword.builtin.VerifyElementTextKeyword.execute(VerifyElementTextKeyword.groovy:40)
	at com.kms.katalon.core.keyword.internal.KeywordExecutor.executeKeywordForPlatform(KeywordExecutor.groovy:56)
	at com.kms.katalon.core.webui.keyword.WebUiBuiltInKeywords.verifyElementText(WebUiBuiltInKeywords.groovy:3663)
	at com.kms.katalon.core.webui.keyword.WebUiBuiltInKeywords$verifyElementText$4.call(Unknown Source)
	at micrositeRSVPValidUser.run(micrositeRSVPValidUser:43)
	at com.kms.katalon.core.main.ScriptEngine.run(ScriptEngine.java:194)
	at com.kms.katalon.core.main.ScriptEngine.runScriptAsRawText(ScriptEngine.java:119)
	at com.kms.katalon.core.main.TestCaseExecutor.runScript(TestCaseExecutor.java:342)
	at com.kms.katalon.core.main.TestCaseExecutor.doExecute(TestCaseExecutor.java:333)
	at com.kms.katalon.core.main.TestCaseExecutor.processExecutionPhase(TestCaseExecutor.java:312)
	at com.kms.katalon.core.main.TestCaseExecutor.accessMainPhase(TestCaseExecutor.java:304)
	at com.kms.katalon.core.main.TestCaseExecutor.execute(TestCaseExecutor.java:238)
	at com.kms.katalon.core.main.TestSuiteExecutor.accessTestCaseMainPhase(TestSuiteExecutor.java:129)
	at com.kms.katalon.core.main.TestSuiteExecutor.accessTestSuiteMainPhase(TestSuiteExecutor.java:112)
	at com.kms.katalon.core.main.TestSuiteExecutor.execute(TestSuiteExecutor.java:81)
	at com.kms.katalon.core.main.TestCaseMain.startTestSuite(TestCaseMain.java:157)
	at com.kms.katalon.core.main.TestCaseMain$startTestSuite$0.call(Unknown Source)
	at TempTestSuite1555499860615.run(TempTestSuite1555499860615.groovy:35)
Caused by: com.kms.katalon.core.exception.StepFailedException: com.kms.katalon.core.webui.exception.WebElementNotFoundException: Web element with id: 'Object Repository/Page_Show microsite - Cabi Fall 2018 Collection/h1_Youre invited' located by 'By.xpath: //h1[contains(text(),'invited')]' not found
	at com.kms.katalon.core.webui.keyword.internal.WebUIKeywordMain.stepFailed(WebUIKeywordMain.groovy:64)
	at com.kms.katalon.core.webui.keyword.builtin.VerifyElementTextKeyword$_verifyElementText_closure1.doCall(VerifyElementTextKeyword.groovy:64)
	at com.kms.katalon.core.webui.keyword.builtin.VerifyElementTextKeyword$_verifyElementText_closure1.call(VerifyElementTextKeyword.groovy)
	at com.kms.katalon.core.webui.keyword.internal.WebUIKeywordMain.runKeyword(WebUIKeywordMain.groovy:20)
	... 19 more


2019-04-17 16:49:48 - [TEST_STEP][PASSED] - openBrowser(""): Browser is opened with url: ''

2019-04-17 16:49:48 - [MESSAGE][INFO] - Starting 'Chrome' driver

2019-04-17 16:49:50 - [MESSAGE][PASSED] - Browser is opened with url: ''

2019-04-17 16:49:50 - [TEST_STEP][PASSED] - maximizeWindow(): Current window maximized

2019-04-17 16:49:51 - [MESSAGE][PASSED] - Current window maximized

2019-04-17 16:49:51 - [TEST_STEP][PASSED] - navigateToUrl(micrositeURL): Navigate to 'https://mirandakate.cabitest5.com/show-microsite/104521836/' successfully

2019-04-17 16:50:26 - [MESSAGE][PASSED] - Navigate to 'https://mirandakate.cabitest5.com/show-microsite/104521836/' successfully

2019-04-17 16:50:26 - [TEST_STEP][PASSED] - delay(12): Delayed 12 second(s)

2019-04-17 16:50:38 - [MESSAGE][PASSED] - Delayed 12 second(s)

2019-04-17 16:50:38 - [TEST_STEP][FAILED] - verifyElementText(findTestObject("Object Repository/Page_Show microsite - Cabi Fall 2018 Collection/h1_Youre invited"), "You're invited"): verifyElementText(findTestObject("Object Repository/Page_Show microsite - Cabi Fall 2018 Collection/h1_Youre invited"), "You're invited") FAILED.
Reason:
com.kms.katalon.core.exception.StepFailedException: Verify element text of test object 'Object Repository/Page_Show microsite - Cabi Fall 2018 Collection/h1_Youre invited' FAILED.
	at com.kms.katalon.core.webui.keyword.internal.WebUIKeywordMain.stepFailed(WebUIKeywordMain.groovy:64)
	at com.kms.katalon.core.webui.keyword.internal.WebUIKeywordMain.runKeyword(WebUIKeywordMain.groovy:26)
	at com.kms.katalon.core.webui.keyword.builtin.VerifyElementTextKeyword.verifyElementText(VerifyElementTextKeyword.groovy:72)
	at com.kms.katalon.core.webui.keyword.builtin.VerifyElementTextKeyword.execute(VerifyElementTextKeyword.groovy:40)
	at com.kms.katalon.core.keyword.internal.KeywordExecutor.executeKeywordForPlatform(KeywordExecutor.groovy:56)
	at com.kms.katalon.core.webui.keyword.WebUiBuiltInKeywords.verifyElementText(WebUiBuiltInKeywords.groovy:3663)
	at com.kms.katalon.core.webui.keyword.WebUiBuiltInKeywords$verifyElementText$4.call(Unknown Source)
	at micrositeRSVPValidUser.run(micrositeRSVPValidUser:43)
	at com.kms.katalon.core.main.ScriptEngine.run(ScriptEngine.java:194)
	at com.kms.katalon.core.main.ScriptEngine.runScriptAsRawText(ScriptEngine.java:119)
	at com.kms.katalon.core.main.TestCaseExecutor.runScript(TestCaseExecutor.java:342)
	at com.kms.katalon.core.main.TestCaseExecutor.doExecute(TestCaseExecutor.java:333)
	at com.kms.katalon.core.main.TestCaseExecutor.processExecutionPhase(TestCaseExecutor.java:312)
	at com.kms.katalon.core.main.TestCaseExecutor.accessMainPhase(TestCaseExecutor.java:304)
	at com.kms.katalon.core.main.TestCaseExecutor.execute(TestCaseExecutor.java:238)
	at com.kms.katalon.core.main.TestSuiteExecutor.accessTestCaseMainPhase(TestSuiteExecutor.java:129)
	at com.kms.katalon.core.main.TestSuiteExecutor.accessTestSuiteMainPhase(TestSuiteExecutor.java:112)
	at com.kms.katalon.core.main.TestSuiteExecutor.execute(TestSuiteExecutor.java:81)
	at com.kms.katalon.core.main.TestCaseMain.startTestSuite(TestCaseMain.java:157)
	at com.kms.katalon.core.main.TestCaseMain$startTestSuite$0.call(Unknown Source)
	at TempTestSuite1555499860615.run(TempTestSuite1555499860615.groovy:35)
Caused by: com.kms.katalon.core.exception.StepFailedException: com.kms.katalon.core.webui.exception.WebElementNotFoundException: Web element with id: 'Object Repository/Page_Show microsite - Cabi Fall 2018 Collection/h1_Youre invited' located by 'By.xpath: //h1[contains(text(),'invited')]' not found
	at com.kms.katalon.core.webui.keyword.internal.WebUIKeywordMain.stepFailed(WebUIKeywordMain.groovy:64)
	at com.kms.katalon.core.webui.keyword.builtin.VerifyElementTextKeyword$_verifyElementText_closure1.doCall(VerifyElementTextKeyword.groovy:64)
	at com.kms.katalon.core.webui.keyword.builtin.VerifyElementTextKeyword$_verifyElementText_closure1.call(VerifyElementTextKeyword.groovy)
	at com.kms.katalon.core.webui.keyword.internal.WebUIKeywordMain.runKeyword(WebUIKeywordMain.groovy:20)
	... 19 more


2019-04-17 16:51:09 - [MESSAGE][INFO] - Unable to find the element located by 'By.xpath: //h1[contains(text(),'invited')]'. Please recheck the objects properties to make sure the desired element is located. 

2019-04-17 16:51:11 - [MESSAGE][FAILED] - com.kms.katalon.core.webui.exception.WebElementNotFoundException: Web element with id: 'Object Repository/Page_Show microsite - Cabi Fall 2018 Collection/h1_Youre invited' located by 'By.xpath: //h1[contains(text(),'invited')]' not found (Root cause: com.kms.katalon.core.exception.StepFailedException: com.kms.katalon.core.webui.exception.WebElementNotFoundException: Web element with id: 'Object Repository/Page_Show microsite - Cabi Fall 2018 Collection/h1_Youre invited' located by 'By.xpath: //h1[contains(text(),'invited')]' not found
	at com.kms.katalon.core.webui.keyword.internal.WebUIKeywordMain.stepFailed(WebUIKeywordMain.groovy:64)
	at com.kms.katalon.core.webui.keyword.builtin.VerifyElementTextKeyword$_verifyElementText_closure1.doCall(VerifyElementTextKeyword.groovy:64)
	at com.kms.katalon.core.webui.keyword.builtin.VerifyElementTextKeyword$_verifyElementText_closure1.call(VerifyElementTextKeyword.groovy)
	at com.kms.katalon.core.webui.keyword.internal.WebUIKeywordMain.runKeyword(WebUIKeywordMain.groovy:20)
	at com.kms.katalon.core.webui.keyword.builtin.VerifyElementTextKeyword.verifyElementText(VerifyElementTextKeyword.groovy:72)
	at com.kms.katalon.core.webui.keyword.builtin.VerifyElementTextKeyword.execute(VerifyElementTextKeyword.groovy:40)
	at com.kms.katalon.core.keyword.internal.KeywordExecutor.executeKeywordForPlatform(KeywordExecutor.groovy:56)
	at com.kms.katalon.core.webui.keyword.WebUiBuiltInKeywords.verifyElementText(WebUiBuiltInKeywords.groovy:3663)
	at com.kms.katalon.core.webui.keyword.WebUiBuiltInKeywords$verifyElementText$4.call(Unknown Source)
	at micrositeRSVPValidUser.run(micrositeRSVPValidUser:43)
	at com.kms.katalon.core.main.ScriptEngine.run(ScriptEngine.java:194)
	at com.kms.katalon.core.main.ScriptEngine.runScriptAsRawText(ScriptEngine.java:119)
	at com.kms.katalon.core.main.TestCaseExecutor.runScript(TestCaseExecutor.java:342)
	at com.kms.katalon.core.main.TestCaseExecutor.doExecute(TestCaseExecutor.java:333)
	at com.kms.katalon.core.main.TestCaseExecutor.processExecutionPhase(TestCaseExecutor.java:312)
	at com.kms.katalon.core.main.TestCaseExecutor.accessMainPhase(TestCaseExecutor.java:304)
	at com.kms.katalon.core.main.TestCaseExecutor.execute(TestCaseExecutor.java:238)
	at com.kms.katalon.core.main.TestSuiteExecutor.accessTestCaseMainPhase(TestSuiteExecutor.java:129)
	at com.kms.katalon.core.main.TestSuiteExecutor.accessTestSuiteMainPhase(TestSuiteExecutor.java:112)
	at com.kms.katalon.core.main.TestSuiteExecutor.execute(TestSuiteExecutor.java:81)
	at com.kms.katalon.core.main.TestCaseMain.startTestSuite(TestCaseMain.java:157)
	at com.kms.katalon.core.main.TestCaseMain$startTestSuite$0.call(Unknown Source)
	at TempTestSuite1555499860615.run(TempTestSuite1555499860615.groovy:35)
)
[[ATTACHMENT|C:\\Users\\user\\Documents\\microsite_VS\\Reports\\MicrositeTestSuite\\20190417_164740\\1555500069600.png]]

2019-04-17 16:51:13 - [MESSAGE][FAILED] - Verify element text of test object 'Object Repository/Page_Show microsite - Cabi Fall 2018 Collection/h1_Youre invited' FAILED. (Root cause: com.kms.katalon.core.exception.StepFailedException: Verify element text of test object 'Object Repository/Page_Show microsite - Cabi Fall 2018 Collection/h1_Youre invited' FAILED.
	at com.kms.katalon.core.webui.keyword.internal.WebUIKeywordMain.stepFailed(WebUIKeywordMain.groovy:64)
	at com.kms.katalon.core.webui.keyword.internal.WebUIKeywordMain.runKeyword(WebUIKeywordMain.groovy:26)
	at com.kms.katalon.core.webui.keyword.builtin.VerifyElementTextKeyword.verifyElementText(VerifyElementTextKeyword.groovy:72)
	at com.kms.katalon.core.webui.keyword.builtin.VerifyElementTextKeyword.execute(VerifyElementTextKeyword.groovy:40)
	at com.kms.katalon.core.keyword.internal.KeywordExecutor.executeKeywordForPlatform(KeywordExecutor.groovy:56)
	at com.kms.katalon.core.webui.keyword.WebUiBuiltInKeywords.verifyElementText(WebUiBuiltInKeywords.groovy:3663)
	at com.kms.katalon.core.webui.keyword.WebUiBuiltInKeywords$verifyElementText$4.call(Unknown Source)
	at micrositeRSVPValidUser.run(micrositeRSVPValidUser:43)
	at com.kms.katalon.core.main.ScriptEngine.run(ScriptEngine.java:194)
	at com.kms.katalon.core.main.ScriptEngine.runScriptAsRawText(ScriptEngine.java:119)
	at com.kms.katalon.core.main.TestCaseExecutor.runScript(TestCaseExecutor.java:342)
	at com.kms.katalon.core.main.TestCaseExecutor.doExecute(TestCaseExecutor.java:333)
	at com.kms.katalon.core.main.TestCaseExecutor.processExecutionPhase(TestCaseExecutor.java:312)
	at com.kms.katalon.core.main.TestCaseExecutor.accessMainPhase(TestCaseExecutor.java:304)
	at com.kms.katalon.core.main.TestCaseExecutor.execute(TestCaseExecutor.java:238)
	at com.kms.katalon.core.main.TestSuiteExecutor.accessTestCaseMainPhase(TestSuiteExecutor.java:129)
	at com.kms.katalon.core.main.TestSuiteExecutor.accessTestSuiteMainPhase(TestSuiteExecutor.java:112)
	at com.kms.katalon.core.main.TestSuiteExecutor.execute(TestSuiteExecutor.java:81)
	at com.kms.katalon.core.main.TestCaseMain.startTestSuite(TestCaseMain.java:157)
	at com.kms.katalon.core.main.TestCaseMain$startTestSuite$0.call(Unknown Source)
	at TempTestSuite1555499860615.run(TempTestSuite1555499860615.groovy:35)
Caused by: com.kms.katalon.core.exception.StepFailedException: com.kms.katalon.core.webui.exception.WebElementNotFoundException: Web element with id: 'Object Repository/Page_Show microsite - Cabi Fall 2018 Collection/h1_Youre invited' located by 'By.xpath: //h1[contains(text(),'invited')]' not found
	at com.kms.katalon.core.webui.keyword.internal.WebUIKeywordMain.stepFailed(WebUIKeywordMain.groovy:64)
	at com.kms.katalon.core.webui.keyword.builtin.VerifyElementTextKeyword$_verifyElementText_closure1.doCall(VerifyElementTextKeyword.groovy:64)
	at com.kms.katalon.core.webui.keyword.builtin.VerifyElementTextKeyword$_verifyElementText_closure1.call(VerifyElementTextKeyword.groovy)
	at com.kms.katalon.core.webui.keyword.internal.WebUIKeywordMain.runKeyword(WebUIKeywordMain.groovy:20)
	... 19 more
)
[[ATTACHMENT|C:\\Users\\user\\Documents\\microsite_VS\\Reports\\MicrositeTestSuite\\20190417_164740\\1555500071825.png]]

2019-04-17 16:51:13 - [MESSAGE][FAILED] - verifyElementText(findTestObject("Object Repository/Page_Show microsite - Cabi Fall 2018 Collection/h1_Youre invited"), "You're invited") FAILED.
Reason:
com.kms.katalon.core.exception.StepFailedException: Verify element text of test object 'Object Repository/Page_Show microsite - Cabi Fall 2018 Collection/h1_Youre invited' FAILED.
	at com.kms.katalon.core.webui.keyword.internal.WebUIKeywordMain.stepFailed(WebUIKeywordMain.groovy:64)
	at com.kms.katalon.core.webui.keyword.internal.WebUIKeywordMain.runKeyword(WebUIKeywordMain.groovy:26)
	at com.kms.katalon.core.webui.keyword.builtin.VerifyElementTextKeyword.verifyElementText(VerifyElementTextKeyword.groovy:72)
	at com.kms.katalon.core.webui.keyword.builtin.VerifyElementTextKeyword.execute(VerifyElementTextKeyword.groovy:40)
	at com.kms.katalon.core.keyword.internal.KeywordExecutor.executeKeywordForPlatform(KeywordExecutor.groovy:56)
	at com.kms.katalon.core.webui.keyword.WebUiBuiltInKeywords.verifyElementText(WebUiBuiltInKeywords.groovy:3663)
	at com.kms.katalon.core.webui.keyword.WebUiBuiltInKeywords$verifyElementText$4.call(Unknown Source)
	at micrositeRSVPValidUser.run(micrositeRSVPValidUser:43)
	at com.kms.katalon.core.main.ScriptEngine.run(ScriptEngine.java:194)
	at com.kms.katalon.core.main.ScriptEngine.runScriptAsRawText(ScriptEngine.java:119)
	at com.kms.katalon.core.main.TestCaseExecutor.runScript(TestCaseExecutor.java:342)
	at com.kms.katalon.core.main.TestCaseExecutor.doExecute(TestCaseExecutor.java:333)
	at com.kms.katalon.core.main.TestCaseExecutor.processExecutionPhase(TestCaseExecutor.java:312)
	at com.kms.katalon.core.main.TestCaseExecutor.accessMainPhase(TestCaseExecutor.java:304)
	at com.kms.katalon.core.main.TestCaseExecutor.execute(TestCaseExecutor.java:238)
	at com.kms.katalon.core.main.TestSuiteExecutor.accessTestCaseMainPhase(TestSuiteExecutor.java:129)
	at com.kms.katalon.core.main.TestSuiteExecutor.accessTestSuiteMainPhase(TestSuiteExecutor.java:112)
	at com.kms.katalon.core.main.TestSuiteExecutor.execute(TestSuiteExecutor.java:81)
	at com.kms.katalon.core.main.TestCaseMain.startTestSuite(TestCaseMain.java:157)
	at com.kms.katalon.core.main.TestCaseMain$startTestSuite$0.call(Unknown Source)
	at TempTestSuite1555499860615.run(TempTestSuite1555499860615.groovy:35)
Caused by: com.kms.katalon.core.exception.StepFailedException: com.kms.katalon.core.webui.exception.WebElementNotFoundException: Web element with id: 'Object Repository/Page_Show microsite - Cabi Fall 2018 Collection/h1_Youre invited' located by 'By.xpath: //h1[contains(text(),'invited')]' not found
	at com.kms.katalon.core.webui.keyword.internal.WebUIKeywordMain.stepFailed(WebUIKeywordMain.groovy:64)
	at com.kms.katalon.core.webui.keyword.builtin.VerifyElementTextKeyword$_verifyElementText_closure1.doCall(VerifyElementTextKeyword.groovy:64)
	at com.kms.katalon.core.webui.keyword.builtin.VerifyElementTextKeyword$_verifyElementText_closure1.call(VerifyElementTextKeyword.groovy)
	at com.kms.katalon.core.webui.keyword.internal.WebUIKeywordMain.runKeyword(WebUIKeywordMain.groovy:20)
	... 19 more]]></system-out>
         <system-err><![CDATA[2019-04-17 16:49:46 - [TEST_CASE][FAILED] - Test Cases/micrositeRSVPValidUser: Test Cases/micrositeRSVPValidUser FAILED.
Reason:
com.kms.katalon.core.exception.StepFailedException: Verify element text of test object 'Object Repository/Page_Show microsite - Cabi Fall 2018 Collection/h1_Youre invited' FAILED.
	at com.kms.katalon.core.webui.keyword.internal.WebUIKeywordMain.stepFailed(WebUIKeywordMain.groovy:64)
	at com.kms.katalon.core.webui.keyword.internal.WebUIKeywordMain.runKeyword(WebUIKeywordMain.groovy:26)
	at com.kms.katalon.core.webui.keyword.builtin.VerifyElementTextKeyword.verifyElementText(VerifyElementTextKeyword.groovy:72)
	at com.kms.katalon.core.webui.keyword.builtin.VerifyElementTextKeyword.execute(VerifyElementTextKeyword.groovy:40)
	at com.kms.katalon.core.keyword.internal.KeywordExecutor.executeKeywordForPlatform(KeywordExecutor.groovy:56)
	at com.kms.katalon.core.webui.keyword.WebUiBuiltInKeywords.verifyElementText(WebUiBuiltInKeywords.groovy:3663)
	at com.kms.katalon.core.webui.keyword.WebUiBuiltInKeywords$verifyElementText$4.call(Unknown Source)
	at micrositeRSVPValidUser.run(micrositeRSVPValidUser:43)
	at com.kms.katalon.core.main.ScriptEngine.run(ScriptEngine.java:194)
	at com.kms.katalon.core.main.ScriptEngine.runScriptAsRawText(ScriptEngine.java:119)
	at com.kms.katalon.core.main.TestCaseExecutor.runScript(TestCaseExecutor.java:342)
	at com.kms.katalon.core.main.TestCaseExecutor.doExecute(TestCaseExecutor.java:333)
	at com.kms.katalon.core.main.TestCaseExecutor.processExecutionPhase(TestCaseExecutor.java:312)
	at com.kms.katalon.core.main.TestCaseExecutor.accessMainPhase(TestCaseExecutor.java:304)
	at com.kms.katalon.core.main.TestCaseExecutor.execute(TestCaseExecutor.java:238)
	at com.kms.katalon.core.main.TestSuiteExecutor.accessTestCaseMainPhase(TestSuiteExecutor.java:129)
	at com.kms.katalon.core.main.TestSuiteExecutor.accessTestSuiteMainPhase(TestSuiteExecutor.java:112)
	at com.kms.katalon.core.main.TestSuiteExecutor.execute(TestSuiteExecutor.java:81)
	at com.kms.katalon.core.main.TestCaseMain.startTestSuite(TestCaseMain.java:157)
	at com.kms.katalon.core.main.TestCaseMain$startTestSuite$0.call(Unknown Source)
	at TempTestSuite1555499860615.run(TempTestSuite1555499860615.groovy:35)
Caused by: com.kms.katalon.core.exception.StepFailedException: com.kms.katalon.core.webui.exception.WebElementNotFoundException: Web element with id: 'Object Repository/Page_Show microsite - Cabi Fall 2018 Collection/h1_Youre invited' located by 'By.xpath: //h1[contains(text(),'invited')]' not found
	at com.kms.katalon.core.webui.keyword.internal.WebUIKeywordMain.stepFailed(WebUIKeywordMain.groovy:64)
	at com.kms.katalon.core.webui.keyword.builtin.VerifyElementTextKeyword$_verifyElementText_closure1.doCall(VerifyElementTextKeyword.groovy:64)
	at com.kms.katalon.core.webui.keyword.builtin.VerifyElementTextKeyword$_verifyElementText_closure1.call(VerifyElementTextKeyword.groovy)
	at com.kms.katalon.core.webui.keyword.internal.WebUIKeywordMain.runKeyword(WebUIKeywordMain.groovy:20)
	... 19 more]]></system-err>
      </testcase>
      <system-out><![CDATA[2019-04-17 16:47:47 - [TEST_SUITE][FAILED] - MicrositeTestSuite: Test Cases/micrositeRSVPValidUser FAILED.
Reason:
com.kms.katalon.core.exception.StepFailedException: Verify element text of test object 'Object Repository/Page_Show microsite - Cabi Fall 2018 Collection/h1_Youre invited' FAILED.
	at com.kms.katalon.core.webui.keyword.internal.WebUIKeywordMain.stepFailed(WebUIKeywordMain.groovy:64)
	at com.kms.katalon.core.webui.keyword.internal.WebUIKeywordMain.runKeyword(WebUIKeywordMain.groovy:26)
	at com.kms.katalon.core.webui.keyword.builtin.VerifyElementTextKeyword.verifyElementText(VerifyElementTextKeyword.groovy:72)
	at com.kms.katalon.core.webui.keyword.builtin.VerifyElementTextKeyword.execute(VerifyElementTextKeyword.groovy:40)
	at com.kms.katalon.core.keyword.internal.KeywordExecutor.executeKeywordForPlatform(KeywordExecutor.groovy:56)
	at com.kms.katalon.core.webui.keyword.WebUiBuiltInKeywords.verifyElementText(WebUiBuiltInKeywords.groovy:3663)
	at com.kms.katalon.core.webui.keyword.WebUiBuiltInKeywords$verifyElementText$4.call(Unknown Source)
	at micrositeRSVPValidUser.run(micrositeRSVPValidUser:43)
	at com.kms.katalon.core.main.ScriptEngine.run(ScriptEngine.java:194)
	at com.kms.katalon.core.main.ScriptEngine.runScriptAsRawText(ScriptEngine.java:119)
	at com.kms.katalon.core.main.TestCaseExecutor.runScript(TestCaseExecutor.java:342)
	at com.kms.katalon.core.main.TestCaseExecutor.doExecute(TestCaseExecutor.java:333)
	at com.kms.katalon.core.main.TestCaseExecutor.processExecutionPhase(TestCaseExecutor.java:312)
	at com.kms.katalon.core.main.TestCaseExecutor.accessMainPhase(TestCaseExecutor.java:304)
	at com.kms.katalon.core.main.TestCaseExecutor.execute(TestCaseExecutor.java:238)
	at com.kms.katalon.core.main.TestSuiteExecutor.accessTestCaseMainPhase(TestSuiteExecutor.java:129)
	at com.kms.katalon.core.main.TestSuiteExecutor.accessTestSuiteMainPhase(TestSuiteExecutor.java:112)
	at com.kms.katalon.core.main.TestSuiteExecutor.execute(TestSuiteExecutor.java:81)
	at com.kms.katalon.core.main.TestCaseMain.startTestSuite(TestCaseMain.java:157)
	at com.kms.katalon.core.main.TestCaseMain$startTestSuite$0.call(Unknown Source)
	at TempTestSuite1555499860615.run(TempTestSuite1555499860615.groovy:35)
Caused by: com.kms.katalon.core.exception.StepFailedException: com.kms.katalon.core.webui.exception.WebElementNotFoundException: Web element with id: 'Object Repository/Page_Show microsite - Cabi Fall 2018 Collection/h1_Youre invited' located by 'By.xpath: //h1[contains(text(),'invited')]' not found
	at com.kms.katalon.core.webui.keyword.internal.WebUIKeywordMain.stepFailed(WebUIKeywordMain.groovy:64)
	at com.kms.katalon.core.webui.keyword.builtin.VerifyElementTextKeyword$_verifyElementText_closure1.doCall(VerifyElementTextKeyword.groovy:64)
	at com.kms.katalon.core.webui.keyword.builtin.VerifyElementTextKeyword$_verifyElementText_closure1.call(VerifyElementTextKeyword.groovy)
	at com.kms.katalon.core.webui.keyword.internal.WebUIKeywordMain.runKeyword(WebUIKeywordMain.groovy:20)
	... 19 more]]></system-out>
      <system-err><![CDATA[2019-04-17 16:47:47 - [TEST_SUITE][FAILED] - MicrositeTestSuite: Test Cases/micrositeRSVPValidUser FAILED.
Reason:
com.kms.katalon.core.exception.StepFailedException: Verify element text of test object 'Object Repository/Page_Show microsite - Cabi Fall 2018 Collection/h1_Youre invited' FAILED.
	at com.kms.katalon.core.webui.keyword.internal.WebUIKeywordMain.stepFailed(WebUIKeywordMain.groovy:64)
	at com.kms.katalon.core.webui.keyword.internal.WebUIKeywordMain.runKeyword(WebUIKeywordMain.groovy:26)
	at com.kms.katalon.core.webui.keyword.builtin.VerifyElementTextKeyword.verifyElementText(VerifyElementTextKeyword.groovy:72)
	at com.kms.katalon.core.webui.keyword.builtin.VerifyElementTextKeyword.execute(VerifyElementTextKeyword.groovy:40)
	at com.kms.katalon.core.keyword.internal.KeywordExecutor.executeKeywordForPlatform(KeywordExecutor.groovy:56)
	at com.kms.katalon.core.webui.keyword.WebUiBuiltInKeywords.verifyElementText(WebUiBuiltInKeywords.groovy:3663)
	at com.kms.katalon.core.webui.keyword.WebUiBuiltInKeywords$verifyElementText$4.call(Unknown Source)
	at micrositeRSVPValidUser.run(micrositeRSVPValidUser:43)
	at com.kms.katalon.core.main.ScriptEngine.run(ScriptEngine.java:194)
	at com.kms.katalon.core.main.ScriptEngine.runScriptAsRawText(ScriptEngine.java:119)
	at com.kms.katalon.core.main.TestCaseExecutor.runScript(TestCaseExecutor.java:342)
	at com.kms.katalon.core.main.TestCaseExecutor.doExecute(TestCaseExecutor.java:333)
	at com.kms.katalon.core.main.TestCaseExecutor.processExecutionPhase(TestCaseExecutor.java:312)
	at com.kms.katalon.core.main.TestCaseExecutor.accessMainPhase(TestCaseExecutor.java:304)
	at com.kms.katalon.core.main.TestCaseExecutor.execute(TestCaseExecutor.java:238)
	at com.kms.katalon.core.main.TestSuiteExecutor.accessTestCaseMainPhase(TestSuiteExecutor.java:129)
	at com.kms.katalon.core.main.TestSuiteExecutor.accessTestSuiteMainPhase(TestSuiteExecutor.java:112)
	at com.kms.katalon.core.main.TestSuiteExecutor.execute(TestSuiteExecutor.java:81)
	at com.kms.katalon.core.main.TestCaseMain.startTestSuite(TestCaseMain.java:157)
	at com.kms.katalon.core.main.TestCaseMain$startTestSuite$0.call(Unknown Source)
	at TempTestSuite1555499860615.run(TempTestSuite1555499860615.groovy:35)
Caused by: com.kms.katalon.core.exception.StepFailedException: com.kms.katalon.core.webui.exception.WebElementNotFoundException: Web element with id: 'Object Repository/Page_Show microsite - Cabi Fall 2018 Collection/h1_Youre invited' located by 'By.xpath: //h1[contains(text(),'invited')]' not found
	at com.kms.katalon.core.webui.keyword.internal.WebUIKeywordMain.stepFailed(WebUIKeywordMain.groovy:64)
	at com.kms.katalon.core.webui.keyword.builtin.VerifyElementTextKeyword$_verifyElementText_closure1.doCall(VerifyElementTextKeyword.groovy:64)
	at com.kms.katalon.core.webui.keyword.builtin.VerifyElementTextKeyword$_verifyElementText_closure1.call(VerifyElementTextKeyword.groovy)
	at com.kms.katalon.core.webui.keyword.internal.WebUIKeywordMain.runKeyword(WebUIKeywordMain.groovy:20)
	... 19 more]]></system-err>
   </testsuite>
</testsuites>
