<?xml version="1.0" encoding="UTF-8"?>
<testsuites name="DTYSuite" time="511" tests="1" failures="2" errors="1">
   <testsuite name="DTYSuite" tests="1" failures="2" errors="1" time="511" timestamp="2019-11-06 05:05:55" hostname="user - Nivedita" id="Test Suites/VirtualShowSuites/DTYSuite">
      <properties>
         <property name="deviceName" value=""/>
         <property name="devicePlatform" value=""/>
         <property name="logFolder" value="C:\\Users\\user\\Documents\\testautomation\\KatalonProjects\\Reports\\VirtualShowSuites\\DTYSuite\\20191106_050550"/>
         <property name="logFiles" value="C:\\Users\\user\\Documents\\testautomation\\KatalonProjects\\Reports\\VirtualShowSuites\\DTYSuite\\20191106_050550\\execution0.log"/>
         <property name="attachments" value="C:\\Users\\user\\Documents\\testautomation\\KatalonProjects\\Reports\\VirtualShowSuites\\DTYSuite\\20191106_050550\\1572997060245.png, C:\\Users\\user\\Documents\\testautomation\\KatalonProjects\\Reports\\VirtualShowSuites\\DTYSuite\\20191106_050550\\1572997099374.png, C:\\Users\\user\\Documents\\testautomation\\KatalonProjects\\Reports\\VirtualShowSuites\\DTYSuite\\20191106_050550\\1572997108147.png, C:\\Users\\user\\Documents\\testautomation\\KatalonProjects\\Reports\\VirtualShowSuites\\DTYSuite\\20191106_050550\\1572997108530.png, C:\\Users\\user\\Documents\\testautomation\\KatalonProjects\\Reports\\VirtualShowSuites\\DTYSuite\\20191106_050550\\1572997294696.png"/>
         <property name="hostName" value="user - Nivedita"/>
         <property name="os" value="Windows 8.1 64bit"/>
         <property name="katalonVersion" value="6.1.1.1"/>
         <property name="browser" value="Chrome 78.0.3904.70"/>
         <property name="hostAddress" value="192.168.43.31"/>
         <property name="sessionId" value="23812250ff5c5693ecda6a542858ae92"/>
         <property name="seleniumVersion" value="3.7.1"/>
         <property name="proxyInformation" value="ProxyInformation{proxyOption=NO_PROXY, proxyServerType=HTTP, password=, proxyServerAddress=, proxyServerPort=0}"/>
         <property name="platform" value="Windows 8.1"/>
      </properties>
      <testcase name="Test Cases/VirtualShow/BODTY/DTY" classname="Test Cases/VirtualShow/BODTY/DTY" status="FAILED">
         <failure type="FAILED" message="Test Cases/VirtualShow/BODTY/DTY FAILED.
Reason:
com.kms.katalon.core.exception.StepFailedException: Actual text 'This order will become eligible for &quot;Direct to You&quot; shipping after 11/06.' and expected text 'Hooray! This order is eligible for &quot;Direct to You&quot; shipping.' of test object 'Object Repository/virualShowRSVPOR/DTY/label_DtyEligibility' are NOT matched. (Root cause: com.kms.katalon.core.exception.StepFailedException: Actual text 'This order will become eligible for &quot;Direct to You&quot; shipping after 11/06.' and expected text 'Hooray! This order is eligible for &quot;Direct to You&quot; shipping.' of test object 'Object Repository/virualShowRSVPOR/DTY/label_DtyEligibility' are NOT matched.
	at com.kms.katalon.core.webui.keyword.internal.WebUIKeywordMain.stepFailed(WebUIKeywordMain.groovy:64)
	at com.kms.katalon.core.webui.keyword.builtin.VerifyElementTextKeyword$_verifyElementText_closure1.doCall(VerifyElementTextKeyword.groovy:57)
	at com.kms.katalon.core.webui.keyword.builtin.VerifyElementTextKeyword$_verifyElementText_closure1.call(VerifyElementTextKeyword.groovy)
	at com.kms.katalon.core.webui.keyword.internal.WebUIKeywordMain.runKeyword(WebUIKeywordMain.groovy:20)
	at com.kms.katalon.core.webui.keyword.builtin.VerifyElementTextKeyword.verifyElementText(VerifyElementTextKeyword.groovy:72)
	at com.kms.katalon.core.webui.keyword.builtin.VerifyElementTextKeyword.execute(VerifyElementTextKeyword.groovy:40)
	at com.kms.katalon.core.keyword.internal.KeywordExecutor.executeKeywordForPlatform(KeywordExecutor.groovy:56)
	at com.kms.katalon.core.webui.keyword.WebUiBuiltInKeywords.verifyElementText(WebUiBuiltInKeywords.groovy:3647)
	at com.kms.katalon.core.webui.keyword.WebUiBuiltInKeywords$verifyElementText$8.call(Unknown Source)
	at DTY.run(DTY:89)
	at com.kms.katalon.core.main.ScriptEngine.run(ScriptEngine.java:194)
	at com.kms.katalon.core.main.ScriptEngine.runScriptAsRawText(ScriptEngine.java:119)
	at com.kms.katalon.core.main.TestCaseExecutor.runScript(TestCaseExecutor.java:342)
	at com.kms.katalon.core.main.TestCaseExecutor.doExecute(TestCaseExecutor.java:333)
	at com.kms.katalon.core.main.TestCaseExecutor.processExecutionPhase(TestCaseExecutor.java:312)
	at com.kms.katalon.core.main.TestCaseExecutor.accessMainPhase(TestCaseExecutor.java:304)
	at com.kms.katalon.core.main.TestCaseExecutor.execute(TestCaseExecutor.java:238)
	at com.kms.katalon.core.main.TestSuiteExecutor.accessTestCaseMainPhase(TestSuiteExecutor.java:129)
	at com.kms.katalon.core.main.TestSuiteExecutor.accessTestSuiteMainPhase(TestSuiteExecutor.java:112)
	at com.kms.katalon.core.main.TestSuiteExecutor.execute(TestSuiteExecutor.java:81)
	at com.kms.katalon.core.main.TestCaseMain.startTestSuite(TestCaseMain.java:157)
	at com.kms.katalon.core.main.TestCaseMain$startTestSuite$0.call(Unknown Source)
	at TempTestSuite1572996950462.run(TempTestSuite1572996950462.groovy:35)
)
	at com.kms.katalon.core.keyword.internal.KeywordMain.stepFailed(KeywordMain.groovy:37)
	at com.kms.katalon.core.webui.keyword.internal.WebUIKeywordMain.stepFailed(WebUIKeywordMain.groovy:64)
	at com.kms.katalon.core.webui.keyword.builtin.VerifyElementTextKeyword$_verifyElementText_closure1.doCall(VerifyElementTextKeyword.groovy:57)
	at com.kms.katalon.core.webui.keyword.builtin.VerifyElementTextKeyword$_verifyElementText_closure1.call(VerifyElementTextKeyword.groovy)
	at com.kms.katalon.core.webui.keyword.internal.WebUIKeywordMain.runKeyword(WebUIKeywordMain.groovy:20)
	at com.kms.katalon.core.webui.keyword.builtin.VerifyElementTextKeyword.verifyElementText(VerifyElementTextKeyword.groovy:72)
	at com.kms.katalon.core.webui.keyword.builtin.VerifyElementTextKeyword.execute(VerifyElementTextKeyword.groovy:40)
	at com.kms.katalon.core.keyword.internal.KeywordExecutor.executeKeywordForPlatform(KeywordExecutor.groovy:56)
	at com.kms.katalon.core.webui.keyword.WebUiBuiltInKeywords.verifyElementText(WebUiBuiltInKeywords.groovy:3647)
	at com.kms.katalon.core.webui.keyword.WebUiBuiltInKeywords$verifyElementText$8.call(Unknown Source)
	at DTY.run(DTY:89)
	at com.kms.katalon.core.main.ScriptEngine.run(ScriptEngine.java:194)
	at com.kms.katalon.core.main.ScriptEngine.runScriptAsRawText(ScriptEngine.java:119)
	at com.kms.katalon.core.main.TestCaseExecutor.runScript(TestCaseExecutor.java:342)
	at com.kms.katalon.core.main.TestCaseExecutor.doExecute(TestCaseExecutor.java:333)
	at com.kms.katalon.core.main.TestCaseExecutor.processExecutionPhase(TestCaseExecutor.java:312)
	at com.kms.katalon.core.main.TestCaseExecutor.accessMainPhase(TestCaseExecutor.java:304)
	at com.kms.katalon.core.main.TestCaseExecutor.execute(TestCaseExecutor.java:238)
	at com.kms.katalon.core.main.TestSuiteExecutor.accessTestCaseMainPhase(TestSuiteExecutor.java:129)
	at com.kms.katalon.core.main.TestSuiteExecutor.accessTestSuiteMainPhase(TestSuiteExecutor.java:112)
	at com.kms.katalon.core.main.TestSuiteExecutor.execute(TestSuiteExecutor.java:81)
	at com.kms.katalon.core.main.TestCaseMain.startTestSuite(TestCaseMain.java:157)
	at com.kms.katalon.core.main.TestCaseMain$startTestSuite$0.call(Unknown Source)
	at TempTestSuite1572996950462.run(TempTestSuite1572996950462.groovy:35)
Caused by: com.kms.katalon.core.exception.StepFailedException: Actual text 'This order will become eligible for &quot;Direct to You&quot; shipping after 11/06.' and expected text 'Hooray! This order is eligible for &quot;Direct to You&quot; shipping.' of test object 'Object Repository/virualShowRSVPOR/DTY/label_DtyEligibility' are NOT matched.
	... 23 more
"/>
         <system-out><![CDATA[2019-11-06 05:05:56 - [TEST_CASE][FAILED] - Test Cases/VirtualShow/BODTY/DTY: Test Cases/VirtualShow/BODTY/DTY FAILED.
Reason:
com.kms.katalon.core.exception.StepFailedException: Actual text 'This order will become eligible for "Direct to You" shipping after 11/06.' and expected text 'Hooray! This order is eligible for "Direct to You" shipping.' of test object 'Object Repository/virualShowRSVPOR/DTY/label_DtyEligibility' are NOT matched. (Root cause: com.kms.katalon.core.exception.StepFailedException: Actual text 'This order will become eligible for "Direct to You" shipping after 11/06.' and expected text 'Hooray! This order is eligible for "Direct to You" shipping.' of test object 'Object Repository/virualShowRSVPOR/DTY/label_DtyEligibility' are NOT matched.
	at com.kms.katalon.core.webui.keyword.internal.WebUIKeywordMain.stepFailed(WebUIKeywordMain.groovy:64)
	at com.kms.katalon.core.webui.keyword.builtin.VerifyElementTextKeyword$_verifyElementText_closure1.doCall(VerifyElementTextKeyword.groovy:57)
	at com.kms.katalon.core.webui.keyword.builtin.VerifyElementTextKeyword$_verifyElementText_closure1.call(VerifyElementTextKeyword.groovy)
	at com.kms.katalon.core.webui.keyword.internal.WebUIKeywordMain.runKeyword(WebUIKeywordMain.groovy:20)
	at com.kms.katalon.core.webui.keyword.builtin.VerifyElementTextKeyword.verifyElementText(VerifyElementTextKeyword.groovy:72)
	at com.kms.katalon.core.webui.keyword.builtin.VerifyElementTextKeyword.execute(VerifyElementTextKeyword.groovy:40)
	at com.kms.katalon.core.keyword.internal.KeywordExecutor.executeKeywordForPlatform(KeywordExecutor.groovy:56)
	at com.kms.katalon.core.webui.keyword.WebUiBuiltInKeywords.verifyElementText(WebUiBuiltInKeywords.groovy:3647)
	at com.kms.katalon.core.webui.keyword.WebUiBuiltInKeywords$verifyElementText$8.call(Unknown Source)
	at DTY.run(DTY:89)
	at com.kms.katalon.core.main.ScriptEngine.run(ScriptEngine.java:194)
	at com.kms.katalon.core.main.ScriptEngine.runScriptAsRawText(ScriptEngine.java:119)
	at com.kms.katalon.core.main.TestCaseExecutor.runScript(TestCaseExecutor.java:342)
	at com.kms.katalon.core.main.TestCaseExecutor.doExecute(TestCaseExecutor.java:333)
	at com.kms.katalon.core.main.TestCaseExecutor.processExecutionPhase(TestCaseExecutor.java:312)
	at com.kms.katalon.core.main.TestCaseExecutor.accessMainPhase(TestCaseExecutor.java:304)
	at com.kms.katalon.core.main.TestCaseExecutor.execute(TestCaseExecutor.java:238)
	at com.kms.katalon.core.main.TestSuiteExecutor.accessTestCaseMainPhase(TestSuiteExecutor.java:129)
	at com.kms.katalon.core.main.TestSuiteExecutor.accessTestSuiteMainPhase(TestSuiteExecutor.java:112)
	at com.kms.katalon.core.main.TestSuiteExecutor.execute(TestSuiteExecutor.java:81)
	at com.kms.katalon.core.main.TestCaseMain.startTestSuite(TestCaseMain.java:157)
	at com.kms.katalon.core.main.TestCaseMain$startTestSuite$0.call(Unknown Source)
	at TempTestSuite1572996950462.run(TempTestSuite1572996950462.groovy:35)
)
	at com.kms.katalon.core.keyword.internal.KeywordMain.stepFailed(KeywordMain.groovy:37)
	at com.kms.katalon.core.webui.keyword.internal.WebUIKeywordMain.stepFailed(WebUIKeywordMain.groovy:64)
	at com.kms.katalon.core.webui.keyword.builtin.VerifyElementTextKeyword$_verifyElementText_closure1.doCall(VerifyElementTextKeyword.groovy:57)
	at com.kms.katalon.core.webui.keyword.builtin.VerifyElementTextKeyword$_verifyElementText_closure1.call(VerifyElementTextKeyword.groovy)
	at com.kms.katalon.core.webui.keyword.internal.WebUIKeywordMain.runKeyword(WebUIKeywordMain.groovy:20)
	at com.kms.katalon.core.webui.keyword.builtin.VerifyElementTextKeyword.verifyElementText(VerifyElementTextKeyword.groovy:72)
	at com.kms.katalon.core.webui.keyword.builtin.VerifyElementTextKeyword.execute(VerifyElementTextKeyword.groovy:40)
	at com.kms.katalon.core.keyword.internal.KeywordExecutor.executeKeywordForPlatform(KeywordExecutor.groovy:56)
	at com.kms.katalon.core.webui.keyword.WebUiBuiltInKeywords.verifyElementText(WebUiBuiltInKeywords.groovy:3647)
	at com.kms.katalon.core.webui.keyword.WebUiBuiltInKeywords$verifyElementText$8.call(Unknown Source)
	at DTY.run(DTY:89)
	at com.kms.katalon.core.main.ScriptEngine.run(ScriptEngine.java:194)
	at com.kms.katalon.core.main.ScriptEngine.runScriptAsRawText(ScriptEngine.java:119)
	at com.kms.katalon.core.main.TestCaseExecutor.runScript(TestCaseExecutor.java:342)
	at com.kms.katalon.core.main.TestCaseExecutor.doExecute(TestCaseExecutor.java:333)
	at com.kms.katalon.core.main.TestCaseExecutor.processExecutionPhase(TestCaseExecutor.java:312)
	at com.kms.katalon.core.main.TestCaseExecutor.accessMainPhase(TestCaseExecutor.java:304)
	at com.kms.katalon.core.main.TestCaseExecutor.execute(TestCaseExecutor.java:238)
	at com.kms.katalon.core.main.TestSuiteExecutor.accessTestCaseMainPhase(TestSuiteExecutor.java:129)
	at com.kms.katalon.core.main.TestSuiteExecutor.accessTestSuiteMainPhase(TestSuiteExecutor.java:112)
	at com.kms.katalon.core.main.TestSuiteExecutor.execute(TestSuiteExecutor.java:81)
	at com.kms.katalon.core.main.TestCaseMain.startTestSuite(TestCaseMain.java:157)
	at com.kms.katalon.core.main.TestCaseMain$startTestSuite$0.call(Unknown Source)
	at TempTestSuite1572996950462.run(TempTestSuite1572996950462.groovy:35)
Caused by: com.kms.katalon.core.exception.StepFailedException: Actual text 'This order will become eligible for "Direct to You" shipping after 11/06.' and expected text 'Hooray! This order is eligible for "Direct to You" shipping.' of test object 'Object Repository/virualShowRSVPOR/DTY/label_DtyEligibility' are NOT matched.
	... 23 more


2019-11-06 05:05:57 - [TEST_STEP][PASSED] - Start listener action : sampleBeforeTestCase: null

2019-11-06 05:05:57 - [TEST_STEP][PASSED] - println(testCaseContext.getTestCaseId()): null

2019-11-06 05:05:57 - [TEST_STEP][PASSED] - println(testCaseContext.getTestCaseVariables()): null

2019-11-06 05:05:58 - [TEST_STEP][PASSED] - dataFile = "virtualShowData": null

2019-11-06 05:05:58 - [TEST_STEP][PASSED] - guest1 = findTestData(dataFile).getValue("guest1", 1): null

2019-11-06 05:06:00 - [TEST_STEP][PASSED] - guest2 = findTestData(dataFile).getValue("guest2", 1): null

2019-11-06 05:06:00 - [TEST_STEP][PASSED] - hostess = findTestData(dataFile).getValue("hostess", 1): null

2019-11-06 05:06:00 - [TEST_STEP][PASSED] - cohostess = findTestData(dataFile).getValue("cohostess", 1): null

2019-11-06 05:06:00 - [TEST_STEP][PASSED] - dfMM = new java.text.SimpleDateFormat(MM): null

2019-11-06 05:06:00 - [TEST_STEP][PASSED] - dfDD = new java.text.SimpleDateFormat(dd): null

2019-11-06 05:06:00 - [TEST_STEP][PASSED] - dfYYYY = new java.text.SimpleDateFormat(yyyy): null

2019-11-06 05:06:00 - [TEST_STEP][PASSED] - today = getInstance().getTime(): null

2019-11-06 05:06:00 - [TEST_STEP][PASSED] - c = Calendar.getInstance(): null

2019-11-06 05:06:00 - [TEST_STEP][PASSED] - c.setTime(today): null

2019-11-06 05:06:00 - [TEST_STEP][PASSED] - c.add(DATE, 2): null

2019-11-06 05:06:00 - [TEST_STEP][PASSED] - newShowDate = c.getTime(): null

2019-11-06 05:06:00 - [TEST_STEP][PASSED] - vsyear = dfYYYY.format(newShowDate): null

2019-11-06 05:06:00 - [TEST_STEP][PASSED] - vsmonth = dfMM.format(newShowDate): null

2019-11-06 05:06:00 - [TEST_STEP][PASSED] - vsday = dfDD.format(newShowDate): null

2019-11-06 05:06:00 - [TEST_STEP][PASSED] - println(UtilityMethods.concat("from DTY: ", vsday, " ", vsmonth, " ", vsyear)): null

2019-11-06 05:06:00 - [TEST_STEP][PASSED] - callTestCase(findTestCase("VirtualShow/createAPhysicalShow"), ["BOURL":"", "BOuser":"", "BOpass":"", "hostess":"", "cohostess":"", "vsday":vsday, "vsmonth":vsmonth, "vsyear":vsyear], STOP_ON_FAILURE): Call Test Case 'Test Cases/VirtualShow/createAPhysicalShow' successfully

2019-11-06 05:06:00 - [TEST_CASE][PASSED] - Test Cases/VirtualShow/createAPhysicalShow: Test Cases/VirtualShow/createAPhysicalShow

2019-11-06 05:06:01 - [TEST_STEP][PASSED] - dataFile = "virtualShowData": null

2019-11-06 05:06:01 - [TEST_STEP][PASSED] - stylist = findTestData(dataFile).getValue("stylist", 1): null

2019-11-06 05:06:01 - [TEST_STEP][PASSED] - hostess = findTestData(dataFile).getValue("hostess", 1): null

2019-11-06 05:06:01 - [TEST_STEP][PASSED] - cohostess = findTestData(dataFile).getValue("cohostess", 1): null

2019-11-06 05:06:01 - [TEST_STEP][PASSED] - guest1 = findTestData(dataFile).getValue("guest1", 1): null

2019-11-06 05:06:01 - [TEST_STEP][PASSED] - guest2 = findTestData(dataFile).getValue("guest2", 1): null

2019-11-06 05:06:02 - [TEST_STEP][PASSED] - verifyGuestCount = findTestData(dataFile).getValue("verifyGuestCount", 1): null

2019-11-06 05:06:02 - [TEST_STEP][PASSED] - RSTestEnvt = findTestData("envtData").getValue("RSTestEnvt", 1): null

2019-11-06 05:06:02 - [TEST_STEP][PASSED] - openBrowser(""): Browser is opened with url: ''

2019-11-06 05:06:02 - [MESSAGE][INFO] - Starting 'Chrome' driver

2019-11-06 05:06:02 - [MESSAGE][INFO] - User set preference: ['args', '[--use-fake-ui-for-media-stream, --start-maximized]']

2019-11-06 05:06:02 - [MESSAGE][INFO] - Action delay is set to 0 seconds

2019-11-06 05:06:06 - [MESSAGE][PASSED] - Browser is opened with url: ''

2019-11-06 05:06:06 - [TEST_STEP][PASSED] - callTestCase(findTestCase("TestCaseUtilities/backOfficeLogin"), ["BOURL":"", "BOuser":"", "BOpass":""], CONTINUE_ON_FAILURE): Call Test Case 'Test Cases/TestCaseUtilities/backOfficeLogin' successfully

2019-11-06 05:06:06 - [TEST_CASE][PASSED] - Test Cases/TestCaseUtilities/backOfficeLogin: Test Cases/TestCaseUtilities/backOfficeLogin

2019-11-06 05:06:07 - [TEST_STEP][PASSED] - BOURL = findTestData("envtData").getValue("BOURL", 1): null

2019-11-06 05:06:07 - [TEST_STEP][PASSED] - BOuser = findTestData("credData").getValue("BOuser", 1): null

2019-11-06 05:06:07 - [TEST_STEP][PASSED] - BOpass = findTestData("credData").getValue("BOpass", 1): null

2019-11-06 05:06:07 - [TEST_STEP][PASSED] - openBrowser(""): Browser is opened with url: ''

2019-11-06 05:06:07 - [MESSAGE][WARNING] - A browser is already opened. Closing browser and opening a new one

2019-11-06 05:06:08 - [MESSAGE][INFO] - Starting 'Chrome' driver

2019-11-06 05:06:08 - [MESSAGE][INFO] - User set preference: ['args', '[--use-fake-ui-for-media-stream, --start-maximized]']

2019-11-06 05:06:10 - [MESSAGE][PASSED] - Browser is opened with url: ''

2019-11-06 05:06:10 - [TEST_STEP][PASSED] - navigateToUrl(BOURL): Navigate to 'https://test18.cliotest.com/backoffice/control/main' successfully

2019-11-06 05:06:16 - [MESSAGE][PASSED] - Navigate to 'https://test18.cliotest.com/backoffice/control/main' successfully

2019-11-06 05:06:16 - [TEST_STEP][PASSED] - logOut = findWebElements(findTestObject("Object Repository/Page_cabi Home/log_out"), 1): Unable to find the element located by 'By.xpath: //a[contains(text(),'Log Out')]'. Please recheck the objects properties to make sure the desired element is located. 

2019-11-06 05:06:17 - [MESSAGE][INFO] - Unable to find the element located by 'By.xpath: //a[contains(text(),'Log Out')]'. Please recheck the objects properties to make sure the desired element is located. 

2019-11-06 05:06:17 - [TEST_STEP][PASSED] - if (logOut.size() == 0): Object: 'Object Repository/Page_cabi/input_Welcome to_consultantLogin' is clicked on

2019-11-06 05:06:17 - [TEST_STEP][PASSED] - setText(findTestObject("Page_cabi/input_Welcome to_USERNAME"), BOuser): Text '400000002' is set on object 'Object Repository/Page_cabi/input_Welcome to_USERNAME'

2019-11-06 05:06:17 - [MESSAGE][PASSED] - Text '400000002' is set on object 'Object Repository/Page_cabi/input_Welcome to_USERNAME'

2019-11-06 05:06:17 - [TEST_STEP][PASSED] - setText(findTestObject("Object Repository/Page_cabi/input_Welcome to_PASSWORD"), BOpass): Text 'blackdress19' is set on object 'Object Repository/Page_cabi/input_Welcome to_PASSWORD'

2019-11-06 05:06:17 - [MESSAGE][PASSED] - Text 'blackdress19' is set on object 'Object Repository/Page_cabi/input_Welcome to_PASSWORD'

2019-11-06 05:06:17 - [TEST_STEP][PASSED] - click(findTestObject("Object Repository/Page_cabi/input_Welcome to_consultantLogin")): Object: 'Object Repository/Page_cabi/input_Welcome to_consultantLogin' is clicked on

2019-11-06 05:06:25 - [MESSAGE][PASSED] - Object: 'Object Repository/Page_cabi/input_Welcome to_consultantLogin' is clicked on

2019-11-06 05:06:25 - [TEST_STEP][PASSED] - delay(3): Delayed 3 second(s)

2019-11-06 05:06:28 - [MESSAGE][PASSED] - Delayed 3 second(s)

2019-11-06 05:06:28 - [MESSAGE][PASSED] - Call Test Case 'Test Cases/TestCaseUtilities/backOfficeLogin' successfully

2019-11-06 05:06:28 - [TEST_STEP][PASSED] - verifyElementText(findTestObject("Object Repository/virualShowRSVPOR/Page_cabi/span_username"), stylist): Actual text and expected text of test object 'Object Repository/virualShowRSVPOR/Page_cabi/span_username' are matched.

2019-11-06 05:06:28 - [MESSAGE][PASSED] - Actual text and expected text of test object 'Object Repository/virualShowRSVPOR/Page_cabi/span_username' are matched.

2019-11-06 05:06:28 - [TEST_STEP][PASSED] - click(findTestObject("Object Repository/virualShowRSVPOR/Page_cabi Home/a_shows _orders")): Object: 'Object Repository/virualShowRSVPOR/Page_cabi Home/a_shows _orders' is clicked on

2019-11-06 05:06:29 - [MESSAGE][PASSED] - Object: 'Object Repository/virualShowRSVPOR/Page_cabi Home/a_shows _orders' is clicked on

2019-11-06 05:06:29 - [TEST_STEP][PASSED] - click(findTestObject("Object Repository/virualShowRSVPOR/Page_cabi Home/a_Create_A_Show")): Object: 'Object Repository/virualShowRSVPOR/Page_cabi Home/a_Create_A_Show' is clicked on

2019-11-06 05:06:31 - [MESSAGE][PASSED] - Object: 'Object Repository/virualShowRSVPOR/Page_cabi Home/a_Create_A_Show' is clicked on

2019-11-06 05:06:31 - [TEST_STEP][PASSED] - setText(findTestObject("Object Repository/virualShowRSVPOR/Page_cabi Create Show - Set Hostess/input_Hostess"), hostess): Text 'ahostess-test abc' is set on object 'Object Repository/virualShowRSVPOR/Page_cabi Create Show - Set Hostess/input_Hostess'

2019-11-06 05:06:32 - [MESSAGE][PASSED] - Text 'ahostess-test abc' is set on object 'Object Repository/virualShowRSVPOR/Page_cabi Create Show - Set Hostess/input_Hostess'

2019-11-06 05:06:32 - [TEST_STEP][PASSED] - delay(2): Delayed 2 second(s)

2019-11-06 05:06:34 - [MESSAGE][PASSED] - Delayed 2 second(s)

2019-11-06 05:06:34 - [TEST_STEP][PASSED] - sendKeys(findTestObject("Object Repository/virualShowRSVPOR/Page_cabi Create Show - Set Hostess/input_Hostess"), Keys.chord(ARROW_DOWN)): Keys 'DOWN + ' sent to object: 'Object Repository/virualShowRSVPOR/Page_cabi Create Show - Set Hostess/input_Hostess'

2019-11-06 05:06:34 - [MESSAGE][PASSED] - Keys 'DOWN + ' sent to object: 'Object Repository/virualShowRSVPOR/Page_cabi Create Show - Set Hostess/input_Hostess'

2019-11-06 05:06:34 - [TEST_STEP][PASSED] - sendKeys(findTestObject("Object Repository/virualShowRSVPOR/Page_cabi Create Show - Set Hostess/input_Hostess"), Keys.chord(ENTER)): Keys 'ENTER + ' sent to object: 'Object Repository/virualShowRSVPOR/Page_cabi Create Show - Set Hostess/input_Hostess'

2019-11-06 05:06:34 - [MESSAGE][PASSED] - Keys 'ENTER + ' sent to object: 'Object Repository/virualShowRSVPOR/Page_cabi Create Show - Set Hostess/input_Hostess'

2019-11-06 05:06:34 - [TEST_STEP][PASSED] - delay(2): Delayed 2 second(s)

2019-11-06 05:06:36 - [MESSAGE][PASSED] - Delayed 2 second(s)

2019-11-06 05:06:36 - [TEST_STEP][PASSED] - validateHostessAddressMsg = findWebElements(findTestObject("Object Repository/virualShowRSVPOR/Page_cabi Create Show - Set Hostess/validate_address_msg"), 5): null

2019-11-06 05:06:36 - [TEST_STEP][PASSED] - println(validateHostessAddressMsg.size()): null

2019-11-06 05:06:36 - [TEST_STEP][PASSED] - if (validateHostessAddressMsg.isEmpty()): null

2019-11-06 05:06:36 - [TEST_STEP][PASSED] - selectOptionByValue(findTestObject("Object Repository/virualShowRSVPOR/Page_cabi Create Show - Set Hostess/select_Choose_From_Contacts_Co-Hostess"), "3", true): All options with value '3' are selected in object 'Object Repository/virualShowRSVPOR/Page_cabi Create Show - Set Hostess/select_Choose_From_Contacts_Co-Hostess'  using regular expression

2019-11-06 05:06:36 - [MESSAGE][PASSED] - All options with value '3' are selected in object 'Object Repository/virualShowRSVPOR/Page_cabi Create Show - Set Hostess/select_Choose_From_Contacts_Co-Hostess'  using regular expression

2019-11-06 05:06:36 - [TEST_STEP][PASSED] - setText(findTestObject("Object Repository/virualShowRSVPOR/Page_cabi Create Show - Set Hostess/input_Cohostess"), cohostess): Text 'bcohost-test abc' is set on object 'Object Repository/virualShowRSVPOR/Page_cabi Create Show - Set Hostess/input_Cohostess'

2019-11-06 05:06:37 - [MESSAGE][PASSED] - Text 'bcohost-test abc' is set on object 'Object Repository/virualShowRSVPOR/Page_cabi Create Show - Set Hostess/input_Cohostess'

2019-11-06 05:06:37 - [TEST_STEP][PASSED] - delay(2): Delayed 2 second(s)

2019-11-06 05:06:39 - [MESSAGE][PASSED] - Delayed 2 second(s)

2019-11-06 05:06:39 - [TEST_STEP][PASSED] - sendKeys(findTestObject("Object Repository/virualShowRSVPOR/Page_cabi Create Show - Set Hostess/input_Cohostess"), Keys.chord(ARROW_DOWN)): Keys 'DOWN + ' sent to object: 'Object Repository/virualShowRSVPOR/Page_cabi Create Show - Set Hostess/input_Cohostess'

2019-11-06 05:06:39 - [MESSAGE][PASSED] - Keys 'DOWN + ' sent to object: 'Object Repository/virualShowRSVPOR/Page_cabi Create Show - Set Hostess/input_Cohostess'

2019-11-06 05:06:39 - [TEST_STEP][PASSED] - sendKeys(findTestObject("Object Repository/virualShowRSVPOR/Page_cabi Create Show - Set Hostess/input_Cohostess"), Keys.chord(ENTER)): Keys 'ENTER + ' sent to object: 'Object Repository/virualShowRSVPOR/Page_cabi Create Show - Set Hostess/input_Cohostess'

2019-11-06 05:06:39 - [MESSAGE][PASSED] - Keys 'ENTER + ' sent to object: 'Object Repository/virualShowRSVPOR/Page_cabi Create Show - Set Hostess/input_Cohostess'

2019-11-06 05:06:39 - [TEST_STEP][PASSED] - delay(3): Delayed 3 second(s)

2019-11-06 05:06:42 - [MESSAGE][PASSED] - Delayed 3 second(s)

2019-11-06 05:06:42 - [TEST_STEP][PASSED] - validateHostessAddressMsg = findWebElements(findTestObject("Object Repository/virualShowRSVPOR/Page_cabi Create Show - Set Hostess/validate_address_msg"), 5): null

2019-11-06 05:06:42 - [TEST_STEP][PASSED] - if (validateHostessAddressMsg.size() != 4): null

2019-11-06 05:06:42 - [TEST_STEP][PASSED] - click(findTestObject("Object Repository/virualShowRSVPOR/Page_cabi Create Show - Set Hostess/input_next")): Object: 'Object Repository/virualShowRSVPOR/Page_cabi Create Show - Set Hostess/input_next' is clicked on

2019-11-06 05:06:44 - [MESSAGE][PASSED] - Object: 'Object Repository/virualShowRSVPOR/Page_cabi Create Show - Set Hostess/input_next' is clicked on

2019-11-06 05:06:44 - [TEST_STEP][PASSED] - click(findTestObject("Object Repository/virualShowRSVPOR/Page_cabi Create Show - Time and Place/check_Physical_Show")): Object: 'Object Repository/virualShowRSVPOR/Page_cabi Create Show - Time and Place/check_Physical_Show' is clicked on

2019-11-06 05:06:44 - [MESSAGE][PASSED] - Object: 'Object Repository/virualShowRSVPOR/Page_cabi Create Show - Time and Place/check_Physical_Show' is clicked on

2019-11-06 05:06:44 - [TEST_STEP][PASSED] - click(findTestObject("Object Repository/virualShowRSVPOR/Page_cabi Create Show - Time and Place/input_Show_Date_Time")): Object: 'Object Repository/virualShowRSVPOR/Page_cabi Create Show - Time and Place/input_Show_Date_Time' is clicked on

2019-11-06 05:06:45 - [MESSAGE][PASSED] - Object: 'Object Repository/virualShowRSVPOR/Page_cabi Create Show - Time and Place/input_Show_Date_Time' is clicked on

2019-11-06 05:06:45 - [TEST_STEP][PASSED] - println(UtilityMethods.concat(" ", vsday, " ", vsmonth, " ", vsyear)): null

2019-11-06 05:06:45 - [TEST_STEP][PASSED] - year = vsyear: null

2019-11-06 05:06:45 - [TEST_STEP][PASSED] - month = vsmonth: null

2019-11-06 05:06:45 - [TEST_STEP][PASSED] - day = vsday: null

2019-11-06 05:06:45 - [TEST_STEP][PASSED] - pastdate = findTestData("virtualShowData").getValue("pastdate", 1): null

2019-11-06 05:06:45 - [TEST_STEP][PASSED] - xpath = UtilityMethods.concat("//td[@data-month='" + month - 1 + "' and @data-year='" + year + "']/a[contains(text(), '" + day + "')]"): null

2019-11-06 05:06:45 - [TEST_STEP][PASSED] - dateObj = new com.kms.katalon.core.testobject.TestObject(td_month_year_day): null

2019-11-06 05:06:45 - [TEST_STEP][PASSED] - dateObj.addProperty("xpath", EQUALS, xpath): null

2019-11-06 05:06:45 - [TEST_STEP][PASSED] - monthBound = 12: null

2019-11-06 05:06:45 - [TEST_STEP][PASSED] - dateObjList = findWebElements(dateObj, 5): null

2019-11-06 05:06:45 - [TEST_STEP][PASSED] - while (dateObjList.size() == 0 && monthBound > 0): null

2019-11-06 05:06:45 - [TEST_STEP][PASSED] - click(dateObj): Object: 'td_month_year_day' is clicked on

2019-11-06 05:06:45 - [MESSAGE][PASSED] - Object: 'td_month_year_day' is clicked on

2019-11-06 05:06:45 - [TEST_STEP][PASSED] - click(findTestObject("Object Repository/virualShowRSVPOR/Page_cabi Create Show - Time and Place/a_select_End_Time")): Object: 'Object Repository/virualShowRSVPOR/Page_cabi Create Show - Time and Place/a_select_End_Time' is clicked on

2019-11-06 05:06:45 - [MESSAGE][PASSED] - Object: 'Object Repository/virualShowRSVPOR/Page_cabi Create Show - Time and Place/a_select_End_Time' is clicked on

2019-11-06 05:06:45 - [TEST_STEP][PASSED] - delay(2): Delayed 2 second(s)

2019-11-06 05:06:47 - [MESSAGE][PASSED] - Delayed 2 second(s)

2019-11-06 05:06:47 - [TEST_STEP][PASSED] - click(findTestObject("virualShowRSVPOR/Page_cabi Create Show - Time and Place/check_show_address_same_as_hostess")): Object: 'Object Repository/virualShowRSVPOR/Page_cabi Create Show - Time and Place/check_show_address_same_as_hostess' is clicked on

2019-11-06 05:06:47 - [MESSAGE][PASSED] - Object: 'Object Repository/virualShowRSVPOR/Page_cabi Create Show - Time and Place/check_show_address_same_as_hostess' is clicked on

2019-11-06 05:06:47 - [TEST_STEP][PASSED] - delay(2): Delayed 2 second(s)

2019-11-06 05:06:49 - [MESSAGE][PASSED] - Delayed 2 second(s)

2019-11-06 05:06:49 - [TEST_STEP][PASSED] - click(findTestObject("Object Repository/virualShowRSVPOR/Page_cabi Create Show - Time and Place/check_shipping_address_same_as_location")): Object: 'Object Repository/virualShowRSVPOR/Page_cabi Create Show - Time and Place/check_shipping_address_same_as_location' is clicked on

2019-11-06 05:06:50 - [MESSAGE][PASSED] - Object: 'Object Repository/virualShowRSVPOR/Page_cabi Create Show - Time and Place/check_shipping_address_same_as_location' is clicked on

2019-11-06 05:06:50 - [TEST_STEP][PASSED] - delay(2): Delayed 2 second(s)

2019-11-06 05:06:52 - [MESSAGE][PASSED] - Delayed 2 second(s)

2019-11-06 05:06:52 - [TEST_STEP][PASSED] - click(findTestObject("Object Repository/virualShowRSVPOR/Page_cabi Create Show - Time and Place/input_next")): Object: 'Object Repository/virualShowRSVPOR/Page_cabi Create Show - Time and Place/input_next' is clicked on

2019-11-06 05:06:52 - [MESSAGE][PASSED] - Object: 'Object Repository/virualShowRSVPOR/Page_cabi Create Show - Time and Place/input_next' is clicked on

2019-11-06 05:06:52 - [TEST_STEP][PASSED] - delay(5): Delayed 5 second(s)

2019-11-06 05:06:57 - [MESSAGE][PASSED] - Delayed 5 second(s)

2019-11-06 05:06:57 - [TEST_STEP][PASSED] - click(findTestObject("Object Repository/virualShowRSVPOR/Page_cabi Create Show - Invite Hostess/input_Skip_Invite")): Object: 'Object Repository/virualShowRSVPOR/Page_cabi Create Show - Invite Hostess/input_Skip_Invite' is clicked on

2019-11-06 05:07:00 - [MESSAGE][PASSED] - Object: 'Object Repository/virualShowRSVPOR/Page_cabi Create Show - Invite Hostess/input_Skip_Invite' is clicked on

2019-11-06 05:07:00 - [TEST_STEP][PASSED] - setText(findTestObject("Object Repository/virualShowRSVPOR/Page_cabi Edit Show - Add Guests/contact_search_box"), guest1): Text 'guest1-test abc' is set on object 'Object Repository/virualShowRSVPOR/Page_cabi Edit Show - Add Guests/contact_search_box'

2019-11-06 05:07:01 - [MESSAGE][PASSED] - Text 'guest1-test abc' is set on object 'Object Repository/virualShowRSVPOR/Page_cabi Edit Show - Add Guests/contact_search_box'

2019-11-06 05:07:01 - [TEST_STEP][PASSED] - delay(2): Delayed 2 second(s)

2019-11-06 05:07:03 - [MESSAGE][PASSED] - Delayed 2 second(s)

2019-11-06 05:07:03 - [TEST_STEP][PASSED] - sendKeys(findTestObject("Object Repository/virualShowRSVPOR/Page_cabi Edit Show - Add Guests/contact_search_box"), Keys.chord(ARROW_DOWN)): Keys 'DOWN + ' sent to object: 'Object Repository/virualShowRSVPOR/Page_cabi Edit Show - Add Guests/contact_search_box'

2019-11-06 05:07:04 - [MESSAGE][PASSED] - Keys 'DOWN + ' sent to object: 'Object Repository/virualShowRSVPOR/Page_cabi Edit Show - Add Guests/contact_search_box'

2019-11-06 05:07:04 - [TEST_STEP][PASSED] - sendKeys(findTestObject("Object Repository/virualShowRSVPOR/Page_cabi Edit Show - Add Guests/contact_search_box"), Keys.chord(ENTER)): Keys 'ENTER + ' sent to object: 'Object Repository/virualShowRSVPOR/Page_cabi Edit Show - Add Guests/contact_search_box'

2019-11-06 05:07:04 - [MESSAGE][PASSED] - Keys 'ENTER + ' sent to object: 'Object Repository/virualShowRSVPOR/Page_cabi Edit Show - Add Guests/contact_search_box'

2019-11-06 05:07:04 - [TEST_STEP][PASSED] - delay(2): Delayed 2 second(s)

2019-11-06 05:07:06 - [MESSAGE][PASSED] - Delayed 2 second(s)

2019-11-06 05:07:06 - [TEST_STEP][PASSED] - click(findTestObject("Object Repository/virualShowRSVPOR/Page_cabi Edit Show - Add Guests/a_add_guest")): Object: 'Object Repository/virualShowRSVPOR/Page_cabi Edit Show - Add Guests/a_add_guest' is clicked on

2019-11-06 05:07:07 - [MESSAGE][PASSED] - Object: 'Object Repository/virualShowRSVPOR/Page_cabi Edit Show - Add Guests/a_add_guest' is clicked on

2019-11-06 05:07:07 - [TEST_STEP][PASSED] - delay(5): Delayed 5 second(s)

2019-11-06 05:07:12 - [MESSAGE][PASSED] - Delayed 5 second(s)

2019-11-06 05:07:12 - [TEST_STEP][PASSED] - setText(findTestObject("Object Repository/virualShowRSVPOR/Page_cabi Edit Show - Add Guests/contact_search_box"), guest2): Text 'guest2-test abc' is set on object 'Object Repository/virualShowRSVPOR/Page_cabi Edit Show - Add Guests/contact_search_box'

2019-11-06 05:07:12 - [MESSAGE][PASSED] - Text 'guest2-test abc' is set on object 'Object Repository/virualShowRSVPOR/Page_cabi Edit Show - Add Guests/contact_search_box'

2019-11-06 05:07:12 - [TEST_STEP][PASSED] - delay(2): Delayed 2 second(s)

2019-11-06 05:07:14 - [MESSAGE][PASSED] - Delayed 2 second(s)

2019-11-06 05:07:14 - [TEST_STEP][PASSED] - sendKeys(findTestObject("Object Repository/virualShowRSVPOR/Page_cabi Edit Show - Add Guests/contact_search_box"), Keys.chord(ARROW_DOWN)): Keys 'DOWN + ' sent to object: 'Object Repository/virualShowRSVPOR/Page_cabi Edit Show - Add Guests/contact_search_box'

2019-11-06 05:07:14 - [MESSAGE][PASSED] - Keys 'DOWN + ' sent to object: 'Object Repository/virualShowRSVPOR/Page_cabi Edit Show - Add Guests/contact_search_box'

2019-11-06 05:07:14 - [TEST_STEP][PASSED] - sendKeys(findTestObject("Object Repository/virualShowRSVPOR/Page_cabi Edit Show - Add Guests/contact_search_box"), Keys.chord(ENTER)): Keys 'ENTER + ' sent to object: 'Object Repository/virualShowRSVPOR/Page_cabi Edit Show - Add Guests/contact_search_box'

2019-11-06 05:07:14 - [MESSAGE][PASSED] - Keys 'ENTER + ' sent to object: 'Object Repository/virualShowRSVPOR/Page_cabi Edit Show - Add Guests/contact_search_box'

2019-11-06 05:07:14 - [TEST_STEP][PASSED] - delay(2): Delayed 2 second(s)

2019-11-06 05:07:16 - [MESSAGE][PASSED] - Delayed 2 second(s)

2019-11-06 05:07:16 - [TEST_STEP][PASSED] - click(findTestObject("Object Repository/virualShowRSVPOR/Page_cabi Edit Show - Add Guests/a_add_guest")): Object: 'Object Repository/virualShowRSVPOR/Page_cabi Edit Show - Add Guests/a_add_guest' is clicked on

2019-11-06 05:07:17 - [MESSAGE][PASSED] - Object: 'Object Repository/virualShowRSVPOR/Page_cabi Edit Show - Add Guests/a_add_guest' is clicked on

2019-11-06 05:07:17 - [TEST_STEP][PASSED] - delay(2): Delayed 2 second(s)

2019-11-06 05:07:19 - [MESSAGE][PASSED] - Delayed 2 second(s)

2019-11-06 05:07:19 - [TEST_STEP][PASSED] - verifyHostess = UtilityMethods.splitPersonName(hostess): null

2019-11-06 05:07:19 - [TEST_STEP][PASSED] - verifyCohostess = UtilityMethods.splitPersonName(cohostess): null

2019-11-06 05:07:19 - [TEST_STEP][PASSED] - verifyGuest1 = UtilityMethods.splitPersonName(guest1): null

2019-11-06 05:07:19 - [TEST_STEP][PASSED] - verifyGuest2 = UtilityMethods.splitPersonName(guest2): null

2019-11-06 05:07:19 - [TEST_STEP][PASSED] - verifyElementText(findTestObject("Object Repository/virualShowRSVPOR/Page_cabi Edit Show - Add Guests/span_hostess_name"), UtilityMethods.concat(verifyHostess[1], ", ", verifyHostess[0])): Actual text and expected text of test object 'Object Repository/virualShowRSVPOR/Page_cabi Edit Show - Add Guests/span_hostess_name' are matched.

2019-11-06 05:07:19 - [MESSAGE][PASSED] - Actual text and expected text of test object 'Object Repository/virualShowRSVPOR/Page_cabi Edit Show - Add Guests/span_hostess_name' are matched.

2019-11-06 05:07:19 - [TEST_STEP][PASSED] - verifyElementText(findTestObject("Object Repository/virualShowRSVPOR/Page_cabi Edit Show - Add Guests/span_cohostess_name"), UtilityMethods.concat(verifyCohostess[1], ", ", verifyCohostess[0])): Actual text and expected text of test object 'Object Repository/virualShowRSVPOR/Page_cabi Edit Show - Add Guests/span_cohostess_name' are matched.

2019-11-06 05:07:19 - [MESSAGE][PASSED] - Actual text and expected text of test object 'Object Repository/virualShowRSVPOR/Page_cabi Edit Show - Add Guests/span_cohostess_name' are matched.

2019-11-06 05:07:19 - [TEST_STEP][PASSED] - listElement = findWebElements(findTestObject("Object Repository/virualShowRSVPOR/Page_cabi Edit Show - Add Guests/span_guest_name_list"), 5): null

2019-11-06 05:07:19 - [TEST_STEP][PASSED] - guestCount = Integer.parseInt(verifyGuestCount): null

2019-11-06 05:07:19 - [TEST_STEP][PASSED] - flag = false: null

2019-11-06 05:07:19 - [TEST_STEP][PASSED] - for ([i = 0, i < guestCount, (i++)]): null

2019-11-06 05:07:19 - [TEST_STEP][PASSED] - flag = false: null

2019-11-06 05:07:19 - [TEST_STEP][PASSED] - if (getText().equals(UtilityMethods.concat(verifyGuest1[1], ", ", verifyGuest1[0]))): null

2019-11-06 05:07:19 - [TEST_STEP][PASSED] - flag = true: null

2019-11-06 05:07:19 - [TEST_STEP][PASSED] - if (getText().equals(UtilityMethods.concat(verifyGuest2[1], ", ", verifyGuest2[0]))): null

2019-11-06 05:07:19 - [TEST_STEP][PASSED] - flag = false: null

2019-11-06 05:07:19 - [TEST_STEP][PASSED] - if (getText().equals(UtilityMethods.concat(verifyGuest1[1], ", ", verifyGuest1[0]))): null

2019-11-06 05:07:19 - [TEST_STEP][PASSED] - if (getText().equals(UtilityMethods.concat(verifyGuest2[1], ", ", verifyGuest2[0]))): null

2019-11-06 05:07:19 - [TEST_STEP][PASSED] - flag = true: null

2019-11-06 05:07:19 - [TEST_STEP][PASSED] - click(findTestObject("Object Repository/virualShowRSVPOR/Page_cabi Edit Show - Add Guests/input_Next")): Object: 'Object Repository/virualShowRSVPOR/Page_cabi Edit Show - Add Guests/input_Next' is clicked on

2019-11-06 05:07:22 - [MESSAGE][PASSED] - Object: 'Object Repository/virualShowRSVPOR/Page_cabi Edit Show - Add Guests/input_Next' is clicked on

2019-11-06 05:07:22 - [TEST_STEP][PASSED] - delay(3): Delayed 3 second(s)

2019-11-06 05:07:25 - [MESSAGE][PASSED] - Delayed 3 second(s)

2019-11-06 05:07:25 - [TEST_STEP][PASSED] - click(findTestObject("Object Repository/virualShowRSVPOR/Page_cabi Edit Show - Send Invitations/input_Overview")): Object: 'Object Repository/virualShowRSVPOR/Page_cabi Edit Show - Send Invitations/input_Overview' is clicked on

2019-11-06 05:07:26 - [MESSAGE][PASSED] - Object: 'Object Repository/virualShowRSVPOR/Page_cabi Edit Show - Send Invitations/input_Overview' is clicked on

2019-11-06 05:07:26 - [TEST_STEP][PASSED] - showID = getText(findTestObject("Object Repository/virualShowRSVPOR/Page_cabi Orders/li_Show_ID_Text")): Text of object 'Object Repository/virualShowRSVPOR/Page_cabi Orders/li_Show_ID_Text' is: 'Show #: 104819192'

2019-11-06 05:07:26 - [MESSAGE][PASSED] - Text of object 'Object Repository/virualShowRSVPOR/Page_cabi Orders/li_Show_ID_Text' is: 'Show #: 104819192'

2019-11-06 05:07:26 - [TEST_STEP][PASSED] - delay(2): Delayed 2 second(s)

2019-11-06 05:07:28 - [MESSAGE][PASSED] - Delayed 2 second(s)

2019-11-06 05:07:28 - [TEST_STEP][PASSED] - driver = getWebDriver(): null

2019-11-06 05:07:29 - [TEST_STEP][PASSED] - executor = driver: null

2019-11-06 05:07:29 - [TEST_STEP][PASSED] - executor.executeScript("arguments[0].click();", findWebElement(findTestObject("Object Repository/virualShowRSVPOR/Page_cabi Orders/a_My Profile"), 5)): null

2019-11-06 05:07:30 - [TEST_STEP][PASSED] - rsName = getText(findTestObject("Object Repository/virualShowRSVPOR/Page_cabi My Profile/span_rsName")): Text of object 'Object Repository/virualShowRSVPOR/Page_cabi My Profile/span_rsName' is: 'MirandaKate'

2019-11-06 05:07:30 - [MESSAGE][PASSED] - Text of object 'Object Repository/virualShowRSVPOR/Page_cabi My Profile/span_rsName' is: 'MirandaKate'

2019-11-06 05:07:30 - [TEST_STEP][PASSED] - micrositeURL = UtilityMethods.createURL(rsName, RSTestEnvt, showID): null

2019-11-06 05:07:31 - [TEST_STEP][PASSED] - println(micrositeURL): null

2019-11-06 05:07:31 - [TEST_STEP][PASSED] - back(): Navigate back successfully

2019-11-06 05:07:32 - [MESSAGE][PASSED] - Navigate back successfully

2019-11-06 05:07:32 - [MESSAGE][PASSED] - Call Test Case 'Test Cases/VirtualShow/createAPhysicalShow' successfully

2019-11-06 05:07:32 - [TEST_STEP][PASSED] - driver = getWebDriver(): null

2019-11-06 05:07:32 - [TEST_STEP][PASSED] - executor = driver: null

2019-11-06 05:07:32 - [TEST_STEP][PASSED] - click(findTestObject("Object Repository/virualShowRSVPOR/Page_cabi Edit Show - Send Invitations/a_orders")): Object: 'Object Repository/virualShowRSVPOR/Page_cabi Edit Show - Send Invitations/a_orders' is clicked on

2019-11-06 05:07:34 - [MESSAGE][PASSED] - Object: 'Object Repository/virualShowRSVPOR/Page_cabi Edit Show - Send Invitations/a_orders' is clicked on

2019-11-06 05:07:34 - [TEST_STEP][PASSED] - g1Vars = UtilityMethods.splitPersonName(guest1): null

2019-11-06 05:07:34 - [TEST_STEP][PASSED] - g1Var = UtilityMethods.concat(g1Vars[1], ", ", g1Vars[0]): null

2019-11-06 05:07:34 - [TEST_STEP][PASSED] - buttonPlaceOrder = UtilityMethods.createTestObject("buttoPlaceOrder", "//table[@class='show-order-table']/tbody/tr/td/span[contains(text(), '", g1Var, "')]/parent::td/following-sibling::td[1]/button"): null

2019-11-06 05:07:34 - [TEST_STEP][PASSED] - click(buttonPlaceOrder): Object: 'buttoPlaceOrder' is clicked on

2019-11-06 05:07:37 - [MESSAGE][PASSED] - Object: 'buttoPlaceOrder' is clicked on

2019-11-06 05:07:37 - [TEST_STEP][PASSED] - delay(3): Delayed 3 second(s)

2019-11-06 05:07:40 - [MESSAGE][PASSED] - Delayed 3 second(s)

2019-11-06 05:07:40 - [TEST_STEP][PASSED] - DTYMsg = "Hooray! This order is eligible for "Direct to You" shipping.": null

2019-11-06 05:07:40 - [TEST_STEP][PASSED] - println(getText(findTestObject("Object Repository/virualShowRSVPOR/DTY/label_DtyEligibility"))): Text of object 'Object Repository/virualShowRSVPOR/DTY/label_DtyEligibility' is: 'This order will become eligible for "Direct to You" shipping after 11/06.'

2019-11-06 05:07:40 - [MESSAGE][PASSED] - Text of object 'Object Repository/virualShowRSVPOR/DTY/label_DtyEligibility' is: 'This order will become eligible for "Direct to You" shipping after 11/06.'

2019-11-06 05:07:40 - [TEST_STEP][FAILED] - verifyElementText(findTestObject("Object Repository/virualShowRSVPOR/DTY/label_DtyEligibility"), DTYMsg, CONTINUE_ON_FAILURE): Actual text 'This order will become eligible for "Direct to You" shipping after 11/06.' and expected text 'Hooray! This order is eligible for "Direct to You" shipping.' of test object 'Object Repository/virualShowRSVPOR/DTY/label_DtyEligibility' are NOT matched. (Root cause: com.kms.katalon.core.exception.StepFailedException: Actual text 'This order will become eligible for "Direct to You" shipping after 11/06.' and expected text 'Hooray! This order is eligible for "Direct to You" shipping.' of test object 'Object Repository/virualShowRSVPOR/DTY/label_DtyEligibility' are NOT matched.
	at com.kms.katalon.core.webui.keyword.internal.WebUIKeywordMain.stepFailed(WebUIKeywordMain.groovy:64)
	at com.kms.katalon.core.webui.keyword.builtin.VerifyElementTextKeyword$_verifyElementText_closure1.doCall(VerifyElementTextKeyword.groovy:57)
	at com.kms.katalon.core.webui.keyword.builtin.VerifyElementTextKeyword$_verifyElementText_closure1.call(VerifyElementTextKeyword.groovy)
	at com.kms.katalon.core.webui.keyword.internal.WebUIKeywordMain.runKeyword(WebUIKeywordMain.groovy:20)
	at com.kms.katalon.core.webui.keyword.builtin.VerifyElementTextKeyword.verifyElementText(VerifyElementTextKeyword.groovy:72)
	at com.kms.katalon.core.webui.keyword.builtin.VerifyElementTextKeyword.execute(VerifyElementTextKeyword.groovy:40)
	at com.kms.katalon.core.keyword.internal.KeywordExecutor.executeKeywordForPlatform(KeywordExecutor.groovy:56)
	at com.kms.katalon.core.webui.keyword.WebUiBuiltInKeywords.verifyElementText(WebUiBuiltInKeywords.groovy:3647)
	at com.kms.katalon.core.webui.keyword.WebUiBuiltInKeywords$verifyElementText$8.call(Unknown Source)
	at DTY.run(DTY:89)
	at com.kms.katalon.core.main.ScriptEngine.run(ScriptEngine.java:194)
	at com.kms.katalon.core.main.ScriptEngine.runScriptAsRawText(ScriptEngine.java:119)
	at com.kms.katalon.core.main.TestCaseExecutor.runScript(TestCaseExecutor.java:342)
	at com.kms.katalon.core.main.TestCaseExecutor.doExecute(TestCaseExecutor.java:333)
	at com.kms.katalon.core.main.TestCaseExecutor.processExecutionPhase(TestCaseExecutor.java:312)
	at com.kms.katalon.core.main.TestCaseExecutor.accessMainPhase(TestCaseExecutor.java:304)
	at com.kms.katalon.core.main.TestCaseExecutor.execute(TestCaseExecutor.java:238)
	at com.kms.katalon.core.main.TestSuiteExecutor.accessTestCaseMainPhase(TestSuiteExecutor.java:129)
	at com.kms.katalon.core.main.TestSuiteExecutor.accessTestSuiteMainPhase(TestSuiteExecutor.java:112)
	at com.kms.katalon.core.main.TestSuiteExecutor.execute(TestSuiteExecutor.java:81)
	at com.kms.katalon.core.main.TestCaseMain.startTestSuite(TestCaseMain.java:157)
	at com.kms.katalon.core.main.TestCaseMain$startTestSuite$0.call(Unknown Source)
	at TempTestSuite1572996950462.run(TempTestSuite1572996950462.groovy:35)
)

2019-11-06 05:07:40 - [MESSAGE][FAILED] - Actual text 'This order will become eligible for "Direct to You" shipping after 11/06.' and expected text 'Hooray! This order is eligible for "Direct to You" shipping.' of test object 'Object Repository/virualShowRSVPOR/DTY/label_DtyEligibility' are NOT matched. (Root cause: com.kms.katalon.core.exception.StepFailedException: Actual text 'This order will become eligible for "Direct to You" shipping after 11/06.' and expected text 'Hooray! This order is eligible for "Direct to You" shipping.' of test object 'Object Repository/virualShowRSVPOR/DTY/label_DtyEligibility' are NOT matched.
	at com.kms.katalon.core.webui.keyword.internal.WebUIKeywordMain.stepFailed(WebUIKeywordMain.groovy:64)
	at com.kms.katalon.core.webui.keyword.builtin.VerifyElementTextKeyword$_verifyElementText_closure1.doCall(VerifyElementTextKeyword.groovy:57)
	at com.kms.katalon.core.webui.keyword.builtin.VerifyElementTextKeyword$_verifyElementText_closure1.call(VerifyElementTextKeyword.groovy)
	at com.kms.katalon.core.webui.keyword.internal.WebUIKeywordMain.runKeyword(WebUIKeywordMain.groovy:20)
	at com.kms.katalon.core.webui.keyword.builtin.VerifyElementTextKeyword.verifyElementText(VerifyElementTextKeyword.groovy:72)
	at com.kms.katalon.core.webui.keyword.builtin.VerifyElementTextKeyword.execute(VerifyElementTextKeyword.groovy:40)
	at com.kms.katalon.core.keyword.internal.KeywordExecutor.executeKeywordForPlatform(KeywordExecutor.groovy:56)
	at com.kms.katalon.core.webui.keyword.WebUiBuiltInKeywords.verifyElementText(WebUiBuiltInKeywords.groovy:3647)
	at com.kms.katalon.core.webui.keyword.WebUiBuiltInKeywords$verifyElementText$8.call(Unknown Source)
	at DTY.run(DTY:89)
	at com.kms.katalon.core.main.ScriptEngine.run(ScriptEngine.java:194)
	at com.kms.katalon.core.main.ScriptEngine.runScriptAsRawText(ScriptEngine.java:119)
	at com.kms.katalon.core.main.TestCaseExecutor.runScript(TestCaseExecutor.java:342)
	at com.kms.katalon.core.main.TestCaseExecutor.doExecute(TestCaseExecutor.java:333)
	at com.kms.katalon.core.main.TestCaseExecutor.processExecutionPhase(TestCaseExecutor.java:312)
	at com.kms.katalon.core.main.TestCaseExecutor.accessMainPhase(TestCaseExecutor.java:304)
	at com.kms.katalon.core.main.TestCaseExecutor.execute(TestCaseExecutor.java:238)
	at com.kms.katalon.core.main.TestSuiteExecutor.accessTestCaseMainPhase(TestSuiteExecutor.java:129)
	at com.kms.katalon.core.main.TestSuiteExecutor.accessTestSuiteMainPhase(TestSuiteExecutor.java:112)
	at com.kms.katalon.core.main.TestSuiteExecutor.execute(TestSuiteExecutor.java:81)
	at com.kms.katalon.core.main.TestCaseMain.startTestSuite(TestCaseMain.java:157)
	at com.kms.katalon.core.main.TestCaseMain$startTestSuite$0.call(Unknown Source)
	at TempTestSuite1572996950462.run(TempTestSuite1572996950462.groovy:35)
)
[[ATTACHMENT|C:\\Users\\user\\Documents\\testautomation\\KatalonProjects\\Reports\\VirtualShowSuites\\DTYSuite\\20191106_050550\\1572997060245.png]]

2019-11-06 05:07:40 - [TEST_STEP][PASSED] - executor.executeScript("arguments[0].click();", findWebElement(findTestObject("Object Repository/Page_cabi Home/a_same_shipping_address"), 10)): null

2019-11-06 05:07:40 - [TEST_STEP][PASSED] - delay(3): Delayed 3 second(s)

2019-11-06 05:07:43 - [MESSAGE][PASSED] - Delayed 3 second(s)

2019-11-06 05:07:43 - [TEST_STEP][PASSED] - check(findTestObject("Object Repository/Page_cabi Home/a_same_shipping_address")): Object 'Object Repository/Page_cabi Home/a_same_shipping_address' is checked

2019-11-06 05:07:43 - [MESSAGE][PASSED] - Object 'Object Repository/Page_cabi Home/a_same_shipping_address' is checked

2019-11-06 05:07:43 - [TEST_STEP][PASSED] - delay(3): Delayed 3 second(s)

2019-11-06 05:07:46 - [MESSAGE][PASSED] - Delayed 3 second(s)

2019-11-06 05:07:46 - [TEST_STEP][PASSED] - executor.executeScript("arguments[0].click();", findWebElement(findTestObject("Object Repository/Page_cabi Home/a_order_items"), 5)): null

2019-11-06 05:07:46 - [TEST_STEP][PASSED] - click(findTestObject("Object Repository/Page_cabi Retail Store/span_quick_entry")): Object: 'Object Repository/Page_cabi Retail Store/span_quick_entry' is clicked on

2019-11-06 05:07:50 - [MESSAGE][PASSED] - Object: 'Object Repository/Page_cabi Retail Store/span_quick_entry' is clicked on

2019-11-06 05:07:50 - [TEST_STEP][PASSED] - delay(3): Delayed 3 second(s)

2019-11-06 05:07:53 - [MESSAGE][PASSED] - Delayed 3 second(s)

2019-11-06 05:07:53 - [TEST_STEP][PASSED] - emptyCart = findWebElements(findTestObject("Object Repository/Page_cabi Personal Store/removeFromCart"), 5): Unable to find the element located by 'By.xpath: //*[@id="removeFromCart_0"]/span'. Please recheck the objects properties to make sure the desired element is located. 

2019-11-06 05:07:58 - [MESSAGE][INFO] - Unable to find the element located by 'By.xpath: //*[@id="removeFromCart_0"]/span'. Please recheck the objects properties to make sure the desired element is located. 

2019-11-06 05:07:58 - [TEST_STEP][PASSED] - if (emptyCart.size() > 0): null

2019-11-06 05:07:58 - [TEST_STEP][PASSED] - addOnStyle = findTestData("miscData").getValue("addOnStyle", 1): null

2019-11-06 05:07:58 - [TEST_STEP][PASSED] - addOnStyle2 = findTestData("miscData").getValue("addOnStyle", 2): null

2019-11-06 05:07:58 - [TEST_STEP][PASSED] - setText(findTestObject("Object Repository/Page_cabi Create Order/input_Manual Discount_stylelookup_0"), addOnStyle): Text '3701' is set on object 'Object Repository/Page_cabi Create Order/input_Manual Discount_stylelookup_0'

2019-11-06 05:07:58 - [MESSAGE][PASSED] - Text '3701' is set on object 'Object Repository/Page_cabi Create Order/input_Manual Discount_stylelookup_0'

2019-11-06 05:07:58 - [TEST_STEP][PASSED] - delay(2): Delayed 2 second(s)

2019-11-06 05:08:00 - [MESSAGE][PASSED] - Delayed 2 second(s)

2019-11-06 05:08:00 - [TEST_STEP][PASSED] - sendKeys(findTestObject("Object Repository/Page_cabi Create Order/input_Manual Discount_stylelookup_0"), Keys.chord(ARROW_DOWN)): Keys 'DOWN + ' sent to object: 'Object Repository/Page_cabi Create Order/input_Manual Discount_stylelookup_0'

2019-11-06 05:08:00 - [MESSAGE][PASSED] - Keys 'DOWN + ' sent to object: 'Object Repository/Page_cabi Create Order/input_Manual Discount_stylelookup_0'

2019-11-06 05:08:00 - [TEST_STEP][PASSED] - delay(2): Delayed 2 second(s)

2019-11-06 05:08:02 - [MESSAGE][PASSED] - Delayed 2 second(s)

2019-11-06 05:08:02 - [TEST_STEP][PASSED] - sendKeys(findTestObject("Object Repository/Page_cabi Create Order/input_Manual Discount_stylelookup_0"), Keys.chord(ARROW_DOWN)): Keys 'DOWN + ' sent to object: 'Object Repository/Page_cabi Create Order/input_Manual Discount_stylelookup_0'

2019-11-06 05:08:02 - [MESSAGE][PASSED] - Keys 'DOWN + ' sent to object: 'Object Repository/Page_cabi Create Order/input_Manual Discount_stylelookup_0'

2019-11-06 05:08:02 - [TEST_STEP][PASSED] - sendKeys(findTestObject("Object Repository/Page_cabi Create Order/input_Manual Discount_stylelookup_0"), Keys.chord(ENTER)): Keys 'ENTER + ' sent to object: 'Object Repository/Page_cabi Create Order/input_Manual Discount_stylelookup_0'

2019-11-06 05:08:02 - [MESSAGE][PASSED] - Keys 'ENTER + ' sent to object: 'Object Repository/Page_cabi Create Order/input_Manual Discount_stylelookup_0'

2019-11-06 05:08:02 - [TEST_STEP][PASSED] - delay(5): Delayed 5 second(s)

2019-11-06 05:08:07 - [MESSAGE][PASSED] - Delayed 5 second(s)

2019-11-06 05:08:07 - [TEST_STEP][PASSED] - click(findTestObject("Object Repository/Page_cabi Order Items/selectSize")): Object: 'Object Repository/Page_cabi Order Items/selectSize' is clicked on

2019-11-06 05:08:07 - [MESSAGE][PASSED] - Object: 'Object Repository/Page_cabi Order Items/selectSize' is clicked on

2019-11-06 05:08:07 - [TEST_STEP][PASSED] - delay(3): Delayed 3 second(s)

2019-11-06 05:08:10 - [MESSAGE][PASSED] - Delayed 3 second(s)

2019-11-06 05:08:10 - [TEST_STEP][PASSED] - click(findTestObject("Object Repository/Page_cabi Order Items/span_Add to Cart")): Object: 'Object Repository/Page_cabi Order Items/span_Add to Cart' is clicked on

2019-11-06 05:08:11 - [MESSAGE][PASSED] - Object: 'Object Repository/Page_cabi Order Items/span_Add to Cart' is clicked on

2019-11-06 05:08:11 - [TEST_STEP][PASSED] - delay(5): Delayed 5 second(s)

2019-11-06 05:08:16 - [MESSAGE][PASSED] - Delayed 5 second(s)

2019-11-06 05:08:16 - [TEST_STEP][PASSED] - click(findTestObject("Object Repository/Page_cabi Order Items/a_next")): Object: 'Object Repository/Page_cabi Order Items/a_next' is clicked on

2019-11-06 05:08:16 - [MESSAGE][PASSED] - Object: 'Object Repository/Page_cabi Order Items/a_next' is clicked on

2019-11-06 05:08:16 - [TEST_STEP][PASSED] - delay(3): Delayed 3 second(s)

2019-11-06 05:08:19 - [MESSAGE][PASSED] - Delayed 3 second(s)

2019-11-06 05:08:19 - [TEST_STEP][FAILED] - verifyElementText(findTestObject("Object Repository/Page_cabi Shipping/label_DTYMsg1"), "This order is eligible for "Direct to You" shipping.", CONTINUE_ON_FAILURE): Actual text 'This order is not yet eligible for "Direct to You" shipping.' and expected text 'This order is eligible for "Direct to You" shipping.' of test object 'Object Repository/Page_cabi Shipping/label_DTYMsg1' are NOT matched. (Root cause: com.kms.katalon.core.exception.StepFailedException: Actual text 'This order is not yet eligible for "Direct to You" shipping.' and expected text 'This order is eligible for "Direct to You" shipping.' of test object 'Object Repository/Page_cabi Shipping/label_DTYMsg1' are NOT matched.
	at com.kms.katalon.core.webui.keyword.internal.WebUIKeywordMain.stepFailed(WebUIKeywordMain.groovy:64)
	at com.kms.katalon.core.webui.keyword.builtin.VerifyElementTextKeyword$_verifyElementText_closure1.doCall(VerifyElementTextKeyword.groovy:57)
	at com.kms.katalon.core.webui.keyword.builtin.VerifyElementTextKeyword$_verifyElementText_closure1.call(VerifyElementTextKeyword.groovy)
	at com.kms.katalon.core.webui.keyword.internal.WebUIKeywordMain.runKeyword(WebUIKeywordMain.groovy:20)
	at com.kms.katalon.core.webui.keyword.builtin.VerifyElementTextKeyword.verifyElementText(VerifyElementTextKeyword.groovy:72)
	at com.kms.katalon.core.webui.keyword.builtin.VerifyElementTextKeyword.execute(VerifyElementTextKeyword.groovy:40)
	at com.kms.katalon.core.keyword.internal.KeywordExecutor.executeKeywordForPlatform(KeywordExecutor.groovy:56)
	at com.kms.katalon.core.webui.keyword.WebUiBuiltInKeywords.verifyElementText(WebUiBuiltInKeywords.groovy:3647)
	at com.kms.katalon.core.webui.keyword.WebUiBuiltInKeywords$verifyElementText$8.call(Unknown Source)
	at DTY.run(DTY:152)
	at com.kms.katalon.core.main.ScriptEngine.run(ScriptEngine.java:194)
	at com.kms.katalon.core.main.ScriptEngine.runScriptAsRawText(ScriptEngine.java:119)
	at com.kms.katalon.core.main.TestCaseExecutor.runScript(TestCaseExecutor.java:342)
	at com.kms.katalon.core.main.TestCaseExecutor.doExecute(TestCaseExecutor.java:333)
	at com.kms.katalon.core.main.TestCaseExecutor.processExecutionPhase(TestCaseExecutor.java:312)
	at com.kms.katalon.core.main.TestCaseExecutor.accessMainPhase(TestCaseExecutor.java:304)
	at com.kms.katalon.core.main.TestCaseExecutor.execute(TestCaseExecutor.java:238)
	at com.kms.katalon.core.main.TestSuiteExecutor.accessTestCaseMainPhase(TestSuiteExecutor.java:129)
	at com.kms.katalon.core.main.TestSuiteExecutor.accessTestSuiteMainPhase(TestSuiteExecutor.java:112)
	at com.kms.katalon.core.main.TestSuiteExecutor.execute(TestSuiteExecutor.java:81)
	at com.kms.katalon.core.main.TestCaseMain.startTestSuite(TestCaseMain.java:157)
	at com.kms.katalon.core.main.TestCaseMain$startTestSuite$0.call(Unknown Source)
	at TempTestSuite1572996950462.run(TempTestSuite1572996950462.groovy:35)
)

2019-11-06 05:08:19 - [MESSAGE][FAILED] - Actual text 'This order is not yet eligible for "Direct to You" shipping.' and expected text 'This order is eligible for "Direct to You" shipping.' of test object 'Object Repository/Page_cabi Shipping/label_DTYMsg1' are NOT matched. (Root cause: com.kms.katalon.core.exception.StepFailedException: Actual text 'This order is not yet eligible for "Direct to You" shipping.' and expected text 'This order is eligible for "Direct to You" shipping.' of test object 'Object Repository/Page_cabi Shipping/label_DTYMsg1' are NOT matched.
	at com.kms.katalon.core.webui.keyword.internal.WebUIKeywordMain.stepFailed(WebUIKeywordMain.groovy:64)
	at com.kms.katalon.core.webui.keyword.builtin.VerifyElementTextKeyword$_verifyElementText_closure1.doCall(VerifyElementTextKeyword.groovy:57)
	at com.kms.katalon.core.webui.keyword.builtin.VerifyElementTextKeyword$_verifyElementText_closure1.call(VerifyElementTextKeyword.groovy)
	at com.kms.katalon.core.webui.keyword.internal.WebUIKeywordMain.runKeyword(WebUIKeywordMain.groovy:20)
	at com.kms.katalon.core.webui.keyword.builtin.VerifyElementTextKeyword.verifyElementText(VerifyElementTextKeyword.groovy:72)
	at com.kms.katalon.core.webui.keyword.builtin.VerifyElementTextKeyword.execute(VerifyElementTextKeyword.groovy:40)
	at com.kms.katalon.core.keyword.internal.KeywordExecutor.executeKeywordForPlatform(KeywordExecutor.groovy:56)
	at com.kms.katalon.core.webui.keyword.WebUiBuiltInKeywords.verifyElementText(WebUiBuiltInKeywords.groovy:3647)
	at com.kms.katalon.core.webui.keyword.WebUiBuiltInKeywords$verifyElementText$8.call(Unknown Source)
	at DTY.run(DTY:152)
	at com.kms.katalon.core.main.ScriptEngine.run(ScriptEngine.java:194)
	at com.kms.katalon.core.main.ScriptEngine.runScriptAsRawText(ScriptEngine.java:119)
	at com.kms.katalon.core.main.TestCaseExecutor.runScript(TestCaseExecutor.java:342)
	at com.kms.katalon.core.main.TestCaseExecutor.doExecute(TestCaseExecutor.java:333)
	at com.kms.katalon.core.main.TestCaseExecutor.processExecutionPhase(TestCaseExecutor.java:312)
	at com.kms.katalon.core.main.TestCaseExecutor.accessMainPhase(TestCaseExecutor.java:304)
	at com.kms.katalon.core.main.TestCaseExecutor.execute(TestCaseExecutor.java:238)
	at com.kms.katalon.core.main.TestSuiteExecutor.accessTestCaseMainPhase(TestSuiteExecutor.java:129)
	at com.kms.katalon.core.main.TestSuiteExecutor.accessTestSuiteMainPhase(TestSuiteExecutor.java:112)
	at com.kms.katalon.core.main.TestSuiteExecutor.execute(TestSuiteExecutor.java:81)
	at com.kms.katalon.core.main.TestCaseMain.startTestSuite(TestCaseMain.java:157)
	at com.kms.katalon.core.main.TestCaseMain$startTestSuite$0.call(Unknown Source)
	at TempTestSuite1572996950462.run(TempTestSuite1572996950462.groovy:35)
)
[[ATTACHMENT|C:\\Users\\user\\Documents\\testautomation\\KatalonProjects\\Reports\\VirtualShowSuites\\DTYSuite\\20191106_050550\\1572997099374.png]]

2019-11-06 05:08:19 - [TEST_STEP][PASSED] - delay(1): Delayed 1 second(s)

2019-11-06 05:08:20 - [MESSAGE][PASSED] - Delayed 1 second(s)

2019-11-06 05:08:20 - [TEST_STEP][PASSED] - verifyElementText(findTestObject("Object Repository/Page_cabi Shipping/label_DTYMsg2"), ""Direct to You" order must be paid by credit card or cabi Gift Card.", CONTINUE_ON_FAILURE): Actual text and expected text of test object 'Object Repository/Page_cabi Shipping/label_DTYMsg2' are matched.

2019-11-06 05:08:20 - [MESSAGE][PASSED] - Actual text and expected text of test object 'Object Repository/Page_cabi Shipping/label_DTYMsg2' are matched.

2019-11-06 05:08:20 - [TEST_STEP][PASSED] - delay(1): Delayed 1 second(s)

2019-11-06 05:08:21 - [MESSAGE][PASSED] - Delayed 1 second(s)

2019-11-06 05:08:21 - [TEST_STEP][PASSED] - verifyElementText(findTestObject("Object Repository/Page_cabi Shipping/label_DTYMsg3"), ""Direct to You" order can start being placed 2 days before the show date.", CONTINUE_ON_FAILURE): Actual text and expected text of test object 'Object Repository/Page_cabi Shipping/label_DTYMsg3' are matched.

2019-11-06 05:08:21 - [MESSAGE][PASSED] - Actual text and expected text of test object 'Object Repository/Page_cabi Shipping/label_DTYMsg3' are matched.

2019-11-06 05:08:21 - [TEST_STEP][PASSED] - delay(1): Delayed 1 second(s)

2019-11-06 05:08:22 - [MESSAGE][PASSED] - Delayed 1 second(s)

2019-11-06 05:08:22 - [TEST_STEP][PASSED] - verifyElementNotHasAttribute(findTestObject("Object Repository/Page_cabi Shipping/select_ship_to_show_loc"), "disabled", 20, CONTINUE_ON_FAILURE): Object 'Object Repository/Page_cabi Shipping/select_ship_to_show_loc' does not have attribute 'disabled'

2019-11-06 05:08:22 - [MESSAGE][PASSED] - Object 'Object Repository/Page_cabi Shipping/select_ship_to_show_loc' does not have attribute 'disabled'

2019-11-06 05:08:22 - [TEST_STEP][PASSED] - println(findWebElement(findTestObject("Object Repository/Page_cabi Shipping/select_ship_to_show_loc"), 5).getAttribute("disabled")): null

2019-11-06 05:08:23 - [TEST_STEP][PASSED] - executor.executeScript("arguments[0].click();", findWebElement(findTestObject("Object Repository/Page_cabi Shipping/check_as_dty_order"), 5)): null

2019-11-06 05:08:23 - [TEST_STEP][PASSED] - delay(5): Delayed 5 second(s)

2019-11-06 05:08:28 - [MESSAGE][PASSED] - Delayed 5 second(s)

2019-11-06 05:08:28 - [TEST_STEP][FAILED] - verifyElementAttributeValue(findTestObject("Object Repository/Page_cabi Shipping/select_ship_to_show_loc"), "disabled", "true", 20): verifyElementAttributeValue(findTestObject("Object Repository/Page_cabi Shipping/select_ship_to_show_loc"), "disabled", "true", 20) FAILED.
Reason:
com.kms.katalon.core.exception.StepFailedException: Actual text 'This order will become eligible for "Direct to You" shipping after 11/06.' and expected text 'Hooray! This order is eligible for "Direct to You" shipping.' of test object 'Object Repository/virualShowRSVPOR/DTY/label_DtyEligibility' are NOT matched. (Root cause: com.kms.katalon.core.exception.StepFailedException: Actual text 'This order will become eligible for "Direct to You" shipping after 11/06.' and expected text 'Hooray! This order is eligible for "Direct to You" shipping.' of test object 'Object Repository/virualShowRSVPOR/DTY/label_DtyEligibility' are NOT matched.
	at com.kms.katalon.core.webui.keyword.internal.WebUIKeywordMain.stepFailed(WebUIKeywordMain.groovy:64)
	at com.kms.katalon.core.webui.keyword.builtin.VerifyElementTextKeyword$_verifyElementText_closure1.doCall(VerifyElementTextKeyword.groovy:57)
	at com.kms.katalon.core.webui.keyword.builtin.VerifyElementTextKeyword$_verifyElementText_closure1.call(VerifyElementTextKeyword.groovy)
	at com.kms.katalon.core.webui.keyword.internal.WebUIKeywordMain.runKeyword(WebUIKeywordMain.groovy:20)
	at com.kms.katalon.core.webui.keyword.builtin.VerifyElementTextKeyword.verifyElementText(VerifyElementTextKeyword.groovy:72)
	at com.kms.katalon.core.webui.keyword.builtin.VerifyElementTextKeyword.execute(VerifyElementTextKeyword.groovy:40)
	at com.kms.katalon.core.keyword.internal.KeywordExecutor.executeKeywordForPlatform(KeywordExecutor.groovy:56)
	at com.kms.katalon.core.webui.keyword.WebUiBuiltInKeywords.verifyElementText(WebUiBuiltInKeywords.groovy:3647)
	at com.kms.katalon.core.webui.keyword.WebUiBuiltInKeywords$verifyElementText$8.call(Unknown Source)
	at DTY.run(DTY:89)
	at com.kms.katalon.core.main.ScriptEngine.run(ScriptEngine.java:194)
	at com.kms.katalon.core.main.ScriptEngine.runScriptAsRawText(ScriptEngine.java:119)
	at com.kms.katalon.core.main.TestCaseExecutor.runScript(TestCaseExecutor.java:342)
	at com.kms.katalon.core.main.TestCaseExecutor.doExecute(TestCaseExecutor.java:333)
	at com.kms.katalon.core.main.TestCaseExecutor.processExecutionPhase(TestCaseExecutor.java:312)
	at com.kms.katalon.core.main.TestCaseExecutor.accessMainPhase(TestCaseExecutor.java:304)
	at com.kms.katalon.core.main.TestCaseExecutor.execute(TestCaseExecutor.java:238)
	at com.kms.katalon.core.main.TestSuiteExecutor.accessTestCaseMainPhase(TestSuiteExecutor.java:129)
	at com.kms.katalon.core.main.TestSuiteExecutor.accessTestSuiteMainPhase(TestSuiteExecutor.java:112)
	at com.kms.katalon.core.main.TestSuiteExecutor.execute(TestSuiteExecutor.java:81)
	at com.kms.katalon.core.main.TestCaseMain.startTestSuite(TestCaseMain.java:157)
	at com.kms.katalon.core.main.TestCaseMain$startTestSuite$0.call(Unknown Source)
	at TempTestSuite1572996950462.run(TempTestSuite1572996950462.groovy:35)
)
	at com.kms.katalon.core.keyword.internal.KeywordMain.stepFailed(KeywordMain.groovy:37)
	at com.kms.katalon.core.webui.keyword.internal.WebUIKeywordMain.stepFailed(WebUIKeywordMain.groovy:64)
	at com.kms.katalon.core.webui.keyword.builtin.VerifyElementTextKeyword$_verifyElementText_closure1.doCall(VerifyElementTextKeyword.groovy:57)
	at com.kms.katalon.core.webui.keyword.builtin.VerifyElementTextKeyword$_verifyElementText_closure1.call(VerifyElementTextKeyword.groovy)
	at com.kms.katalon.core.webui.keyword.internal.WebUIKeywordMain.runKeyword(WebUIKeywordMain.groovy:20)
	at com.kms.katalon.core.webui.keyword.builtin.VerifyElementTextKeyword.verifyElementText(VerifyElementTextKeyword.groovy:72)
	at com.kms.katalon.core.webui.keyword.builtin.VerifyElementTextKeyword.execute(VerifyElementTextKeyword.groovy:40)
	at com.kms.katalon.core.keyword.internal.KeywordExecutor.executeKeywordForPlatform(KeywordExecutor.groovy:56)
	at com.kms.katalon.core.webui.keyword.WebUiBuiltInKeywords.verifyElementText(WebUiBuiltInKeywords.groovy:3647)
	at com.kms.katalon.core.webui.keyword.WebUiBuiltInKeywords$verifyElementText$8.call(Unknown Source)
	at DTY.run(DTY:89)
	at com.kms.katalon.core.main.ScriptEngine.run(ScriptEngine.java:194)
	at com.kms.katalon.core.main.ScriptEngine.runScriptAsRawText(ScriptEngine.java:119)
	at com.kms.katalon.core.main.TestCaseExecutor.runScript(TestCaseExecutor.java:342)
	at com.kms.katalon.core.main.TestCaseExecutor.doExecute(TestCaseExecutor.java:333)
	at com.kms.katalon.core.main.TestCaseExecutor.processExecutionPhase(TestCaseExecutor.java:312)
	at com.kms.katalon.core.main.TestCaseExecutor.accessMainPhase(TestCaseExecutor.java:304)
	at com.kms.katalon.core.main.TestCaseExecutor.execute(TestCaseExecutor.java:238)
	at com.kms.katalon.core.main.TestSuiteExecutor.accessTestCaseMainPhase(TestSuiteExecutor.java:129)
	at com.kms.katalon.core.main.TestSuiteExecutor.accessTestSuiteMainPhase(TestSuiteExecutor.java:112)
	at com.kms.katalon.core.main.TestSuiteExecutor.execute(TestSuiteExecutor.java:81)
	at com.kms.katalon.core.main.TestCaseMain.startTestSuite(TestCaseMain.java:157)
	at com.kms.katalon.core.main.TestCaseMain$startTestSuite$0.call(Unknown Source)
	at TempTestSuite1572996950462.run(TempTestSuite1572996950462.groovy:35)
Caused by: com.kms.katalon.core.exception.StepFailedException: Actual text 'This order will become eligible for "Direct to You" shipping after 11/06.' and expected text 'Hooray! This order is eligible for "Direct to You" shipping.' of test object 'Object Repository/virualShowRSVPOR/DTY/label_DtyEligibility' are NOT matched.
	... 23 more


2019-11-06 05:08:28 - [MESSAGE][FAILED] - Object 'Object Repository/Page_cabi Shipping/select_ship_to_show_loc' does not have attribute 'disabled' (Root cause: com.kms.katalon.core.exception.StepFailedException: Object 'Object Repository/Page_cabi Shipping/select_ship_to_show_loc' does not have attribute 'disabled'
	at com.kms.katalon.core.webui.keyword.internal.WebUIKeywordMain.stepFailed(WebUIKeywordMain.groovy:64)
	at com.kms.katalon.core.webui.keyword.builtin.VerifyElementAttributeValueKeyword$_verifyElementAttributeValue_closure1.doCall(VerifyElementAttributeValueKeyword.groovy:98)
	at com.kms.katalon.core.webui.keyword.builtin.VerifyElementAttributeValueKeyword$_verifyElementAttributeValue_closure1.call(VerifyElementAttributeValueKeyword.groovy)
	at com.kms.katalon.core.webui.keyword.internal.WebUIKeywordMain.runKeyword(WebUIKeywordMain.groovy:20)
	at com.kms.katalon.core.webui.keyword.builtin.VerifyElementAttributeValueKeyword.verifyElementAttributeValue(VerifyElementAttributeValueKeyword.groovy:109)
	at com.kms.katalon.core.webui.keyword.builtin.VerifyElementAttributeValueKeyword.execute(VerifyElementAttributeValueKeyword.groovy:70)
	at com.kms.katalon.core.keyword.internal.KeywordExecutor.executeKeywordForPlatform(KeywordExecutor.groovy:56)
	at com.kms.katalon.core.webui.keyword.WebUiBuiltInKeywords.verifyElementAttributeValue(WebUiBuiltInKeywords.groovy:3252)
	at com.kms.katalon.core.webui.keyword.WebUiBuiltInKeywords$verifyElementAttributeValue$11.call(Unknown Source)
	at DTY.run(DTY:178)
	at com.kms.katalon.core.main.ScriptEngine.run(ScriptEngine.java:194)
	at com.kms.katalon.core.main.ScriptEngine.runScriptAsRawText(ScriptEngine.java:119)
	at com.kms.katalon.core.main.TestCaseExecutor.runScript(TestCaseExecutor.java:342)
	at com.kms.katalon.core.main.TestCaseExecutor.doExecute(TestCaseExecutor.java:333)
	at com.kms.katalon.core.main.TestCaseExecutor.processExecutionPhase(TestCaseExecutor.java:312)
	at com.kms.katalon.core.main.TestCaseExecutor.accessMainPhase(TestCaseExecutor.java:304)
	at com.kms.katalon.core.main.TestCaseExecutor.execute(TestCaseExecutor.java:238)
	at com.kms.katalon.core.main.TestSuiteExecutor.accessTestCaseMainPhase(TestSuiteExecutor.java:129)
	at com.kms.katalon.core.main.TestSuiteExecutor.accessTestSuiteMainPhase(TestSuiteExecutor.java:112)
	at com.kms.katalon.core.main.TestSuiteExecutor.execute(TestSuiteExecutor.java:81)
	at com.kms.katalon.core.main.TestCaseMain.startTestSuite(TestCaseMain.java:157)
	at com.kms.katalon.core.main.TestCaseMain$startTestSuite$0.call(Unknown Source)
	at TempTestSuite1572996950462.run(TempTestSuite1572996950462.groovy:35)
)
[[ATTACHMENT|C:\\Users\\user\\Documents\\testautomation\\KatalonProjects\\Reports\\VirtualShowSuites\\DTYSuite\\20191106_050550\\1572997108147.png]]

2019-11-06 05:08:28 - [MESSAGE][FAILED] - Unable to verify if object 'Object Repository/Page_cabi Shipping/select_ship_to_show_loc' has attribute 'disabled' with value 'true' (Root cause: com.kms.katalon.core.exception.StepFailedException: Unable to verify if object 'Object Repository/Page_cabi Shipping/select_ship_to_show_loc' has attribute 'disabled' with value 'true'
	at com.kms.katalon.core.webui.keyword.internal.WebUIKeywordMain.stepFailed(WebUIKeywordMain.groovy:64)
	at com.kms.katalon.core.webui.keyword.internal.WebUIKeywordMain.runKeyword(WebUIKeywordMain.groovy:26)
	at com.kms.katalon.core.webui.keyword.builtin.VerifyElementAttributeValueKeyword.verifyElementAttributeValue(VerifyElementAttributeValueKeyword.groovy:109)
	at com.kms.katalon.core.webui.keyword.builtin.VerifyElementAttributeValueKeyword.execute(VerifyElementAttributeValueKeyword.groovy:70)
	at com.kms.katalon.core.keyword.internal.KeywordExecutor.executeKeywordForPlatform(KeywordExecutor.groovy:56)
	at com.kms.katalon.core.webui.keyword.WebUiBuiltInKeywords.verifyElementAttributeValue(WebUiBuiltInKeywords.groovy:3252)
	at com.kms.katalon.core.webui.keyword.WebUiBuiltInKeywords$verifyElementAttributeValue$11.call(Unknown Source)
	at DTY.run(DTY:178)
	at com.kms.katalon.core.main.ScriptEngine.run(ScriptEngine.java:194)
	at com.kms.katalon.core.main.ScriptEngine.runScriptAsRawText(ScriptEngine.java:119)
	at com.kms.katalon.core.main.TestCaseExecutor.runScript(TestCaseExecutor.java:342)
	at com.kms.katalon.core.main.TestCaseExecutor.doExecute(TestCaseExecutor.java:333)
	at com.kms.katalon.core.main.TestCaseExecutor.processExecutionPhase(TestCaseExecutor.java:312)
	at com.kms.katalon.core.main.TestCaseExecutor.accessMainPhase(TestCaseExecutor.java:304)
	at com.kms.katalon.core.main.TestCaseExecutor.execute(TestCaseExecutor.java:238)
	at com.kms.katalon.core.main.TestSuiteExecutor.accessTestCaseMainPhase(TestSuiteExecutor.java:129)
	at com.kms.katalon.core.main.TestSuiteExecutor.accessTestSuiteMainPhase(TestSuiteExecutor.java:112)
	at com.kms.katalon.core.main.TestSuiteExecutor.execute(TestSuiteExecutor.java:81)
	at com.kms.katalon.core.main.TestCaseMain.startTestSuite(TestCaseMain.java:157)
	at com.kms.katalon.core.main.TestCaseMain$startTestSuite$0.call(Unknown Source)
	at TempTestSuite1572996950462.run(TempTestSuite1572996950462.groovy:35)
Caused by: com.kms.katalon.core.exception.StepFailedException: Object 'Object Repository/Page_cabi Shipping/select_ship_to_show_loc' does not have attribute 'disabled'
	at com.kms.katalon.core.webui.keyword.internal.WebUIKeywordMain.stepFailed(WebUIKeywordMain.groovy:64)
	at com.kms.katalon.core.webui.keyword.builtin.VerifyElementAttributeValueKeyword$_verifyElementAttributeValue_closure1.doCall(VerifyElementAttributeValueKeyword.groovy:98)
	at com.kms.katalon.core.webui.keyword.builtin.VerifyElementAttributeValueKeyword$_verifyElementAttributeValue_closure1.call(VerifyElementAttributeValueKeyword.groovy)
	at com.kms.katalon.core.webui.keyword.internal.WebUIKeywordMain.runKeyword(WebUIKeywordMain.groovy:20)
	... 19 more
)
[[ATTACHMENT|C:\\Users\\user\\Documents\\testautomation\\KatalonProjects\\Reports\\VirtualShowSuites\\DTYSuite\\20191106_050550\\1572997108530.png]]

2019-11-06 05:08:28 - [MESSAGE][FAILED] - verifyElementAttributeValue(findTestObject("Object Repository/Page_cabi Shipping/select_ship_to_show_loc"), "disabled", "true", 20) FAILED.
Reason:
com.kms.katalon.core.exception.StepFailedException: Actual text 'This order will become eligible for "Direct to You" shipping after 11/06.' and expected text 'Hooray! This order is eligible for "Direct to You" shipping.' of test object 'Object Repository/virualShowRSVPOR/DTY/label_DtyEligibility' are NOT matched. (Root cause: com.kms.katalon.core.exception.StepFailedException: Actual text 'This order will become eligible for "Direct to You" shipping after 11/06.' and expected text 'Hooray! This order is eligible for "Direct to You" shipping.' of test object 'Object Repository/virualShowRSVPOR/DTY/label_DtyEligibility' are NOT matched.
	at com.kms.katalon.core.webui.keyword.internal.WebUIKeywordMain.stepFailed(WebUIKeywordMain.groovy:64)
	at com.kms.katalon.core.webui.keyword.builtin.VerifyElementTextKeyword$_verifyElementText_closure1.doCall(VerifyElementTextKeyword.groovy:57)
	at com.kms.katalon.core.webui.keyword.builtin.VerifyElementTextKeyword$_verifyElementText_closure1.call(VerifyElementTextKeyword.groovy)
	at com.kms.katalon.core.webui.keyword.internal.WebUIKeywordMain.runKeyword(WebUIKeywordMain.groovy:20)
	at com.kms.katalon.core.webui.keyword.builtin.VerifyElementTextKeyword.verifyElementText(VerifyElementTextKeyword.groovy:72)
	at com.kms.katalon.core.webui.keyword.builtin.VerifyElementTextKeyword.execute(VerifyElementTextKeyword.groovy:40)
	at com.kms.katalon.core.keyword.internal.KeywordExecutor.executeKeywordForPlatform(KeywordExecutor.groovy:56)
	at com.kms.katalon.core.webui.keyword.WebUiBuiltInKeywords.verifyElementText(WebUiBuiltInKeywords.groovy:3647)
	at com.kms.katalon.core.webui.keyword.WebUiBuiltInKeywords$verifyElementText$8.call(Unknown Source)
	at DTY.run(DTY:89)
	at com.kms.katalon.core.main.ScriptEngine.run(ScriptEngine.java:194)
	at com.kms.katalon.core.main.ScriptEngine.runScriptAsRawText(ScriptEngine.java:119)
	at com.kms.katalon.core.main.TestCaseExecutor.runScript(TestCaseExecutor.java:342)
	at com.kms.katalon.core.main.TestCaseExecutor.doExecute(TestCaseExecutor.java:333)
	at com.kms.katalon.core.main.TestCaseExecutor.processExecutionPhase(TestCaseExecutor.java:312)
	at com.kms.katalon.core.main.TestCaseExecutor.accessMainPhase(TestCaseExecutor.java:304)
	at com.kms.katalon.core.main.TestCaseExecutor.execute(TestCaseExecutor.java:238)
	at com.kms.katalon.core.main.TestSuiteExecutor.accessTestCaseMainPhase(TestSuiteExecutor.java:129)
	at com.kms.katalon.core.main.TestSuiteExecutor.accessTestSuiteMainPhase(TestSuiteExecutor.java:112)
	at com.kms.katalon.core.main.TestSuiteExecutor.execute(TestSuiteExecutor.java:81)
	at com.kms.katalon.core.main.TestCaseMain.startTestSuite(TestCaseMain.java:157)
	at com.kms.katalon.core.main.TestCaseMain$startTestSuite$0.call(Unknown Source)
	at TempTestSuite1572996950462.run(TempTestSuite1572996950462.groovy:35)
)
	at com.kms.katalon.core.keyword.internal.KeywordMain.stepFailed(KeywordMain.groovy:37)
	at com.kms.katalon.core.webui.keyword.internal.WebUIKeywordMain.stepFailed(WebUIKeywordMain.groovy:64)
	at com.kms.katalon.core.webui.keyword.builtin.VerifyElementTextKeyword$_verifyElementText_closure1.doCall(VerifyElementTextKeyword.groovy:57)
	at com.kms.katalon.core.webui.keyword.builtin.VerifyElementTextKeyword$_verifyElementText_closure1.call(VerifyElementTextKeyword.groovy)
	at com.kms.katalon.core.webui.keyword.internal.WebUIKeywordMain.runKeyword(WebUIKeywordMain.groovy:20)
	at com.kms.katalon.core.webui.keyword.builtin.VerifyElementTextKeyword.verifyElementText(VerifyElementTextKeyword.groovy:72)
	at com.kms.katalon.core.webui.keyword.builtin.VerifyElementTextKeyword.execute(VerifyElementTextKeyword.groovy:40)
	at com.kms.katalon.core.keyword.internal.KeywordExecutor.executeKeywordForPlatform(KeywordExecutor.groovy:56)
	at com.kms.katalon.core.webui.keyword.WebUiBuiltInKeywords.verifyElementText(WebUiBuiltInKeywords.groovy:3647)
	at com.kms.katalon.core.webui.keyword.WebUiBuiltInKeywords$verifyElementText$8.call(Unknown Source)
	at DTY.run(DTY:89)
	at com.kms.katalon.core.main.ScriptEngine.run(ScriptEngine.java:194)
	at com.kms.katalon.core.main.ScriptEngine.runScriptAsRawText(ScriptEngine.java:119)
	at com.kms.katalon.core.main.TestCaseExecutor.runScript(TestCaseExecutor.java:342)
	at com.kms.katalon.core.main.TestCaseExecutor.doExecute(TestCaseExecutor.java:333)
	at com.kms.katalon.core.main.TestCaseExecutor.processExecutionPhase(TestCaseExecutor.java:312)
	at com.kms.katalon.core.main.TestCaseExecutor.accessMainPhase(TestCaseExecutor.java:304)
	at com.kms.katalon.core.main.TestCaseExecutor.execute(TestCaseExecutor.java:238)
	at com.kms.katalon.core.main.TestSuiteExecutor.accessTestCaseMainPhase(TestSuiteExecutor.java:129)
	at com.kms.katalon.core.main.TestSuiteExecutor.accessTestSuiteMainPhase(TestSuiteExecutor.java:112)
	at com.kms.katalon.core.main.TestSuiteExecutor.execute(TestSuiteExecutor.java:81)
	at com.kms.katalon.core.main.TestCaseMain.startTestSuite(TestCaseMain.java:157)
	at com.kms.katalon.core.main.TestCaseMain$startTestSuite$0.call(Unknown Source)
	at TempTestSuite1572996950462.run(TempTestSuite1572996950462.groovy:35)
Caused by: com.kms.katalon.core.exception.StepFailedException: Actual text 'This order will become eligible for "Direct to You" shipping after 11/06.' and expected text 'Hooray! This order is eligible for "Direct to You" shipping.' of test object 'Object Repository/virualShowRSVPOR/DTY/label_DtyEligibility' are NOT matched.
	... 23 more]]></system-out>
         <system-err><![CDATA[2019-11-06 05:05:56 - [TEST_CASE][FAILED] - Test Cases/VirtualShow/BODTY/DTY: Test Cases/VirtualShow/BODTY/DTY FAILED.
Reason:
com.kms.katalon.core.exception.StepFailedException: Actual text 'This order will become eligible for "Direct to You" shipping after 11/06.' and expected text 'Hooray! This order is eligible for "Direct to You" shipping.' of test object 'Object Repository/virualShowRSVPOR/DTY/label_DtyEligibility' are NOT matched. (Root cause: com.kms.katalon.core.exception.StepFailedException: Actual text 'This order will become eligible for "Direct to You" shipping after 11/06.' and expected text 'Hooray! This order is eligible for "Direct to You" shipping.' of test object 'Object Repository/virualShowRSVPOR/DTY/label_DtyEligibility' are NOT matched.
	at com.kms.katalon.core.webui.keyword.internal.WebUIKeywordMain.stepFailed(WebUIKeywordMain.groovy:64)
	at com.kms.katalon.core.webui.keyword.builtin.VerifyElementTextKeyword$_verifyElementText_closure1.doCall(VerifyElementTextKeyword.groovy:57)
	at com.kms.katalon.core.webui.keyword.builtin.VerifyElementTextKeyword$_verifyElementText_closure1.call(VerifyElementTextKeyword.groovy)
	at com.kms.katalon.core.webui.keyword.internal.WebUIKeywordMain.runKeyword(WebUIKeywordMain.groovy:20)
	at com.kms.katalon.core.webui.keyword.builtin.VerifyElementTextKeyword.verifyElementText(VerifyElementTextKeyword.groovy:72)
	at com.kms.katalon.core.webui.keyword.builtin.VerifyElementTextKeyword.execute(VerifyElementTextKeyword.groovy:40)
	at com.kms.katalon.core.keyword.internal.KeywordExecutor.executeKeywordForPlatform(KeywordExecutor.groovy:56)
	at com.kms.katalon.core.webui.keyword.WebUiBuiltInKeywords.verifyElementText(WebUiBuiltInKeywords.groovy:3647)
	at com.kms.katalon.core.webui.keyword.WebUiBuiltInKeywords$verifyElementText$8.call(Unknown Source)
	at DTY.run(DTY:89)
	at com.kms.katalon.core.main.ScriptEngine.run(ScriptEngine.java:194)
	at com.kms.katalon.core.main.ScriptEngine.runScriptAsRawText(ScriptEngine.java:119)
	at com.kms.katalon.core.main.TestCaseExecutor.runScript(TestCaseExecutor.java:342)
	at com.kms.katalon.core.main.TestCaseExecutor.doExecute(TestCaseExecutor.java:333)
	at com.kms.katalon.core.main.TestCaseExecutor.processExecutionPhase(TestCaseExecutor.java:312)
	at com.kms.katalon.core.main.TestCaseExecutor.accessMainPhase(TestCaseExecutor.java:304)
	at com.kms.katalon.core.main.TestCaseExecutor.execute(TestCaseExecutor.java:238)
	at com.kms.katalon.core.main.TestSuiteExecutor.accessTestCaseMainPhase(TestSuiteExecutor.java:129)
	at com.kms.katalon.core.main.TestSuiteExecutor.accessTestSuiteMainPhase(TestSuiteExecutor.java:112)
	at com.kms.katalon.core.main.TestSuiteExecutor.execute(TestSuiteExecutor.java:81)
	at com.kms.katalon.core.main.TestCaseMain.startTestSuite(TestCaseMain.java:157)
	at com.kms.katalon.core.main.TestCaseMain$startTestSuite$0.call(Unknown Source)
	at TempTestSuite1572996950462.run(TempTestSuite1572996950462.groovy:35)
)
	at com.kms.katalon.core.keyword.internal.KeywordMain.stepFailed(KeywordMain.groovy:37)
	at com.kms.katalon.core.webui.keyword.internal.WebUIKeywordMain.stepFailed(WebUIKeywordMain.groovy:64)
	at com.kms.katalon.core.webui.keyword.builtin.VerifyElementTextKeyword$_verifyElementText_closure1.doCall(VerifyElementTextKeyword.groovy:57)
	at com.kms.katalon.core.webui.keyword.builtin.VerifyElementTextKeyword$_verifyElementText_closure1.call(VerifyElementTextKeyword.groovy)
	at com.kms.katalon.core.webui.keyword.internal.WebUIKeywordMain.runKeyword(WebUIKeywordMain.groovy:20)
	at com.kms.katalon.core.webui.keyword.builtin.VerifyElementTextKeyword.verifyElementText(VerifyElementTextKeyword.groovy:72)
	at com.kms.katalon.core.webui.keyword.builtin.VerifyElementTextKeyword.execute(VerifyElementTextKeyword.groovy:40)
	at com.kms.katalon.core.keyword.internal.KeywordExecutor.executeKeywordForPlatform(KeywordExecutor.groovy:56)
	at com.kms.katalon.core.webui.keyword.WebUiBuiltInKeywords.verifyElementText(WebUiBuiltInKeywords.groovy:3647)
	at com.kms.katalon.core.webui.keyword.WebUiBuiltInKeywords$verifyElementText$8.call(Unknown Source)
	at DTY.run(DTY:89)
	at com.kms.katalon.core.main.ScriptEngine.run(ScriptEngine.java:194)
	at com.kms.katalon.core.main.ScriptEngine.runScriptAsRawText(ScriptEngine.java:119)
	at com.kms.katalon.core.main.TestCaseExecutor.runScript(TestCaseExecutor.java:342)
	at com.kms.katalon.core.main.TestCaseExecutor.doExecute(TestCaseExecutor.java:333)
	at com.kms.katalon.core.main.TestCaseExecutor.processExecutionPhase(TestCaseExecutor.java:312)
	at com.kms.katalon.core.main.TestCaseExecutor.accessMainPhase(TestCaseExecutor.java:304)
	at com.kms.katalon.core.main.TestCaseExecutor.execute(TestCaseExecutor.java:238)
	at com.kms.katalon.core.main.TestSuiteExecutor.accessTestCaseMainPhase(TestSuiteExecutor.java:129)
	at com.kms.katalon.core.main.TestSuiteExecutor.accessTestSuiteMainPhase(TestSuiteExecutor.java:112)
	at com.kms.katalon.core.main.TestSuiteExecutor.execute(TestSuiteExecutor.java:81)
	at com.kms.katalon.core.main.TestCaseMain.startTestSuite(TestCaseMain.java:157)
	at com.kms.katalon.core.main.TestCaseMain$startTestSuite$0.call(Unknown Source)
	at TempTestSuite1572996950462.run(TempTestSuite1572996950462.groovy:35)
Caused by: com.kms.katalon.core.exception.StepFailedException: Actual text 'This order will become eligible for "Direct to You" shipping after 11/06.' and expected text 'Hooray! This order is eligible for "Direct to You" shipping.' of test object 'Object Repository/virualShowRSVPOR/DTY/label_DtyEligibility' are NOT matched.
	... 23 more]]></system-err>
      </testcase>
      <testcase name="Test Cases/VirtualShow/BODTY/DTYNotEligible" classname="Test Cases/VirtualShow/BODTY/DTYNotEligible" status="ERROR">
         <error type="ERROR" message="Test Cases/VirtualShow/BODTY/DTYNotEligible FAILED.
Reason:
groovy.lang.MissingPropertyException: No such property: executor for class: Script1568892190069
	at DTYNotEligible.run(DTYNotEligible:98)
	at com.kms.katalon.core.main.ScriptEngine.run(ScriptEngine.java:194)
	at com.kms.katalon.core.main.ScriptEngine.runScriptAsRawText(ScriptEngine.java:119)
	at com.kms.katalon.core.main.TestCaseExecutor.runScript(TestCaseExecutor.java:342)
	at com.kms.katalon.core.main.TestCaseExecutor.doExecute(TestCaseExecutor.java:333)
	at com.kms.katalon.core.main.TestCaseExecutor.processExecutionPhase(TestCaseExecutor.java:312)
	at com.kms.katalon.core.main.TestCaseExecutor.accessMainPhase(TestCaseExecutor.java:304)
	at com.kms.katalon.core.main.TestCaseExecutor.execute(TestCaseExecutor.java:238)
	at com.kms.katalon.core.main.TestSuiteExecutor.accessTestCaseMainPhase(TestSuiteExecutor.java:129)
	at com.kms.katalon.core.main.TestSuiteExecutor.accessTestSuiteMainPhase(TestSuiteExecutor.java:112)
	at com.kms.katalon.core.main.TestSuiteExecutor.execute(TestSuiteExecutor.java:81)
	at com.kms.katalon.core.main.TestCaseMain.startTestSuite(TestCaseMain.java:157)
	at com.kms.katalon.core.main.TestCaseMain$startTestSuite$0.call(Unknown Source)
	at TempTestSuite1572996950462.run(TempTestSuite1572996950462.groovy:35)
"/>
         <system-out><![CDATA[2019-11-06 05:08:28 - [TEST_CASE][ERROR] - Test Cases/VirtualShow/BODTY/DTYNotEligible: Test Cases/VirtualShow/BODTY/DTYNotEligible FAILED.
Reason:
groovy.lang.MissingPropertyException: No such property: executor for class: Script1568892190069
	at DTYNotEligible.run(DTYNotEligible:98)
	at com.kms.katalon.core.main.ScriptEngine.run(ScriptEngine.java:194)
	at com.kms.katalon.core.main.ScriptEngine.runScriptAsRawText(ScriptEngine.java:119)
	at com.kms.katalon.core.main.TestCaseExecutor.runScript(TestCaseExecutor.java:342)
	at com.kms.katalon.core.main.TestCaseExecutor.doExecute(TestCaseExecutor.java:333)
	at com.kms.katalon.core.main.TestCaseExecutor.processExecutionPhase(TestCaseExecutor.java:312)
	at com.kms.katalon.core.main.TestCaseExecutor.accessMainPhase(TestCaseExecutor.java:304)
	at com.kms.katalon.core.main.TestCaseExecutor.execute(TestCaseExecutor.java:238)
	at com.kms.katalon.core.main.TestSuiteExecutor.accessTestCaseMainPhase(TestSuiteExecutor.java:129)
	at com.kms.katalon.core.main.TestSuiteExecutor.accessTestSuiteMainPhase(TestSuiteExecutor.java:112)
	at com.kms.katalon.core.main.TestSuiteExecutor.execute(TestSuiteExecutor.java:81)
	at com.kms.katalon.core.main.TestCaseMain.startTestSuite(TestCaseMain.java:157)
	at com.kms.katalon.core.main.TestCaseMain$startTestSuite$0.call(Unknown Source)
	at TempTestSuite1572996950462.run(TempTestSuite1572996950462.groovy:35)


2019-11-06 05:08:28 - [TEST_STEP][PASSED] - Start listener action : sampleBeforeTestCase: null

2019-11-06 05:08:28 - [TEST_STEP][PASSED] - println(testCaseContext.getTestCaseId()): null

2019-11-06 05:08:28 - [TEST_STEP][PASSED] - println(testCaseContext.getTestCaseVariables()): null

2019-11-06 05:08:30 - [TEST_STEP][PASSED] - sa = new org.testng.asserts.SoftAssert(): null

2019-11-06 05:08:30 - [TEST_STEP][PASSED] - dataFile = "virtualShowData": null

2019-11-06 05:08:30 - [TEST_STEP][PASSED] - guest1 = findTestData(dataFile).getValue("guest1", 1): null

2019-11-06 05:08:30 - [TEST_STEP][PASSED] - guest2 = findTestData(dataFile).getValue("guest2", 1): null

2019-11-06 05:08:30 - [TEST_STEP][PASSED] - hostess = findTestData(dataFile).getValue("hostess", 1): null

2019-11-06 05:08:30 - [TEST_STEP][PASSED] - cohostess = findTestData(dataFile).getValue("cohostess", 1): null

2019-11-06 05:08:30 - [TEST_STEP][PASSED] - dfMM = new java.text.SimpleDateFormat(MM): null

2019-11-06 05:08:30 - [TEST_STEP][PASSED] - dfDD = new java.text.SimpleDateFormat(dd): null

2019-11-06 05:08:30 - [TEST_STEP][PASSED] - dfYYYY = new java.text.SimpleDateFormat(yyyy): null

2019-11-06 05:08:30 - [TEST_STEP][PASSED] - today = getInstance().getTime(): null

2019-11-06 05:08:30 - [TEST_STEP][PASSED] - c = Calendar.getInstance(): null

2019-11-06 05:08:30 - [TEST_STEP][PASSED] - c.setTime(today): null

2019-11-06 05:08:30 - [TEST_STEP][PASSED] - c.add(DATE, 3): null

2019-11-06 05:08:30 - [TEST_STEP][PASSED] - newShowDate = c.getTime(): null

2019-11-06 05:08:30 - [TEST_STEP][PASSED] - vsyear = dfYYYY.format(newShowDate): null

2019-11-06 05:08:30 - [TEST_STEP][PASSED] - vsmonth = dfMM.format(newShowDate): null

2019-11-06 05:08:30 - [TEST_STEP][PASSED] - vsday = dfDD.format(newShowDate): null

2019-11-06 05:08:30 - [TEST_STEP][PASSED] - c.add(DATE, -2): null

2019-11-06 05:08:30 - [TEST_STEP][PASSED] - showEligDate = c.getTime(): null

2019-11-06 05:08:30 - [TEST_STEP][PASSED] - vsyearElig = dfYYYY.format(showEligDate): null

2019-11-06 05:08:30 - [TEST_STEP][PASSED] - vsmonthElig = dfMM.format(showEligDate): null

2019-11-06 05:08:30 - [TEST_STEP][PASSED] - vsdayElig = dfDD.format(showEligDate): null

2019-11-06 05:08:30 - [TEST_STEP][PASSED] - println(UtilityMethods.concat("from DTY: ", vsday, " ", vsmonth, " ", vsyear)): null

2019-11-06 05:08:30 - [TEST_STEP][PASSED] - callTestCase(findTestCase("VirtualShow/createAPhysicalShow"), ["BOURL":"", "BOuser":"", "BOpass":"", "hostess":"", "cohostess":"", "vsday":vsday, "vsmonth":vsmonth, "vsyear":vsyear], STOP_ON_FAILURE): Call Test Case 'Test Cases/VirtualShow/createAPhysicalShow' successfully

2019-11-06 05:08:30 - [TEST_CASE][PASSED] - Test Cases/VirtualShow/createAPhysicalShow: Test Cases/VirtualShow/createAPhysicalShow

2019-11-06 05:08:30 - [TEST_STEP][PASSED] - dataFile = "virtualShowData": null

2019-11-06 05:08:30 - [TEST_STEP][PASSED] - stylist = findTestData(dataFile).getValue("stylist", 1): null

2019-11-06 05:08:30 - [TEST_STEP][PASSED] - hostess = findTestData(dataFile).getValue("hostess", 1): null

2019-11-06 05:08:30 - [TEST_STEP][PASSED] - cohostess = findTestData(dataFile).getValue("cohostess", 1): null

2019-11-06 05:08:30 - [TEST_STEP][PASSED] - guest1 = findTestData(dataFile).getValue("guest1", 1): null

2019-11-06 05:08:30 - [TEST_STEP][PASSED] - guest2 = findTestData(dataFile).getValue("guest2", 1): null

2019-11-06 05:08:30 - [TEST_STEP][PASSED] - verifyGuestCount = findTestData(dataFile).getValue("verifyGuestCount", 1): null

2019-11-06 05:08:30 - [TEST_STEP][PASSED] - RSTestEnvt = findTestData("envtData").getValue("RSTestEnvt", 1): null

2019-11-06 05:08:30 - [TEST_STEP][PASSED] - openBrowser(""): Browser is opened with url: ''

2019-11-06 05:08:30 - [MESSAGE][WARNING] - A browser is already opened. Closing browser and opening a new one

2019-11-06 05:08:31 - [MESSAGE][INFO] - Starting 'Chrome' driver

2019-11-06 05:08:31 - [MESSAGE][INFO] - User set preference: ['args', '[--use-fake-ui-for-media-stream, --start-maximized]']

2019-11-06 05:08:34 - [MESSAGE][PASSED] - Browser is opened with url: ''

2019-11-06 05:08:34 - [TEST_STEP][PASSED] - callTestCase(findTestCase("TestCaseUtilities/backOfficeLogin"), ["BOURL":"", "BOuser":"", "BOpass":""], CONTINUE_ON_FAILURE): Call Test Case 'Test Cases/TestCaseUtilities/backOfficeLogin' successfully

2019-11-06 05:08:34 - [TEST_CASE][PASSED] - Test Cases/TestCaseUtilities/backOfficeLogin: Test Cases/TestCaseUtilities/backOfficeLogin

2019-11-06 05:08:34 - [TEST_STEP][PASSED] - BOURL = findTestData("envtData").getValue("BOURL", 1): null

2019-11-06 05:08:34 - [TEST_STEP][PASSED] - BOuser = findTestData("credData").getValue("BOuser", 1): null

2019-11-06 05:08:34 - [TEST_STEP][PASSED] - BOpass = findTestData("credData").getValue("BOpass", 1): null

2019-11-06 05:08:34 - [TEST_STEP][PASSED] - openBrowser(""): Browser is opened with url: ''

2019-11-06 05:08:34 - [MESSAGE][WARNING] - A browser is already opened. Closing browser and opening a new one

2019-11-06 05:08:34 - [MESSAGE][INFO] - Starting 'Chrome' driver

2019-11-06 05:08:34 - [MESSAGE][INFO] - User set preference: ['args', '[--use-fake-ui-for-media-stream, --start-maximized]']

2019-11-06 05:08:37 - [MESSAGE][PASSED] - Browser is opened with url: ''

2019-11-06 05:08:37 - [TEST_STEP][PASSED] - navigateToUrl(BOURL): Navigate to 'https://test18.cliotest.com/backoffice/control/main' successfully

2019-11-06 05:08:42 - [MESSAGE][PASSED] - Navigate to 'https://test18.cliotest.com/backoffice/control/main' successfully

2019-11-06 05:08:42 - [TEST_STEP][PASSED] - logOut = findWebElements(findTestObject("Object Repository/Page_cabi Home/log_out"), 1): Unable to find the element located by 'By.xpath: //a[contains(text(),'Log Out')]'. Please recheck the objects properties to make sure the desired element is located. 

2019-11-06 05:08:44 - [MESSAGE][INFO] - Unable to find the element located by 'By.xpath: //a[contains(text(),'Log Out')]'. Please recheck the objects properties to make sure the desired element is located. 

2019-11-06 05:08:44 - [TEST_STEP][PASSED] - if (logOut.size() == 0): Object: 'Object Repository/Page_cabi/input_Welcome to_consultantLogin' is clicked on

2019-11-06 05:08:44 - [TEST_STEP][PASSED] - setText(findTestObject("Page_cabi/input_Welcome to_USERNAME"), BOuser): Text '400000002' is set on object 'Object Repository/Page_cabi/input_Welcome to_USERNAME'

2019-11-06 05:08:44 - [MESSAGE][PASSED] - Text '400000002' is set on object 'Object Repository/Page_cabi/input_Welcome to_USERNAME'

2019-11-06 05:08:44 - [TEST_STEP][PASSED] - setText(findTestObject("Object Repository/Page_cabi/input_Welcome to_PASSWORD"), BOpass): Text 'blackdress19' is set on object 'Object Repository/Page_cabi/input_Welcome to_PASSWORD'

2019-11-06 05:08:44 - [MESSAGE][PASSED] - Text 'blackdress19' is set on object 'Object Repository/Page_cabi/input_Welcome to_PASSWORD'

2019-11-06 05:08:44 - [TEST_STEP][PASSED] - click(findTestObject("Object Repository/Page_cabi/input_Welcome to_consultantLogin")): Object: 'Object Repository/Page_cabi/input_Welcome to_consultantLogin' is clicked on

2019-11-06 05:08:52 - [MESSAGE][PASSED] - Object: 'Object Repository/Page_cabi/input_Welcome to_consultantLogin' is clicked on

2019-11-06 05:08:52 - [TEST_STEP][PASSED] - delay(3): Delayed 3 second(s)

2019-11-06 05:08:55 - [MESSAGE][PASSED] - Delayed 3 second(s)

2019-11-06 05:08:55 - [MESSAGE][PASSED] - Call Test Case 'Test Cases/TestCaseUtilities/backOfficeLogin' successfully

2019-11-06 05:08:55 - [TEST_STEP][PASSED] - verifyElementText(findTestObject("Object Repository/virualShowRSVPOR/Page_cabi/span_username"), stylist): Actual text and expected text of test object 'Object Repository/virualShowRSVPOR/Page_cabi/span_username' are matched.

2019-11-06 05:08:55 - [MESSAGE][PASSED] - Actual text and expected text of test object 'Object Repository/virualShowRSVPOR/Page_cabi/span_username' are matched.

2019-11-06 05:08:55 - [TEST_STEP][PASSED] - click(findTestObject("Object Repository/virualShowRSVPOR/Page_cabi Home/a_shows _orders")): Object: 'Object Repository/virualShowRSVPOR/Page_cabi Home/a_shows _orders' is clicked on

2019-11-06 05:08:55 - [MESSAGE][PASSED] - Object: 'Object Repository/virualShowRSVPOR/Page_cabi Home/a_shows _orders' is clicked on

2019-11-06 05:08:55 - [TEST_STEP][PASSED] - click(findTestObject("Object Repository/virualShowRSVPOR/Page_cabi Home/a_Create_A_Show")): Object: 'Object Repository/virualShowRSVPOR/Page_cabi Home/a_Create_A_Show' is clicked on

2019-11-06 05:08:58 - [MESSAGE][PASSED] - Object: 'Object Repository/virualShowRSVPOR/Page_cabi Home/a_Create_A_Show' is clicked on

2019-11-06 05:08:58 - [TEST_STEP][PASSED] - setText(findTestObject("Object Repository/virualShowRSVPOR/Page_cabi Create Show - Set Hostess/input_Hostess"), hostess): Text 'ahostess-test abc' is set on object 'Object Repository/virualShowRSVPOR/Page_cabi Create Show - Set Hostess/input_Hostess'

2019-11-06 05:08:58 - [MESSAGE][PASSED] - Text 'ahostess-test abc' is set on object 'Object Repository/virualShowRSVPOR/Page_cabi Create Show - Set Hostess/input_Hostess'

2019-11-06 05:08:58 - [TEST_STEP][PASSED] - delay(2): Delayed 2 second(s)

2019-11-06 05:09:00 - [MESSAGE][PASSED] - Delayed 2 second(s)

2019-11-06 05:09:00 - [TEST_STEP][PASSED] - sendKeys(findTestObject("Object Repository/virualShowRSVPOR/Page_cabi Create Show - Set Hostess/input_Hostess"), Keys.chord(ARROW_DOWN)): Keys 'DOWN + ' sent to object: 'Object Repository/virualShowRSVPOR/Page_cabi Create Show - Set Hostess/input_Hostess'

2019-11-06 05:09:01 - [MESSAGE][PASSED] - Keys 'DOWN + ' sent to object: 'Object Repository/virualShowRSVPOR/Page_cabi Create Show - Set Hostess/input_Hostess'

2019-11-06 05:09:01 - [TEST_STEP][PASSED] - sendKeys(findTestObject("Object Repository/virualShowRSVPOR/Page_cabi Create Show - Set Hostess/input_Hostess"), Keys.chord(ENTER)): Keys 'ENTER + ' sent to object: 'Object Repository/virualShowRSVPOR/Page_cabi Create Show - Set Hostess/input_Hostess'

2019-11-06 05:09:01 - [MESSAGE][PASSED] - Keys 'ENTER + ' sent to object: 'Object Repository/virualShowRSVPOR/Page_cabi Create Show - Set Hostess/input_Hostess'

2019-11-06 05:09:01 - [TEST_STEP][PASSED] - delay(2): Delayed 2 second(s)

2019-11-06 05:09:03 - [MESSAGE][PASSED] - Delayed 2 second(s)

2019-11-06 05:09:03 - [TEST_STEP][PASSED] - validateHostessAddressMsg = findWebElements(findTestObject("Object Repository/virualShowRSVPOR/Page_cabi Create Show - Set Hostess/validate_address_msg"), 5): null

2019-11-06 05:09:03 - [TEST_STEP][PASSED] - println(validateHostessAddressMsg.size()): null

2019-11-06 05:09:03 - [TEST_STEP][PASSED] - if (validateHostessAddressMsg.isEmpty()): null

2019-11-06 05:09:03 - [TEST_STEP][PASSED] - selectOptionByValue(findTestObject("Object Repository/virualShowRSVPOR/Page_cabi Create Show - Set Hostess/select_Choose_From_Contacts_Co-Hostess"), "3", true): All options with value '3' are selected in object 'Object Repository/virualShowRSVPOR/Page_cabi Create Show - Set Hostess/select_Choose_From_Contacts_Co-Hostess'  using regular expression

2019-11-06 05:09:03 - [MESSAGE][PASSED] - All options with value '3' are selected in object 'Object Repository/virualShowRSVPOR/Page_cabi Create Show - Set Hostess/select_Choose_From_Contacts_Co-Hostess'  using regular expression

2019-11-06 05:09:03 - [TEST_STEP][PASSED] - setText(findTestObject("Object Repository/virualShowRSVPOR/Page_cabi Create Show - Set Hostess/input_Cohostess"), cohostess): Text 'bcohost-test abc' is set on object 'Object Repository/virualShowRSVPOR/Page_cabi Create Show - Set Hostess/input_Cohostess'

2019-11-06 05:09:04 - [MESSAGE][PASSED] - Text 'bcohost-test abc' is set on object 'Object Repository/virualShowRSVPOR/Page_cabi Create Show - Set Hostess/input_Cohostess'

2019-11-06 05:09:04 - [TEST_STEP][PASSED] - delay(2): Delayed 2 second(s)

2019-11-06 05:09:06 - [MESSAGE][PASSED] - Delayed 2 second(s)

2019-11-06 05:09:06 - [TEST_STEP][PASSED] - sendKeys(findTestObject("Object Repository/virualShowRSVPOR/Page_cabi Create Show - Set Hostess/input_Cohostess"), Keys.chord(ARROW_DOWN)): Keys 'DOWN + ' sent to object: 'Object Repository/virualShowRSVPOR/Page_cabi Create Show - Set Hostess/input_Cohostess'

2019-11-06 05:09:06 - [MESSAGE][PASSED] - Keys 'DOWN + ' sent to object: 'Object Repository/virualShowRSVPOR/Page_cabi Create Show - Set Hostess/input_Cohostess'

2019-11-06 05:09:06 - [TEST_STEP][PASSED] - sendKeys(findTestObject("Object Repository/virualShowRSVPOR/Page_cabi Create Show - Set Hostess/input_Cohostess"), Keys.chord(ENTER)): Keys 'ENTER + ' sent to object: 'Object Repository/virualShowRSVPOR/Page_cabi Create Show - Set Hostess/input_Cohostess'

2019-11-06 05:09:06 - [MESSAGE][PASSED] - Keys 'ENTER + ' sent to object: 'Object Repository/virualShowRSVPOR/Page_cabi Create Show - Set Hostess/input_Cohostess'

2019-11-06 05:09:06 - [TEST_STEP][PASSED] - delay(3): Delayed 3 second(s)

2019-11-06 05:09:09 - [MESSAGE][PASSED] - Delayed 3 second(s)

2019-11-06 05:09:09 - [TEST_STEP][PASSED] - validateHostessAddressMsg = findWebElements(findTestObject("Object Repository/virualShowRSVPOR/Page_cabi Create Show - Set Hostess/validate_address_msg"), 5): null

2019-11-06 05:09:09 - [TEST_STEP][PASSED] - if (validateHostessAddressMsg.size() != 4): null

2019-11-06 05:09:09 - [TEST_STEP][PASSED] - click(findTestObject("Object Repository/virualShowRSVPOR/Page_cabi Create Show - Set Hostess/input_next")): Object: 'Object Repository/virualShowRSVPOR/Page_cabi Create Show - Set Hostess/input_next' is clicked on

2019-11-06 05:09:11 - [MESSAGE][PASSED] - Object: 'Object Repository/virualShowRSVPOR/Page_cabi Create Show - Set Hostess/input_next' is clicked on

2019-11-06 05:09:11 - [TEST_STEP][PASSED] - click(findTestObject("Object Repository/virualShowRSVPOR/Page_cabi Create Show - Time and Place/check_Physical_Show")): Object: 'Object Repository/virualShowRSVPOR/Page_cabi Create Show - Time and Place/check_Physical_Show' is clicked on

2019-11-06 05:09:11 - [MESSAGE][PASSED] - Object: 'Object Repository/virualShowRSVPOR/Page_cabi Create Show - Time and Place/check_Physical_Show' is clicked on

2019-11-06 05:09:11 - [TEST_STEP][PASSED] - click(findTestObject("Object Repository/virualShowRSVPOR/Page_cabi Create Show - Time and Place/input_Show_Date_Time")): Object: 'Object Repository/virualShowRSVPOR/Page_cabi Create Show - Time and Place/input_Show_Date_Time' is clicked on

2019-11-06 05:09:11 - [MESSAGE][PASSED] - Object: 'Object Repository/virualShowRSVPOR/Page_cabi Create Show - Time and Place/input_Show_Date_Time' is clicked on

2019-11-06 05:09:11 - [TEST_STEP][PASSED] - println(UtilityMethods.concat(" ", vsday, " ", vsmonth, " ", vsyear)): null

2019-11-06 05:09:11 - [TEST_STEP][PASSED] - year = vsyear: null

2019-11-06 05:09:11 - [TEST_STEP][PASSED] - month = vsmonth: null

2019-11-06 05:09:11 - [TEST_STEP][PASSED] - day = vsday: null

2019-11-06 05:09:11 - [TEST_STEP][PASSED] - pastdate = findTestData("virtualShowData").getValue("pastdate", 1): null

2019-11-06 05:09:11 - [TEST_STEP][PASSED] - xpath = UtilityMethods.concat("//td[@data-month='" + month - 1 + "' and @data-year='" + year + "']/a[contains(text(), '" + day + "')]"): null

2019-11-06 05:09:11 - [TEST_STEP][PASSED] - dateObj = new com.kms.katalon.core.testobject.TestObject(td_month_year_day): null

2019-11-06 05:09:11 - [TEST_STEP][PASSED] - dateObj.addProperty("xpath", EQUALS, xpath): null

2019-11-06 05:09:11 - [TEST_STEP][PASSED] - monthBound = 12: null

2019-11-06 05:09:11 - [TEST_STEP][PASSED] - dateObjList = findWebElements(dateObj, 5): null

2019-11-06 05:09:11 - [TEST_STEP][PASSED] - while (dateObjList.size() == 0 && monthBound > 0): null

2019-11-06 05:09:11 - [TEST_STEP][PASSED] - click(dateObj): Object: 'td_month_year_day' is clicked on

2019-11-06 05:09:11 - [MESSAGE][PASSED] - Object: 'td_month_year_day' is clicked on

2019-11-06 05:09:11 - [TEST_STEP][PASSED] - click(findTestObject("Object Repository/virualShowRSVPOR/Page_cabi Create Show - Time and Place/a_select_End_Time")): Object: 'Object Repository/virualShowRSVPOR/Page_cabi Create Show - Time and Place/a_select_End_Time' is clicked on

2019-11-06 05:09:12 - [MESSAGE][PASSED] - Object: 'Object Repository/virualShowRSVPOR/Page_cabi Create Show - Time and Place/a_select_End_Time' is clicked on

2019-11-06 05:09:12 - [TEST_STEP][PASSED] - delay(2): Delayed 2 second(s)

2019-11-06 05:09:14 - [MESSAGE][PASSED] - Delayed 2 second(s)

2019-11-06 05:09:14 - [TEST_STEP][PASSED] - click(findTestObject("virualShowRSVPOR/Page_cabi Create Show - Time and Place/check_show_address_same_as_hostess")): Object: 'Object Repository/virualShowRSVPOR/Page_cabi Create Show - Time and Place/check_show_address_same_as_hostess' is clicked on

2019-11-06 05:09:14 - [MESSAGE][PASSED] - Object: 'Object Repository/virualShowRSVPOR/Page_cabi Create Show - Time and Place/check_show_address_same_as_hostess' is clicked on

2019-11-06 05:09:14 - [TEST_STEP][PASSED] - delay(2): Delayed 2 second(s)

2019-11-06 05:09:16 - [MESSAGE][PASSED] - Delayed 2 second(s)

2019-11-06 05:09:16 - [TEST_STEP][PASSED] - click(findTestObject("Object Repository/virualShowRSVPOR/Page_cabi Create Show - Time and Place/check_shipping_address_same_as_location")): Object: 'Object Repository/virualShowRSVPOR/Page_cabi Create Show - Time and Place/check_shipping_address_same_as_location' is clicked on

2019-11-06 05:09:16 - [MESSAGE][PASSED] - Object: 'Object Repository/virualShowRSVPOR/Page_cabi Create Show - Time and Place/check_shipping_address_same_as_location' is clicked on

2019-11-06 05:09:16 - [TEST_STEP][PASSED] - delay(2): Delayed 2 second(s)

2019-11-06 05:09:18 - [MESSAGE][PASSED] - Delayed 2 second(s)

2019-11-06 05:09:18 - [TEST_STEP][PASSED] - click(findTestObject("Object Repository/virualShowRSVPOR/Page_cabi Create Show - Time and Place/input_next")): Object: 'Object Repository/virualShowRSVPOR/Page_cabi Create Show - Time and Place/input_next' is clicked on

2019-11-06 05:09:18 - [MESSAGE][PASSED] - Object: 'Object Repository/virualShowRSVPOR/Page_cabi Create Show - Time and Place/input_next' is clicked on

2019-11-06 05:09:18 - [TEST_STEP][PASSED] - delay(5): Delayed 5 second(s)

2019-11-06 05:09:23 - [MESSAGE][PASSED] - Delayed 5 second(s)

2019-11-06 05:09:23 - [TEST_STEP][PASSED] - click(findTestObject("Object Repository/virualShowRSVPOR/Page_cabi Create Show - Invite Hostess/input_Skip_Invite")): Object: 'Object Repository/virualShowRSVPOR/Page_cabi Create Show - Invite Hostess/input_Skip_Invite' is clicked on

2019-11-06 05:09:26 - [MESSAGE][PASSED] - Object: 'Object Repository/virualShowRSVPOR/Page_cabi Create Show - Invite Hostess/input_Skip_Invite' is clicked on

2019-11-06 05:09:26 - [TEST_STEP][PASSED] - setText(findTestObject("Object Repository/virualShowRSVPOR/Page_cabi Edit Show - Add Guests/contact_search_box"), guest1): Text 'guest1-test abc' is set on object 'Object Repository/virualShowRSVPOR/Page_cabi Edit Show - Add Guests/contact_search_box'

2019-11-06 05:09:26 - [MESSAGE][PASSED] - Text 'guest1-test abc' is set on object 'Object Repository/virualShowRSVPOR/Page_cabi Edit Show - Add Guests/contact_search_box'

2019-11-06 05:09:26 - [TEST_STEP][PASSED] - delay(2): Delayed 2 second(s)

2019-11-06 05:09:28 - [MESSAGE][PASSED] - Delayed 2 second(s)

2019-11-06 05:09:28 - [TEST_STEP][PASSED] - sendKeys(findTestObject("Object Repository/virualShowRSVPOR/Page_cabi Edit Show - Add Guests/contact_search_box"), Keys.chord(ARROW_DOWN)): Keys 'DOWN + ' sent to object: 'Object Repository/virualShowRSVPOR/Page_cabi Edit Show - Add Guests/contact_search_box'

2019-11-06 05:09:28 - [MESSAGE][PASSED] - Keys 'DOWN + ' sent to object: 'Object Repository/virualShowRSVPOR/Page_cabi Edit Show - Add Guests/contact_search_box'

2019-11-06 05:09:28 - [TEST_STEP][PASSED] - sendKeys(findTestObject("Object Repository/virualShowRSVPOR/Page_cabi Edit Show - Add Guests/contact_search_box"), Keys.chord(ENTER)): Keys 'ENTER + ' sent to object: 'Object Repository/virualShowRSVPOR/Page_cabi Edit Show - Add Guests/contact_search_box'

2019-11-06 05:09:28 - [MESSAGE][PASSED] - Keys 'ENTER + ' sent to object: 'Object Repository/virualShowRSVPOR/Page_cabi Edit Show - Add Guests/contact_search_box'

2019-11-06 05:09:28 - [TEST_STEP][PASSED] - delay(2): Delayed 2 second(s)

2019-11-06 05:09:30 - [MESSAGE][PASSED] - Delayed 2 second(s)

2019-11-06 05:09:30 - [TEST_STEP][PASSED] - click(findTestObject("Object Repository/virualShowRSVPOR/Page_cabi Edit Show - Add Guests/a_add_guest")): Object: 'Object Repository/virualShowRSVPOR/Page_cabi Edit Show - Add Guests/a_add_guest' is clicked on

2019-11-06 05:09:31 - [MESSAGE][PASSED] - Object: 'Object Repository/virualShowRSVPOR/Page_cabi Edit Show - Add Guests/a_add_guest' is clicked on

2019-11-06 05:09:31 - [TEST_STEP][PASSED] - delay(5): Delayed 5 second(s)

2019-11-06 05:09:36 - [MESSAGE][PASSED] - Delayed 5 second(s)

2019-11-06 05:09:36 - [TEST_STEP][PASSED] - setText(findTestObject("Object Repository/virualShowRSVPOR/Page_cabi Edit Show - Add Guests/contact_search_box"), guest2): Text 'guest2-test abc' is set on object 'Object Repository/virualShowRSVPOR/Page_cabi Edit Show - Add Guests/contact_search_box'

2019-11-06 05:09:36 - [MESSAGE][PASSED] - Text 'guest2-test abc' is set on object 'Object Repository/virualShowRSVPOR/Page_cabi Edit Show - Add Guests/contact_search_box'

2019-11-06 05:09:36 - [TEST_STEP][PASSED] - delay(2): Delayed 2 second(s)

2019-11-06 05:09:38 - [MESSAGE][PASSED] - Delayed 2 second(s)

2019-11-06 05:09:38 - [TEST_STEP][PASSED] - sendKeys(findTestObject("Object Repository/virualShowRSVPOR/Page_cabi Edit Show - Add Guests/contact_search_box"), Keys.chord(ARROW_DOWN)): Keys 'DOWN + ' sent to object: 'Object Repository/virualShowRSVPOR/Page_cabi Edit Show - Add Guests/contact_search_box'

2019-11-06 05:09:38 - [MESSAGE][PASSED] - Keys 'DOWN + ' sent to object: 'Object Repository/virualShowRSVPOR/Page_cabi Edit Show - Add Guests/contact_search_box'

2019-11-06 05:09:38 - [TEST_STEP][PASSED] - sendKeys(findTestObject("Object Repository/virualShowRSVPOR/Page_cabi Edit Show - Add Guests/contact_search_box"), Keys.chord(ENTER)): Keys 'ENTER + ' sent to object: 'Object Repository/virualShowRSVPOR/Page_cabi Edit Show - Add Guests/contact_search_box'

2019-11-06 05:09:38 - [MESSAGE][PASSED] - Keys 'ENTER + ' sent to object: 'Object Repository/virualShowRSVPOR/Page_cabi Edit Show - Add Guests/contact_search_box'

2019-11-06 05:09:38 - [TEST_STEP][PASSED] - delay(2): Delayed 2 second(s)

2019-11-06 05:09:40 - [MESSAGE][PASSED] - Delayed 2 second(s)

2019-11-06 05:09:40 - [TEST_STEP][PASSED] - click(findTestObject("Object Repository/virualShowRSVPOR/Page_cabi Edit Show - Add Guests/a_add_guest")): Object: 'Object Repository/virualShowRSVPOR/Page_cabi Edit Show - Add Guests/a_add_guest' is clicked on

2019-11-06 05:09:41 - [MESSAGE][PASSED] - Object: 'Object Repository/virualShowRSVPOR/Page_cabi Edit Show - Add Guests/a_add_guest' is clicked on

2019-11-06 05:09:41 - [TEST_STEP][PASSED] - delay(2): Delayed 2 second(s)

2019-11-06 05:09:43 - [MESSAGE][PASSED] - Delayed 2 second(s)

2019-11-06 05:09:43 - [TEST_STEP][PASSED] - verifyHostess = UtilityMethods.splitPersonName(hostess): null

2019-11-06 05:09:43 - [TEST_STEP][PASSED] - verifyCohostess = UtilityMethods.splitPersonName(cohostess): null

2019-11-06 05:09:43 - [TEST_STEP][PASSED] - verifyGuest1 = UtilityMethods.splitPersonName(guest1): null

2019-11-06 05:09:43 - [TEST_STEP][PASSED] - verifyGuest2 = UtilityMethods.splitPersonName(guest2): null

2019-11-06 05:09:43 - [TEST_STEP][PASSED] - verifyElementText(findTestObject("Object Repository/virualShowRSVPOR/Page_cabi Edit Show - Add Guests/span_hostess_name"), UtilityMethods.concat(verifyHostess[1], ", ", verifyHostess[0])): Actual text and expected text of test object 'Object Repository/virualShowRSVPOR/Page_cabi Edit Show - Add Guests/span_hostess_name' are matched.

2019-11-06 05:09:43 - [MESSAGE][PASSED] - Actual text and expected text of test object 'Object Repository/virualShowRSVPOR/Page_cabi Edit Show - Add Guests/span_hostess_name' are matched.

2019-11-06 05:09:43 - [TEST_STEP][PASSED] - verifyElementText(findTestObject("Object Repository/virualShowRSVPOR/Page_cabi Edit Show - Add Guests/span_cohostess_name"), UtilityMethods.concat(verifyCohostess[1], ", ", verifyCohostess[0])): Actual text and expected text of test object 'Object Repository/virualShowRSVPOR/Page_cabi Edit Show - Add Guests/span_cohostess_name' are matched.

2019-11-06 05:09:43 - [MESSAGE][PASSED] - Actual text and expected text of test object 'Object Repository/virualShowRSVPOR/Page_cabi Edit Show - Add Guests/span_cohostess_name' are matched.

2019-11-06 05:09:43 - [TEST_STEP][PASSED] - listElement = findWebElements(findTestObject("Object Repository/virualShowRSVPOR/Page_cabi Edit Show - Add Guests/span_guest_name_list"), 5): null

2019-11-06 05:09:43 - [TEST_STEP][PASSED] - guestCount = Integer.parseInt(verifyGuestCount): null

2019-11-06 05:09:43 - [TEST_STEP][PASSED] - flag = false: null

2019-11-06 05:09:43 - [TEST_STEP][PASSED] - for ([i = 0, i < guestCount, (i++)]): null

2019-11-06 05:09:43 - [TEST_STEP][PASSED] - flag = false: null

2019-11-06 05:09:43 - [TEST_STEP][PASSED] - if (getText().equals(UtilityMethods.concat(verifyGuest1[1], ", ", verifyGuest1[0]))): null

2019-11-06 05:09:43 - [TEST_STEP][PASSED] - flag = true: null

2019-11-06 05:09:43 - [TEST_STEP][PASSED] - if (getText().equals(UtilityMethods.concat(verifyGuest2[1], ", ", verifyGuest2[0]))): null

2019-11-06 05:09:43 - [TEST_STEP][PASSED] - flag = false: null

2019-11-06 05:09:43 - [TEST_STEP][PASSED] - if (getText().equals(UtilityMethods.concat(verifyGuest1[1], ", ", verifyGuest1[0]))): null

2019-11-06 05:09:43 - [TEST_STEP][PASSED] - if (getText().equals(UtilityMethods.concat(verifyGuest2[1], ", ", verifyGuest2[0]))): null

2019-11-06 05:09:43 - [TEST_STEP][PASSED] - flag = true: null

2019-11-06 05:09:43 - [TEST_STEP][PASSED] - click(findTestObject("Object Repository/virualShowRSVPOR/Page_cabi Edit Show - Add Guests/input_Next")): Object: 'Object Repository/virualShowRSVPOR/Page_cabi Edit Show - Add Guests/input_Next' is clicked on

2019-11-06 05:09:46 - [MESSAGE][PASSED] - Object: 'Object Repository/virualShowRSVPOR/Page_cabi Edit Show - Add Guests/input_Next' is clicked on

2019-11-06 05:09:46 - [TEST_STEP][PASSED] - delay(3): Delayed 3 second(s)

2019-11-06 05:09:49 - [MESSAGE][PASSED] - Delayed 3 second(s)

2019-11-06 05:09:49 - [TEST_STEP][PASSED] - click(findTestObject("Object Repository/virualShowRSVPOR/Page_cabi Edit Show - Send Invitations/input_Overview")): Object: 'Object Repository/virualShowRSVPOR/Page_cabi Edit Show - Send Invitations/input_Overview' is clicked on

2019-11-06 05:09:51 - [MESSAGE][PASSED] - Object: 'Object Repository/virualShowRSVPOR/Page_cabi Edit Show - Send Invitations/input_Overview' is clicked on

2019-11-06 05:09:51 - [TEST_STEP][PASSED] - showID = getText(findTestObject("Object Repository/virualShowRSVPOR/Page_cabi Orders/li_Show_ID_Text")): Text of object 'Object Repository/virualShowRSVPOR/Page_cabi Orders/li_Show_ID_Text' is: 'Show #: 104819194'

2019-11-06 05:09:51 - [MESSAGE][PASSED] - Text of object 'Object Repository/virualShowRSVPOR/Page_cabi Orders/li_Show_ID_Text' is: 'Show #: 104819194'

2019-11-06 05:09:51 - [TEST_STEP][PASSED] - delay(2): Delayed 2 second(s)

2019-11-06 05:09:53 - [MESSAGE][PASSED] - Delayed 2 second(s)

2019-11-06 05:09:53 - [TEST_STEP][PASSED] - driver = getWebDriver(): null

2019-11-06 05:09:53 - [TEST_STEP][PASSED] - executor = driver: null

2019-11-06 05:09:53 - [TEST_STEP][PASSED] - executor.executeScript("arguments[0].click();", findWebElement(findTestObject("Object Repository/virualShowRSVPOR/Page_cabi Orders/a_My Profile"), 5)): null

2019-11-06 05:09:55 - [TEST_STEP][PASSED] - rsName = getText(findTestObject("Object Repository/virualShowRSVPOR/Page_cabi My Profile/span_rsName")): Text of object 'Object Repository/virualShowRSVPOR/Page_cabi My Profile/span_rsName' is: 'MirandaKate'

2019-11-06 05:09:55 - [MESSAGE][PASSED] - Text of object 'Object Repository/virualShowRSVPOR/Page_cabi My Profile/span_rsName' is: 'MirandaKate'

2019-11-06 05:09:55 - [TEST_STEP][PASSED] - micrositeURL = UtilityMethods.createURL(rsName, RSTestEnvt, showID): null

2019-11-06 05:09:55 - [TEST_STEP][PASSED] - println(micrositeURL): null

2019-11-06 05:09:55 - [TEST_STEP][PASSED] - back(): Navigate back successfully

2019-11-06 05:09:56 - [MESSAGE][PASSED] - Navigate back successfully

2019-11-06 05:09:56 - [MESSAGE][PASSED] - Call Test Case 'Test Cases/VirtualShow/createAPhysicalShow' successfully

2019-11-06 05:09:56 - [TEST_STEP][PASSED] - click(findTestObject("Object Repository/virualShowRSVPOR/Page_cabi Edit Show - Send Invitations/a_orders")): Object: 'Object Repository/virualShowRSVPOR/Page_cabi Edit Show - Send Invitations/a_orders' is clicked on

2019-11-06 05:09:58 - [MESSAGE][PASSED] - Object: 'Object Repository/virualShowRSVPOR/Page_cabi Edit Show - Send Invitations/a_orders' is clicked on

2019-11-06 05:09:58 - [TEST_STEP][PASSED] - g1Vars = UtilityMethods.splitPersonName(guest1): null

2019-11-06 05:09:58 - [TEST_STEP][PASSED] - g1Var = UtilityMethods.concat(g1Vars[1], ", ", g1Vars[0]): null

2019-11-06 05:09:58 - [TEST_STEP][PASSED] - buttonPlaceOrder = UtilityMethods.createTestObject("buttoPlaceOrder", "//table[@class='show-order-table']/tbody/tr/td/span[contains(text(), '", g1Var, "')]/parent::td/following-sibling::td[1]/button"): null

2019-11-06 05:09:58 - [TEST_STEP][PASSED] - click(buttonPlaceOrder): Object: 'buttoPlaceOrder' is clicked on

2019-11-06 05:10:01 - [MESSAGE][PASSED] - Object: 'buttoPlaceOrder' is clicked on

2019-11-06 05:10:01 - [TEST_STEP][PASSED] - delay(3): Delayed 3 second(s)

2019-11-06 05:10:04 - [MESSAGE][PASSED] - Delayed 3 second(s)

2019-11-06 05:10:04 - [TEST_STEP][PASSED] - DTYMsg = UtilityMethods.concat("This order will become eligible for "Direct to You" shipping after ", vsmonthElig, "/", vsdayElig, "."): null

2019-11-06 05:10:04 - [TEST_STEP][PASSED] - println(getText(findTestObject("Object Repository/virualShowRSVPOR/DTY/label_DtyEligibility"))): Text of object 'Object Repository/virualShowRSVPOR/DTY/label_DtyEligibility' is: 'This order will become eligible for "Direct to You" shipping after 11/07.'

2019-11-06 05:10:04 - [MESSAGE][PASSED] - Text of object 'Object Repository/virualShowRSVPOR/DTY/label_DtyEligibility' is: 'This order will become eligible for "Direct to You" shipping after 11/07.'

2019-11-06 05:10:04 - [TEST_STEP][PASSED] - verifyElementText(findTestObject("Object Repository/virualShowRSVPOR/DTY/label_DtyEligibility"), DTYMsg, CONTINUE_ON_FAILURE): Actual text and expected text of test object 'Object Repository/virualShowRSVPOR/DTY/label_DtyEligibility' are matched.

2019-11-06 05:10:04 - [MESSAGE][PASSED] - Actual text and expected text of test object 'Object Repository/virualShowRSVPOR/DTY/label_DtyEligibility' are matched.

2019-11-06 05:10:04 - [TEST_STEP][ERROR] - executor.executeScript("arguments[0].checked=true;", findWebElement(findTestObject("Object Repository/Page_cabi Home/a_same_shipping_address"), 10)): executor.executeScript("arguments[0].checked=true;", findWebElement(findTestObject("Object Repository/Page_cabi Home/a_same_shipping_address"), 10)) FAILED.
Reason:
groovy.lang.MissingPropertyException: No such property: executor for class: Script1568892190069
	at DTYNotEligible.run(DTYNotEligible:98)
	at com.kms.katalon.core.main.ScriptEngine.run(ScriptEngine.java:194)
	at com.kms.katalon.core.main.ScriptEngine.runScriptAsRawText(ScriptEngine.java:119)
	at com.kms.katalon.core.main.TestCaseExecutor.runScript(TestCaseExecutor.java:342)
	at com.kms.katalon.core.main.TestCaseExecutor.doExecute(TestCaseExecutor.java:333)
	at com.kms.katalon.core.main.TestCaseExecutor.processExecutionPhase(TestCaseExecutor.java:312)
	at com.kms.katalon.core.main.TestCaseExecutor.accessMainPhase(TestCaseExecutor.java:304)
	at com.kms.katalon.core.main.TestCaseExecutor.execute(TestCaseExecutor.java:238)
	at com.kms.katalon.core.main.TestSuiteExecutor.accessTestCaseMainPhase(TestSuiteExecutor.java:129)
	at com.kms.katalon.core.main.TestSuiteExecutor.accessTestSuiteMainPhase(TestSuiteExecutor.java:112)
	at com.kms.katalon.core.main.TestSuiteExecutor.execute(TestSuiteExecutor.java:81)
	at com.kms.katalon.core.main.TestCaseMain.startTestSuite(TestCaseMain.java:157)
	at com.kms.katalon.core.main.TestCaseMain$startTestSuite$0.call(Unknown Source)
	at TempTestSuite1572996950462.run(TempTestSuite1572996950462.groovy:35)


2019-11-06 05:10:04 - [MESSAGE][ERROR] - executor.executeScript("arguments[0].checked=true;", findWebElement(findTestObject("Object Repository/Page_cabi Home/a_same_shipping_address"), 10)) FAILED.
Reason:
groovy.lang.MissingPropertyException: No such property: executor for class: Script1568892190069
	at DTYNotEligible.run(DTYNotEligible:98)
	at com.kms.katalon.core.main.ScriptEngine.run(ScriptEngine.java:194)
	at com.kms.katalon.core.main.ScriptEngine.runScriptAsRawText(ScriptEngine.java:119)
	at com.kms.katalon.core.main.TestCaseExecutor.runScript(TestCaseExecutor.java:342)
	at com.kms.katalon.core.main.TestCaseExecutor.doExecute(TestCaseExecutor.java:333)
	at com.kms.katalon.core.main.TestCaseExecutor.processExecutionPhase(TestCaseExecutor.java:312)
	at com.kms.katalon.core.main.TestCaseExecutor.accessMainPhase(TestCaseExecutor.java:304)
	at com.kms.katalon.core.main.TestCaseExecutor.execute(TestCaseExecutor.java:238)
	at com.kms.katalon.core.main.TestSuiteExecutor.accessTestCaseMainPhase(TestSuiteExecutor.java:129)
	at com.kms.katalon.core.main.TestSuiteExecutor.accessTestSuiteMainPhase(TestSuiteExecutor.java:112)
	at com.kms.katalon.core.main.TestSuiteExecutor.execute(TestSuiteExecutor.java:81)
	at com.kms.katalon.core.main.TestCaseMain.startTestSuite(TestCaseMain.java:157)
	at com.kms.katalon.core.main.TestCaseMain$startTestSuite$0.call(Unknown Source)
	at TempTestSuite1572996950462.run(TempTestSuite1572996950462.groovy:35)]]></system-out>
         <system-err><![CDATA[2019-11-06 05:08:28 - [TEST_CASE][ERROR] - Test Cases/VirtualShow/BODTY/DTYNotEligible: Test Cases/VirtualShow/BODTY/DTYNotEligible FAILED.
Reason:
groovy.lang.MissingPropertyException: No such property: executor for class: Script1568892190069
	at DTYNotEligible.run(DTYNotEligible:98)
	at com.kms.katalon.core.main.ScriptEngine.run(ScriptEngine.java:194)
	at com.kms.katalon.core.main.ScriptEngine.runScriptAsRawText(ScriptEngine.java:119)
	at com.kms.katalon.core.main.TestCaseExecutor.runScript(TestCaseExecutor.java:342)
	at com.kms.katalon.core.main.TestCaseExecutor.doExecute(TestCaseExecutor.java:333)
	at com.kms.katalon.core.main.TestCaseExecutor.processExecutionPhase(TestCaseExecutor.java:312)
	at com.kms.katalon.core.main.TestCaseExecutor.accessMainPhase(TestCaseExecutor.java:304)
	at com.kms.katalon.core.main.TestCaseExecutor.execute(TestCaseExecutor.java:238)
	at com.kms.katalon.core.main.TestSuiteExecutor.accessTestCaseMainPhase(TestSuiteExecutor.java:129)
	at com.kms.katalon.core.main.TestSuiteExecutor.accessTestSuiteMainPhase(TestSuiteExecutor.java:112)
	at com.kms.katalon.core.main.TestSuiteExecutor.execute(TestSuiteExecutor.java:81)
	at com.kms.katalon.core.main.TestCaseMain.startTestSuite(TestCaseMain.java:157)
	at com.kms.katalon.core.main.TestCaseMain$startTestSuite$0.call(Unknown Source)
	at TempTestSuite1572996950462.run(TempTestSuite1572996950462.groovy:35)]]></system-err>
      </testcase>
      <testcase name="Test Cases/VirtualShow/BODTY/DTYVS" classname="Test Cases/VirtualShow/BODTY/DTYVS" status="FAILED">
         <failure type="FAILED" message="Test Cases/VirtualShow/BODTY/DTYVS FAILED.
Reason:
com.kms.katalon.core.exception.StepFailedException: Actual text 'This order will become eligible for &quot;Direct to You&quot; shipping after 11/06.' and expected text 'Hooray! This order is eligible for &quot;Direct to You&quot; shipping.' of test object 'Object Repository/virualShowRSVPOR/DTY/label_DtyEligibility' are NOT matched. (Root cause: com.kms.katalon.core.exception.StepFailedException: Actual text 'This order will become eligible for &quot;Direct to You&quot; shipping after 11/06.' and expected text 'Hooray! This order is eligible for &quot;Direct to You&quot; shipping.' of test object 'Object Repository/virualShowRSVPOR/DTY/label_DtyEligibility' are NOT matched.
	at com.kms.katalon.core.webui.keyword.internal.WebUIKeywordMain.stepFailed(WebUIKeywordMain.groovy:64)
	at com.kms.katalon.core.webui.keyword.builtin.VerifyElementTextKeyword$_verifyElementText_closure1.doCall(VerifyElementTextKeyword.groovy:57)
	at com.kms.katalon.core.webui.keyword.builtin.VerifyElementTextKeyword$_verifyElementText_closure1.call(VerifyElementTextKeyword.groovy)
	at com.kms.katalon.core.webui.keyword.internal.WebUIKeywordMain.runKeyword(WebUIKeywordMain.groovy:20)
	at com.kms.katalon.core.webui.keyword.builtin.VerifyElementTextKeyword.verifyElementText(VerifyElementTextKeyword.groovy:72)
	at com.kms.katalon.core.webui.keyword.builtin.VerifyElementTextKeyword.execute(VerifyElementTextKeyword.groovy:40)
	at com.kms.katalon.core.keyword.internal.KeywordExecutor.executeKeywordForPlatform(KeywordExecutor.groovy:56)
	at com.kms.katalon.core.webui.keyword.WebUiBuiltInKeywords.verifyElementText(WebUiBuiltInKeywords.groovy:3647)
	at com.kms.katalon.core.webui.keyword.WebUiBuiltInKeywords$verifyElementText$8.call(Unknown Source)
	at DTYVS.run(DTYVS:90)
	at com.kms.katalon.core.main.ScriptEngine.run(ScriptEngine.java:194)
	at com.kms.katalon.core.main.ScriptEngine.runScriptAsRawText(ScriptEngine.java:119)
	at com.kms.katalon.core.main.TestCaseExecutor.runScript(TestCaseExecutor.java:342)
	at com.kms.katalon.core.main.TestCaseExecutor.doExecute(TestCaseExecutor.java:333)
	at com.kms.katalon.core.main.TestCaseExecutor.processExecutionPhase(TestCaseExecutor.java:312)
	at com.kms.katalon.core.main.TestCaseExecutor.accessMainPhase(TestCaseExecutor.java:304)
	at com.kms.katalon.core.main.TestCaseExecutor.execute(TestCaseExecutor.java:238)
	at com.kms.katalon.core.main.TestSuiteExecutor.accessTestCaseMainPhase(TestSuiteExecutor.java:129)
	at com.kms.katalon.core.main.TestSuiteExecutor.accessTestSuiteMainPhase(TestSuiteExecutor.java:112)
	at com.kms.katalon.core.main.TestSuiteExecutor.execute(TestSuiteExecutor.java:81)
	at com.kms.katalon.core.main.TestCaseMain.startTestSuite(TestCaseMain.java:157)
	at com.kms.katalon.core.main.TestCaseMain$startTestSuite$0.call(Unknown Source)
	at TempTestSuite1572996950462.run(TempTestSuite1572996950462.groovy:35)
)
	at com.kms.katalon.core.keyword.internal.KeywordMain.stepFailed(KeywordMain.groovy:37)
	at com.kms.katalon.core.webui.keyword.internal.WebUIKeywordMain.stepFailed(WebUIKeywordMain.groovy:64)
	at com.kms.katalon.core.webui.keyword.builtin.VerifyElementTextKeyword$_verifyElementText_closure1.doCall(VerifyElementTextKeyword.groovy:57)
	at com.kms.katalon.core.webui.keyword.builtin.VerifyElementTextKeyword$_verifyElementText_closure1.call(VerifyElementTextKeyword.groovy)
	at com.kms.katalon.core.webui.keyword.internal.WebUIKeywordMain.runKeyword(WebUIKeywordMain.groovy:20)
	at com.kms.katalon.core.webui.keyword.builtin.VerifyElementTextKeyword.verifyElementText(VerifyElementTextKeyword.groovy:72)
	at com.kms.katalon.core.webui.keyword.builtin.VerifyElementTextKeyword.execute(VerifyElementTextKeyword.groovy:40)
	at com.kms.katalon.core.keyword.internal.KeywordExecutor.executeKeywordForPlatform(KeywordExecutor.groovy:56)
	at com.kms.katalon.core.webui.keyword.WebUiBuiltInKeywords.verifyElementText(WebUiBuiltInKeywords.groovy:3647)
	at com.kms.katalon.core.webui.keyword.WebUiBuiltInKeywords$verifyElementText$8.call(Unknown Source)
	at DTYVS.run(DTYVS:90)
	at com.kms.katalon.core.main.ScriptEngine.run(ScriptEngine.java:194)
	at com.kms.katalon.core.main.ScriptEngine.runScriptAsRawText(ScriptEngine.java:119)
	at com.kms.katalon.core.main.TestCaseExecutor.runScript(TestCaseExecutor.java:342)
	at com.kms.katalon.core.main.TestCaseExecutor.doExecute(TestCaseExecutor.java:333)
	at com.kms.katalon.core.main.TestCaseExecutor.processExecutionPhase(TestCaseExecutor.java:312)
	at com.kms.katalon.core.main.TestCaseExecutor.accessMainPhase(TestCaseExecutor.java:304)
	at com.kms.katalon.core.main.TestCaseExecutor.execute(TestCaseExecutor.java:238)
	at com.kms.katalon.core.main.TestSuiteExecutor.accessTestCaseMainPhase(TestSuiteExecutor.java:129)
	at com.kms.katalon.core.main.TestSuiteExecutor.accessTestSuiteMainPhase(TestSuiteExecutor.java:112)
	at com.kms.katalon.core.main.TestSuiteExecutor.execute(TestSuiteExecutor.java:81)
	at com.kms.katalon.core.main.TestCaseMain.startTestSuite(TestCaseMain.java:157)
	at com.kms.katalon.core.main.TestCaseMain$startTestSuite$0.call(Unknown Source)
	at TempTestSuite1572996950462.run(TempTestSuite1572996950462.groovy:35)
Caused by: com.kms.katalon.core.exception.StepFailedException: Actual text 'This order will become eligible for &quot;Direct to You&quot; shipping after 11/06.' and expected text 'Hooray! This order is eligible for &quot;Direct to You&quot; shipping.' of test object 'Object Repository/virualShowRSVPOR/DTY/label_DtyEligibility' are NOT matched.
	... 23 more
"/>
         <system-out><![CDATA[2019-11-06 05:10:04 - [TEST_CASE][FAILED] - Test Cases/VirtualShow/BODTY/DTYVS: Test Cases/VirtualShow/BODTY/DTYVS FAILED.
Reason:
com.kms.katalon.core.exception.StepFailedException: Actual text 'This order will become eligible for "Direct to You" shipping after 11/06.' and expected text 'Hooray! This order is eligible for "Direct to You" shipping.' of test object 'Object Repository/virualShowRSVPOR/DTY/label_DtyEligibility' are NOT matched. (Root cause: com.kms.katalon.core.exception.StepFailedException: Actual text 'This order will become eligible for "Direct to You" shipping after 11/06.' and expected text 'Hooray! This order is eligible for "Direct to You" shipping.' of test object 'Object Repository/virualShowRSVPOR/DTY/label_DtyEligibility' are NOT matched.
	at com.kms.katalon.core.webui.keyword.internal.WebUIKeywordMain.stepFailed(WebUIKeywordMain.groovy:64)
	at com.kms.katalon.core.webui.keyword.builtin.VerifyElementTextKeyword$_verifyElementText_closure1.doCall(VerifyElementTextKeyword.groovy:57)
	at com.kms.katalon.core.webui.keyword.builtin.VerifyElementTextKeyword$_verifyElementText_closure1.call(VerifyElementTextKeyword.groovy)
	at com.kms.katalon.core.webui.keyword.internal.WebUIKeywordMain.runKeyword(WebUIKeywordMain.groovy:20)
	at com.kms.katalon.core.webui.keyword.builtin.VerifyElementTextKeyword.verifyElementText(VerifyElementTextKeyword.groovy:72)
	at com.kms.katalon.core.webui.keyword.builtin.VerifyElementTextKeyword.execute(VerifyElementTextKeyword.groovy:40)
	at com.kms.katalon.core.keyword.internal.KeywordExecutor.executeKeywordForPlatform(KeywordExecutor.groovy:56)
	at com.kms.katalon.core.webui.keyword.WebUiBuiltInKeywords.verifyElementText(WebUiBuiltInKeywords.groovy:3647)
	at com.kms.katalon.core.webui.keyword.WebUiBuiltInKeywords$verifyElementText$8.call(Unknown Source)
	at DTYVS.run(DTYVS:90)
	at com.kms.katalon.core.main.ScriptEngine.run(ScriptEngine.java:194)
	at com.kms.katalon.core.main.ScriptEngine.runScriptAsRawText(ScriptEngine.java:119)
	at com.kms.katalon.core.main.TestCaseExecutor.runScript(TestCaseExecutor.java:342)
	at com.kms.katalon.core.main.TestCaseExecutor.doExecute(TestCaseExecutor.java:333)
	at com.kms.katalon.core.main.TestCaseExecutor.processExecutionPhase(TestCaseExecutor.java:312)
	at com.kms.katalon.core.main.TestCaseExecutor.accessMainPhase(TestCaseExecutor.java:304)
	at com.kms.katalon.core.main.TestCaseExecutor.execute(TestCaseExecutor.java:238)
	at com.kms.katalon.core.main.TestSuiteExecutor.accessTestCaseMainPhase(TestSuiteExecutor.java:129)
	at com.kms.katalon.core.main.TestSuiteExecutor.accessTestSuiteMainPhase(TestSuiteExecutor.java:112)
	at com.kms.katalon.core.main.TestSuiteExecutor.execute(TestSuiteExecutor.java:81)
	at com.kms.katalon.core.main.TestCaseMain.startTestSuite(TestCaseMain.java:157)
	at com.kms.katalon.core.main.TestCaseMain$startTestSuite$0.call(Unknown Source)
	at TempTestSuite1572996950462.run(TempTestSuite1572996950462.groovy:35)
)
	at com.kms.katalon.core.keyword.internal.KeywordMain.stepFailed(KeywordMain.groovy:37)
	at com.kms.katalon.core.webui.keyword.internal.WebUIKeywordMain.stepFailed(WebUIKeywordMain.groovy:64)
	at com.kms.katalon.core.webui.keyword.builtin.VerifyElementTextKeyword$_verifyElementText_closure1.doCall(VerifyElementTextKeyword.groovy:57)
	at com.kms.katalon.core.webui.keyword.builtin.VerifyElementTextKeyword$_verifyElementText_closure1.call(VerifyElementTextKeyword.groovy)
	at com.kms.katalon.core.webui.keyword.internal.WebUIKeywordMain.runKeyword(WebUIKeywordMain.groovy:20)
	at com.kms.katalon.core.webui.keyword.builtin.VerifyElementTextKeyword.verifyElementText(VerifyElementTextKeyword.groovy:72)
	at com.kms.katalon.core.webui.keyword.builtin.VerifyElementTextKeyword.execute(VerifyElementTextKeyword.groovy:40)
	at com.kms.katalon.core.keyword.internal.KeywordExecutor.executeKeywordForPlatform(KeywordExecutor.groovy:56)
	at com.kms.katalon.core.webui.keyword.WebUiBuiltInKeywords.verifyElementText(WebUiBuiltInKeywords.groovy:3647)
	at com.kms.katalon.core.webui.keyword.WebUiBuiltInKeywords$verifyElementText$8.call(Unknown Source)
	at DTYVS.run(DTYVS:90)
	at com.kms.katalon.core.main.ScriptEngine.run(ScriptEngine.java:194)
	at com.kms.katalon.core.main.ScriptEngine.runScriptAsRawText(ScriptEngine.java:119)
	at com.kms.katalon.core.main.TestCaseExecutor.runScript(TestCaseExecutor.java:342)
	at com.kms.katalon.core.main.TestCaseExecutor.doExecute(TestCaseExecutor.java:333)
	at com.kms.katalon.core.main.TestCaseExecutor.processExecutionPhase(TestCaseExecutor.java:312)
	at com.kms.katalon.core.main.TestCaseExecutor.accessMainPhase(TestCaseExecutor.java:304)
	at com.kms.katalon.core.main.TestCaseExecutor.execute(TestCaseExecutor.java:238)
	at com.kms.katalon.core.main.TestSuiteExecutor.accessTestCaseMainPhase(TestSuiteExecutor.java:129)
	at com.kms.katalon.core.main.TestSuiteExecutor.accessTestSuiteMainPhase(TestSuiteExecutor.java:112)
	at com.kms.katalon.core.main.TestSuiteExecutor.execute(TestSuiteExecutor.java:81)
	at com.kms.katalon.core.main.TestCaseMain.startTestSuite(TestCaseMain.java:157)
	at com.kms.katalon.core.main.TestCaseMain$startTestSuite$0.call(Unknown Source)
	at TempTestSuite1572996950462.run(TempTestSuite1572996950462.groovy:35)
Caused by: com.kms.katalon.core.exception.StepFailedException: Actual text 'This order will become eligible for "Direct to You" shipping after 11/06.' and expected text 'Hooray! This order is eligible for "Direct to You" shipping.' of test object 'Object Repository/virualShowRSVPOR/DTY/label_DtyEligibility' are NOT matched.
	... 23 more


2019-11-06 05:10:05 - [TEST_STEP][PASSED] - Start listener action : sampleBeforeTestCase: null

2019-11-06 05:10:05 - [TEST_STEP][PASSED] - println(testCaseContext.getTestCaseId()): null

2019-11-06 05:10:05 - [TEST_STEP][PASSED] - println(testCaseContext.getTestCaseVariables()): null

2019-11-06 05:10:05 - [TEST_STEP][PASSED] - dataFile = "virtualShowData": null

2019-11-06 05:10:05 - [TEST_STEP][PASSED] - guest1 = findTestData(dataFile).getValue("guest1", 1): null

2019-11-06 05:10:05 - [TEST_STEP][PASSED] - guest2 = findTestData(dataFile).getValue("guest2", 1): null

2019-11-06 05:10:05 - [TEST_STEP][PASSED] - hostess = findTestData(dataFile).getValue("hostess", 1): null

2019-11-06 05:10:05 - [TEST_STEP][PASSED] - cohostess = findTestData(dataFile).getValue("cohostess", 1): null

2019-11-06 05:10:06 - [TEST_STEP][PASSED] - dfMM = new java.text.SimpleDateFormat(MM): null

2019-11-06 05:10:06 - [TEST_STEP][PASSED] - dfDD = new java.text.SimpleDateFormat(dd): null

2019-11-06 05:10:06 - [TEST_STEP][PASSED] - dfYYYY = new java.text.SimpleDateFormat(yyyy): null

2019-11-06 05:10:06 - [TEST_STEP][PASSED] - today = getInstance().getTime(): null

2019-11-06 05:10:06 - [TEST_STEP][PASSED] - c = Calendar.getInstance(): null

2019-11-06 05:10:06 - [TEST_STEP][PASSED] - c.setTime(today): null

2019-11-06 05:10:06 - [TEST_STEP][PASSED] - c.add(DATE, 2): null

2019-11-06 05:10:06 - [TEST_STEP][PASSED] - newShowDate = c.getTime(): null

2019-11-06 05:10:06 - [TEST_STEP][PASSED] - vsyear = dfYYYY.format(newShowDate): null

2019-11-06 05:10:06 - [TEST_STEP][PASSED] - vsmonth = dfMM.format(newShowDate): null

2019-11-06 05:10:06 - [TEST_STEP][PASSED] - vsday = dfDD.format(newShowDate): null

2019-11-06 05:10:06 - [TEST_STEP][PASSED] - println(UtilityMethods.concat("from DTY: ", vsday, " ", vsmonth, " ", vsyear)): null

2019-11-06 05:10:06 - [TEST_STEP][PASSED] - callTestCase(findTestCase("VirtualShow/createShow"), ["testEnvt":"", "username":"", "password":"", "stylist":"", "hostess":"", "cohostess":"", "guest1":"", "guest2":"", "verifyHostess":"", ... ], CONTINUE_ON_FAILURE): Call Test Case 'Test Cases/VirtualShow/createShow' successfully

2019-11-06 05:10:06 - [TEST_CASE][PASSED] - Test Cases/VirtualShow/createShow: Test Cases/VirtualShow/createShow

2019-11-06 05:10:06 - [TEST_STEP][PASSED] - dataFile = "virtualShowData": null

2019-11-06 05:10:06 - [TEST_STEP][PASSED] - stylist = findTestData(dataFile).getValue("stylist", 1): null

2019-11-06 05:10:06 - [TEST_STEP][PASSED] - hostess = findTestData(dataFile).getValue("hostess", 1): null

2019-11-06 05:10:06 - [TEST_STEP][PASSED] - cohostess = findTestData(dataFile).getValue("cohostess", 1): null

2019-11-06 05:10:06 - [TEST_STEP][PASSED] - guest1 = findTestData(dataFile).getValue("guest1", 1): null

2019-11-06 05:10:06 - [TEST_STEP][PASSED] - guest2 = findTestData(dataFile).getValue("guest2", 1): null

2019-11-06 05:10:06 - [TEST_STEP][PASSED] - verifyGuestCount = findTestData(dataFile).getValue("verifyGuestCount", 1): null

2019-11-06 05:10:06 - [TEST_STEP][PASSED] - RSTestEnvt = findTestData("envtData").getValue("RSTestEnvt", 1): null

2019-11-06 05:10:06 - [TEST_STEP][PASSED] - openBrowser(""): Browser is opened with url: ''

2019-11-06 05:10:06 - [MESSAGE][WARNING] - A browser is already opened. Closing browser and opening a new one

2019-11-06 05:10:07 - [MESSAGE][INFO] - Starting 'Chrome' driver

2019-11-06 05:10:07 - [MESSAGE][INFO] - User set preference: ['args', '[--use-fake-ui-for-media-stream, --start-maximized]']

2019-11-06 05:10:09 - [MESSAGE][PASSED] - Browser is opened with url: ''

2019-11-06 05:10:09 - [TEST_STEP][PASSED] - maximizeWindow(): Current window maximized

2019-11-06 05:10:10 - [MESSAGE][PASSED] - Current window maximized

2019-11-06 05:10:10 - [TEST_STEP][PASSED] - callTestCase(findTestCase("TestCaseUtilities/backOfficeLogin"), ["BOURL":"", "BOuser":"", "BOpass":""], CONTINUE_ON_FAILURE): Call Test Case 'Test Cases/TestCaseUtilities/backOfficeLogin' successfully

2019-11-06 05:10:10 - [TEST_CASE][PASSED] - Test Cases/TestCaseUtilities/backOfficeLogin: Test Cases/TestCaseUtilities/backOfficeLogin

2019-11-06 05:10:10 - [TEST_STEP][PASSED] - BOURL = findTestData("envtData").getValue("BOURL", 1): null

2019-11-06 05:10:10 - [TEST_STEP][PASSED] - BOuser = findTestData("credData").getValue("BOuser", 1): null

2019-11-06 05:10:10 - [TEST_STEP][PASSED] - BOpass = findTestData("credData").getValue("BOpass", 1): null

2019-11-06 05:10:10 - [TEST_STEP][PASSED] - openBrowser(""): Browser is opened with url: ''

2019-11-06 05:10:10 - [MESSAGE][WARNING] - A browser is already opened. Closing browser and opening a new one

2019-11-06 05:10:11 - [MESSAGE][INFO] - Starting 'Chrome' driver

2019-11-06 05:10:11 - [MESSAGE][INFO] - User set preference: ['args', '[--use-fake-ui-for-media-stream, --start-maximized]']

2019-11-06 05:10:13 - [MESSAGE][PASSED] - Browser is opened with url: ''

2019-11-06 05:10:13 - [TEST_STEP][PASSED] - navigateToUrl(BOURL): Navigate to 'https://test18.cliotest.com/backoffice/control/main' successfully

2019-11-06 05:10:19 - [MESSAGE][PASSED] - Navigate to 'https://test18.cliotest.com/backoffice/control/main' successfully

2019-11-06 05:10:19 - [TEST_STEP][PASSED] - logOut = findWebElements(findTestObject("Object Repository/Page_cabi Home/log_out"), 1): Unable to find the element located by 'By.xpath: //a[contains(text(),'Log Out')]'. Please recheck the objects properties to make sure the desired element is located. 

2019-11-06 05:10:20 - [MESSAGE][INFO] - Unable to find the element located by 'By.xpath: //a[contains(text(),'Log Out')]'. Please recheck the objects properties to make sure the desired element is located. 

2019-11-06 05:10:20 - [TEST_STEP][PASSED] - if (logOut.size() == 0): Object: 'Object Repository/Page_cabi/input_Welcome to_consultantLogin' is clicked on

2019-11-06 05:10:20 - [TEST_STEP][PASSED] - setText(findTestObject("Page_cabi/input_Welcome to_USERNAME"), BOuser): Text '400000002' is set on object 'Object Repository/Page_cabi/input_Welcome to_USERNAME'

2019-11-06 05:10:21 - [MESSAGE][PASSED] - Text '400000002' is set on object 'Object Repository/Page_cabi/input_Welcome to_USERNAME'

2019-11-06 05:10:21 - [TEST_STEP][PASSED] - setText(findTestObject("Object Repository/Page_cabi/input_Welcome to_PASSWORD"), BOpass): Text 'blackdress19' is set on object 'Object Repository/Page_cabi/input_Welcome to_PASSWORD'

2019-11-06 05:10:21 - [MESSAGE][PASSED] - Text 'blackdress19' is set on object 'Object Repository/Page_cabi/input_Welcome to_PASSWORD'

2019-11-06 05:10:21 - [TEST_STEP][PASSED] - click(findTestObject("Object Repository/Page_cabi/input_Welcome to_consultantLogin")): Object: 'Object Repository/Page_cabi/input_Welcome to_consultantLogin' is clicked on

2019-11-06 05:10:29 - [MESSAGE][PASSED] - Object: 'Object Repository/Page_cabi/input_Welcome to_consultantLogin' is clicked on

2019-11-06 05:10:29 - [TEST_STEP][PASSED] - delay(3): Delayed 3 second(s)

2019-11-06 05:10:32 - [MESSAGE][PASSED] - Delayed 3 second(s)

2019-11-06 05:10:32 - [MESSAGE][PASSED] - Call Test Case 'Test Cases/TestCaseUtilities/backOfficeLogin' successfully

2019-11-06 05:10:32 - [TEST_STEP][PASSED] - verifyElementText(findTestObject("Object Repository/virualShowRSVPOR/Page_cabi/span_username"), stylist): Actual text and expected text of test object 'Object Repository/virualShowRSVPOR/Page_cabi/span_username' are matched.

2019-11-06 05:10:32 - [MESSAGE][PASSED] - Actual text and expected text of test object 'Object Repository/virualShowRSVPOR/Page_cabi/span_username' are matched.

2019-11-06 05:10:32 - [TEST_STEP][PASSED] - click(findTestObject("Object Repository/virualShowRSVPOR/Page_cabi Home/a_shows _orders")): Object: 'Object Repository/virualShowRSVPOR/Page_cabi Home/a_shows _orders' is clicked on

2019-11-06 05:10:32 - [MESSAGE][PASSED] - Object: 'Object Repository/virualShowRSVPOR/Page_cabi Home/a_shows _orders' is clicked on

2019-11-06 05:10:32 - [TEST_STEP][PASSED] - click(findTestObject("Object Repository/virualShowRSVPOR/Page_cabi Home/a_Create_A_Show")): Object: 'Object Repository/virualShowRSVPOR/Page_cabi Home/a_Create_A_Show' is clicked on

2019-11-06 05:10:34 - [MESSAGE][PASSED] - Object: 'Object Repository/virualShowRSVPOR/Page_cabi Home/a_Create_A_Show' is clicked on

2019-11-06 05:10:34 - [TEST_STEP][PASSED] - setText(findTestObject("Object Repository/virualShowRSVPOR/Page_cabi Create Show - Set Hostess/input_Hostess"), hostess): Text 'ahostess-test abc' is set on object 'Object Repository/virualShowRSVPOR/Page_cabi Create Show - Set Hostess/input_Hostess'

2019-11-06 05:10:35 - [MESSAGE][PASSED] - Text 'ahostess-test abc' is set on object 'Object Repository/virualShowRSVPOR/Page_cabi Create Show - Set Hostess/input_Hostess'

2019-11-06 05:10:35 - [TEST_STEP][PASSED] - delay(2): Delayed 2 second(s)

2019-11-06 05:10:37 - [MESSAGE][PASSED] - Delayed 2 second(s)

2019-11-06 05:10:37 - [TEST_STEP][PASSED] - sendKeys(findTestObject("Object Repository/virualShowRSVPOR/Page_cabi Create Show - Set Hostess/input_Hostess"), Keys.chord(ARROW_DOWN)): Keys 'DOWN + ' sent to object: 'Object Repository/virualShowRSVPOR/Page_cabi Create Show - Set Hostess/input_Hostess'

2019-11-06 05:10:37 - [MESSAGE][PASSED] - Keys 'DOWN + ' sent to object: 'Object Repository/virualShowRSVPOR/Page_cabi Create Show - Set Hostess/input_Hostess'

2019-11-06 05:10:37 - [TEST_STEP][PASSED] - sendKeys(findTestObject("Object Repository/virualShowRSVPOR/Page_cabi Create Show - Set Hostess/input_Hostess"), Keys.chord(ENTER)): Keys 'ENTER + ' sent to object: 'Object Repository/virualShowRSVPOR/Page_cabi Create Show - Set Hostess/input_Hostess'

2019-11-06 05:10:37 - [MESSAGE][PASSED] - Keys 'ENTER + ' sent to object: 'Object Repository/virualShowRSVPOR/Page_cabi Create Show - Set Hostess/input_Hostess'

2019-11-06 05:10:37 - [TEST_STEP][PASSED] - delay(2): Delayed 2 second(s)

2019-11-06 05:10:39 - [MESSAGE][PASSED] - Delayed 2 second(s)

2019-11-06 05:10:39 - [TEST_STEP][PASSED] - validateHostessAddressMsg = findWebElements(findTestObject("Object Repository/virualShowRSVPOR/Page_cabi Create Show - Set Hostess/validate_address_msg"), 5): null

2019-11-06 05:10:39 - [TEST_STEP][PASSED] - println(validateHostessAddressMsg.size()): null

2019-11-06 05:10:39 - [TEST_STEP][PASSED] - if (validateHostessAddressMsg.isEmpty()): null

2019-11-06 05:10:39 - [TEST_STEP][PASSED] - selectOptionByValue(findTestObject("Object Repository/virualShowRSVPOR/Page_cabi Create Show - Set Hostess/select_Choose_From_Contacts_Co-Hostess"), "3", true): All options with value '3' are selected in object 'Object Repository/virualShowRSVPOR/Page_cabi Create Show - Set Hostess/select_Choose_From_Contacts_Co-Hostess'  using regular expression

2019-11-06 05:10:39 - [MESSAGE][PASSED] - All options with value '3' are selected in object 'Object Repository/virualShowRSVPOR/Page_cabi Create Show - Set Hostess/select_Choose_From_Contacts_Co-Hostess'  using regular expression

2019-11-06 05:10:39 - [TEST_STEP][PASSED] - setText(findTestObject("Object Repository/virualShowRSVPOR/Page_cabi Create Show - Set Hostess/input_Cohostess"), cohostess): Text 'bcohost-test abc' is set on object 'Object Repository/virualShowRSVPOR/Page_cabi Create Show - Set Hostess/input_Cohostess'

2019-11-06 05:10:40 - [MESSAGE][PASSED] - Text 'bcohost-test abc' is set on object 'Object Repository/virualShowRSVPOR/Page_cabi Create Show - Set Hostess/input_Cohostess'

2019-11-06 05:10:40 - [TEST_STEP][PASSED] - delay(2): Delayed 2 second(s)

2019-11-06 05:10:42 - [MESSAGE][PASSED] - Delayed 2 second(s)

2019-11-06 05:10:42 - [TEST_STEP][PASSED] - sendKeys(findTestObject("Object Repository/virualShowRSVPOR/Page_cabi Create Show - Set Hostess/input_Cohostess"), Keys.chord(ARROW_DOWN)): Keys 'DOWN + ' sent to object: 'Object Repository/virualShowRSVPOR/Page_cabi Create Show - Set Hostess/input_Cohostess'

2019-11-06 05:10:42 - [MESSAGE][PASSED] - Keys 'DOWN + ' sent to object: 'Object Repository/virualShowRSVPOR/Page_cabi Create Show - Set Hostess/input_Cohostess'

2019-11-06 05:10:42 - [TEST_STEP][PASSED] - sendKeys(findTestObject("Object Repository/virualShowRSVPOR/Page_cabi Create Show - Set Hostess/input_Cohostess"), Keys.chord(ENTER)): Keys 'ENTER + ' sent to object: 'Object Repository/virualShowRSVPOR/Page_cabi Create Show - Set Hostess/input_Cohostess'

2019-11-06 05:10:42 - [MESSAGE][PASSED] - Keys 'ENTER + ' sent to object: 'Object Repository/virualShowRSVPOR/Page_cabi Create Show - Set Hostess/input_Cohostess'

2019-11-06 05:10:42 - [TEST_STEP][PASSED] - delay(3): Delayed 3 second(s)

2019-11-06 05:10:45 - [MESSAGE][PASSED] - Delayed 3 second(s)

2019-11-06 05:10:45 - [TEST_STEP][PASSED] - validateHostessAddressMsg = findWebElements(findTestObject("Object Repository/virualShowRSVPOR/Page_cabi Create Show - Set Hostess/validate_address_msg"), 5): null

2019-11-06 05:10:45 - [TEST_STEP][PASSED] - if (validateHostessAddressMsg.size() != 4): null

2019-11-06 05:10:45 - [TEST_STEP][PASSED] - click(findTestObject("Object Repository/virualShowRSVPOR/Page_cabi Create Show - Set Hostess/input_next")): Object: 'Object Repository/virualShowRSVPOR/Page_cabi Create Show - Set Hostess/input_next' is clicked on

2019-11-06 05:10:47 - [MESSAGE][PASSED] - Object: 'Object Repository/virualShowRSVPOR/Page_cabi Create Show - Set Hostess/input_next' is clicked on

2019-11-06 05:10:47 - [TEST_STEP][PASSED] - click(findTestObject("Object Repository/virualShowRSVPOR/Page_cabi Create Show - Time and Place/check_Virtual_Show")): Object: 'Object Repository/virualShowRSVPOR/Page_cabi Create Show - Time and Place/check_Virtual_Show' is clicked on

2019-11-06 05:10:47 - [MESSAGE][PASSED] - Object: 'Object Repository/virualShowRSVPOR/Page_cabi Create Show - Time and Place/check_Virtual_Show' is clicked on

2019-11-06 05:10:47 - [TEST_STEP][PASSED] - click(findTestObject("Object Repository/virualShowRSVPOR/Page_cabi Create Show - Time and Place/input_Show_Date_Time")): Object: 'Object Repository/virualShowRSVPOR/Page_cabi Create Show - Time and Place/input_Show_Date_Time' is clicked on

2019-11-06 05:10:48 - [MESSAGE][PASSED] - Object: 'Object Repository/virualShowRSVPOR/Page_cabi Create Show - Time and Place/input_Show_Date_Time' is clicked on

2019-11-06 05:10:48 - [TEST_STEP][PASSED] - println(UtilityMethods.concat(" ", vsday, " ", vsmonth, " ", vsyear)): null

2019-11-06 05:10:48 - [TEST_STEP][PASSED] - year = vsyear: null

2019-11-06 05:10:48 - [TEST_STEP][PASSED] - month = vsmonth: null

2019-11-06 05:10:48 - [TEST_STEP][PASSED] - day = vsday: null

2019-11-06 05:10:48 - [TEST_STEP][PASSED] - pastdate = findTestData("virtualShowData").getValue("pastdate", 1): null

2019-11-06 05:10:48 - [TEST_STEP][PASSED] - xpath = UtilityMethods.concat("//td[@data-month='" + month - 1 + "' and @data-year='" + year + "']/a[contains(text(), '" + day + "')]"): null

2019-11-06 05:10:48 - [TEST_STEP][PASSED] - dateObj = new com.kms.katalon.core.testobject.TestObject(td_month_year_day): null

2019-11-06 05:10:48 - [TEST_STEP][PASSED] - dateObj.addProperty("xpath", EQUALS, xpath): null

2019-11-06 05:10:48 - [TEST_STEP][PASSED] - monthBound = 12: null

2019-11-06 05:10:48 - [TEST_STEP][PASSED] - dateObjList = findWebElements(dateObj, 5): null

2019-11-06 05:10:48 - [TEST_STEP][PASSED] - while (dateObjList.size() == 0 && monthBound > 0): null

2019-11-06 05:10:48 - [TEST_STEP][PASSED] - click(dateObj): Object: 'td_month_year_day' is clicked on

2019-11-06 05:10:48 - [MESSAGE][PASSED] - Object: 'td_month_year_day' is clicked on

2019-11-06 05:10:48 - [TEST_STEP][PASSED] - click(findTestObject("Object Repository/virualShowRSVPOR/Page_cabi Create Show - Time and Place/a_select_End_Time")): Object: 'Object Repository/virualShowRSVPOR/Page_cabi Create Show - Time and Place/a_select_End_Time' is clicked on

2019-11-06 05:10:48 - [MESSAGE][PASSED] - Object: 'Object Repository/virualShowRSVPOR/Page_cabi Create Show - Time and Place/a_select_End_Time' is clicked on

2019-11-06 05:10:48 - [TEST_STEP][PASSED] - click(findTestObject("Object Repository/virualShowRSVPOR/Page_cabi Create Show - Time and Place/input_next")): Object: 'Object Repository/virualShowRSVPOR/Page_cabi Create Show - Time and Place/input_next' is clicked on

2019-11-06 05:10:48 - [MESSAGE][PASSED] - Object: 'Object Repository/virualShowRSVPOR/Page_cabi Create Show - Time and Place/input_next' is clicked on

2019-11-06 05:10:48 - [TEST_STEP][PASSED] - delay(5): Delayed 5 second(s)

2019-11-06 05:10:53 - [MESSAGE][PASSED] - Delayed 5 second(s)

2019-11-06 05:10:53 - [TEST_STEP][PASSED] - click(findTestObject("Object Repository/virualShowRSVPOR/Page_cabi Create Show - Invite Hostess/input_Skip_Invite")): Object: 'Object Repository/virualShowRSVPOR/Page_cabi Create Show - Invite Hostess/input_Skip_Invite' is clicked on

2019-11-06 05:10:55 - [MESSAGE][PASSED] - Object: 'Object Repository/virualShowRSVPOR/Page_cabi Create Show - Invite Hostess/input_Skip_Invite' is clicked on

2019-11-06 05:10:55 - [TEST_STEP][PASSED] - setText(findTestObject("Object Repository/virualShowRSVPOR/Page_cabi Edit Show - Add Guests/contact_search_box"), guest1): Text 'guest1-test abc' is set on object 'Object Repository/virualShowRSVPOR/Page_cabi Edit Show - Add Guests/contact_search_box'

2019-11-06 05:10:56 - [MESSAGE][PASSED] - Text 'guest1-test abc' is set on object 'Object Repository/virualShowRSVPOR/Page_cabi Edit Show - Add Guests/contact_search_box'

2019-11-06 05:10:56 - [TEST_STEP][PASSED] - delay(2): Delayed 2 second(s)

2019-11-06 05:10:58 - [MESSAGE][PASSED] - Delayed 2 second(s)

2019-11-06 05:10:58 - [TEST_STEP][PASSED] - sendKeys(findTestObject("Object Repository/virualShowRSVPOR/Page_cabi Edit Show - Add Guests/contact_search_box"), Keys.chord(ARROW_DOWN)): Keys 'DOWN + ' sent to object: 'Object Repository/virualShowRSVPOR/Page_cabi Edit Show - Add Guests/contact_search_box'

2019-11-06 05:10:58 - [MESSAGE][PASSED] - Keys 'DOWN + ' sent to object: 'Object Repository/virualShowRSVPOR/Page_cabi Edit Show - Add Guests/contact_search_box'

2019-11-06 05:10:58 - [TEST_STEP][PASSED] - sendKeys(findTestObject("Object Repository/virualShowRSVPOR/Page_cabi Edit Show - Add Guests/contact_search_box"), Keys.chord(ENTER)): Keys 'ENTER + ' sent to object: 'Object Repository/virualShowRSVPOR/Page_cabi Edit Show - Add Guests/contact_search_box'

2019-11-06 05:10:58 - [MESSAGE][PASSED] - Keys 'ENTER + ' sent to object: 'Object Repository/virualShowRSVPOR/Page_cabi Edit Show - Add Guests/contact_search_box'

2019-11-06 05:10:58 - [TEST_STEP][PASSED] - delay(2): Delayed 2 second(s)

2019-11-06 05:11:00 - [MESSAGE][PASSED] - Delayed 2 second(s)

2019-11-06 05:11:00 - [TEST_STEP][PASSED] - click(findTestObject("Object Repository/virualShowRSVPOR/Page_cabi Edit Show - Add Guests/a_add_guest")): Object: 'Object Repository/virualShowRSVPOR/Page_cabi Edit Show - Add Guests/a_add_guest' is clicked on

2019-11-06 05:11:02 - [MESSAGE][PASSED] - Object: 'Object Repository/virualShowRSVPOR/Page_cabi Edit Show - Add Guests/a_add_guest' is clicked on

2019-11-06 05:11:02 - [TEST_STEP][PASSED] - delay(5): Delayed 5 second(s)

2019-11-06 05:11:07 - [MESSAGE][PASSED] - Delayed 5 second(s)

2019-11-06 05:11:07 - [TEST_STEP][PASSED] - setText(findTestObject("Object Repository/virualShowRSVPOR/Page_cabi Edit Show - Add Guests/contact_search_box"), guest2): Text 'guest2-test abc' is set on object 'Object Repository/virualShowRSVPOR/Page_cabi Edit Show - Add Guests/contact_search_box'

2019-11-06 05:11:07 - [MESSAGE][PASSED] - Text 'guest2-test abc' is set on object 'Object Repository/virualShowRSVPOR/Page_cabi Edit Show - Add Guests/contact_search_box'

2019-11-06 05:11:07 - [TEST_STEP][PASSED] - delay(2): Delayed 2 second(s)

2019-11-06 05:11:09 - [MESSAGE][PASSED] - Delayed 2 second(s)

2019-11-06 05:11:09 - [TEST_STEP][PASSED] - sendKeys(findTestObject("Object Repository/virualShowRSVPOR/Page_cabi Edit Show - Add Guests/contact_search_box"), Keys.chord(ARROW_DOWN)): Keys 'DOWN + ' sent to object: 'Object Repository/virualShowRSVPOR/Page_cabi Edit Show - Add Guests/contact_search_box'

2019-11-06 05:11:09 - [MESSAGE][PASSED] - Keys 'DOWN + ' sent to object: 'Object Repository/virualShowRSVPOR/Page_cabi Edit Show - Add Guests/contact_search_box'

2019-11-06 05:11:09 - [TEST_STEP][PASSED] - sendKeys(findTestObject("Object Repository/virualShowRSVPOR/Page_cabi Edit Show - Add Guests/contact_search_box"), Keys.chord(ENTER)): Keys 'ENTER + ' sent to object: 'Object Repository/virualShowRSVPOR/Page_cabi Edit Show - Add Guests/contact_search_box'

2019-11-06 05:11:09 - [MESSAGE][PASSED] - Keys 'ENTER + ' sent to object: 'Object Repository/virualShowRSVPOR/Page_cabi Edit Show - Add Guests/contact_search_box'

2019-11-06 05:11:09 - [TEST_STEP][PASSED] - delay(2): Delayed 2 second(s)

2019-11-06 05:11:11 - [MESSAGE][PASSED] - Delayed 2 second(s)

2019-11-06 05:11:11 - [TEST_STEP][PASSED] - click(findTestObject("Object Repository/virualShowRSVPOR/Page_cabi Edit Show - Add Guests/a_add_guest")): Object: 'Object Repository/virualShowRSVPOR/Page_cabi Edit Show - Add Guests/a_add_guest' is clicked on

2019-11-06 05:11:12 - [MESSAGE][PASSED] - Object: 'Object Repository/virualShowRSVPOR/Page_cabi Edit Show - Add Guests/a_add_guest' is clicked on

2019-11-06 05:11:12 - [TEST_STEP][PASSED] - delay(2): Delayed 2 second(s)

2019-11-06 05:11:14 - [MESSAGE][PASSED] - Delayed 2 second(s)

2019-11-06 05:11:14 - [TEST_STEP][PASSED] - verifyHostess = UtilityMethods.splitPersonName(hostess): null

2019-11-06 05:11:14 - [TEST_STEP][PASSED] - verifyCohostess = UtilityMethods.splitPersonName(cohostess): null

2019-11-06 05:11:14 - [TEST_STEP][PASSED] - verifyGuest1 = UtilityMethods.splitPersonName(guest1): null

2019-11-06 05:11:14 - [TEST_STEP][PASSED] - verifyGuest2 = UtilityMethods.splitPersonName(guest2): null

2019-11-06 05:11:14 - [TEST_STEP][PASSED] - verifyElementText(findTestObject("Object Repository/virualShowRSVPOR/Page_cabi Edit Show - Add Guests/span_hostess_name"), UtilityMethods.concat(verifyHostess[1], ", ", verifyHostess[0])): Actual text and expected text of test object 'Object Repository/virualShowRSVPOR/Page_cabi Edit Show - Add Guests/span_hostess_name' are matched.

2019-11-06 05:11:14 - [MESSAGE][PASSED] - Actual text and expected text of test object 'Object Repository/virualShowRSVPOR/Page_cabi Edit Show - Add Guests/span_hostess_name' are matched.

2019-11-06 05:11:14 - [TEST_STEP][PASSED] - verifyElementText(findTestObject("Object Repository/virualShowRSVPOR/Page_cabi Edit Show - Add Guests/span_cohostess_name"), UtilityMethods.concat(verifyCohostess[1], ", ", verifyCohostess[0])): Actual text and expected text of test object 'Object Repository/virualShowRSVPOR/Page_cabi Edit Show - Add Guests/span_cohostess_name' are matched.

2019-11-06 05:11:14 - [MESSAGE][PASSED] - Actual text and expected text of test object 'Object Repository/virualShowRSVPOR/Page_cabi Edit Show - Add Guests/span_cohostess_name' are matched.

2019-11-06 05:11:14 - [TEST_STEP][PASSED] - listElement = findWebElements(findTestObject("Object Repository/virualShowRSVPOR/Page_cabi Edit Show - Add Guests/span_guest_name_list"), 5): null

2019-11-06 05:11:14 - [TEST_STEP][PASSED] - guestCount = Integer.parseInt(verifyGuestCount): null

2019-11-06 05:11:14 - [TEST_STEP][PASSED] - assert listElement.size() == guestCount: null

2019-11-06 05:11:14 - [TEST_STEP][PASSED] - flag = false: null

2019-11-06 05:11:14 - [TEST_STEP][PASSED] - for ([i = 0, i < guestCount, (i++)]): null

2019-11-06 05:11:14 - [TEST_STEP][PASSED] - flag = false: null

2019-11-06 05:11:14 - [TEST_STEP][PASSED] - if (getText().equals(UtilityMethods.concat(verifyGuest1[1], ", ", verifyGuest1[0]))): null

2019-11-06 05:11:14 - [TEST_STEP][PASSED] - flag = true: null

2019-11-06 05:11:14 - [TEST_STEP][PASSED] - if (getText().equals(UtilityMethods.concat(verifyGuest2[1], ", ", verifyGuest2[0]))): null

2019-11-06 05:11:14 - [TEST_STEP][PASSED] - flag = false: null

2019-11-06 05:11:14 - [TEST_STEP][PASSED] - if (getText().equals(UtilityMethods.concat(verifyGuest1[1], ", ", verifyGuest1[0]))): null

2019-11-06 05:11:14 - [TEST_STEP][PASSED] - if (getText().equals(UtilityMethods.concat(verifyGuest2[1], ", ", verifyGuest2[0]))): null

2019-11-06 05:11:14 - [TEST_STEP][PASSED] - flag = true: null

2019-11-06 05:11:14 - [TEST_STEP][PASSED] - assert flag == true: null

2019-11-06 05:11:14 - [TEST_STEP][PASSED] - click(findTestObject("Object Repository/virualShowRSVPOR/Page_cabi Edit Show - Add Guests/input_Next")): Object: 'Object Repository/virualShowRSVPOR/Page_cabi Edit Show - Add Guests/input_Next' is clicked on

2019-11-06 05:11:16 - [MESSAGE][PASSED] - Object: 'Object Repository/virualShowRSVPOR/Page_cabi Edit Show - Add Guests/input_Next' is clicked on

2019-11-06 05:11:16 - [TEST_STEP][PASSED] - delay(5): Delayed 5 second(s)

2019-11-06 05:11:21 - [MESSAGE][PASSED] - Delayed 5 second(s)

2019-11-06 05:11:21 - [TEST_STEP][PASSED] - click(findTestObject("Object Repository/virualShowRSVPOR/Page_cabi Edit Show - Send Invitations/input_Overview")): Object: 'Object Repository/virualShowRSVPOR/Page_cabi Edit Show - Send Invitations/input_Overview' is clicked on

2019-11-06 05:11:23 - [MESSAGE][PASSED] - Object: 'Object Repository/virualShowRSVPOR/Page_cabi Edit Show - Send Invitations/input_Overview' is clicked on

2019-11-06 05:11:23 - [TEST_STEP][PASSED] - showID = getText(findTestObject("Object Repository/virualShowRSVPOR/Page_cabi Orders/li_Show_ID_Text")): Text of object 'Object Repository/virualShowRSVPOR/Page_cabi Orders/li_Show_ID_Text' is: 'Show #: 104819196'

2019-11-06 05:11:23 - [MESSAGE][PASSED] - Text of object 'Object Repository/virualShowRSVPOR/Page_cabi Orders/li_Show_ID_Text' is: 'Show #: 104819196'

2019-11-06 05:11:23 - [TEST_STEP][PASSED] - rightClick(findTestObject("Object Repository/virualShowRSVPOR/Page_cabi Orders/a_Account")): Object: 'Object Repository/virualShowRSVPOR/Page_cabi Orders/a_Account' is right clicked on

2019-11-06 05:11:23 - [MESSAGE][PASSED] - Object: 'Object Repository/virualShowRSVPOR/Page_cabi Orders/a_Account' is right clicked on

2019-11-06 05:11:23 - [TEST_STEP][PASSED] - click(findTestObject("Object Repository/virualShowRSVPOR/Page_cabi Orders/a_My Profile")): Object: 'Object Repository/virualShowRSVPOR/Page_cabi Orders/a_My Profile' is clicked on

2019-11-06 05:11:26 - [MESSAGE][PASSED] - Object: 'Object Repository/virualShowRSVPOR/Page_cabi Orders/a_My Profile' is clicked on

2019-11-06 05:11:26 - [TEST_STEP][PASSED] - rsName = getText(findTestObject("Object Repository/virualShowRSVPOR/Page_cabi My Profile/span_rsName")): Text of object 'Object Repository/virualShowRSVPOR/Page_cabi My Profile/span_rsName' is: 'MirandaKate'

2019-11-06 05:11:26 - [MESSAGE][PASSED] - Text of object 'Object Repository/virualShowRSVPOR/Page_cabi My Profile/span_rsName' is: 'MirandaKate'

2019-11-06 05:11:26 - [TEST_STEP][PASSED] - micrositeURL = UtilityMethods.createURL(rsName, RSTestEnvt, showID): null

2019-11-06 05:11:26 - [TEST_STEP][PASSED] - println(micrositeURL): null

2019-11-06 05:11:26 - [TEST_STEP][PASSED] - back(): Navigate back successfully

2019-11-06 05:11:27 - [MESSAGE][PASSED] - Navigate back successfully

2019-11-06 05:11:27 - [MESSAGE][PASSED] - Call Test Case 'Test Cases/VirtualShow/createShow' successfully

2019-11-06 05:11:27 - [TEST_STEP][PASSED] - click(findTestObject("Object Repository/virualShowRSVPOR/Page_cabi Edit Show - Send Invitations/a_orders")): Object: 'Object Repository/virualShowRSVPOR/Page_cabi Edit Show - Send Invitations/a_orders' is clicked on

2019-11-06 05:11:28 - [MESSAGE][PASSED] - Object: 'Object Repository/virualShowRSVPOR/Page_cabi Edit Show - Send Invitations/a_orders' is clicked on

2019-11-06 05:11:28 - [TEST_STEP][PASSED] - g1Vars = UtilityMethods.splitPersonName(guest1): null

2019-11-06 05:11:28 - [TEST_STEP][PASSED] - g1Var = UtilityMethods.concat(g1Vars[1], ", ", g1Vars[0]): null

2019-11-06 05:11:28 - [TEST_STEP][PASSED] - buttonPlaceOrder = UtilityMethods.createTestObject("buttoPlaceOrder", "//table[@class='show-order-table']/tbody/tr/td/span[contains(text(), '", g1Var, "')]/parent::td/following-sibling::td[1]/button"): null

2019-11-06 05:11:28 - [TEST_STEP][PASSED] - click(buttonPlaceOrder): Object: 'buttoPlaceOrder' is clicked on

2019-11-06 05:11:31 - [MESSAGE][PASSED] - Object: 'buttoPlaceOrder' is clicked on

2019-11-06 05:11:31 - [TEST_STEP][PASSED] - delay(3): Delayed 3 second(s)

2019-11-06 05:11:34 - [MESSAGE][PASSED] - Delayed 3 second(s)

2019-11-06 05:11:34 - [TEST_STEP][PASSED] - DTYMsg = "Hooray! This order is eligible for "Direct to You" shipping.": null

2019-11-06 05:11:34 - [TEST_STEP][PASSED] - println(getText(findTestObject("Object Repository/virualShowRSVPOR/DTY/label_DtyEligibility"))): Text of object 'Object Repository/virualShowRSVPOR/DTY/label_DtyEligibility' is: 'This order will become eligible for "Direct to You" shipping after 11/06.'

2019-11-06 05:11:34 - [MESSAGE][PASSED] - Text of object 'Object Repository/virualShowRSVPOR/DTY/label_DtyEligibility' is: 'This order will become eligible for "Direct to You" shipping after 11/06.'

2019-11-06 05:11:34 - [TEST_STEP][FAILED] - verifyElementText(findTestObject("Object Repository/virualShowRSVPOR/DTY/label_DtyEligibility"), DTYMsg, CONTINUE_ON_FAILURE): Actual text 'This order will become eligible for "Direct to You" shipping after 11/06.' and expected text 'Hooray! This order is eligible for "Direct to You" shipping.' of test object 'Object Repository/virualShowRSVPOR/DTY/label_DtyEligibility' are NOT matched. (Root cause: com.kms.katalon.core.exception.StepFailedException: Actual text 'This order will become eligible for "Direct to You" shipping after 11/06.' and expected text 'Hooray! This order is eligible for "Direct to You" shipping.' of test object 'Object Repository/virualShowRSVPOR/DTY/label_DtyEligibility' are NOT matched.
	at com.kms.katalon.core.webui.keyword.internal.WebUIKeywordMain.stepFailed(WebUIKeywordMain.groovy:64)
	at com.kms.katalon.core.webui.keyword.builtin.VerifyElementTextKeyword$_verifyElementText_closure1.doCall(VerifyElementTextKeyword.groovy:57)
	at com.kms.katalon.core.webui.keyword.builtin.VerifyElementTextKeyword$_verifyElementText_closure1.call(VerifyElementTextKeyword.groovy)
	at com.kms.katalon.core.webui.keyword.internal.WebUIKeywordMain.runKeyword(WebUIKeywordMain.groovy:20)
	at com.kms.katalon.core.webui.keyword.builtin.VerifyElementTextKeyword.verifyElementText(VerifyElementTextKeyword.groovy:72)
	at com.kms.katalon.core.webui.keyword.builtin.VerifyElementTextKeyword.execute(VerifyElementTextKeyword.groovy:40)
	at com.kms.katalon.core.keyword.internal.KeywordExecutor.executeKeywordForPlatform(KeywordExecutor.groovy:56)
	at com.kms.katalon.core.webui.keyword.WebUiBuiltInKeywords.verifyElementText(WebUiBuiltInKeywords.groovy:3647)
	at com.kms.katalon.core.webui.keyword.WebUiBuiltInKeywords$verifyElementText$8.call(Unknown Source)
	at DTYVS.run(DTYVS:90)
	at com.kms.katalon.core.main.ScriptEngine.run(ScriptEngine.java:194)
	at com.kms.katalon.core.main.ScriptEngine.runScriptAsRawText(ScriptEngine.java:119)
	at com.kms.katalon.core.main.TestCaseExecutor.runScript(TestCaseExecutor.java:342)
	at com.kms.katalon.core.main.TestCaseExecutor.doExecute(TestCaseExecutor.java:333)
	at com.kms.katalon.core.main.TestCaseExecutor.processExecutionPhase(TestCaseExecutor.java:312)
	at com.kms.katalon.core.main.TestCaseExecutor.accessMainPhase(TestCaseExecutor.java:304)
	at com.kms.katalon.core.main.TestCaseExecutor.execute(TestCaseExecutor.java:238)
	at com.kms.katalon.core.main.TestSuiteExecutor.accessTestCaseMainPhase(TestSuiteExecutor.java:129)
	at com.kms.katalon.core.main.TestSuiteExecutor.accessTestSuiteMainPhase(TestSuiteExecutor.java:112)
	at com.kms.katalon.core.main.TestSuiteExecutor.execute(TestSuiteExecutor.java:81)
	at com.kms.katalon.core.main.TestCaseMain.startTestSuite(TestCaseMain.java:157)
	at com.kms.katalon.core.main.TestCaseMain$startTestSuite$0.call(Unknown Source)
	at TempTestSuite1572996950462.run(TempTestSuite1572996950462.groovy:35)
)

2019-11-06 05:11:35 - [MESSAGE][FAILED] - Actual text 'This order will become eligible for "Direct to You" shipping after 11/06.' and expected text 'Hooray! This order is eligible for "Direct to You" shipping.' of test object 'Object Repository/virualShowRSVPOR/DTY/label_DtyEligibility' are NOT matched. (Root cause: com.kms.katalon.core.exception.StepFailedException: Actual text 'This order will become eligible for "Direct to You" shipping after 11/06.' and expected text 'Hooray! This order is eligible for "Direct to You" shipping.' of test object 'Object Repository/virualShowRSVPOR/DTY/label_DtyEligibility' are NOT matched.
	at com.kms.katalon.core.webui.keyword.internal.WebUIKeywordMain.stepFailed(WebUIKeywordMain.groovy:64)
	at com.kms.katalon.core.webui.keyword.builtin.VerifyElementTextKeyword$_verifyElementText_closure1.doCall(VerifyElementTextKeyword.groovy:57)
	at com.kms.katalon.core.webui.keyword.builtin.VerifyElementTextKeyword$_verifyElementText_closure1.call(VerifyElementTextKeyword.groovy)
	at com.kms.katalon.core.webui.keyword.internal.WebUIKeywordMain.runKeyword(WebUIKeywordMain.groovy:20)
	at com.kms.katalon.core.webui.keyword.builtin.VerifyElementTextKeyword.verifyElementText(VerifyElementTextKeyword.groovy:72)
	at com.kms.katalon.core.webui.keyword.builtin.VerifyElementTextKeyword.execute(VerifyElementTextKeyword.groovy:40)
	at com.kms.katalon.core.keyword.internal.KeywordExecutor.executeKeywordForPlatform(KeywordExecutor.groovy:56)
	at com.kms.katalon.core.webui.keyword.WebUiBuiltInKeywords.verifyElementText(WebUiBuiltInKeywords.groovy:3647)
	at com.kms.katalon.core.webui.keyword.WebUiBuiltInKeywords$verifyElementText$8.call(Unknown Source)
	at DTYVS.run(DTYVS:90)
	at com.kms.katalon.core.main.ScriptEngine.run(ScriptEngine.java:194)
	at com.kms.katalon.core.main.ScriptEngine.runScriptAsRawText(ScriptEngine.java:119)
	at com.kms.katalon.core.main.TestCaseExecutor.runScript(TestCaseExecutor.java:342)
	at com.kms.katalon.core.main.TestCaseExecutor.doExecute(TestCaseExecutor.java:333)
	at com.kms.katalon.core.main.TestCaseExecutor.processExecutionPhase(TestCaseExecutor.java:312)
	at com.kms.katalon.core.main.TestCaseExecutor.accessMainPhase(TestCaseExecutor.java:304)
	at com.kms.katalon.core.main.TestCaseExecutor.execute(TestCaseExecutor.java:238)
	at com.kms.katalon.core.main.TestSuiteExecutor.accessTestCaseMainPhase(TestSuiteExecutor.java:129)
	at com.kms.katalon.core.main.TestSuiteExecutor.accessTestSuiteMainPhase(TestSuiteExecutor.java:112)
	at com.kms.katalon.core.main.TestSuiteExecutor.execute(TestSuiteExecutor.java:81)
	at com.kms.katalon.core.main.TestCaseMain.startTestSuite(TestCaseMain.java:157)
	at com.kms.katalon.core.main.TestCaseMain$startTestSuite$0.call(Unknown Source)
	at TempTestSuite1572996950462.run(TempTestSuite1572996950462.groovy:35)
)
[[ATTACHMENT|C:\\Users\\user\\Documents\\testautomation\\KatalonProjects\\Reports\\VirtualShowSuites\\DTYSuite\\20191106_050550\\1572997294696.png]]

2019-11-06 05:11:35 - [TEST_STEP][FAILED] - executor.executeScript("arguments[0].checked=true;", findWebElement(findTestObject("Object Repository/Page_cabi Home/a_same_shipping_address"), 10)): executor.executeScript("arguments[0].checked=true;", findWebElement(findTestObject("Object Repository/Page_cabi Home/a_same_shipping_address"), 10)) FAILED.
Reason:
com.kms.katalon.core.exception.StepFailedException: Actual text 'This order will become eligible for "Direct to You" shipping after 11/06.' and expected text 'Hooray! This order is eligible for "Direct to You" shipping.' of test object 'Object Repository/virualShowRSVPOR/DTY/label_DtyEligibility' are NOT matched. (Root cause: com.kms.katalon.core.exception.StepFailedException: Actual text 'This order will become eligible for "Direct to You" shipping after 11/06.' and expected text 'Hooray! This order is eligible for "Direct to You" shipping.' of test object 'Object Repository/virualShowRSVPOR/DTY/label_DtyEligibility' are NOT matched.
	at com.kms.katalon.core.webui.keyword.internal.WebUIKeywordMain.stepFailed(WebUIKeywordMain.groovy:64)
	at com.kms.katalon.core.webui.keyword.builtin.VerifyElementTextKeyword$_verifyElementText_closure1.doCall(VerifyElementTextKeyword.groovy:57)
	at com.kms.katalon.core.webui.keyword.builtin.VerifyElementTextKeyword$_verifyElementText_closure1.call(VerifyElementTextKeyword.groovy)
	at com.kms.katalon.core.webui.keyword.internal.WebUIKeywordMain.runKeyword(WebUIKeywordMain.groovy:20)
	at com.kms.katalon.core.webui.keyword.builtin.VerifyElementTextKeyword.verifyElementText(VerifyElementTextKeyword.groovy:72)
	at com.kms.katalon.core.webui.keyword.builtin.VerifyElementTextKeyword.execute(VerifyElementTextKeyword.groovy:40)
	at com.kms.katalon.core.keyword.internal.KeywordExecutor.executeKeywordForPlatform(KeywordExecutor.groovy:56)
	at com.kms.katalon.core.webui.keyword.WebUiBuiltInKeywords.verifyElementText(WebUiBuiltInKeywords.groovy:3647)
	at com.kms.katalon.core.webui.keyword.WebUiBuiltInKeywords$verifyElementText$8.call(Unknown Source)
	at DTYVS.run(DTYVS:90)
	at com.kms.katalon.core.main.ScriptEngine.run(ScriptEngine.java:194)
	at com.kms.katalon.core.main.ScriptEngine.runScriptAsRawText(ScriptEngine.java:119)
	at com.kms.katalon.core.main.TestCaseExecutor.runScript(TestCaseExecutor.java:342)
	at com.kms.katalon.core.main.TestCaseExecutor.doExecute(TestCaseExecutor.java:333)
	at com.kms.katalon.core.main.TestCaseExecutor.processExecutionPhase(TestCaseExecutor.java:312)
	at com.kms.katalon.core.main.TestCaseExecutor.accessMainPhase(TestCaseExecutor.java:304)
	at com.kms.katalon.core.main.TestCaseExecutor.execute(TestCaseExecutor.java:238)
	at com.kms.katalon.core.main.TestSuiteExecutor.accessTestCaseMainPhase(TestSuiteExecutor.java:129)
	at com.kms.katalon.core.main.TestSuiteExecutor.accessTestSuiteMainPhase(TestSuiteExecutor.java:112)
	at com.kms.katalon.core.main.TestSuiteExecutor.execute(TestSuiteExecutor.java:81)
	at com.kms.katalon.core.main.TestCaseMain.startTestSuite(TestCaseMain.java:157)
	at com.kms.katalon.core.main.TestCaseMain$startTestSuite$0.call(Unknown Source)
	at TempTestSuite1572996950462.run(TempTestSuite1572996950462.groovy:35)
)
	at com.kms.katalon.core.keyword.internal.KeywordMain.stepFailed(KeywordMain.groovy:37)
	at com.kms.katalon.core.webui.keyword.internal.WebUIKeywordMain.stepFailed(WebUIKeywordMain.groovy:64)
	at com.kms.katalon.core.webui.keyword.builtin.VerifyElementTextKeyword$_verifyElementText_closure1.doCall(VerifyElementTextKeyword.groovy:57)
	at com.kms.katalon.core.webui.keyword.builtin.VerifyElementTextKeyword$_verifyElementText_closure1.call(VerifyElementTextKeyword.groovy)
	at com.kms.katalon.core.webui.keyword.internal.WebUIKeywordMain.runKeyword(WebUIKeywordMain.groovy:20)
	at com.kms.katalon.core.webui.keyword.builtin.VerifyElementTextKeyword.verifyElementText(VerifyElementTextKeyword.groovy:72)
	at com.kms.katalon.core.webui.keyword.builtin.VerifyElementTextKeyword.execute(VerifyElementTextKeyword.groovy:40)
	at com.kms.katalon.core.keyword.internal.KeywordExecutor.executeKeywordForPlatform(KeywordExecutor.groovy:56)
	at com.kms.katalon.core.webui.keyword.WebUiBuiltInKeywords.verifyElementText(WebUiBuiltInKeywords.groovy:3647)
	at com.kms.katalon.core.webui.keyword.WebUiBuiltInKeywords$verifyElementText$8.call(Unknown Source)
	at DTYVS.run(DTYVS:90)
	at com.kms.katalon.core.main.ScriptEngine.run(ScriptEngine.java:194)
	at com.kms.katalon.core.main.ScriptEngine.runScriptAsRawText(ScriptEngine.java:119)
	at com.kms.katalon.core.main.TestCaseExecutor.runScript(TestCaseExecutor.java:342)
	at com.kms.katalon.core.main.TestCaseExecutor.doExecute(TestCaseExecutor.java:333)
	at com.kms.katalon.core.main.TestCaseExecutor.processExecutionPhase(TestCaseExecutor.java:312)
	at com.kms.katalon.core.main.TestCaseExecutor.accessMainPhase(TestCaseExecutor.java:304)
	at com.kms.katalon.core.main.TestCaseExecutor.execute(TestCaseExecutor.java:238)
	at com.kms.katalon.core.main.TestSuiteExecutor.accessTestCaseMainPhase(TestSuiteExecutor.java:129)
	at com.kms.katalon.core.main.TestSuiteExecutor.accessTestSuiteMainPhase(TestSuiteExecutor.java:112)
	at com.kms.katalon.core.main.TestSuiteExecutor.execute(TestSuiteExecutor.java:81)
	at com.kms.katalon.core.main.TestCaseMain.startTestSuite(TestCaseMain.java:157)
	at com.kms.katalon.core.main.TestCaseMain$startTestSuite$0.call(Unknown Source)
	at TempTestSuite1572996950462.run(TempTestSuite1572996950462.groovy:35)
Caused by: com.kms.katalon.core.exception.StepFailedException: Actual text 'This order will become eligible for "Direct to You" shipping after 11/06.' and expected text 'Hooray! This order is eligible for "Direct to You" shipping.' of test object 'Object Repository/virualShowRSVPOR/DTY/label_DtyEligibility' are NOT matched.
	... 23 more


2019-11-06 05:11:35 - [MESSAGE][FAILED] - executor.executeScript("arguments[0].checked=true;", findWebElement(findTestObject("Object Repository/Page_cabi Home/a_same_shipping_address"), 10)) FAILED.
Reason:
com.kms.katalon.core.exception.StepFailedException: Actual text 'This order will become eligible for "Direct to You" shipping after 11/06.' and expected text 'Hooray! This order is eligible for "Direct to You" shipping.' of test object 'Object Repository/virualShowRSVPOR/DTY/label_DtyEligibility' are NOT matched. (Root cause: com.kms.katalon.core.exception.StepFailedException: Actual text 'This order will become eligible for "Direct to You" shipping after 11/06.' and expected text 'Hooray! This order is eligible for "Direct to You" shipping.' of test object 'Object Repository/virualShowRSVPOR/DTY/label_DtyEligibility' are NOT matched.
	at com.kms.katalon.core.webui.keyword.internal.WebUIKeywordMain.stepFailed(WebUIKeywordMain.groovy:64)
	at com.kms.katalon.core.webui.keyword.builtin.VerifyElementTextKeyword$_verifyElementText_closure1.doCall(VerifyElementTextKeyword.groovy:57)
	at com.kms.katalon.core.webui.keyword.builtin.VerifyElementTextKeyword$_verifyElementText_closure1.call(VerifyElementTextKeyword.groovy)
	at com.kms.katalon.core.webui.keyword.internal.WebUIKeywordMain.runKeyword(WebUIKeywordMain.groovy:20)
	at com.kms.katalon.core.webui.keyword.builtin.VerifyElementTextKeyword.verifyElementText(VerifyElementTextKeyword.groovy:72)
	at com.kms.katalon.core.webui.keyword.builtin.VerifyElementTextKeyword.execute(VerifyElementTextKeyword.groovy:40)
	at com.kms.katalon.core.keyword.internal.KeywordExecutor.executeKeywordForPlatform(KeywordExecutor.groovy:56)
	at com.kms.katalon.core.webui.keyword.WebUiBuiltInKeywords.verifyElementText(WebUiBuiltInKeywords.groovy:3647)
	at com.kms.katalon.core.webui.keyword.WebUiBuiltInKeywords$verifyElementText$8.call(Unknown Source)
	at DTYVS.run(DTYVS:90)
	at com.kms.katalon.core.main.ScriptEngine.run(ScriptEngine.java:194)
	at com.kms.katalon.core.main.ScriptEngine.runScriptAsRawText(ScriptEngine.java:119)
	at com.kms.katalon.core.main.TestCaseExecutor.runScript(TestCaseExecutor.java:342)
	at com.kms.katalon.core.main.TestCaseExecutor.doExecute(TestCaseExecutor.java:333)
	at com.kms.katalon.core.main.TestCaseExecutor.processExecutionPhase(TestCaseExecutor.java:312)
	at com.kms.katalon.core.main.TestCaseExecutor.accessMainPhase(TestCaseExecutor.java:304)
	at com.kms.katalon.core.main.TestCaseExecutor.execute(TestCaseExecutor.java:238)
	at com.kms.katalon.core.main.TestSuiteExecutor.accessTestCaseMainPhase(TestSuiteExecutor.java:129)
	at com.kms.katalon.core.main.TestSuiteExecutor.accessTestSuiteMainPhase(TestSuiteExecutor.java:112)
	at com.kms.katalon.core.main.TestSuiteExecutor.execute(TestSuiteExecutor.java:81)
	at com.kms.katalon.core.main.TestCaseMain.startTestSuite(TestCaseMain.java:157)
	at com.kms.katalon.core.main.TestCaseMain$startTestSuite$0.call(Unknown Source)
	at TempTestSuite1572996950462.run(TempTestSuite1572996950462.groovy:35)
)
	at com.kms.katalon.core.keyword.internal.KeywordMain.stepFailed(KeywordMain.groovy:37)
	at com.kms.katalon.core.webui.keyword.internal.WebUIKeywordMain.stepFailed(WebUIKeywordMain.groovy:64)
	at com.kms.katalon.core.webui.keyword.builtin.VerifyElementTextKeyword$_verifyElementText_closure1.doCall(VerifyElementTextKeyword.groovy:57)
	at com.kms.katalon.core.webui.keyword.builtin.VerifyElementTextKeyword$_verifyElementText_closure1.call(VerifyElementTextKeyword.groovy)
	at com.kms.katalon.core.webui.keyword.internal.WebUIKeywordMain.runKeyword(WebUIKeywordMain.groovy:20)
	at com.kms.katalon.core.webui.keyword.builtin.VerifyElementTextKeyword.verifyElementText(VerifyElementTextKeyword.groovy:72)
	at com.kms.katalon.core.webui.keyword.builtin.VerifyElementTextKeyword.execute(VerifyElementTextKeyword.groovy:40)
	at com.kms.katalon.core.keyword.internal.KeywordExecutor.executeKeywordForPlatform(KeywordExecutor.groovy:56)
	at com.kms.katalon.core.webui.keyword.WebUiBuiltInKeywords.verifyElementText(WebUiBuiltInKeywords.groovy:3647)
	at com.kms.katalon.core.webui.keyword.WebUiBuiltInKeywords$verifyElementText$8.call(Unknown Source)
	at DTYVS.run(DTYVS:90)
	at com.kms.katalon.core.main.ScriptEngine.run(ScriptEngine.java:194)
	at com.kms.katalon.core.main.ScriptEngine.runScriptAsRawText(ScriptEngine.java:119)
	at com.kms.katalon.core.main.TestCaseExecutor.runScript(TestCaseExecutor.java:342)
	at com.kms.katalon.core.main.TestCaseExecutor.doExecute(TestCaseExecutor.java:333)
	at com.kms.katalon.core.main.TestCaseExecutor.processExecutionPhase(TestCaseExecutor.java:312)
	at com.kms.katalon.core.main.TestCaseExecutor.accessMainPhase(TestCaseExecutor.java:304)
	at com.kms.katalon.core.main.TestCaseExecutor.execute(TestCaseExecutor.java:238)
	at com.kms.katalon.core.main.TestSuiteExecutor.accessTestCaseMainPhase(TestSuiteExecutor.java:129)
	at com.kms.katalon.core.main.TestSuiteExecutor.accessTestSuiteMainPhase(TestSuiteExecutor.java:112)
	at com.kms.katalon.core.main.TestSuiteExecutor.execute(TestSuiteExecutor.java:81)
	at com.kms.katalon.core.main.TestCaseMain.startTestSuite(TestCaseMain.java:157)
	at com.kms.katalon.core.main.TestCaseMain$startTestSuite$0.call(Unknown Source)
	at TempTestSuite1572996950462.run(TempTestSuite1572996950462.groovy:35)
Caused by: com.kms.katalon.core.exception.StepFailedException: Actual text 'This order will become eligible for "Direct to You" shipping after 11/06.' and expected text 'Hooray! This order is eligible for "Direct to You" shipping.' of test object 'Object Repository/virualShowRSVPOR/DTY/label_DtyEligibility' are NOT matched.
	... 23 more]]></system-out>
         <system-err><![CDATA[2019-11-06 05:10:04 - [TEST_CASE][FAILED] - Test Cases/VirtualShow/BODTY/DTYVS: Test Cases/VirtualShow/BODTY/DTYVS FAILED.
Reason:
com.kms.katalon.core.exception.StepFailedException: Actual text 'This order will become eligible for "Direct to You" shipping after 11/06.' and expected text 'Hooray! This order is eligible for "Direct to You" shipping.' of test object 'Object Repository/virualShowRSVPOR/DTY/label_DtyEligibility' are NOT matched. (Root cause: com.kms.katalon.core.exception.StepFailedException: Actual text 'This order will become eligible for "Direct to You" shipping after 11/06.' and expected text 'Hooray! This order is eligible for "Direct to You" shipping.' of test object 'Object Repository/virualShowRSVPOR/DTY/label_DtyEligibility' are NOT matched.
	at com.kms.katalon.core.webui.keyword.internal.WebUIKeywordMain.stepFailed(WebUIKeywordMain.groovy:64)
	at com.kms.katalon.core.webui.keyword.builtin.VerifyElementTextKeyword$_verifyElementText_closure1.doCall(VerifyElementTextKeyword.groovy:57)
	at com.kms.katalon.core.webui.keyword.builtin.VerifyElementTextKeyword$_verifyElementText_closure1.call(VerifyElementTextKeyword.groovy)
	at com.kms.katalon.core.webui.keyword.internal.WebUIKeywordMain.runKeyword(WebUIKeywordMain.groovy:20)
	at com.kms.katalon.core.webui.keyword.builtin.VerifyElementTextKeyword.verifyElementText(VerifyElementTextKeyword.groovy:72)
	at com.kms.katalon.core.webui.keyword.builtin.VerifyElementTextKeyword.execute(VerifyElementTextKeyword.groovy:40)
	at com.kms.katalon.core.keyword.internal.KeywordExecutor.executeKeywordForPlatform(KeywordExecutor.groovy:56)
	at com.kms.katalon.core.webui.keyword.WebUiBuiltInKeywords.verifyElementText(WebUiBuiltInKeywords.groovy:3647)
	at com.kms.katalon.core.webui.keyword.WebUiBuiltInKeywords$verifyElementText$8.call(Unknown Source)
	at DTYVS.run(DTYVS:90)
	at com.kms.katalon.core.main.ScriptEngine.run(ScriptEngine.java:194)
	at com.kms.katalon.core.main.ScriptEngine.runScriptAsRawText(ScriptEngine.java:119)
	at com.kms.katalon.core.main.TestCaseExecutor.runScript(TestCaseExecutor.java:342)
	at com.kms.katalon.core.main.TestCaseExecutor.doExecute(TestCaseExecutor.java:333)
	at com.kms.katalon.core.main.TestCaseExecutor.processExecutionPhase(TestCaseExecutor.java:312)
	at com.kms.katalon.core.main.TestCaseExecutor.accessMainPhase(TestCaseExecutor.java:304)
	at com.kms.katalon.core.main.TestCaseExecutor.execute(TestCaseExecutor.java:238)
	at com.kms.katalon.core.main.TestSuiteExecutor.accessTestCaseMainPhase(TestSuiteExecutor.java:129)
	at com.kms.katalon.core.main.TestSuiteExecutor.accessTestSuiteMainPhase(TestSuiteExecutor.java:112)
	at com.kms.katalon.core.main.TestSuiteExecutor.execute(TestSuiteExecutor.java:81)
	at com.kms.katalon.core.main.TestCaseMain.startTestSuite(TestCaseMain.java:157)
	at com.kms.katalon.core.main.TestCaseMain$startTestSuite$0.call(Unknown Source)
	at TempTestSuite1572996950462.run(TempTestSuite1572996950462.groovy:35)
)
	at com.kms.katalon.core.keyword.internal.KeywordMain.stepFailed(KeywordMain.groovy:37)
	at com.kms.katalon.core.webui.keyword.internal.WebUIKeywordMain.stepFailed(WebUIKeywordMain.groovy:64)
	at com.kms.katalon.core.webui.keyword.builtin.VerifyElementTextKeyword$_verifyElementText_closure1.doCall(VerifyElementTextKeyword.groovy:57)
	at com.kms.katalon.core.webui.keyword.builtin.VerifyElementTextKeyword$_verifyElementText_closure1.call(VerifyElementTextKeyword.groovy)
	at com.kms.katalon.core.webui.keyword.internal.WebUIKeywordMain.runKeyword(WebUIKeywordMain.groovy:20)
	at com.kms.katalon.core.webui.keyword.builtin.VerifyElementTextKeyword.verifyElementText(VerifyElementTextKeyword.groovy:72)
	at com.kms.katalon.core.webui.keyword.builtin.VerifyElementTextKeyword.execute(VerifyElementTextKeyword.groovy:40)
	at com.kms.katalon.core.keyword.internal.KeywordExecutor.executeKeywordForPlatform(KeywordExecutor.groovy:56)
	at com.kms.katalon.core.webui.keyword.WebUiBuiltInKeywords.verifyElementText(WebUiBuiltInKeywords.groovy:3647)
	at com.kms.katalon.core.webui.keyword.WebUiBuiltInKeywords$verifyElementText$8.call(Unknown Source)
	at DTYVS.run(DTYVS:90)
	at com.kms.katalon.core.main.ScriptEngine.run(ScriptEngine.java:194)
	at com.kms.katalon.core.main.ScriptEngine.runScriptAsRawText(ScriptEngine.java:119)
	at com.kms.katalon.core.main.TestCaseExecutor.runScript(TestCaseExecutor.java:342)
	at com.kms.katalon.core.main.TestCaseExecutor.doExecute(TestCaseExecutor.java:333)
	at com.kms.katalon.core.main.TestCaseExecutor.processExecutionPhase(TestCaseExecutor.java:312)
	at com.kms.katalon.core.main.TestCaseExecutor.accessMainPhase(TestCaseExecutor.java:304)
	at com.kms.katalon.core.main.TestCaseExecutor.execute(TestCaseExecutor.java:238)
	at com.kms.katalon.core.main.TestSuiteExecutor.accessTestCaseMainPhase(TestSuiteExecutor.java:129)
	at com.kms.katalon.core.main.TestSuiteExecutor.accessTestSuiteMainPhase(TestSuiteExecutor.java:112)
	at com.kms.katalon.core.main.TestSuiteExecutor.execute(TestSuiteExecutor.java:81)
	at com.kms.katalon.core.main.TestCaseMain.startTestSuite(TestCaseMain.java:157)
	at com.kms.katalon.core.main.TestCaseMain$startTestSuite$0.call(Unknown Source)
	at TempTestSuite1572996950462.run(TempTestSuite1572996950462.groovy:35)
Caused by: com.kms.katalon.core.exception.StepFailedException: Actual text 'This order will become eligible for "Direct to You" shipping after 11/06.' and expected text 'Hooray! This order is eligible for "Direct to You" shipping.' of test object 'Object Repository/virualShowRSVPOR/DTY/label_DtyEligibility' are NOT matched.
	... 23 more]]></system-err>
      </testcase>
      <testcase name="Test Cases/VirtualShow/BODTY/DTYVSNotEligible" classname="Test Cases/VirtualShow/BODTY/DTYVSNotEligible" status="PASSED">
         <system-out><![CDATA[2019-11-06 05:11:35 - [TEST_CASE][PASSED] - Test Cases/VirtualShow/BODTY/DTYVSNotEligible: Test Cases/VirtualShow/BODTY/DTYVSNotEligible

2019-11-06 05:11:35 - [TEST_STEP][PASSED] - Start listener action : sampleBeforeTestCase: null

2019-11-06 05:11:35 - [TEST_STEP][PASSED] - println(testCaseContext.getTestCaseId()): null

2019-11-06 05:11:35 - [TEST_STEP][PASSED] - println(testCaseContext.getTestCaseVariables()): null

2019-11-06 05:11:35 - [TEST_STEP][PASSED] - sa = new org.testng.asserts.SoftAssert(): null

2019-11-06 05:11:35 - [TEST_STEP][PASSED] - dataFile = "virtualShowData": null

2019-11-06 05:11:35 - [TEST_STEP][PASSED] - guest1 = findTestData(dataFile).getValue("guest1", 1): null

2019-11-06 05:11:35 - [TEST_STEP][PASSED] - guest2 = findTestData(dataFile).getValue("guest2", 1): null

2019-11-06 05:11:35 - [TEST_STEP][PASSED] - hostess = findTestData(dataFile).getValue("hostess", 1): null

2019-11-06 05:11:35 - [TEST_STEP][PASSED] - cohostess = findTestData(dataFile).getValue("cohostess", 1): null

2019-11-06 05:11:35 - [TEST_STEP][PASSED] - dfMM = new java.text.SimpleDateFormat(MM): null

2019-11-06 05:11:35 - [TEST_STEP][PASSED] - dfDD = new java.text.SimpleDateFormat(dd): null

2019-11-06 05:11:35 - [TEST_STEP][PASSED] - dfYYYY = new java.text.SimpleDateFormat(yyyy): null

2019-11-06 05:11:35 - [TEST_STEP][PASSED] - today = getInstance().getTime(): null

2019-11-06 05:11:35 - [TEST_STEP][PASSED] - c = Calendar.getInstance(): null

2019-11-06 05:11:35 - [TEST_STEP][PASSED] - c.setTime(today): null

2019-11-06 05:11:35 - [TEST_STEP][PASSED] - c.add(DATE, 3): null

2019-11-06 05:11:35 - [TEST_STEP][PASSED] - newShowDate = c.getTime(): null

2019-11-06 05:11:35 - [TEST_STEP][PASSED] - vsyear = dfYYYY.format(newShowDate): null

2019-11-06 05:11:35 - [TEST_STEP][PASSED] - vsmonth = dfMM.format(newShowDate): null

2019-11-06 05:11:35 - [TEST_STEP][PASSED] - vsday = dfDD.format(newShowDate): null

2019-11-06 05:11:35 - [TEST_STEP][PASSED] - c.add(DATE, -2): null

2019-11-06 05:11:35 - [TEST_STEP][PASSED] - showEligDate = c.getTime(): null

2019-11-06 05:11:35 - [TEST_STEP][PASSED] - vsyearElig = dfYYYY.format(showEligDate): null

2019-11-06 05:11:35 - [TEST_STEP][PASSED] - vsmonthElig = dfMM.format(showEligDate): null

2019-11-06 05:11:35 - [TEST_STEP][PASSED] - vsdayElig = dfDD.format(showEligDate): null

2019-11-06 05:11:35 - [TEST_STEP][PASSED] - println(UtilityMethods.concat("from DTY: ", vsday, " ", vsmonth, " ", vsyear)): null

2019-11-06 05:11:35 - [TEST_STEP][PASSED] - callTestCase(findTestCase("VirtualShow/createShow"), ["testEnvt":"", "username":"", "password":"", "stylist":"", "hostess":"", "cohostess":"", "guest1":"", "guest2":"", "verifyHostess":"", ... ], CONTINUE_ON_FAILURE): Call Test Case 'Test Cases/VirtualShow/createShow' successfully

2019-11-06 05:11:35 - [TEST_CASE][PASSED] - Test Cases/VirtualShow/createShow: Test Cases/VirtualShow/createShow

2019-11-06 05:11:35 - [TEST_STEP][PASSED] - dataFile = "virtualShowData": null

2019-11-06 05:11:35 - [TEST_STEP][PASSED] - stylist = findTestData(dataFile).getValue("stylist", 1): null

2019-11-06 05:11:35 - [TEST_STEP][PASSED] - hostess = findTestData(dataFile).getValue("hostess", 1): null

2019-11-06 05:11:35 - [TEST_STEP][PASSED] - cohostess = findTestData(dataFile).getValue("cohostess", 1): null

2019-11-06 05:11:35 - [TEST_STEP][PASSED] - guest1 = findTestData(dataFile).getValue("guest1", 1): null

2019-11-06 05:11:35 - [TEST_STEP][PASSED] - guest2 = findTestData(dataFile).getValue("guest2", 1): null

2019-11-06 05:11:36 - [TEST_STEP][PASSED] - verifyGuestCount = findTestData(dataFile).getValue("verifyGuestCount", 1): null

2019-11-06 05:11:36 - [TEST_STEP][PASSED] - RSTestEnvt = findTestData("envtData").getValue("RSTestEnvt", 1): null

2019-11-06 05:11:36 - [TEST_STEP][PASSED] - openBrowser(""): Browser is opened with url: ''

2019-11-06 05:11:36 - [MESSAGE][WARNING] - A browser is already opened. Closing browser and opening a new one

2019-11-06 05:11:36 - [MESSAGE][INFO] - Starting 'Chrome' driver

2019-11-06 05:11:36 - [MESSAGE][INFO] - User set preference: ['args', '[--use-fake-ui-for-media-stream, --start-maximized]']

2019-11-06 05:11:39 - [MESSAGE][PASSED] - Browser is opened with url: ''

2019-11-06 05:11:39 - [TEST_STEP][PASSED] - maximizeWindow(): Current window maximized

2019-11-06 05:11:40 - [MESSAGE][PASSED] - Current window maximized

2019-11-06 05:11:40 - [TEST_STEP][PASSED] - callTestCase(findTestCase("TestCaseUtilities/backOfficeLogin"), ["BOURL":"", "BOuser":"", "BOpass":""], CONTINUE_ON_FAILURE): Call Test Case 'Test Cases/TestCaseUtilities/backOfficeLogin' successfully

2019-11-06 05:11:40 - [TEST_CASE][PASSED] - Test Cases/TestCaseUtilities/backOfficeLogin: Test Cases/TestCaseUtilities/backOfficeLogin

2019-11-06 05:11:40 - [TEST_STEP][PASSED] - BOURL = findTestData("envtData").getValue("BOURL", 1): null

2019-11-06 05:11:40 - [TEST_STEP][PASSED] - BOuser = findTestData("credData").getValue("BOuser", 1): null

2019-11-06 05:11:40 - [TEST_STEP][PASSED] - BOpass = findTestData("credData").getValue("BOpass", 1): null

2019-11-06 05:11:40 - [TEST_STEP][PASSED] - openBrowser(""): Browser is opened with url: ''

2019-11-06 05:11:40 - [MESSAGE][WARNING] - A browser is already opened. Closing browser and opening a new one

2019-11-06 05:11:40 - [MESSAGE][INFO] - Starting 'Chrome' driver

2019-11-06 05:11:40 - [MESSAGE][INFO] - User set preference: ['args', '[--use-fake-ui-for-media-stream, --start-maximized]']

2019-11-06 05:11:43 - [MESSAGE][PASSED] - Browser is opened with url: ''

2019-11-06 05:11:43 - [TEST_STEP][PASSED] - navigateToUrl(BOURL): Navigate to 'https://test18.cliotest.com/backoffice/control/main' successfully

2019-11-06 05:11:49 - [MESSAGE][PASSED] - Navigate to 'https://test18.cliotest.com/backoffice/control/main' successfully

2019-11-06 05:11:49 - [TEST_STEP][PASSED] - logOut = findWebElements(findTestObject("Object Repository/Page_cabi Home/log_out"), 1): Unable to find the element located by 'By.xpath: //a[contains(text(),'Log Out')]'. Please recheck the objects properties to make sure the desired element is located. 

2019-11-06 05:11:50 - [MESSAGE][INFO] - Unable to find the element located by 'By.xpath: //a[contains(text(),'Log Out')]'. Please recheck the objects properties to make sure the desired element is located. 

2019-11-06 05:11:50 - [TEST_STEP][PASSED] - if (logOut.size() == 0): Object: 'Object Repository/Page_cabi/input_Welcome to_consultantLogin' is clicked on

2019-11-06 05:11:50 - [TEST_STEP][PASSED] - setText(findTestObject("Page_cabi/input_Welcome to_USERNAME"), BOuser): Text '400000002' is set on object 'Object Repository/Page_cabi/input_Welcome to_USERNAME'

2019-11-06 05:11:51 - [MESSAGE][PASSED] - Text '400000002' is set on object 'Object Repository/Page_cabi/input_Welcome to_USERNAME'

2019-11-06 05:11:51 - [TEST_STEP][PASSED] - setText(findTestObject("Object Repository/Page_cabi/input_Welcome to_PASSWORD"), BOpass): Text 'blackdress19' is set on object 'Object Repository/Page_cabi/input_Welcome to_PASSWORD'

2019-11-06 05:11:51 - [MESSAGE][PASSED] - Text 'blackdress19' is set on object 'Object Repository/Page_cabi/input_Welcome to_PASSWORD'

2019-11-06 05:11:51 - [TEST_STEP][PASSED] - click(findTestObject("Object Repository/Page_cabi/input_Welcome to_consultantLogin")): Object: 'Object Repository/Page_cabi/input_Welcome to_consultantLogin' is clicked on

2019-11-06 05:11:59 - [MESSAGE][PASSED] - Object: 'Object Repository/Page_cabi/input_Welcome to_consultantLogin' is clicked on

2019-11-06 05:11:59 - [TEST_STEP][PASSED] - delay(3): Delayed 3 second(s)

2019-11-06 05:12:02 - [MESSAGE][PASSED] - Delayed 3 second(s)

2019-11-06 05:12:02 - [MESSAGE][PASSED] - Call Test Case 'Test Cases/TestCaseUtilities/backOfficeLogin' successfully

2019-11-06 05:12:02 - [TEST_STEP][PASSED] - verifyElementText(findTestObject("Object Repository/virualShowRSVPOR/Page_cabi/span_username"), stylist): Actual text and expected text of test object 'Object Repository/virualShowRSVPOR/Page_cabi/span_username' are matched.

2019-11-06 05:12:02 - [MESSAGE][PASSED] - Actual text and expected text of test object 'Object Repository/virualShowRSVPOR/Page_cabi/span_username' are matched.

2019-11-06 05:12:02 - [TEST_STEP][PASSED] - click(findTestObject("Object Repository/virualShowRSVPOR/Page_cabi Home/a_shows _orders")): Object: 'Object Repository/virualShowRSVPOR/Page_cabi Home/a_shows _orders' is clicked on

2019-11-06 05:12:02 - [MESSAGE][PASSED] - Object: 'Object Repository/virualShowRSVPOR/Page_cabi Home/a_shows _orders' is clicked on

2019-11-06 05:12:02 - [TEST_STEP][PASSED] - click(findTestObject("Object Repository/virualShowRSVPOR/Page_cabi Home/a_Create_A_Show")): Object: 'Object Repository/virualShowRSVPOR/Page_cabi Home/a_Create_A_Show' is clicked on

2019-11-06 05:12:05 - [MESSAGE][PASSED] - Object: 'Object Repository/virualShowRSVPOR/Page_cabi Home/a_Create_A_Show' is clicked on

2019-11-06 05:12:05 - [TEST_STEP][PASSED] - setText(findTestObject("Object Repository/virualShowRSVPOR/Page_cabi Create Show - Set Hostess/input_Hostess"), hostess): Text 'ahostess-test abc' is set on object 'Object Repository/virualShowRSVPOR/Page_cabi Create Show - Set Hostess/input_Hostess'

2019-11-06 05:12:05 - [MESSAGE][PASSED] - Text 'ahostess-test abc' is set on object 'Object Repository/virualShowRSVPOR/Page_cabi Create Show - Set Hostess/input_Hostess'

2019-11-06 05:12:05 - [TEST_STEP][PASSED] - delay(2): Delayed 2 second(s)

2019-11-06 05:12:07 - [MESSAGE][PASSED] - Delayed 2 second(s)

2019-11-06 05:12:07 - [TEST_STEP][PASSED] - sendKeys(findTestObject("Object Repository/virualShowRSVPOR/Page_cabi Create Show - Set Hostess/input_Hostess"), Keys.chord(ARROW_DOWN)): Keys 'DOWN + ' sent to object: 'Object Repository/virualShowRSVPOR/Page_cabi Create Show - Set Hostess/input_Hostess'

2019-11-06 05:12:07 - [MESSAGE][PASSED] - Keys 'DOWN + ' sent to object: 'Object Repository/virualShowRSVPOR/Page_cabi Create Show - Set Hostess/input_Hostess'

2019-11-06 05:12:07 - [TEST_STEP][PASSED] - sendKeys(findTestObject("Object Repository/virualShowRSVPOR/Page_cabi Create Show - Set Hostess/input_Hostess"), Keys.chord(ENTER)): Keys 'ENTER + ' sent to object: 'Object Repository/virualShowRSVPOR/Page_cabi Create Show - Set Hostess/input_Hostess'

2019-11-06 05:12:07 - [MESSAGE][PASSED] - Keys 'ENTER + ' sent to object: 'Object Repository/virualShowRSVPOR/Page_cabi Create Show - Set Hostess/input_Hostess'

2019-11-06 05:12:07 - [TEST_STEP][PASSED] - delay(2): Delayed 2 second(s)

2019-11-06 05:12:09 - [MESSAGE][PASSED] - Delayed 2 second(s)

2019-11-06 05:12:09 - [TEST_STEP][PASSED] - validateHostessAddressMsg = findWebElements(findTestObject("Object Repository/virualShowRSVPOR/Page_cabi Create Show - Set Hostess/validate_address_msg"), 5): null

2019-11-06 05:12:09 - [TEST_STEP][PASSED] - println(validateHostessAddressMsg.size()): null

2019-11-06 05:12:09 - [TEST_STEP][PASSED] - if (validateHostessAddressMsg.isEmpty()): null

2019-11-06 05:12:09 - [TEST_STEP][PASSED] - selectOptionByValue(findTestObject("Object Repository/virualShowRSVPOR/Page_cabi Create Show - Set Hostess/select_Choose_From_Contacts_Co-Hostess"), "3", true): All options with value '3' are selected in object 'Object Repository/virualShowRSVPOR/Page_cabi Create Show - Set Hostess/select_Choose_From_Contacts_Co-Hostess'  using regular expression

2019-11-06 05:12:10 - [MESSAGE][PASSED] - All options with value '3' are selected in object 'Object Repository/virualShowRSVPOR/Page_cabi Create Show - Set Hostess/select_Choose_From_Contacts_Co-Hostess'  using regular expression

2019-11-06 05:12:10 - [TEST_STEP][PASSED] - setText(findTestObject("Object Repository/virualShowRSVPOR/Page_cabi Create Show - Set Hostess/input_Cohostess"), cohostess): Text 'bcohost-test abc' is set on object 'Object Repository/virualShowRSVPOR/Page_cabi Create Show - Set Hostess/input_Cohostess'

2019-11-06 05:12:10 - [MESSAGE][PASSED] - Text 'bcohost-test abc' is set on object 'Object Repository/virualShowRSVPOR/Page_cabi Create Show - Set Hostess/input_Cohostess'

2019-11-06 05:12:10 - [TEST_STEP][PASSED] - delay(2): Delayed 2 second(s)

2019-11-06 05:12:12 - [MESSAGE][PASSED] - Delayed 2 second(s)

2019-11-06 05:12:12 - [TEST_STEP][PASSED] - sendKeys(findTestObject("Object Repository/virualShowRSVPOR/Page_cabi Create Show - Set Hostess/input_Cohostess"), Keys.chord(ARROW_DOWN)): Keys 'DOWN + ' sent to object: 'Object Repository/virualShowRSVPOR/Page_cabi Create Show - Set Hostess/input_Cohostess'

2019-11-06 05:12:12 - [MESSAGE][PASSED] - Keys 'DOWN + ' sent to object: 'Object Repository/virualShowRSVPOR/Page_cabi Create Show - Set Hostess/input_Cohostess'

2019-11-06 05:12:12 - [TEST_STEP][PASSED] - sendKeys(findTestObject("Object Repository/virualShowRSVPOR/Page_cabi Create Show - Set Hostess/input_Cohostess"), Keys.chord(ENTER)): Keys 'ENTER + ' sent to object: 'Object Repository/virualShowRSVPOR/Page_cabi Create Show - Set Hostess/input_Cohostess'

2019-11-06 05:12:12 - [MESSAGE][PASSED] - Keys 'ENTER + ' sent to object: 'Object Repository/virualShowRSVPOR/Page_cabi Create Show - Set Hostess/input_Cohostess'

2019-11-06 05:12:12 - [TEST_STEP][PASSED] - delay(3): Delayed 3 second(s)

2019-11-06 05:12:15 - [MESSAGE][PASSED] - Delayed 3 second(s)

2019-11-06 05:12:15 - [TEST_STEP][PASSED] - validateHostessAddressMsg = findWebElements(findTestObject("Object Repository/virualShowRSVPOR/Page_cabi Create Show - Set Hostess/validate_address_msg"), 5): null

2019-11-06 05:12:15 - [TEST_STEP][PASSED] - if (validateHostessAddressMsg.size() != 4): null

2019-11-06 05:12:15 - [TEST_STEP][PASSED] - click(findTestObject("Object Repository/virualShowRSVPOR/Page_cabi Create Show - Set Hostess/input_next")): Object: 'Object Repository/virualShowRSVPOR/Page_cabi Create Show - Set Hostess/input_next' is clicked on

2019-11-06 05:12:18 - [MESSAGE][PASSED] - Object: 'Object Repository/virualShowRSVPOR/Page_cabi Create Show - Set Hostess/input_next' is clicked on

2019-11-06 05:12:18 - [TEST_STEP][PASSED] - click(findTestObject("Object Repository/virualShowRSVPOR/Page_cabi Create Show - Time and Place/check_Virtual_Show")): Object: 'Object Repository/virualShowRSVPOR/Page_cabi Create Show - Time and Place/check_Virtual_Show' is clicked on

2019-11-06 05:12:18 - [MESSAGE][PASSED] - Object: 'Object Repository/virualShowRSVPOR/Page_cabi Create Show - Time and Place/check_Virtual_Show' is clicked on

2019-11-06 05:12:18 - [TEST_STEP][PASSED] - click(findTestObject("Object Repository/virualShowRSVPOR/Page_cabi Create Show - Time and Place/input_Show_Date_Time")): Object: 'Object Repository/virualShowRSVPOR/Page_cabi Create Show - Time and Place/input_Show_Date_Time' is clicked on

2019-11-06 05:12:18 - [MESSAGE][PASSED] - Object: 'Object Repository/virualShowRSVPOR/Page_cabi Create Show - Time and Place/input_Show_Date_Time' is clicked on

2019-11-06 05:12:18 - [TEST_STEP][PASSED] - println(UtilityMethods.concat(" ", vsday, " ", vsmonth, " ", vsyear)): null

2019-11-06 05:12:18 - [TEST_STEP][PASSED] - year = vsyear: null

2019-11-06 05:12:18 - [TEST_STEP][PASSED] - month = vsmonth: null

2019-11-06 05:12:18 - [TEST_STEP][PASSED] - day = vsday: null

2019-11-06 05:12:18 - [TEST_STEP][PASSED] - pastdate = findTestData("virtualShowData").getValue("pastdate", 1): null

2019-11-06 05:12:18 - [TEST_STEP][PASSED] - xpath = UtilityMethods.concat("//td[@data-month='" + month - 1 + "' and @data-year='" + year + "']/a[contains(text(), '" + day + "')]"): null

2019-11-06 05:12:18 - [TEST_STEP][PASSED] - dateObj = new com.kms.katalon.core.testobject.TestObject(td_month_year_day): null

2019-11-06 05:12:18 - [TEST_STEP][PASSED] - dateObj.addProperty("xpath", EQUALS, xpath): null

2019-11-06 05:12:18 - [TEST_STEP][PASSED] - monthBound = 12: null

2019-11-06 05:12:18 - [TEST_STEP][PASSED] - dateObjList = findWebElements(dateObj, 5): null

2019-11-06 05:12:18 - [TEST_STEP][PASSED] - while (dateObjList.size() == 0 && monthBound > 0): null

2019-11-06 05:12:18 - [TEST_STEP][PASSED] - click(dateObj): Object: 'td_month_year_day' is clicked on

2019-11-06 05:12:18 - [MESSAGE][PASSED] - Object: 'td_month_year_day' is clicked on

2019-11-06 05:12:18 - [TEST_STEP][PASSED] - click(findTestObject("Object Repository/virualShowRSVPOR/Page_cabi Create Show - Time and Place/a_select_End_Time")): Object: 'Object Repository/virualShowRSVPOR/Page_cabi Create Show - Time and Place/a_select_End_Time' is clicked on

2019-11-06 05:12:18 - [MESSAGE][PASSED] - Object: 'Object Repository/virualShowRSVPOR/Page_cabi Create Show - Time and Place/a_select_End_Time' is clicked on

2019-11-06 05:12:18 - [TEST_STEP][PASSED] - click(findTestObject("Object Repository/virualShowRSVPOR/Page_cabi Create Show - Time and Place/input_next")): Object: 'Object Repository/virualShowRSVPOR/Page_cabi Create Show - Time and Place/input_next' is clicked on

2019-11-06 05:12:19 - [MESSAGE][PASSED] - Object: 'Object Repository/virualShowRSVPOR/Page_cabi Create Show - Time and Place/input_next' is clicked on

2019-11-06 05:12:19 - [TEST_STEP][PASSED] - delay(5): Delayed 5 second(s)

2019-11-06 05:12:24 - [MESSAGE][PASSED] - Delayed 5 second(s)

2019-11-06 05:12:24 - [TEST_STEP][PASSED] - click(findTestObject("Object Repository/virualShowRSVPOR/Page_cabi Create Show - Invite Hostess/input_Skip_Invite")): Object: 'Object Repository/virualShowRSVPOR/Page_cabi Create Show - Invite Hostess/input_Skip_Invite' is clicked on

2019-11-06 05:12:26 - [MESSAGE][PASSED] - Object: 'Object Repository/virualShowRSVPOR/Page_cabi Create Show - Invite Hostess/input_Skip_Invite' is clicked on

2019-11-06 05:12:26 - [TEST_STEP][PASSED] - setText(findTestObject("Object Repository/virualShowRSVPOR/Page_cabi Edit Show - Add Guests/contact_search_box"), guest1): Text 'guest1-test abc' is set on object 'Object Repository/virualShowRSVPOR/Page_cabi Edit Show - Add Guests/contact_search_box'

2019-11-06 05:12:27 - [MESSAGE][PASSED] - Text 'guest1-test abc' is set on object 'Object Repository/virualShowRSVPOR/Page_cabi Edit Show - Add Guests/contact_search_box'

2019-11-06 05:12:27 - [TEST_STEP][PASSED] - delay(2): Delayed 2 second(s)

2019-11-06 05:12:29 - [MESSAGE][PASSED] - Delayed 2 second(s)

2019-11-06 05:12:29 - [TEST_STEP][PASSED] - sendKeys(findTestObject("Object Repository/virualShowRSVPOR/Page_cabi Edit Show - Add Guests/contact_search_box"), Keys.chord(ARROW_DOWN)): Keys 'DOWN + ' sent to object: 'Object Repository/virualShowRSVPOR/Page_cabi Edit Show - Add Guests/contact_search_box'

2019-11-06 05:12:29 - [MESSAGE][PASSED] - Keys 'DOWN + ' sent to object: 'Object Repository/virualShowRSVPOR/Page_cabi Edit Show - Add Guests/contact_search_box'

2019-11-06 05:12:29 - [TEST_STEP][PASSED] - sendKeys(findTestObject("Object Repository/virualShowRSVPOR/Page_cabi Edit Show - Add Guests/contact_search_box"), Keys.chord(ENTER)): Keys 'ENTER + ' sent to object: 'Object Repository/virualShowRSVPOR/Page_cabi Edit Show - Add Guests/contact_search_box'

2019-11-06 05:12:29 - [MESSAGE][PASSED] - Keys 'ENTER + ' sent to object: 'Object Repository/virualShowRSVPOR/Page_cabi Edit Show - Add Guests/contact_search_box'

2019-11-06 05:12:29 - [TEST_STEP][PASSED] - delay(2): Delayed 2 second(s)

2019-11-06 05:12:31 - [MESSAGE][PASSED] - Delayed 2 second(s)

2019-11-06 05:12:31 - [TEST_STEP][PASSED] - click(findTestObject("Object Repository/virualShowRSVPOR/Page_cabi Edit Show - Add Guests/a_add_guest")): Object: 'Object Repository/virualShowRSVPOR/Page_cabi Edit Show - Add Guests/a_add_guest' is clicked on

2019-11-06 05:12:32 - [MESSAGE][PASSED] - Object: 'Object Repository/virualShowRSVPOR/Page_cabi Edit Show - Add Guests/a_add_guest' is clicked on

2019-11-06 05:12:32 - [TEST_STEP][PASSED] - delay(5): Delayed 5 second(s)

2019-11-06 05:12:37 - [MESSAGE][PASSED] - Delayed 5 second(s)

2019-11-06 05:12:37 - [TEST_STEP][PASSED] - setText(findTestObject("Object Repository/virualShowRSVPOR/Page_cabi Edit Show - Add Guests/contact_search_box"), guest2): Text 'guest2-test abc' is set on object 'Object Repository/virualShowRSVPOR/Page_cabi Edit Show - Add Guests/contact_search_box'

2019-11-06 05:12:37 - [MESSAGE][PASSED] - Text 'guest2-test abc' is set on object 'Object Repository/virualShowRSVPOR/Page_cabi Edit Show - Add Guests/contact_search_box'

2019-11-06 05:12:37 - [TEST_STEP][PASSED] - delay(2): Delayed 2 second(s)

2019-11-06 05:12:39 - [MESSAGE][PASSED] - Delayed 2 second(s)

2019-11-06 05:12:39 - [TEST_STEP][PASSED] - sendKeys(findTestObject("Object Repository/virualShowRSVPOR/Page_cabi Edit Show - Add Guests/contact_search_box"), Keys.chord(ARROW_DOWN)): Keys 'DOWN + ' sent to object: 'Object Repository/virualShowRSVPOR/Page_cabi Edit Show - Add Guests/contact_search_box'

2019-11-06 05:12:39 - [MESSAGE][PASSED] - Keys 'DOWN + ' sent to object: 'Object Repository/virualShowRSVPOR/Page_cabi Edit Show - Add Guests/contact_search_box'

2019-11-06 05:12:39 - [TEST_STEP][PASSED] - sendKeys(findTestObject("Object Repository/virualShowRSVPOR/Page_cabi Edit Show - Add Guests/contact_search_box"), Keys.chord(ENTER)): Keys 'ENTER + ' sent to object: 'Object Repository/virualShowRSVPOR/Page_cabi Edit Show - Add Guests/contact_search_box'

2019-11-06 05:12:40 - [MESSAGE][PASSED] - Keys 'ENTER + ' sent to object: 'Object Repository/virualShowRSVPOR/Page_cabi Edit Show - Add Guests/contact_search_box'

2019-11-06 05:12:40 - [TEST_STEP][PASSED] - delay(2): Delayed 2 second(s)

2019-11-06 05:12:42 - [MESSAGE][PASSED] - Delayed 2 second(s)

2019-11-06 05:12:42 - [TEST_STEP][PASSED] - click(findTestObject("Object Repository/virualShowRSVPOR/Page_cabi Edit Show - Add Guests/a_add_guest")): Object: 'Object Repository/virualShowRSVPOR/Page_cabi Edit Show - Add Guests/a_add_guest' is clicked on

2019-11-06 05:12:42 - [MESSAGE][PASSED] - Object: 'Object Repository/virualShowRSVPOR/Page_cabi Edit Show - Add Guests/a_add_guest' is clicked on

2019-11-06 05:12:42 - [TEST_STEP][PASSED] - delay(2): Delayed 2 second(s)

2019-11-06 05:12:44 - [MESSAGE][PASSED] - Delayed 2 second(s)

2019-11-06 05:12:44 - [TEST_STEP][PASSED] - verifyHostess = UtilityMethods.splitPersonName(hostess): null

2019-11-06 05:12:44 - [TEST_STEP][PASSED] - verifyCohostess = UtilityMethods.splitPersonName(cohostess): null

2019-11-06 05:12:44 - [TEST_STEP][PASSED] - verifyGuest1 = UtilityMethods.splitPersonName(guest1): null

2019-11-06 05:12:44 - [TEST_STEP][PASSED] - verifyGuest2 = UtilityMethods.splitPersonName(guest2): null

2019-11-06 05:12:44 - [TEST_STEP][PASSED] - verifyElementText(findTestObject("Object Repository/virualShowRSVPOR/Page_cabi Edit Show - Add Guests/span_hostess_name"), UtilityMethods.concat(verifyHostess[1], ", ", verifyHostess[0])): Actual text and expected text of test object 'Object Repository/virualShowRSVPOR/Page_cabi Edit Show - Add Guests/span_hostess_name' are matched.

2019-11-06 05:12:44 - [MESSAGE][PASSED] - Actual text and expected text of test object 'Object Repository/virualShowRSVPOR/Page_cabi Edit Show - Add Guests/span_hostess_name' are matched.

2019-11-06 05:12:44 - [TEST_STEP][PASSED] - verifyElementText(findTestObject("Object Repository/virualShowRSVPOR/Page_cabi Edit Show - Add Guests/span_cohostess_name"), UtilityMethods.concat(verifyCohostess[1], ", ", verifyCohostess[0])): Actual text and expected text of test object 'Object Repository/virualShowRSVPOR/Page_cabi Edit Show - Add Guests/span_cohostess_name' are matched.

2019-11-06 05:12:44 - [MESSAGE][PASSED] - Actual text and expected text of test object 'Object Repository/virualShowRSVPOR/Page_cabi Edit Show - Add Guests/span_cohostess_name' are matched.

2019-11-06 05:12:44 - [TEST_STEP][PASSED] - listElement = findWebElements(findTestObject("Object Repository/virualShowRSVPOR/Page_cabi Edit Show - Add Guests/span_guest_name_list"), 5): null

2019-11-06 05:12:44 - [TEST_STEP][PASSED] - guestCount = Integer.parseInt(verifyGuestCount): null

2019-11-06 05:12:44 - [TEST_STEP][PASSED] - assert listElement.size() == guestCount: null

2019-11-06 05:12:44 - [TEST_STEP][PASSED] - flag = false: null

2019-11-06 05:12:44 - [TEST_STEP][PASSED] - for ([i = 0, i < guestCount, (i++)]): null

2019-11-06 05:12:44 - [TEST_STEP][PASSED] - flag = false: null

2019-11-06 05:12:44 - [TEST_STEP][PASSED] - if (getText().equals(UtilityMethods.concat(verifyGuest1[1], ", ", verifyGuest1[0]))): null

2019-11-06 05:12:45 - [TEST_STEP][PASSED] - flag = true: null

2019-11-06 05:12:45 - [TEST_STEP][PASSED] - if (getText().equals(UtilityMethods.concat(verifyGuest2[1], ", ", verifyGuest2[0]))): null

2019-11-06 05:12:45 - [TEST_STEP][PASSED] - flag = false: null

2019-11-06 05:12:45 - [TEST_STEP][PASSED] - if (getText().equals(UtilityMethods.concat(verifyGuest1[1], ", ", verifyGuest1[0]))): null

2019-11-06 05:12:45 - [TEST_STEP][PASSED] - if (getText().equals(UtilityMethods.concat(verifyGuest2[1], ", ", verifyGuest2[0]))): null

2019-11-06 05:12:45 - [TEST_STEP][PASSED] - flag = true: null

2019-11-06 05:12:45 - [TEST_STEP][PASSED] - assert flag == true: null

2019-11-06 05:12:45 - [TEST_STEP][PASSED] - click(findTestObject("Object Repository/virualShowRSVPOR/Page_cabi Edit Show - Add Guests/input_Next")): Object: 'Object Repository/virualShowRSVPOR/Page_cabi Edit Show - Add Guests/input_Next' is clicked on

2019-11-06 05:12:47 - [MESSAGE][PASSED] - Object: 'Object Repository/virualShowRSVPOR/Page_cabi Edit Show - Add Guests/input_Next' is clicked on

2019-11-06 05:12:47 - [TEST_STEP][PASSED] - delay(5): Delayed 5 second(s)

2019-11-06 05:12:52 - [MESSAGE][PASSED] - Delayed 5 second(s)

2019-11-06 05:12:52 - [TEST_STEP][PASSED] - click(findTestObject("Object Repository/virualShowRSVPOR/Page_cabi Edit Show - Send Invitations/input_Overview")): Object: 'Object Repository/virualShowRSVPOR/Page_cabi Edit Show - Send Invitations/input_Overview' is clicked on

2019-11-06 05:12:55 - [MESSAGE][PASSED] - Object: 'Object Repository/virualShowRSVPOR/Page_cabi Edit Show - Send Invitations/input_Overview' is clicked on

2019-11-06 05:12:55 - [TEST_STEP][PASSED] - showID = getText(findTestObject("Object Repository/virualShowRSVPOR/Page_cabi Orders/li_Show_ID_Text")): Text of object 'Object Repository/virualShowRSVPOR/Page_cabi Orders/li_Show_ID_Text' is: 'Show #: 104819198'

2019-11-06 05:12:56 - [MESSAGE][PASSED] - Text of object 'Object Repository/virualShowRSVPOR/Page_cabi Orders/li_Show_ID_Text' is: 'Show #: 104819198'

2019-11-06 05:12:56 - [TEST_STEP][PASSED] - rightClick(findTestObject("Object Repository/virualShowRSVPOR/Page_cabi Orders/a_Account")): Object: 'Object Repository/virualShowRSVPOR/Page_cabi Orders/a_Account' is right clicked on

2019-11-06 05:12:56 - [MESSAGE][PASSED] - Object: 'Object Repository/virualShowRSVPOR/Page_cabi Orders/a_Account' is right clicked on

2019-11-06 05:12:56 - [TEST_STEP][PASSED] - click(findTestObject("Object Repository/virualShowRSVPOR/Page_cabi Orders/a_My Profile")): Object: 'Object Repository/virualShowRSVPOR/Page_cabi Orders/a_My Profile' is clicked on

2019-11-06 05:12:58 - [MESSAGE][PASSED] - Object: 'Object Repository/virualShowRSVPOR/Page_cabi Orders/a_My Profile' is clicked on

2019-11-06 05:12:58 - [TEST_STEP][PASSED] - rsName = getText(findTestObject("Object Repository/virualShowRSVPOR/Page_cabi My Profile/span_rsName")): Text of object 'Object Repository/virualShowRSVPOR/Page_cabi My Profile/span_rsName' is: 'MirandaKate'

2019-11-06 05:12:58 - [MESSAGE][PASSED] - Text of object 'Object Repository/virualShowRSVPOR/Page_cabi My Profile/span_rsName' is: 'MirandaKate'

2019-11-06 05:12:58 - [TEST_STEP][PASSED] - micrositeURL = UtilityMethods.createURL(rsName, RSTestEnvt, showID): null

2019-11-06 05:12:58 - [TEST_STEP][PASSED] - println(micrositeURL): null

2019-11-06 05:12:58 - [TEST_STEP][PASSED] - back(): Navigate back successfully

2019-11-06 05:12:59 - [MESSAGE][PASSED] - Navigate back successfully

2019-11-06 05:12:59 - [MESSAGE][PASSED] - Call Test Case 'Test Cases/VirtualShow/createShow' successfully

2019-11-06 05:12:59 - [TEST_STEP][PASSED] - click(findTestObject("Object Repository/virualShowRSVPOR/Page_cabi Edit Show - Send Invitations/a_orders")): Object: 'Object Repository/virualShowRSVPOR/Page_cabi Edit Show - Send Invitations/a_orders' is clicked on

2019-11-06 05:13:01 - [MESSAGE][PASSED] - Object: 'Object Repository/virualShowRSVPOR/Page_cabi Edit Show - Send Invitations/a_orders' is clicked on

2019-11-06 05:13:01 - [TEST_STEP][PASSED] - g1Vars = UtilityMethods.splitPersonName(guest1): null

2019-11-06 05:13:01 - [TEST_STEP][PASSED] - g1Var = UtilityMethods.concat(g1Vars[1], ", ", g1Vars[0]): null

2019-11-06 05:13:01 - [TEST_STEP][PASSED] - buttonPlaceOrder = UtilityMethods.createTestObject("buttoPlaceOrder", "//table[@class='show-order-table']/tbody/tr/td/span[contains(text(), '", g1Var, "')]/parent::td/following-sibling::td[1]/button"): null

2019-11-06 05:13:01 - [TEST_STEP][PASSED] - click(buttonPlaceOrder): Object: 'buttoPlaceOrder' is clicked on

2019-11-06 05:13:04 - [MESSAGE][PASSED] - Object: 'buttoPlaceOrder' is clicked on

2019-11-06 05:13:04 - [TEST_STEP][PASSED] - delay(3): Delayed 3 second(s)

2019-11-06 05:13:07 - [MESSAGE][PASSED] - Delayed 3 second(s)

2019-11-06 05:13:07 - [TEST_STEP][PASSED] - DTYMsg = UtilityMethods.concat("This order will become eligible for "Direct to You" shipping after ", vsmonthElig, "/", vsdayElig, "."): null

2019-11-06 05:13:07 - [TEST_STEP][PASSED] - println(getText(findTestObject("Object Repository/virualShowRSVPOR/DTY/label_DtyEligibility"))): Text of object 'Object Repository/virualShowRSVPOR/DTY/label_DtyEligibility' is: 'This order will become eligible for "Direct to You" shipping after 11/07.'

2019-11-06 05:13:07 - [MESSAGE][PASSED] - Text of object 'Object Repository/virualShowRSVPOR/DTY/label_DtyEligibility' is: 'This order will become eligible for "Direct to You" shipping after 11/07.'

2019-11-06 05:13:07 - [TEST_STEP][PASSED] - verifyElementText(findTestObject("Object Repository/virualShowRSVPOR/DTY/label_DtyEligibility"), DTYMsg, CONTINUE_ON_FAILURE): Actual text and expected text of test object 'Object Repository/virualShowRSVPOR/DTY/label_DtyEligibility' are matched.

2019-11-06 05:13:07 - [MESSAGE][PASSED] - Actual text and expected text of test object 'Object Repository/virualShowRSVPOR/DTY/label_DtyEligibility' are matched.

2019-11-06 05:13:07 - [TEST_STEP][PASSED] - check(findTestObject("Object Repository/Page_cabi Home/a_same_shipping_address")): Object 'Object Repository/Page_cabi Home/a_same_shipping_address' is checked

2019-11-06 05:13:07 - [MESSAGE][PASSED] - Object 'Object Repository/Page_cabi Home/a_same_shipping_address' is checked

2019-11-06 05:13:07 - [TEST_STEP][PASSED] - delay(3): Delayed 3 second(s)

2019-11-06 05:13:10 - [MESSAGE][PASSED] - Delayed 3 second(s)

2019-11-06 05:13:10 - [TEST_STEP][PASSED] - driver = getWebDriver(): null

2019-11-06 05:13:10 - [TEST_STEP][PASSED] - executor = driver: null

2019-11-06 05:13:10 - [TEST_STEP][PASSED] - executor.executeScript("arguments[0].click();", findWebElement(findTestObject("Object Repository/Page_cabi Home/a_order_items"), 5)): null

2019-11-06 05:13:10 - [TEST_STEP][PASSED] - click(findTestObject("Object Repository/Page_cabi Retail Store/span_quick_entry")): Object: 'Object Repository/Page_cabi Retail Store/span_quick_entry' is clicked on

2019-11-06 05:13:15 - [MESSAGE][PASSED] - Object: 'Object Repository/Page_cabi Retail Store/span_quick_entry' is clicked on

2019-11-06 05:13:15 - [TEST_STEP][PASSED] - delay(3): Delayed 3 second(s)

2019-11-06 05:13:18 - [MESSAGE][PASSED] - Delayed 3 second(s)

2019-11-06 05:13:18 - [TEST_STEP][PASSED] - emptyCart = findWebElements(findTestObject("Object Repository/Page_cabi Personal Store/removeFromCart"), 5): Unable to find the element located by 'By.xpath: //*[@id="removeFromCart_0"]/span'. Please recheck the objects properties to make sure the desired element is located. 

2019-11-06 05:13:23 - [MESSAGE][INFO] - Unable to find the element located by 'By.xpath: //*[@id="removeFromCart_0"]/span'. Please recheck the objects properties to make sure the desired element is located. 

2019-11-06 05:13:23 - [TEST_STEP][PASSED] - if (emptyCart.size() > 0): null

2019-11-06 05:13:23 - [TEST_STEP][PASSED] - addOnStyle = findTestData("miscData").getValue("addOnStyle", 1): null

2019-11-06 05:13:23 - [TEST_STEP][PASSED] - addOnStyle2 = findTestData("miscData").getValue("addOnStyle", 2): null

2019-11-06 05:13:23 - [TEST_STEP][PASSED] - setText(findTestObject("Object Repository/Page_cabi Create Order/input_Manual Discount_stylelookup_0"), addOnStyle): Text '3701' is set on object 'Object Repository/Page_cabi Create Order/input_Manual Discount_stylelookup_0'

2019-11-06 05:13:24 - [MESSAGE][PASSED] - Text '3701' is set on object 'Object Repository/Page_cabi Create Order/input_Manual Discount_stylelookup_0'

2019-11-06 05:13:24 - [TEST_STEP][PASSED] - delay(2): Delayed 2 second(s)

2019-11-06 05:13:26 - [MESSAGE][PASSED] - Delayed 2 second(s)

2019-11-06 05:13:26 - [TEST_STEP][PASSED] - sendKeys(findTestObject("Object Repository/Page_cabi Create Order/input_Manual Discount_stylelookup_0"), Keys.chord(ARROW_DOWN)): Keys 'DOWN + ' sent to object: 'Object Repository/Page_cabi Create Order/input_Manual Discount_stylelookup_0'

2019-11-06 05:13:26 - [MESSAGE][PASSED] - Keys 'DOWN + ' sent to object: 'Object Repository/Page_cabi Create Order/input_Manual Discount_stylelookup_0'

2019-11-06 05:13:26 - [TEST_STEP][PASSED] - delay(2): Delayed 2 second(s)

2019-11-06 05:13:28 - [MESSAGE][PASSED] - Delayed 2 second(s)

2019-11-06 05:13:28 - [TEST_STEP][PASSED] - sendKeys(findTestObject("Object Repository/Page_cabi Create Order/input_Manual Discount_stylelookup_0"), Keys.chord(ARROW_DOWN)): Keys 'DOWN + ' sent to object: 'Object Repository/Page_cabi Create Order/input_Manual Discount_stylelookup_0'

2019-11-06 05:13:28 - [MESSAGE][PASSED] - Keys 'DOWN + ' sent to object: 'Object Repository/Page_cabi Create Order/input_Manual Discount_stylelookup_0'

2019-11-06 05:13:28 - [TEST_STEP][PASSED] - sendKeys(findTestObject("Object Repository/Page_cabi Create Order/input_Manual Discount_stylelookup_0"), Keys.chord(ENTER)): Keys 'ENTER + ' sent to object: 'Object Repository/Page_cabi Create Order/input_Manual Discount_stylelookup_0'

2019-11-06 05:13:28 - [MESSAGE][PASSED] - Keys 'ENTER + ' sent to object: 'Object Repository/Page_cabi Create Order/input_Manual Discount_stylelookup_0'

2019-11-06 05:13:28 - [TEST_STEP][PASSED] - delay(5): Delayed 5 second(s)

2019-11-06 05:13:33 - [MESSAGE][PASSED] - Delayed 5 second(s)

2019-11-06 05:13:33 - [TEST_STEP][PASSED] - click(findTestObject("Object Repository/Page_cabi Order Items/selectSize")): Object: 'Object Repository/Page_cabi Order Items/selectSize' is clicked on

2019-11-06 05:13:33 - [MESSAGE][PASSED] - Object: 'Object Repository/Page_cabi Order Items/selectSize' is clicked on

2019-11-06 05:13:33 - [TEST_STEP][PASSED] - delay(3): Delayed 3 second(s)

2019-11-06 05:13:36 - [MESSAGE][PASSED] - Delayed 3 second(s)

2019-11-06 05:13:36 - [TEST_STEP][PASSED] - click(findTestObject("Object Repository/Page_cabi Order Items/span_Add to Cart")): Object: 'Object Repository/Page_cabi Order Items/span_Add to Cart' is clicked on

2019-11-06 05:13:36 - [MESSAGE][PASSED] - Object: 'Object Repository/Page_cabi Order Items/span_Add to Cart' is clicked on

2019-11-06 05:13:36 - [TEST_STEP][PASSED] - delay(5): Delayed 5 second(s)

2019-11-06 05:13:41 - [MESSAGE][PASSED] - Delayed 5 second(s)

2019-11-06 05:13:41 - [TEST_STEP][PASSED] - click(findTestObject("Object Repository/Page_cabi Order Items/a_next")): Object: 'Object Repository/Page_cabi Order Items/a_next' is clicked on

2019-11-06 05:13:41 - [MESSAGE][PASSED] - Object: 'Object Repository/Page_cabi Order Items/a_next' is clicked on

2019-11-06 05:13:41 - [TEST_STEP][PASSED] - delay(3): Delayed 3 second(s)

2019-11-06 05:13:44 - [MESSAGE][PASSED] - Delayed 3 second(s)

2019-11-06 05:13:44 - [TEST_STEP][PASSED] - verifyElementText(findTestObject("Object Repository/Page_cabi Shipping/label_DTYMsg1"), "This order is not yet eligible for "Direct to You" shipping.", CONTINUE_ON_FAILURE): Actual text and expected text of test object 'Object Repository/Page_cabi Shipping/label_DTYMsg1' are matched.

2019-11-06 05:13:44 - [MESSAGE][PASSED] - Actual text and expected text of test object 'Object Repository/Page_cabi Shipping/label_DTYMsg1' are matched.

2019-11-06 05:13:44 - [TEST_STEP][PASSED] - delay(1): Delayed 1 second(s)

2019-11-06 05:13:45 - [MESSAGE][PASSED] - Delayed 1 second(s)

2019-11-06 05:13:45 - [TEST_STEP][PASSED] - verifyElementText(findTestObject("Object Repository/Page_cabi Shipping/label_DTYMsg2"), ""Direct to You" order must be paid by credit card or cabi Gift Card.", CONTINUE_ON_FAILURE): Actual text and expected text of test object 'Object Repository/Page_cabi Shipping/label_DTYMsg2' are matched.

2019-11-06 05:13:45 - [MESSAGE][PASSED] - Actual text and expected text of test object 'Object Repository/Page_cabi Shipping/label_DTYMsg2' are matched.

2019-11-06 05:13:45 - [TEST_STEP][PASSED] - delay(1): Delayed 1 second(s)

2019-11-06 05:13:46 - [MESSAGE][PASSED] - Delayed 1 second(s)

2019-11-06 05:13:46 - [TEST_STEP][PASSED] - verifyElementText(findTestObject("Object Repository/Page_cabi Shipping/label_DTYMsg3"), ""Direct to You" order can start being placed 2 days before the show date.", CONTINUE_ON_FAILURE): Actual text and expected text of test object 'Object Repository/Page_cabi Shipping/label_DTYMsg3' are matched.

2019-11-06 05:13:46 - [MESSAGE][PASSED] - Actual text and expected text of test object 'Object Repository/Page_cabi Shipping/label_DTYMsg3' are matched.

2019-11-06 05:13:46 - [TEST_STEP][PASSED] - delay(1): Delayed 1 second(s)

2019-11-06 05:13:47 - [MESSAGE][PASSED] - Delayed 1 second(s)

2019-11-06 05:13:47 - [TEST_STEP][PASSED] - hasAtributeDisabled = verifyElementHasAttribute(findTestObject("Object Repository/Page_cabi Shipping/check_as_dty_order"), "disabled", 20, CONTINUE_ON_FAILURE): Object 'Object Repository/Page_cabi Shipping/check_as_dty_order' has attribute 'disabled'

2019-11-06 05:13:47 - [MESSAGE][PASSED] - Object 'Object Repository/Page_cabi Shipping/check_as_dty_order' has attribute 'disabled'

2019-11-06 05:13:47 - [TEST_STEP][PASSED] - if (hasAtributeDisabled): Object 'Object Repository/Page_cabi Shipping/check_as_dty_order' has attribute 'disabled' with value 'true'

2019-11-06 05:13:47 - [TEST_STEP][PASSED] - verifyElementAttributeValue(findTestObject("Object Repository/Page_cabi Shipping/check_as_dty_order"), "disabled", "true", 20): Object 'Object Repository/Page_cabi Shipping/check_as_dty_order' has attribute 'disabled' with value 'true'

2019-11-06 05:13:48 - [MESSAGE][PASSED] - Object 'Object Repository/Page_cabi Shipping/check_as_dty_order' has attribute 'disabled' with value 'true'

2019-11-06 05:13:48 - [TEST_STEP][PASSED] - span_place_dty_order_greys = findWebElements(findTestObject("Object Repository/Page_cabi Shipping/span_place_dty_order_grey"), 20): null

2019-11-06 05:13:48 - [TEST_STEP][PASSED] - if (span_place_dty_order_greys.size() != 1): null

2019-11-06 05:13:48 - [TEST_STEP][PASSED] - verifyElementHasAttribute(findTestObject("Page_cabi Shipping/span_dty_checkmark_grey"), "style", 20, CONTINUE_ON_FAILURE): Object 'Object Repository/Page_cabi Shipping/span_dty_checkmark_grey' has attribute 'style'

2019-11-06 05:13:48 - [MESSAGE][PASSED] - Object 'Object Repository/Page_cabi Shipping/span_dty_checkmark_grey' has attribute 'style'

2019-11-06 05:13:48 - [TEST_STEP][PASSED] - verifyElementAttributeValue(findTestObject("Object Repository/Page_cabi Shipping/span_dty_checkmark_grey"), "style", "background-color: rgb(211, 211, 211); cursor: default;", 20): Object 'Object Repository/Page_cabi Shipping/span_dty_checkmark_grey' has attribute 'style' with value 'background-color: rgb(211, 211, 211); cursor: default;'

2019-11-06 05:13:48 - [MESSAGE][PASSED] - Object 'Object Repository/Page_cabi Shipping/span_dty_checkmark_grey' has attribute 'style' with value 'background-color: rgb(211, 211, 211); cursor: default;'

2019-11-06 05:13:48 - [TEST_STEP][PASSED] - delay(1): Delayed 1 second(s)

2019-11-06 05:13:49 - [MESSAGE][PASSED] - Delayed 1 second(s)

2019-11-06 05:13:49 - [TEST_STEP][PASSED] - click(findTestObject("Object Repository/Page_cabi Shipping/a_show_order_checkout_next")): Object: 'Object Repository/Page_cabi Shipping/a_show_order_checkout_next' is clicked on

2019-11-06 05:13:49 - [MESSAGE][PASSED] - Object: 'Object Repository/Page_cabi Shipping/a_show_order_checkout_next' is clicked on

2019-11-06 05:13:49 - [TEST_STEP][PASSED] - delay(1): Delayed 1 second(s)

2019-11-06 05:13:50 - [MESSAGE][PASSED] - Delayed 1 second(s)

2019-11-06 05:13:50 - [TEST_STEP][PASSED] - click(findTestObject("Object Repository/Page_cabi Shipping/a_make_first_payment")): Object: 'Object Repository/Page_cabi Shipping/a_make_first_payment' is clicked on

2019-11-06 05:13:52 - [MESSAGE][PASSED] - Object: 'Object Repository/Page_cabi Shipping/a_make_first_payment' is clicked on

2019-11-06 05:13:52 - [TEST_STEP][PASSED] - delay(3): Delayed 3 second(s)

2019-11-06 05:13:55 - [MESSAGE][PASSED] - Delayed 3 second(s)

2019-11-06 05:13:55 - [TEST_STEP][PASSED] - paymentOptions = findWebElements(findTestObject("Page_cabi Shipping/select_payment_options"), 20): null

2019-11-06 05:13:55 - [TEST_STEP][PASSED] - get(0).getAttribute(addOnStyle): null

2019-11-06 05:13:55 - [TEST_STEP][PASSED] - validPayOption = true: null

2019-11-06 05:13:55 - [TEST_STEP][PASSED] - for (org.openqa.selenium.WebElement we : paymentOptions): null

2019-11-06 05:13:55 - [TEST_STEP][PASSED] - option = we.getText(): null

2019-11-06 05:13:55 - [TEST_STEP][PASSED] - validPayOption = false: null

2019-11-06 05:13:55 - [TEST_STEP][PASSED] - if (option.matches(".*[^\d]\d{4}$") || option.equalsIgnoreCase("Gift Card") || option.equalsIgnoreCase("Add New Credit Card") || option.equalsIgnoreCase("Cash") || option.equalsIgnoreCase("Check")): null

2019-11-06 05:13:55 - [TEST_STEP][PASSED] - validPayOption = true: null

2019-11-06 05:13:55 - [TEST_STEP][PASSED] - option = we.getText(): null

2019-11-06 05:13:55 - [TEST_STEP][PASSED] - validPayOption = false: null

2019-11-06 05:13:55 - [TEST_STEP][PASSED] - if (option.matches(".*[^\d]\d{4}$") || option.equalsIgnoreCase("Gift Card") || option.equalsIgnoreCase("Add New Credit Card") || option.equalsIgnoreCase("Cash") || option.equalsIgnoreCase("Check")): null

2019-11-06 05:13:55 - [TEST_STEP][PASSED] - validPayOption = true: null

2019-11-06 05:13:55 - [TEST_STEP][PASSED] - option = we.getText(): null

2019-11-06 05:13:55 - [TEST_STEP][PASSED] - validPayOption = false: null

2019-11-06 05:13:55 - [TEST_STEP][PASSED] - if (option.matches(".*[^\d]\d{4}$") || option.equalsIgnoreCase("Gift Card") || option.equalsIgnoreCase("Add New Credit Card") || option.equalsIgnoreCase("Cash") || option.equalsIgnoreCase("Check")): null

2019-11-06 05:13:55 - [TEST_STEP][PASSED] - validPayOption = true: null

2019-11-06 05:13:55 - [TEST_STEP][PASSED] - option = we.getText(): null

2019-11-06 05:13:55 - [TEST_STEP][PASSED] - validPayOption = false: null

2019-11-06 05:13:55 - [TEST_STEP][PASSED] - if (option.matches(".*[^\d]\d{4}$") || option.equalsIgnoreCase("Gift Card") || option.equalsIgnoreCase("Add New Credit Card") || option.equalsIgnoreCase("Cash") || option.equalsIgnoreCase("Check")): null

2019-11-06 05:13:55 - [TEST_STEP][PASSED] - validPayOption = true: null

2019-11-06 05:13:55 - [TEST_STEP][PASSED] - option = we.getText(): null

2019-11-06 05:13:55 - [TEST_STEP][PASSED] - validPayOption = false: null

2019-11-06 05:13:55 - [TEST_STEP][PASSED] - if (option.matches(".*[^\d]\d{4}$") || option.equalsIgnoreCase("Gift Card") || option.equalsIgnoreCase("Add New Credit Card") || option.equalsIgnoreCase("Cash") || option.equalsIgnoreCase("Check")): null

2019-11-06 05:13:55 - [TEST_STEP][PASSED] - validPayOption = true: null

2019-11-06 05:13:55 - [TEST_STEP][PASSED] - option = we.getText(): null

2019-11-06 05:13:55 - [TEST_STEP][PASSED] - validPayOption = false: null

2019-11-06 05:13:55 - [TEST_STEP][PASSED] - if (option.matches(".*[^\d]\d{4}$") || option.equalsIgnoreCase("Gift Card") || option.equalsIgnoreCase("Add New Credit Card") || option.equalsIgnoreCase("Cash") || option.equalsIgnoreCase("Check")): null

2019-11-06 05:13:55 - [TEST_STEP][PASSED] - validPayOption = true: null

2019-11-06 05:13:55 - [TEST_STEP][PASSED] - option = we.getText(): null

2019-11-06 05:13:55 - [TEST_STEP][PASSED] - validPayOption = false: null

2019-11-06 05:13:55 - [TEST_STEP][PASSED] - if (option.matches(".*[^\d]\d{4}$") || option.equalsIgnoreCase("Gift Card") || option.equalsIgnoreCase("Add New Credit Card") || option.equalsIgnoreCase("Cash") || option.equalsIgnoreCase("Check")): null

2019-11-06 05:13:55 - [TEST_STEP][PASSED] - validPayOption = true: null

2019-11-06 05:13:55 - [TEST_STEP][PASSED] - option = we.getText(): null

2019-11-06 05:13:55 - [TEST_STEP][PASSED] - validPayOption = false: null

2019-11-06 05:13:55 - [TEST_STEP][PASSED] - if (option.matches(".*[^\d]\d{4}$") || option.equalsIgnoreCase("Gift Card") || option.equalsIgnoreCase("Add New Credit Card") || option.equalsIgnoreCase("Cash") || option.equalsIgnoreCase("Check")): null

2019-11-06 05:13:55 - [TEST_STEP][PASSED] - validPayOption = true: null

2019-11-06 05:13:55 - [TEST_STEP][PASSED] - option = we.getText(): null

2019-11-06 05:13:55 - [TEST_STEP][PASSED] - validPayOption = false: null

2019-11-06 05:13:55 - [TEST_STEP][PASSED] - if (option.matches(".*[^\d]\d{4}$") || option.equalsIgnoreCase("Gift Card") || option.equalsIgnoreCase("Add New Credit Card") || option.equalsIgnoreCase("Cash") || option.equalsIgnoreCase("Check")): null

2019-11-06 05:13:55 - [TEST_STEP][PASSED] - validPayOption = true: null

2019-11-06 05:13:55 - [TEST_STEP][PASSED] - sa.assertTrue(validPayOption): null

2019-11-06 05:13:55 - [TEST_STEP][PASSED] - delay(3): Delayed 3 second(s)

2019-11-06 05:13:58 - [MESSAGE][PASSED] - Delayed 3 second(s)

2019-11-06 05:13:58 - [TEST_STEP][PASSED] - DTYMsgs = findWebElements(findTestObject("Object Repository/Page_cabi Shipping/li_DTY_payment_info"), 5): null

2019-11-06 05:13:58 - [TEST_STEP][PASSED] - if (DTYMsgs.size() > 0): null

2019-11-06 05:13:58 - [TEST_STEP][PASSED] - sa.assertTrue(false): null

2019-11-06 05:13:58 - [TEST_STEP][PASSED] - click(findTestObject("Object Repository/Page_cabi Shipping/select_payment_options_select")): Object: 'Object Repository/Page_cabi Shipping/select_payment_options_select' is clicked on

2019-11-06 05:13:58 - [MESSAGE][PASSED] - Object: 'Object Repository/Page_cabi Shipping/select_payment_options_select' is clicked on

2019-11-06 05:13:58 - [TEST_STEP][PASSED] - click(findTestObject("Object Repository/Page_cabi Shipping/select_payment_options_cash")): Object: 'Object Repository/Page_cabi Shipping/select_payment_options_cash' is clicked on

2019-11-06 05:13:58 - [MESSAGE][PASSED] - Object: 'Object Repository/Page_cabi Shipping/select_payment_options_cash' is clicked on

2019-11-06 05:13:58 - [TEST_STEP][PASSED] - delay(1): Delayed 1 second(s)

2019-11-06 05:13:59 - [MESSAGE][PASSED] - Delayed 1 second(s)

2019-11-06 05:13:59 - [TEST_STEP][PASSED] - executor.executeScript("arguments[0].click();", findWebElement(findTestObject("Object Repository/Page_cabi Shipping/a_review_order"), 10)): null

2019-11-06 05:13:59 - [TEST_STEP][PASSED] - delay(2): Delayed 2 second(s)

2019-11-06 05:14:01 - [MESSAGE][PASSED] - Delayed 2 second(s)

2019-11-06 05:14:01 - [TEST_STEP][PASSED] - executor.executeScript("arguments[0].click();", findWebElement(findTestObject("Object Repository/Page_cabi Shipping/a_submit_order"), 10)): null

2019-11-06 05:14:02 - [TEST_STEP][PASSED] - click(findTestObject("Object Repository/Page_cabi Shipping/a_order_view")): Object: 'Object Repository/Page_cabi Shipping/a_order_view' is clicked on

2019-11-06 05:14:05 - [MESSAGE][PASSED] - Object: 'Object Repository/Page_cabi Shipping/a_order_view' is clicked on

2019-11-06 05:14:05 - [TEST_STEP][PASSED] - actualOrderStatus = getText(findTestObject("Object Repository/Page_cabi Shipping/span_order_status")): Text of object 'Object Repository/Page_cabi Shipping/span_order_status' is: 'ORDER STATUS : OPEN 
ORDER # SH708481330  '

2019-11-06 05:14:05 - [MESSAGE][PASSED] - Text of object 'Object Repository/Page_cabi Shipping/span_order_status' is: 'ORDER STATUS : OPEN 
ORDER # SH708481330  '

2019-11-06 05:14:05 - [TEST_STEP][PASSED] - expectedOrderStatus = "OPEN": null

2019-11-06 05:14:05 - [TEST_STEP][PASSED] - sa.assertTrue(actualOrderStatus.contains(expectedOrderStatus)): null

2019-11-06 05:14:05 - [TEST_STEP][PASSED] - println(actualOrderStatus): null

2019-11-06 05:14:05 - [TEST_STEP][PASSED] - click(findTestObject("Object Repository/Page_cabi Shipping/a_back_to_orders")): Object: 'Object Repository/Page_cabi Shipping/a_back_to_orders' is clicked on

2019-11-06 05:14:06 - [MESSAGE][PASSED] - Object: 'Object Repository/Page_cabi Shipping/a_back_to_orders' is clicked on

2019-11-06 05:14:06 - [TEST_STEP][PASSED] - delay(2): Delayed 2 second(s)

2019-11-06 05:14:08 - [MESSAGE][PASSED] - Delayed 2 second(s)

2019-11-06 05:14:08 - [TEST_STEP][PASSED] - ActualDTYNonOptedOrderStatus = getText(UtilityMethods.createTestObject("DTYOptedOrderStatus", "//table[@class='show-order-table']/tbody/tr/td/span[contains(text(), '", g1Var, "')]/parent::td/following-sibling::td[@class='order-status']")): Text of object 'DTYOptedOrderStatus' is: 'Completed
Nov 05 3:43 PM'

2019-11-06 05:14:09 - [MESSAGE][PASSED] - Text of object 'DTYOptedOrderStatus' is: 'Completed
Nov 05 3:43 PM'

2019-11-06 05:14:09 - [TEST_STEP][PASSED] - sa.assertEquals(ActualDTYNonOptedOrderStatus, "Completed"): null

2019-11-06 05:14:09 - [TEST_STEP][PASSED] - buttonEditDTYOptedOrder = UtilityMethods.createTestObject("buttonEditDTYOptedOrder", "//table[@class='show-order-table']/tbody/tr/td/span[contains(text(), '", g1Var, "')]/parent::td/following-sibling::td[@class='column-order']/a"): null

2019-11-06 05:14:09 - [TEST_STEP][PASSED] - click(buttonEditDTYOptedOrder): Object: 'buttonEditDTYOptedOrder' is clicked on

2019-11-06 05:14:11 - [MESSAGE][PASSED] - Object: 'buttonEditDTYOptedOrder' is clicked on

2019-11-06 05:14:11 - [TEST_STEP][PASSED] - click(findTestObject("Object Repository/Page_cabi Shipping/a_edit_order")): Object: 'Object Repository/Page_cabi Shipping/a_edit_order' is clicked on

2019-11-06 05:14:15 - [MESSAGE][PASSED] - Object: 'Object Repository/Page_cabi Shipping/a_edit_order' is clicked on

2019-11-06 05:14:15 - [TEST_STEP][PASSED] - click(findTestObject("Object Repository/Page_cabi Shipping/a_edit_order_shipping")): Object: 'Object Repository/Page_cabi Shipping/a_edit_order_shipping' is clicked on

2019-11-06 05:14:15 - [MESSAGE][PASSED] - Object: 'Object Repository/Page_cabi Shipping/a_edit_order_shipping' is clicked on

2019-11-06 05:14:15 - [TEST_STEP][PASSED] - verifyElementText(findTestObject("Object Repository/Page_cabi Shipping/label_DTYMsg1"), "This order is not yet eligible for "Direct to You" shipping.", CONTINUE_ON_FAILURE): Actual text and expected text of test object 'Object Repository/Page_cabi Shipping/label_DTYMsg1' are matched.

2019-11-06 05:14:17 - [MESSAGE][PASSED] - Actual text and expected text of test object 'Object Repository/Page_cabi Shipping/label_DTYMsg1' are matched.

2019-11-06 05:14:17 - [TEST_STEP][PASSED] - delay(1): Delayed 1 second(s)

2019-11-06 05:14:18 - [MESSAGE][PASSED] - Delayed 1 second(s)

2019-11-06 05:14:18 - [TEST_STEP][PASSED] - verifyElementText(findTestObject("Object Repository/Page_cabi Shipping/label_DTYMsg2"), ""Direct to You" order must be paid by credit card or cabi Gift Card.", CONTINUE_ON_FAILURE): Actual text and expected text of test object 'Object Repository/Page_cabi Shipping/label_DTYMsg2' are matched.

2019-11-06 05:14:18 - [MESSAGE][PASSED] - Actual text and expected text of test object 'Object Repository/Page_cabi Shipping/label_DTYMsg2' are matched.

2019-11-06 05:14:18 - [TEST_STEP][PASSED] - delay(1): Delayed 1 second(s)

2019-11-06 05:14:19 - [MESSAGE][PASSED] - Delayed 1 second(s)

2019-11-06 05:14:19 - [TEST_STEP][PASSED] - verifyElementText(findTestObject("Object Repository/Page_cabi Shipping/label_DTYMsg3"), ""Direct to You" order can start being placed 2 days before the show date.", CONTINUE_ON_FAILURE): Actual text and expected text of test object 'Object Repository/Page_cabi Shipping/label_DTYMsg3' are matched.

2019-11-06 05:14:19 - [MESSAGE][PASSED] - Actual text and expected text of test object 'Object Repository/Page_cabi Shipping/label_DTYMsg3' are matched.

2019-11-06 05:14:19 - [TEST_STEP][PASSED] - delay(1): Delayed 1 second(s)

2019-11-06 05:14:20 - [MESSAGE][PASSED] - Delayed 1 second(s)

2019-11-06 05:14:20 - [TEST_STEP][PASSED] - hasAtributeDisabled = verifyElementHasAttribute(findTestObject("Object Repository/Page_cabi Shipping/check_as_dty_order"), "disabled", 20, CONTINUE_ON_FAILURE): Object 'Object Repository/Page_cabi Shipping/check_as_dty_order' has attribute 'disabled'

2019-11-06 05:14:20 - [MESSAGE][PASSED] - Object 'Object Repository/Page_cabi Shipping/check_as_dty_order' has attribute 'disabled'

2019-11-06 05:14:20 - [TEST_STEP][PASSED] - if (hasAtributeDisabled): Object 'Object Repository/Page_cabi Shipping/check_as_dty_order' has attribute 'disabled' with value 'true'

2019-11-06 05:14:20 - [TEST_STEP][PASSED] - verifyElementAttributeValue(findTestObject("Object Repository/Page_cabi Shipping/check_as_dty_order"), "disabled", "true", 20): Object 'Object Repository/Page_cabi Shipping/check_as_dty_order' has attribute 'disabled' with value 'true'

2019-11-06 05:14:20 - [MESSAGE][PASSED] - Object 'Object Repository/Page_cabi Shipping/check_as_dty_order' has attribute 'disabled' with value 'true'

2019-11-06 05:14:20 - [TEST_STEP][PASSED] - span_place_dty_order_greys = findWebElements(findTestObject("Object Repository/Page_cabi Shipping/span_place_dty_order_grey"), 20): null

2019-11-06 05:14:20 - [TEST_STEP][PASSED] - if (span_place_dty_order_greys.size() != 1): null

2019-11-06 05:14:20 - [TEST_STEP][PASSED] - verifyElementHasAttribute(findTestObject("Page_cabi Shipping/span_dty_checkmark_grey"), "style", 20, CONTINUE_ON_FAILURE): Object 'Object Repository/Page_cabi Shipping/span_dty_checkmark_grey' has attribute 'style'

2019-11-06 05:14:20 - [MESSAGE][PASSED] - Object 'Object Repository/Page_cabi Shipping/span_dty_checkmark_grey' has attribute 'style'

2019-11-06 05:14:20 - [TEST_STEP][PASSED] - verifyElementAttributeValue(findTestObject("Object Repository/Page_cabi Shipping/span_dty_checkmark_grey"), "style", "background-color: rgb(211, 211, 211); cursor: default;", 20): Object 'Object Repository/Page_cabi Shipping/span_dty_checkmark_grey' has attribute 'style' with value 'background-color: rgb(211, 211, 211); cursor: default;'

2019-11-06 05:14:20 - [MESSAGE][PASSED] - Object 'Object Repository/Page_cabi Shipping/span_dty_checkmark_grey' has attribute 'style' with value 'background-color: rgb(211, 211, 211); cursor: default;'

2019-11-06 05:14:20 - [TEST_STEP][PASSED] - delay(2): Delayed 2 second(s)

2019-11-06 05:14:22 - [MESSAGE][PASSED] - Delayed 2 second(s)

2019-11-06 05:14:22 - [TEST_STEP][PASSED] - click(findTestObject("Object Repository/Page_cabi Shipping/a_edit_order_cancel")): Object: 'Object Repository/Page_cabi Shipping/a_edit_order_cancel' is clicked on

2019-11-06 05:14:25 - [MESSAGE][PASSED] - Object: 'Object Repository/Page_cabi Shipping/a_edit_order_cancel' is clicked on

2019-11-06 05:14:25 - [TEST_STEP][PASSED] - delay(1): Delayed 1 second(s)

2019-11-06 05:14:26 - [MESSAGE][PASSED] - Delayed 1 second(s)]]></system-out>
         <system-err><![CDATA[]]></system-err>
      </testcase>
      <system-out><![CDATA[2019-11-06 05:05:55 - [TEST_SUITE][FAILED] - DTYSuite: Test Cases/VirtualShow/BODTY/DTY FAILED.
Reason:
com.kms.katalon.core.exception.StepFailedException: Actual text 'This order will become eligible for "Direct to You" shipping after 11/06.' and expected text 'Hooray! This order is eligible for "Direct to You" shipping.' of test object 'Object Repository/virualShowRSVPOR/DTY/label_DtyEligibility' are NOT matched. (Root cause: com.kms.katalon.core.exception.StepFailedException: Actual text 'This order will become eligible for "Direct to You" shipping after 11/06.' and expected text 'Hooray! This order is eligible for "Direct to You" shipping.' of test object 'Object Repository/virualShowRSVPOR/DTY/label_DtyEligibility' are NOT matched.
	at com.kms.katalon.core.webui.keyword.internal.WebUIKeywordMain.stepFailed(WebUIKeywordMain.groovy:64)
	at com.kms.katalon.core.webui.keyword.builtin.VerifyElementTextKeyword$_verifyElementText_closure1.doCall(VerifyElementTextKeyword.groovy:57)
	at com.kms.katalon.core.webui.keyword.builtin.VerifyElementTextKeyword$_verifyElementText_closure1.call(VerifyElementTextKeyword.groovy)
	at com.kms.katalon.core.webui.keyword.internal.WebUIKeywordMain.runKeyword(WebUIKeywordMain.groovy:20)
	at com.kms.katalon.core.webui.keyword.builtin.VerifyElementTextKeyword.verifyElementText(VerifyElementTextKeyword.groovy:72)
	at com.kms.katalon.core.webui.keyword.builtin.VerifyElementTextKeyword.execute(VerifyElementTextKeyword.groovy:40)
	at com.kms.katalon.core.keyword.internal.KeywordExecutor.executeKeywordForPlatform(KeywordExecutor.groovy:56)
	at com.kms.katalon.core.webui.keyword.WebUiBuiltInKeywords.verifyElementText(WebUiBuiltInKeywords.groovy:3647)
	at com.kms.katalon.core.webui.keyword.WebUiBuiltInKeywords$verifyElementText$8.call(Unknown Source)
	at DTY.run(DTY:89)
	at com.kms.katalon.core.main.ScriptEngine.run(ScriptEngine.java:194)
	at com.kms.katalon.core.main.ScriptEngine.runScriptAsRawText(ScriptEngine.java:119)
	at com.kms.katalon.core.main.TestCaseExecutor.runScript(TestCaseExecutor.java:342)
	at com.kms.katalon.core.main.TestCaseExecutor.doExecute(TestCaseExecutor.java:333)
	at com.kms.katalon.core.main.TestCaseExecutor.processExecutionPhase(TestCaseExecutor.java:312)
	at com.kms.katalon.core.main.TestCaseExecutor.accessMainPhase(TestCaseExecutor.java:304)
	at com.kms.katalon.core.main.TestCaseExecutor.execute(TestCaseExecutor.java:238)
	at com.kms.katalon.core.main.TestSuiteExecutor.accessTestCaseMainPhase(TestSuiteExecutor.java:129)
	at com.kms.katalon.core.main.TestSuiteExecutor.accessTestSuiteMainPhase(TestSuiteExecutor.java:112)
	at com.kms.katalon.core.main.TestSuiteExecutor.execute(TestSuiteExecutor.java:81)
	at com.kms.katalon.core.main.TestCaseMain.startTestSuite(TestCaseMain.java:157)
	at com.kms.katalon.core.main.TestCaseMain$startTestSuite$0.call(Unknown Source)
	at TempTestSuite1572996950462.run(TempTestSuite1572996950462.groovy:35)
)
	at com.kms.katalon.core.keyword.internal.KeywordMain.stepFailed(KeywordMain.groovy:37)
	at com.kms.katalon.core.webui.keyword.internal.WebUIKeywordMain.stepFailed(WebUIKeywordMain.groovy:64)
	at com.kms.katalon.core.webui.keyword.builtin.VerifyElementTextKeyword$_verifyElementText_closure1.doCall(VerifyElementTextKeyword.groovy:57)
	at com.kms.katalon.core.webui.keyword.builtin.VerifyElementTextKeyword$_verifyElementText_closure1.call(VerifyElementTextKeyword.groovy)
	at com.kms.katalon.core.webui.keyword.internal.WebUIKeywordMain.runKeyword(WebUIKeywordMain.groovy:20)
	at com.kms.katalon.core.webui.keyword.builtin.VerifyElementTextKeyword.verifyElementText(VerifyElementTextKeyword.groovy:72)
	at com.kms.katalon.core.webui.keyword.builtin.VerifyElementTextKeyword.execute(VerifyElementTextKeyword.groovy:40)
	at com.kms.katalon.core.keyword.internal.KeywordExecutor.executeKeywordForPlatform(KeywordExecutor.groovy:56)
	at com.kms.katalon.core.webui.keyword.WebUiBuiltInKeywords.verifyElementText(WebUiBuiltInKeywords.groovy:3647)
	at com.kms.katalon.core.webui.keyword.WebUiBuiltInKeywords$verifyElementText$8.call(Unknown Source)
	at DTY.run(DTY:89)
	at com.kms.katalon.core.main.ScriptEngine.run(ScriptEngine.java:194)
	at com.kms.katalon.core.main.ScriptEngine.runScriptAsRawText(ScriptEngine.java:119)
	at com.kms.katalon.core.main.TestCaseExecutor.runScript(TestCaseExecutor.java:342)
	at com.kms.katalon.core.main.TestCaseExecutor.doExecute(TestCaseExecutor.java:333)
	at com.kms.katalon.core.main.TestCaseExecutor.processExecutionPhase(TestCaseExecutor.java:312)
	at com.kms.katalon.core.main.TestCaseExecutor.accessMainPhase(TestCaseExecutor.java:304)
	at com.kms.katalon.core.main.TestCaseExecutor.execute(TestCaseExecutor.java:238)
	at com.kms.katalon.core.main.TestSuiteExecutor.accessTestCaseMainPhase(TestSuiteExecutor.java:129)
	at com.kms.katalon.core.main.TestSuiteExecutor.accessTestSuiteMainPhase(TestSuiteExecutor.java:112)
	at com.kms.katalon.core.main.TestSuiteExecutor.execute(TestSuiteExecutor.java:81)
	at com.kms.katalon.core.main.TestCaseMain.startTestSuite(TestCaseMain.java:157)
	at com.kms.katalon.core.main.TestCaseMain$startTestSuite$0.call(Unknown Source)
	at TempTestSuite1572996950462.run(TempTestSuite1572996950462.groovy:35)
Caused by: com.kms.katalon.core.exception.StepFailedException: Actual text 'This order will become eligible for "Direct to You" shipping after 11/06.' and expected text 'Hooray! This order is eligible for "Direct to You" shipping.' of test object 'Object Repository/virualShowRSVPOR/DTY/label_DtyEligibility' are NOT matched.
	... 23 more]]></system-out>
      <system-err><![CDATA[2019-11-06 05:05:55 - [TEST_SUITE][FAILED] - DTYSuite: Test Cases/VirtualShow/BODTY/DTY FAILED.
Reason:
com.kms.katalon.core.exception.StepFailedException: Actual text 'This order will become eligible for "Direct to You" shipping after 11/06.' and expected text 'Hooray! This order is eligible for "Direct to You" shipping.' of test object 'Object Repository/virualShowRSVPOR/DTY/label_DtyEligibility' are NOT matched. (Root cause: com.kms.katalon.core.exception.StepFailedException: Actual text 'This order will become eligible for "Direct to You" shipping after 11/06.' and expected text 'Hooray! This order is eligible for "Direct to You" shipping.' of test object 'Object Repository/virualShowRSVPOR/DTY/label_DtyEligibility' are NOT matched.
	at com.kms.katalon.core.webui.keyword.internal.WebUIKeywordMain.stepFailed(WebUIKeywordMain.groovy:64)
	at com.kms.katalon.core.webui.keyword.builtin.VerifyElementTextKeyword$_verifyElementText_closure1.doCall(VerifyElementTextKeyword.groovy:57)
	at com.kms.katalon.core.webui.keyword.builtin.VerifyElementTextKeyword$_verifyElementText_closure1.call(VerifyElementTextKeyword.groovy)
	at com.kms.katalon.core.webui.keyword.internal.WebUIKeywordMain.runKeyword(WebUIKeywordMain.groovy:20)
	at com.kms.katalon.core.webui.keyword.builtin.VerifyElementTextKeyword.verifyElementText(VerifyElementTextKeyword.groovy:72)
	at com.kms.katalon.core.webui.keyword.builtin.VerifyElementTextKeyword.execute(VerifyElementTextKeyword.groovy:40)
	at com.kms.katalon.core.keyword.internal.KeywordExecutor.executeKeywordForPlatform(KeywordExecutor.groovy:56)
	at com.kms.katalon.core.webui.keyword.WebUiBuiltInKeywords.verifyElementText(WebUiBuiltInKeywords.groovy:3647)
	at com.kms.katalon.core.webui.keyword.WebUiBuiltInKeywords$verifyElementText$8.call(Unknown Source)
	at DTY.run(DTY:89)
	at com.kms.katalon.core.main.ScriptEngine.run(ScriptEngine.java:194)
	at com.kms.katalon.core.main.ScriptEngine.runScriptAsRawText(ScriptEngine.java:119)
	at com.kms.katalon.core.main.TestCaseExecutor.runScript(TestCaseExecutor.java:342)
	at com.kms.katalon.core.main.TestCaseExecutor.doExecute(TestCaseExecutor.java:333)
	at com.kms.katalon.core.main.TestCaseExecutor.processExecutionPhase(TestCaseExecutor.java:312)
	at com.kms.katalon.core.main.TestCaseExecutor.accessMainPhase(TestCaseExecutor.java:304)
	at com.kms.katalon.core.main.TestCaseExecutor.execute(TestCaseExecutor.java:238)
	at com.kms.katalon.core.main.TestSuiteExecutor.accessTestCaseMainPhase(TestSuiteExecutor.java:129)
	at com.kms.katalon.core.main.TestSuiteExecutor.accessTestSuiteMainPhase(TestSuiteExecutor.java:112)
	at com.kms.katalon.core.main.TestSuiteExecutor.execute(TestSuiteExecutor.java:81)
	at com.kms.katalon.core.main.TestCaseMain.startTestSuite(TestCaseMain.java:157)
	at com.kms.katalon.core.main.TestCaseMain$startTestSuite$0.call(Unknown Source)
	at TempTestSuite1572996950462.run(TempTestSuite1572996950462.groovy:35)
)
	at com.kms.katalon.core.keyword.internal.KeywordMain.stepFailed(KeywordMain.groovy:37)
	at com.kms.katalon.core.webui.keyword.internal.WebUIKeywordMain.stepFailed(WebUIKeywordMain.groovy:64)
	at com.kms.katalon.core.webui.keyword.builtin.VerifyElementTextKeyword$_verifyElementText_closure1.doCall(VerifyElementTextKeyword.groovy:57)
	at com.kms.katalon.core.webui.keyword.builtin.VerifyElementTextKeyword$_verifyElementText_closure1.call(VerifyElementTextKeyword.groovy)
	at com.kms.katalon.core.webui.keyword.internal.WebUIKeywordMain.runKeyword(WebUIKeywordMain.groovy:20)
	at com.kms.katalon.core.webui.keyword.builtin.VerifyElementTextKeyword.verifyElementText(VerifyElementTextKeyword.groovy:72)
	at com.kms.katalon.core.webui.keyword.builtin.VerifyElementTextKeyword.execute(VerifyElementTextKeyword.groovy:40)
	at com.kms.katalon.core.keyword.internal.KeywordExecutor.executeKeywordForPlatform(KeywordExecutor.groovy:56)
	at com.kms.katalon.core.webui.keyword.WebUiBuiltInKeywords.verifyElementText(WebUiBuiltInKeywords.groovy:3647)
	at com.kms.katalon.core.webui.keyword.WebUiBuiltInKeywords$verifyElementText$8.call(Unknown Source)
	at DTY.run(DTY:89)
	at com.kms.katalon.core.main.ScriptEngine.run(ScriptEngine.java:194)
	at com.kms.katalon.core.main.ScriptEngine.runScriptAsRawText(ScriptEngine.java:119)
	at com.kms.katalon.core.main.TestCaseExecutor.runScript(TestCaseExecutor.java:342)
	at com.kms.katalon.core.main.TestCaseExecutor.doExecute(TestCaseExecutor.java:333)
	at com.kms.katalon.core.main.TestCaseExecutor.processExecutionPhase(TestCaseExecutor.java:312)
	at com.kms.katalon.core.main.TestCaseExecutor.accessMainPhase(TestCaseExecutor.java:304)
	at com.kms.katalon.core.main.TestCaseExecutor.execute(TestCaseExecutor.java:238)
	at com.kms.katalon.core.main.TestSuiteExecutor.accessTestCaseMainPhase(TestSuiteExecutor.java:129)
	at com.kms.katalon.core.main.TestSuiteExecutor.accessTestSuiteMainPhase(TestSuiteExecutor.java:112)
	at com.kms.katalon.core.main.TestSuiteExecutor.execute(TestSuiteExecutor.java:81)
	at com.kms.katalon.core.main.TestCaseMain.startTestSuite(TestCaseMain.java:157)
	at com.kms.katalon.core.main.TestCaseMain$startTestSuite$0.call(Unknown Source)
	at TempTestSuite1572996950462.run(TempTestSuite1572996950462.groovy:35)
Caused by: com.kms.katalon.core.exception.StepFailedException: Actual text 'This order will become eligible for "Direct to You" shipping after 11/06.' and expected text 'Hooray! This order is eligible for "Direct to You" shipping.' of test object 'Object Repository/virualShowRSVPOR/DTY/label_DtyEligibility' are NOT matched.
	... 23 more]]></system-err>
   </testsuite>
</testsuites>
